#
# A fatal error has been detected by the Java Runtime Environment:
#
#  SIGSEGV (0xb) at pc=0x000000012495702f, pid=5335, tid=0x0000000000002503
#
# JRE version: Java(TM) SE Runtime Environment (8.0_191-b12) (build 1.8.0_191-b12)
# Java VM: Java HotSpot(TM) 64-Bit Server VM (25.191-b12 mixed mode bsd-amd64 compressed oops)
# Problematic frame:
# C  [libqtjambi.1.jnilib+0x1002f]  _Z28qtjambishell_signals_cleanupP17QtJambiSignalInfoi+0x7f
#
# Failed to write core dump. Core dumps have been disabled. To enable core dumping, try "ulimit -c unlimited" before starting Java again
#
# If you would like to submit a bug report, please visit:
#   http://bugreport.java.com/bugreport/crash.jsp
#

---------------  T H R E A D  ---------------

Current thread is native thread

siginfo: si_signo: 11 (SIGSEGV), si_code: 1 (SEGV_MAPERR), si_addr: 0x0000000000000000

Registers:
RAX=0x51c70b99f1a800de, RBX=0x00007f96054116f8, RCX=0x0000000000000000, RDX=0x00000000000e9d40
RSP=0x000070000e953590, RBP=0x000070000e9535c0, RSI=0x00007f95fec02ea8, RDI=0x0000000104b58080
R8 =0x0000000000000007, R9 =0x0000000000000000, R10=0x000007f9605412e4, R11=0x0000000000000008
R12=0x0000000106c37f68, R13=0x0000000000000000, R14=0x0000000000000007, R15=0x0000000000000000
RIP=0x000000012495702f, EFLAGS=0x0000000000010202, ERR=0x0000000000000004
  TRAPNO=0x000000000000000e

Top of Stack: (sp=0x000070000e953590)
0x000070000e953590:   0000000000000000 0000000000000000
0x000070000e9535a0:   00007f95fef116f0 00007f95fef11ed0
0x000070000e9535b0:   00007f95fef11601 00007f95fef1fed0
0x000070000e9535c0:   000070000e9535e0 00000001258897ad
0x000070000e9535d0:   00007f95fef116f0 00007f95fef11601
0x000070000e9535e0:   000070000e953600 00000001258897ff
0x000070000e9535f0:   00007f95fef116f0 00007f95fef11601
0x000070000e953600:   000070000e9537a0 000000012474fd9d
0x000070000e953610:   0000000000000000 0000000000000000
0x000070000e953620:   0000000000000000 0000000000000000
0x000070000e953630:   0000000000000000 0000000000000000
0x000070000e953640:   0000000000000000 0000000000000000
0x000070000e953650:   0000000000000000 0000000000000000
0x000070000e953660:   0000000000000000 0000000000000000
0x000070000e953670:   0000000000000000 0000000000000000
0x000070000e953680:   0000000000000000 0000000000000000
0x000070000e953690:   0000000000000000 0000000000000000
0x000070000e9536a0:   0000000000000000 0000000000000000
0x000070000e9536b0:   0000000000000000 0000000000000000
0x000070000e9536c0:   0000000000000000 0000000000000000
0x000070000e9536d0:   0000000000000000 0000000000000000
0x000070000e9536e0:   0000000000000000 0000000000000000
0x000070000e9536f0:   0000000000000000 0000000000000000
0x000070000e953700:   0000000000000000 0000000000000000
0x000070000e953710:   0000000000000000 0000000000000000
0x000070000e953720:   0000000000000000 0000000000000000
0x000070000e953730:   0000000000000000 0000000000000000
0x000070000e953740:   00007f95fef11ed0 00007f95fef1fed0
0x000070000e953750:   0000000000000000 00007f95fef1fed0
0x000070000e953760:   000070000e953850 00000001246243bf
0x000070000e953770:   000070000e953840 000070000e953868
0x000070000e953780:   00007fffadb8e070 00007f95fef11ed0 

Instructions: (pc=0x000000012495702f)
0x000000012495700f:   ff 31 c0 e8 63 94 01 00 45 85 f6 7e 37 48 83 c3
0x000000012495701f:   08 48 83 3b 00 74 24 48 8b 73 f8 48 85 f6 74 14
0x000000012495702f:   49 8b 07 4c 89 ff ff 90 18 07 00 00 48 c7 43 f8
0x000000012495703f:   00 00 00 00 48 c7 03 00 00 00 00 48 83 c3 10 41 

Register to memory mapping:

RAX=0x51c70b99f1a800de is an unknown value
RBX=0x00007f96054116f8 is an unknown value
RCX=0x0000000000000000 is an unknown value
RDX=0x00000000000e9d40 is an unknown value
RSP=0x000070000e953590 is an unknown value
RBP=0x000070000e9535c0 is an unknown value
RSI=0x00007f95fec02ea8 is a weak global jni handle
RDI=0x0000000104b58080 is an unknown value
R8 =0x0000000000000007 is an unknown value
R9 =0x0000000000000000 is an unknown value
R10=0x000007f9605412e4 is an unknown value
R11=0x0000000000000008 is an unknown value
R12=0x0000000106c37f68: main_vm+0 in /Library/Java/JavaVirtualMachines/jdk1.8.0_191.jdk/Contents/Home/jre/lib/server/libjvm.dylib at 0x0000000106400000
R13=0x0000000000000000 is an unknown value
R14=0x0000000000000007 is an unknown value
R15=0x0000000000000000 is an unknown value


Stack: [0x000070000e854000,0x000070000e954000],  sp=0x000070000e953590,  free space=1021k
Native frames: (J=compiled Java code, j=interpreted, Vv=VM code, C=native code)
C  [libqtjambi.1.jnilib+0x1002f]  _Z28qtjambishell_signals_cleanupP17QtJambiSignalInfoi+0x7f
C  [libcom_trolltech_qt_gui.1.jnilib+0xa97ad]  _ZN25QtJambiShell_QApplicationD2Ev+0x3d
C  [libcom_trolltech_qt_gui.1.jnilib+0xa97ff]  _ZN25QtJambiShell_QApplicationD0Ev+0xf
C  [libQtCore.4.dylib+0x146d9d]  _ZN7QObject5eventEP6QEvent+0x31d
C  [libQtCore.4.dylib+0x134e1f]  _ZN16QCoreApplication5eventEP6QEvent+0x5f
C  [libQtGui.4.dylib+0x8ee0f]  _ZN12QApplication5eventEP6QEvent+0x41f
C  [libcom_trolltech_qt_gui.1.jnilib+0xa9d49]  _ZN25QtJambiShell_QApplication5eventEP6QEvent+0x99
C  [libQtGui.4.dylib+0x9001b]  _ZN19QApplicationPrivate13notify_helperEP7QObjectP6QEvent+0xfb
C  [libQtGui.4.dylib+0x9175f]  _ZN12QApplication6notifyEP7QObjectP6QEvent+0x36f
C  [libcom_trolltech_qt_gui.1.jnilib+0xaa002]  _ZN25QtJambiShell_QApplication6notifyEP7QObjectP6QEvent+0xa2
C  [libQtCore.4.dylib+0x133a46]  _ZN16QCoreApplication14notifyInternalEP7QObjectP6QEvent+0x76
C  [libQtCore.4.dylib+0x13455f]  _ZN23QCoreApplicationPrivate16sendPostedEventsEP7QObjectiP11QThreadData+0x25f
C  [libQtCore.4.dylib+0x25777]  _ZN14QThreadPrivate6finishEPv+0xd7
C  [libQtCore.4.dylib+0x26647]  _ZL27destroy_current_thread_dataPv+0x27
C  [libsystem_pthread.dylib+0x5163]  _pthread_tsd_cleanup+0x1cf
C  [libsystem_pthread.dylib+0x4ee9]  _pthread_exit+0x4f
C  [libsystem_pthread.dylib+0x366c]  pthread_sigmask+0x0
C  [libsystem_pthread.dylib+0x350d]  _pthread_body+0x0
C  [libsystem_pthread.dylib+0x2bf9]  thread_start+0xd


---------------  P R O C E S S  ---------------

VM state:at safepoint (shutting down)

VM Mutex/Monitor currently owned by a thread:  ([mutex/lock_event])
[0x00007f95fef02f70] Threads_lock - owner thread: 0x00007f9600013800

Heap:
 PSYoungGen      total 76288K, used 1966K [0x000000076ab00000, 0x0000000770000000, 0x00000007c0000000)
  eden space 65536K, 3% used [0x000000076ab00000,0x000000076aceba50,0x000000076eb00000)
  from space 10752K, 0% used [0x000000076f580000,0x000000076f580000,0x0000000770000000)
  to   space 10752K, 0% used [0x000000076eb00000,0x000000076eb00000,0x000000076f580000)
 ParOldGen       total 175104K, used 764K [0x00000006c0000000, 0x00000006cab00000, 0x000000076ab00000)
  object space 175104K, 0% used [0x00000006c0000000,0x00000006c00bf3f8,0x00000006cab00000)
 Metaspace       used 5866K, capacity 5972K, committed 6144K, reserved 1056768K
  class space    used 624K, capacity 656K, committed 768K, reserved 1048576K

Card table byte_map: [0x00000001077b4000,0x0000000107fb5000] byte_map_base: 0x00000001041b4000

Marking Bits: (ParMarkBitMap*) 0x0000000106cf9e00
 Begin Bits: [0x000000010850b000, 0x000000010c50b000)
 End Bits:   [0x000000010c50b000, 0x000000011050b000)

Polling page: 0x0000000104bcc000

CodeCache: size=245760Kb used=1801Kb max_used=1801Kb free=243958Kb
 bounds [0x0000000111093000, 0x0000000111303000, 0x0000000120093000]
 total_blobs=611 nmethods=331 adapters=194
 compilation: enabled

Compilation events (10 events):
Event: 2.806 Thread 0x00007f9604803800  326       3       java.lang.ref.Finalizer::access$100 (6 bytes)
Event: 2.806 Thread 0x00007f9604803800 nmethod 326 0x0000000111254090 code [0x0000000111254200, 0x0000000111254368]
Event: 2.806 Thread 0x00007f9604803800  327   !   3       java.lang.ref.Finalizer::runFinalizer (62 bytes)
Event: 2.806 Thread 0x00007f9604803800 nmethod 327 0x0000000111254410 code [0x00000001112545c0, 0x0000000111254e38]
Event: 2.806 Thread 0x00007f9604803800  328       3       java.lang.ref.Finalizer::hasBeenFinalized (14 bytes)
Event: 2.806 Thread 0x00007f9604803800 nmethod 328 0x00000001112550d0 code [0x0000000111255240, 0x00000001112553f0]
Event: 2.806 Thread 0x00007f9604803800  330       3       java.lang.ref.Reference::clear (6 bytes)
Event: 2.806 Thread 0x00007f9604803800 nmethod 330 0x0000000111255450 code [0x00000001112555a0, 0x0000000111255710]
Event: 2.806 Thread 0x00007f9604803800  331   !   3       java.lang.ref.Finalizer::remove (94 bytes)
Event: 2.807 Thread 0x00007f9604803800 nmethod 331 0x0000000111255790 code [0x0000000111255920, 0x0000000111255e30]

GC Heap History (8 events):
Event: 2.795 GC heap before
{Heap before GC invocations=1 (full 0):
 PSYoungGen      total 76288K, used 13135K [0x000000076ab00000, 0x0000000770000000, 0x00000007c0000000)
  eden space 65536K, 20% used [0x000000076ab00000,0x000000076b7d3ff8,0x000000076eb00000)
  from space 10752K, 0% used [0x000000076f580000,0x000000076f580000,0x0000000770000000)
  to   space 10752K, 0% used [0x000000076eb00000,0x000000076eb00000,0x000000076f580000)
 ParOldGen       total 175104K, used 0K [0x00000006c0000000, 0x00000006cab00000, 0x000000076ab00000)
  object space 175104K, 0% used [0x00000006c0000000,0x00000006c0000000,0x00000006cab00000)
 Metaspace       used 5811K, capacity 5972K, committed 6144K, reserved 1056768K
  class space    used 617K, capacity 656K, committed 768K, reserved 1048576K
Event: 2.798 GC heap after
Heap after GC invocations=1 (full 0):
 PSYoungGen      total 76288K, used 2556K [0x000000076ab00000, 0x0000000770000000, 0x00000007c0000000)
  eden space 65536K, 0% used [0x000000076ab00000,0x000000076ab00000,0x000000076eb00000)
  from space 10752K, 23% used [0x000000076eb00000,0x000000076ed7f008,0x000000076f580000)
  to   space 10752K, 0% used [0x000000076f580000,0x000000076f580000,0x0000000770000000)
 ParOldGen       total 175104K, used 72K [0x00000006c0000000, 0x00000006cab00000, 0x000000076ab00000)
  object space 175104K, 0% used [0x00000006c0000000,0x00000006c0012010,0x00000006cab00000)
 Metaspace       used 5811K, capacity 5972K, committed 6144K, reserved 1056768K
  class space    used 617K, capacity 656K, committed 768K, reserved 1048576K
}
Event: 2.798 GC heap before
{Heap before GC invocations=2 (full 1):
 PSYoungGen      total 76288K, used 2556K [0x000000076ab00000, 0x0000000770000000, 0x00000007c0000000)
  eden space 65536K, 0% used [0x000000076ab00000,0x000000076ab00000,0x000000076eb00000)
  from space 10752K, 23% used [0x000000076eb00000,0x000000076ed7f008,0x000000076f580000)
  to   space 10752K, 0% used [0x000000076f580000,0x000000076f580000,0x0000000770000000)
 ParOldGen       total 175104K, used 72K [0x00000006c0000000, 0x00000006cab00000, 0x000000076ab00000)
  object space 175104K, 0% used [0x00000006c0000000,0x00000006c0012010,0x00000006cab00000)
 Metaspace       used 5811K, capacity 5972K, committed 6144K, reserved 1056768K
  class space    used 617K, capacity 656K, committed 768K, reserved 1048576K
Event: 2.803 GC heap after
Heap after GC invocations=2 (full 1):
 PSYoungGen      total 76288K, used 0K [0x000000076ab00000, 0x0000000770000000, 0x00000007c0000000)
  eden space 65536K, 0% used [0x000000076ab00000,0x000000076ab00000,0x000000076eb00000)
  from space 10752K, 0% used [0x000000076eb00000,0x000000076eb00000,0x000000076f580000)
  to   space 10752K, 0% used [0x000000076f580000,0x000000076f580000,0x0000000770000000)
 ParOldGen       total 175104K, used 2355K [0x00000006c0000000, 0x00000006cab00000, 0x000000076ab00000)
  object space 175104K, 1% used [0x00000006c0000000,0x00000006c024cd58,0x00000006cab00000)
 Metaspace       used 5811K, capacity 5972K, committed 6144K, reserved 1056768K
  class space    used 617K, capacity 656K, committed 768K, reserved 1048576K
}
Event: 2.809 GC heap before
{Heap before GC invocations=3 (full 1):
 PSYoungGen      total 76288K, used 4369K [0x000000076ab00000, 0x0000000770000000, 0x00000007c0000000)
  eden space 65536K, 6% used [0x000000076ab00000,0x000000076af444f0,0x000000076eb00000)
  from space 10752K, 0% used [0x000000076eb00000,0x000000076eb00000,0x000000076f580000)
  to   space 10752K, 0% used [0x000000076f580000,0x000000076f580000,0x0000000770000000)
 ParOldGen       total 175104K, used 2355K [0x00000006c0000000, 0x00000006cab00000, 0x000000076ab00000)
  object space 175104K, 1% used [0x00000006c0000000,0x00000006c024cd58,0x00000006cab00000)
 Metaspace       used 5866K, capacity 5972K, committed 6144K, reserved 1056768K
  class space    used 624K, capacity 656K, committed 768K, reserved 1048576K
Event: 2.809 GC heap after
Heap after GC invocations=3 (full 1):
 PSYoungGen      total 76288K, used 160K [0x000000076ab00000, 0x0000000770000000, 0x00000007c0000000)
  eden space 65536K, 0% used [0x000000076ab00000,0x000000076ab00000,0x000000076eb00000)
  from space 10752K, 1% used [0x000000076f580000,0x000000076f5a8000,0x0000000770000000)
  to   space 10752K, 0% used [0x000000076eb00000,0x000000076eb00000,0x000000076f580000)
 ParOldGen       total 175104K, used 2355K [0x00000006c0000000, 0x00000006cab00000, 0x000000076ab00000)
  object space 175104K, 1% used [0x00000006c0000000,0x00000006c024cd58,0x00000006cab00000)
 Metaspace       used 5866K, capacity 5972K, committed 6144K, reserved 1056768K
  class space    used 624K, capacity 656K, committed 768K, reserved 1048576K
}
Event: 2.809 GC heap before
{Heap before GC invocations=4 (full 2):
 PSYoungGen      total 76288K, used 160K [0x000000076ab00000, 0x0000000770000000, 0x00000007c0000000)
  eden space 65536K, 0% used [0x000000076ab00000,0x000000076ab00000,0x000000076eb00000)
  from space 10752K, 1% used [0x000000076f580000,0x000000076f5a8000,0x0000000770000000)
  to   space 10752K, 0% used [0x000000076eb00000,0x000000076eb00000,0x000000076f580000)
 ParOldGen       total 175104K, used 2355K [0x00000006c0000000, 0x00000006cab00000, 0x000000076ab00000)
  object space 175104K, 1% used [0x00000006c0000000,0x00000006c024cd58,0x00000006cab00000)
 Metaspace       used 5866K, capacity 5972K, committed 6144K, reserved 1056768K
  class space    used 624K, capacity 656K, committed 768K, reserved 1048576K
Event: 2.816 GC heap after
Heap after GC invocations=4 (full 2):
 PSYoungGen      total 76288K, used 0K [0x000000076ab00000, 0x0000000770000000, 0x00000007c0000000)
  eden space 65536K, 0% used [0x000000076ab00000,0x000000076ab00000,0x000000076eb00000)
  from space 10752K, 0% used [0x000000076f580000,0x000000076f580000,0x0000000770000000)
  to   space 10752K, 0% used [0x000000076eb00000,0x000000076eb00000,0x000000076f580000)
 ParOldGen       total 175104K, used 764K [0x00000006c0000000, 0x00000006cab00000, 0x000000076ab00000)
  object space 175104K, 0% used [0x00000006c0000000,0x00000006c00bf3f8,0x00000006cab00000)
 Metaspace       used 5866K, capacity 5972K, committed 6144K, reserved 1056768K
  class space    used 624K, capacity 656K, committed 768K, reserved 1048576K
}

Deoptimization events (0 events):
No events

Classes redefined (0 events):
No events

Internal exceptions (10 events):
Event: 0.057 Thread 0x00007f95ff002000 Exception <a 'java/lang/NoSuchMethodError': Method sun.misc.Unsafe.defineClass(Ljava/lang/String;[BII)Ljava/lang/Class; name or signature does not match> (0x000000076ab07cb0) thrown at [/Users/java_re/workspace/8-2-build-macosx-x86_64/jdk8u191/11896/hotsp
Event: 0.057 Thread 0x00007f95ff002000 Exception <a 'java/lang/NoSuchMethodError': Method sun.misc.Unsafe.prefetchRead(Ljava/lang/Object;J)V name or signature does not match> (0x000000076ab07f98) thrown at [/Users/java_re/workspace/8-2-build-macosx-x86_64/jdk8u191/11896/hotspot/src/share/vm/pr
Event: 0.157 Thread 0x00007f95ff002000 Exception <a 'java/security/PrivilegedActionException'> (0x000000076ac08ef0) thrown at [/Users/java_re/workspace/8-2-build-macosx-x86_64/jdk8u191/11896/hotspot/src/share/vm/prims/jvm.cpp, line 1435]
Event: 0.157 Thread 0x00007f95ff002000 Exception <a 'java/security/PrivilegedActionException'> (0x000000076ac09100) thrown at [/Users/java_re/workspace/8-2-build-macosx-x86_64/jdk8u191/11896/hotspot/src/share/vm/prims/jvm.cpp, line 1435]
Event: 0.157 Thread 0x00007f95ff002000 Exception <a 'java/security/PrivilegedActionException'> (0x000000076ac0c430) thrown at [/Users/java_re/workspace/8-2-build-macosx-x86_64/jdk8u191/11896/hotspot/src/share/vm/prims/jvm.cpp, line 1435]
Event: 0.157 Thread 0x00007f95ff002000 Exception <a 'java/security/PrivilegedActionException'> (0x000000076ac0c640) thrown at [/Users/java_re/workspace/8-2-build-macosx-x86_64/jdk8u191/11896/hotspot/src/share/vm/prims/jvm.cpp, line 1435]
Event: 2.753 Thread 0x00007f95ff002000 Exception <a 'java/lang/ArrayIndexOutOfBoundsException'> (0x000000076b3a4798) thrown at [/Users/java_re/workspace/8-2-build-macosx-x86_64/jdk8u191/11896/hotspot/src/share/vm/runtime/sharedRuntime.cpp, line 605]
Event: 2.753 Thread 0x00007f95ff002000 Exception <a 'java/lang/ArrayIndexOutOfBoundsException'> (0x000000076b3a5640) thrown at [/Users/java_re/workspace/8-2-build-macosx-x86_64/jdk8u191/11896/hotspot/src/share/vm/runtime/sharedRuntime.cpp, line 605]
Event: 2.755 Thread 0x00007f95ff002000 Exception <a 'java/lang/ArrayIndexOutOfBoundsException'> (0x000000076b3b0030) thrown at [/Users/java_re/workspace/8-2-build-macosx-x86_64/jdk8u191/11896/hotspot/src/share/vm/runtime/sharedRuntime.cpp, line 605]
Event: 2.809 Thread 0x00007f95ff80f800 Exception <a 'java/lang/InterruptedException': sleep interrupted> (0x000000076adfca48) thrown at [/Users/java_re/workspace/8-2-build-macosx-x86_64/jdk8u191/11896/hotspot/src/share/vm/prims/jvm.cpp, line 3273]

Events (10 events):
Event: 2.808 loading class java/util/concurrent/locks/ReentrantReadWriteLock$ReadLock done
Event: 2.808 loading class java/util/concurrent/locks/ReentrantReadWriteLock$WriteLock
Event: 2.808 loading class java/util/concurrent/locks/ReentrantReadWriteLock$WriteLock done
Event: 2.809 Thread 0x00007f95ff80f800 Thread exited: 0x00007f95ff80f800
Event: 2.809 Executing VM operation: ParallelGCSystemGC
Event: 2.816 Executing VM operation: ParallelGCSystemGC done
Event: 2.816 Thread 0x00007f960239c800 Thread added: 0x00007f960239c800
Event: 2.816 Thread 0x00007f960239c800 Thread exited: 0x00007f960239c800
Event: 2.816 Thread 0x00007f96023cd800 Thread exited: 0x00007f96023cd800
Event: 2.816 Thread 0x00007f9602341000 Thread exited: 0x00007f9602341000


Dynamic libraries:
0x00007fff4cdae000 	/System/Library/Frameworks/Cocoa.framework/Versions/A/Cocoa
0x00007fff593c8000 	/System/Library/Frameworks/Security.framework/Versions/A/Security
0x00007fff4b9f0000 	/System/Library/Frameworks/ApplicationServices.framework/Versions/A/ApplicationServices
0x00007fff752f7000 	/usr/lib/libz.1.dylib
0x00007fff73228000 	/usr/lib/libSystem.B.dylib
0x00007fff748e1000 	/usr/lib/libobjc.A.dylib
0x00007fff4d561000 	/System/Library/Frameworks/CoreFoundation.framework/Versions/A/CoreFoundation
0x00007fff4f6c2000 	/System/Library/Frameworks/Foundation.framework/Versions/C/Foundation
0x00007fff4ab40000 	/System/Library/Frameworks/AppKit.framework/Versions/C/AppKit
0x00007fff4d126000 	/System/Library/Frameworks/CoreData.framework/Versions/A/CoreData
0x00007fff6cae1000 	/System/Library/PrivateFrameworks/RemoteViewServices.framework/Versions/A/RemoteViewServices
0x00007fff7125a000 	/System/Library/PrivateFrameworks/UIFoundation.framework/Versions/A/UIFoundation
0x00007fff618dd000 	/System/Library/PrivateFrameworks/DFRFoundation.framework/Versions/A/DFRFoundation
0x00007fff51d2e000 	/System/Library/Frameworks/Metal.framework/Versions/A/Metal
0x00007fff61a7a000 	/System/Library/PrivateFrameworks/DesktopServicesPriv.framework/Versions/A/DesktopServicesPriv
0x00007fff73e2e000 	/usr/lib/libenergytrace.dylib
0x00007fff6f2c6000 	/System/Library/PrivateFrameworks/SkyLight.framework/Versions/A/SkyLight
0x00007fff4da04000 	/System/Library/Frameworks/CoreGraphics.framework/Versions/A/CoreGraphics
0x00007fff73223000 	/usr/lib/libScreenReader.dylib
0x00007fff49ada000 	/System/Library/Frameworks/Accelerate.framework/Versions/A/Accelerate
0x00007fff4fe3c000 	/System/Library/Frameworks/IOSurface.framework/Versions/A/IOSurface
0x00007fff4bf3a000 	/System/Library/Frameworks/AudioToolbox.framework/Versions/A/AudioToolbox
0x00007fff4c1ca000 	/System/Library/Frameworks/AudioUnit.framework/Versions/A/AudioUnit
0x00007fff61975000 	/System/Library/PrivateFrameworks/DataDetectorsCore.framework/Versions/A/DataDetectorsCore
0x00007fff4c8a1000 	/System/Library/Frameworks/Carbon.framework/Versions/A/Frameworks/HIToolbox.framework/Versions/A/HIToolbox
0x00007fff73f88000 	/usr/lib/libicucore.A.dylib
0x00007fff58946000 	/System/Library/Frameworks/QuartzCore.framework/Versions/A/QuartzCore
0x00007fff6e568000 	/System/Library/PrivateFrameworks/SignpostNotification.framework/Versions/A/SignpostNotification
0x00007fff4cc87000 	/System/Library/Frameworks/Carbon.framework/Versions/A/Frameworks/SpeechRecognition.framework/Versions/A/SpeechRecognition
0x00007fff73384000 	/usr/lib/libauto.dylib
0x00007fff751e6000 	/usr/lib/libxml2.2.dylib
0x00007fff6152d000 	/System/Library/PrivateFrameworks/CoreUI.framework/Versions/A/CoreUI
0x00007fff4d002000 	/System/Library/Frameworks/CoreAudio.framework/Versions/A/CoreAudio
0x00007fff4f4fc000 	/System/Library/Frameworks/DiskArbitration.framework/Versions/A/DiskArbitration
0x00007fff741fc000 	/usr/lib/liblangid.dylib
0x00007fff68fe8000 	/System/Library/PrivateFrameworks/MultitouchSupport.framework/Versions/A/MultitouchSupport
0x00007fff4fd9f000 	/System/Library/Frameworks/IOKit.framework/Versions/A/IOKit
0x00007fff72eb2000 	/usr/lib/libDiagnosticMessagesClient.dylib
0x00007fff4e6da000 	/System/Library/Frameworks/CoreServices.framework/Versions/A/CoreServices
0x00007fff6ab19000 	/System/Library/PrivateFrameworks/PerformanceAnalysis.framework/Versions/A/PerformanceAnalysis
0x00007fff57ae8000 	/System/Library/Frameworks/OpenGL.framework/Versions/A/OpenGL
0x00007fff4cdbc000 	/System/Library/Frameworks/ColorSync.framework/Versions/A/ColorSync
0x00007fff4e016000 	/System/Library/Frameworks/CoreImage.framework/Versions/A/CoreImage
0x00007fff4f06a000 	/System/Library/Frameworks/CoreText.framework/Versions/A/CoreText
0x00007fff4fe9a000 	/System/Library/Frameworks/ImageIO.framework/Versions/A/ImageIO
0x00007fff5e1d9000 	/System/Library/PrivateFrameworks/Backup.framework/Versions/A/Backup
0x00007fff732d4000 	/usr/lib/libarchive.2.dylib
0x00007fff4c4ed000 	/System/Library/Frameworks/CFNetwork.framework/Versions/A/CFNetwork
0x00007fff59b5b000 	/System/Library/Frameworks/SystemConfiguration.framework/Versions/A/SystemConfiguration
0x00007fff72ddb000 	/usr/lib/libCRFSuite.dylib
0x00007fff7345d000 	/usr/lib/libc++.1.dylib
0x00007fff734b4000 	/usr/lib/libc++abi.dylib
0x00007fff753a5000 	/usr/lib/system/libcache.dylib
0x00007fff753aa000 	/usr/lib/system/libcommonCrypto.dylib
0x00007fff753b5000 	/usr/lib/system/libcompiler_rt.dylib
0x00007fff753bd000 	/usr/lib/system/libcopyfile.dylib
0x00007fff753c7000 	/usr/lib/system/libcorecrypto.dylib
0x00007fff754d4000 	/usr/lib/system/libdispatch.dylib
0x00007fff7550e000 	/usr/lib/system/libdyld.dylib
0x00007fff7552c000 	/usr/lib/system/libkeymgr.dylib
0x00007fff7553a000 	/usr/lib/system/liblaunch.dylib
0x00007fff7553b000 	/usr/lib/system/libmacho.dylib
0x00007fff75540000 	/usr/lib/system/libquarantine.dylib
0x00007fff75543000 	/usr/lib/system/libremovefile.dylib
0x00007fff75545000 	/usr/lib/system/libsystem_asl.dylib
0x00007fff7555d000 	/usr/lib/system/libsystem_blocks.dylib
0x00007fff7555e000 	/usr/lib/system/libsystem_c.dylib
0x00007fff755e8000 	/usr/lib/system/libsystem_configuration.dylib
0x00007fff755ec000 	/usr/lib/system/libsystem_coreservices.dylib
0x00007fff755f0000 	/usr/lib/system/libsystem_darwin.dylib
0x00007fff755f2000 	/usr/lib/system/libsystem_dnssd.dylib
0x00007fff755f9000 	/usr/lib/system/libsystem_info.dylib
0x00007fff7566a000 	/usr/lib/system/libsystem_m.dylib
0x00007fff756b6000 	/usr/lib/system/libsystem_malloc.dylib
0x00007fff756d6000 	/usr/lib/system/libsystem_network.dylib
0x00007fff75807000 	/usr/lib/system/libsystem_networkextension.dylib
0x00007fff75812000 	/usr/lib/system/libsystem_notify.dylib
0x00007fff75830000 	/usr/lib/system/libsystem_sandbox.dylib
0x00007fff75834000 	/usr/lib/system/libsystem_secinit.dylib
0x00007fff75643000 	/usr/lib/system/libsystem_kernel.dylib
0x00007fff7581c000 	/usr/lib/system/libsystem_platform.dylib
0x00007fff75824000 	/usr/lib/system/libsystem_pthread.dylib
0x00007fff75836000 	/usr/lib/system/libsystem_symptoms.dylib
0x00007fff7583e000 	/usr/lib/system/libsystem_trace.dylib
0x00007fff75853000 	/usr/lib/system/libunwind.dylib
0x00007fff75859000 	/usr/lib/system/libxpc.dylib
0x00007fff72cee000 	/usr/lib/closure/libclosured.dylib
0x00007fff7343e000 	/usr/lib/libbsm.0.dylib
0x00007fff7552d000 	/usr/lib/system/libkxld.dylib
0x00007fff730ec000 	/usr/lib/libOpenScriptingUtil.dylib
0x00007fff737ad000 	/usr/lib/libcoretls.dylib
0x00007fff737c6000 	/usr/lib/libcoretls_cfhelpers.dylib
0x00007fff74ce2000 	/usr/lib/libpam.2.dylib
0x00007fff74e09000 	/usr/lib/libsqlite3.dylib
0x00007fff751d5000 	/usr/lib/libxar.1.dylib
0x00007fff7344f000 	/usr/lib/libbz2.1.0.dylib
0x00007fff741fe000 	/usr/lib/liblzma.5.dylib
0x00007fff746df000 	/usr/lib/libnetwork.dylib
0x00007fff732bd000 	/usr/lib/libapple_nghttp2.dylib
0x00007fff74ce9000 	/usr/lib/libpcap.A.dylib
0x00007fff73385000 	/usr/lib/libboringssl.dylib
0x00007fff75170000 	/usr/lib/libusrtcp.dylib
0x00007fff732bc000 	/usr/lib/libapple_crypto.dylib
0x00007fff4ea5d000 	/System/Library/Frameworks/CoreServices.framework/Versions/A/Frameworks/FSEvents.framework/Versions/A/FSEvents
0x00007fff4e750000 	/System/Library/Frameworks/CoreServices.framework/Versions/A/Frameworks/CarbonCore.framework/Versions/A/CarbonCore
0x00007fff4ec24000 	/System/Library/Frameworks/CoreServices.framework/Versions/A/Frameworks/Metadata.framework/Versions/A/Metadata
0x00007fff4ecd5000 	/System/Library/Frameworks/CoreServices.framework/Versions/A/Frameworks/OSServices.framework/Versions/A/OSServices
0x00007fff4ed36000 	/System/Library/Frameworks/CoreServices.framework/Versions/A/Frameworks/SearchKit.framework/Versions/A/SearchKit
0x00007fff4e6db000 	/System/Library/Frameworks/CoreServices.framework/Versions/A/Frameworks/AE.framework/Versions/A/AE
0x00007fff4ea66000 	/System/Library/Frameworks/CoreServices.framework/Versions/A/Frameworks/LaunchServices.framework/Versions/A/LaunchServices
0x00007fff4ea28000 	/System/Library/Frameworks/CoreServices.framework/Versions/A/Frameworks/DictionaryServices.framework/Versions/A/DictionaryServices
0x00007fff4eda5000 	/System/Library/Frameworks/CoreServices.framework/Versions/A/Frameworks/SharedFileList.framework/Versions/A/SharedFileList
0x00007fff52f64000 	/System/Library/Frameworks/NetFS.framework/Versions/A/NetFS
0x00007fff69279000 	/System/Library/PrivateFrameworks/NetAuth.framework/Versions/A/NetAuth
0x00007fff72b85000 	/System/Library/PrivateFrameworks/login.framework/Versions/A/Frameworks/loginsupport.framework/Versions/A/loginsupport
0x00007fff70ed7000 	/System/Library/PrivateFrameworks/TCC.framework/Versions/A/TCC
0x00007fff742df000 	/usr/lib/libmecabra.dylib
0x00007fff4b9f1000 	/System/Library/Frameworks/ApplicationServices.framework/Versions/A/Frameworks/ATS.framework/Versions/A/ATS
0x00007fff4bd9f000 	/System/Library/Frameworks/ApplicationServices.framework/Versions/A/Frameworks/ColorSyncLegacy.framework/Versions/A/ColorSyncLegacy
0x00007fff4be43000 	/System/Library/Frameworks/ApplicationServices.framework/Versions/A/Frameworks/HIServices.framework/Versions/A/HIServices
0x00007fff4be96000 	/System/Library/Frameworks/ApplicationServices.framework/Versions/A/Frameworks/LangAnalysis.framework/Versions/A/LangAnalysis
0x00007fff4bea5000 	/System/Library/Frameworks/ApplicationServices.framework/Versions/A/Frameworks/PrintCore.framework/Versions/A/PrintCore
0x00007fff4bef2000 	/System/Library/Frameworks/ApplicationServices.framework/Versions/A/Frameworks/QD.framework/Versions/A/QD
0x00007fff4bf2d000 	/System/Library/Frameworks/ApplicationServices.framework/Versions/A/Frameworks/SpeechSynthesis.framework/Versions/A/SpeechSynthesis
0x00007fff4d47d000 	/System/Library/Frameworks/CoreDisplay.framework/Versions/A/CoreDisplay
0x00007fff49af2000 	/System/Library/Frameworks/Accelerate.framework/Versions/A/Frameworks/vImage.framework/Versions/A/vImage
0x00007fff4a84c000 	/System/Library/Frameworks/Accelerate.framework/Versions/A/Frameworks/vecLib.framework/Versions/A/vecLib
0x00007fff4a5ec000 	/System/Library/Frameworks/Accelerate.framework/Versions/A/Frameworks/vecLib.framework/Versions/A/libvDSP.dylib
0x00007fff4a14c000 	/System/Library/Frameworks/Accelerate.framework/Versions/A/Frameworks/vecLib.framework/Versions/A/libBNNS.dylib
0x00007fff4a551000 	/System/Library/Frameworks/Accelerate.framework/Versions/A/Frameworks/vecLib.framework/Versions/A/libQuadrature.dylib
0x00007fff4a79a000 	/System/Library/Frameworks/Accelerate.framework/Versions/A/Frameworks/vecLib.framework/Versions/A/libvMisc.dylib
0x00007fff4a17b000 	/System/Library/Frameworks/Accelerate.framework/Versions/A/Frameworks/vecLib.framework/Versions/A/libLAPACK.dylib
0x00007fff49ff1000 	/System/Library/Frameworks/Accelerate.framework/Versions/A/Frameworks/vecLib.framework/Versions/A/libBLAS.dylib
0x00007fff4a53b000 	/System/Library/Frameworks/Accelerate.framework/Versions/A/Frameworks/vecLib.framework/Versions/A/libLinearAlgebra.dylib
0x00007fff4a557000 	/System/Library/Frameworks/Accelerate.framework/Versions/A/Frameworks/vecLib.framework/Versions/A/libSparse.dylib
0x00007fff4a5d8000 	/System/Library/Frameworks/Accelerate.framework/Versions/A/Frameworks/vecLib.framework/Versions/A/libSparseBLAS.dylib
0x00007fff660b9000 	/System/Library/PrivateFrameworks/GPUWrangler.framework/Versions/A/GPUWrangler
0x00007fff6784a000 	/System/Library/PrivateFrameworks/IOAccelerator.framework/Versions/A/IOAccelerator
0x00007fff67855000 	/System/Library/PrivateFrameworks/IOPresentment.framework/Versions/A/IOPresentment
0x00007fff618ef000 	/System/Library/PrivateFrameworks/DSExternalDisplay.framework/Versions/A/DSExternalDisplay
0x00007fff56f67000 	/System/Library/Frameworks/OpenGL.framework/Versions/A/Libraries/libCoreFSCache.dylib
0x00007fff4f1bb000 	/System/Library/Frameworks/CoreVideo.framework/Versions/A/CoreVideo
0x00007fff66e34000 	/System/Library/PrivateFrameworks/GraphVisualizer.framework/Versions/A/GraphVisualizer
0x00007fff51f65000 	/System/Library/Frameworks/MetalPerformanceShaders.framework/Versions/A/MetalPerformanceShaders
0x00007fff72eea000 	/usr/lib/libFosl_dynamic.dylib
0x00007fff629c3000 	/System/Library/PrivateFrameworks/FaceCore.framework/Versions/A/FaceCore
0x00007fff55d62000 	/System/Library/Frameworks/OpenCL.framework/Versions/A/OpenCL
0x00007fff734eb000 	/usr/lib/libcompression.dylib
0x00007fff4baf0000 	/System/Library/Frameworks/ApplicationServices.framework/Versions/A/Frameworks/ATS.framework/Versions/A/Resources/libFontParser.dylib
0x00007fff4bc13000 	/System/Library/Frameworks/ApplicationServices.framework/Versions/A/Frameworks/ATS.framework/Versions/A/Resources/libFontRegistry.dylib
0x00007fff50102000 	/System/Library/Frameworks/ImageIO.framework/Versions/A/Resources/libJPEG.dylib
0x00007fff5042b000 	/System/Library/Frameworks/ImageIO.framework/Versions/A/Resources/libTIFF.dylib
0x00007fff50401000 	/System/Library/Frameworks/ImageIO.framework/Versions/A/Resources/libPng.dylib
0x00007fff50015000 	/System/Library/Frameworks/ImageIO.framework/Versions/A/Resources/libGIF.dylib
0x00007fff5001a000 	/System/Library/Frameworks/ImageIO.framework/Versions/A/Resources/libJP2.dylib
0x00007fff50428000 	/System/Library/Frameworks/ImageIO.framework/Versions/A/Resources/libRadiance.dylib
0x00007fff5d903000 	/System/Library/PrivateFrameworks/AppleJPEG.framework/Versions/A/AppleJPEG
0x00007fff51dcc000 	/System/Library/Frameworks/MetalPerformanceShaders.framework/Frameworks/MPSCore.framework/Versions/A/MPSCore
0x00007fff51de8000 	/System/Library/Frameworks/MetalPerformanceShaders.framework/Frameworks/MPSImage.framework/Versions/A/MPSImage
0x00007fff51e7d000 	/System/Library/Frameworks/MetalPerformanceShaders.framework/Frameworks/MPSNeuralNetwork.framework/Versions/A/MPSNeuralNetwork
0x00007fff51e58000 	/System/Library/Frameworks/MetalPerformanceShaders.framework/Frameworks/MPSMatrix.framework/Versions/A/MPSMatrix
0x00007fff68d4b000 	/System/Library/PrivateFrameworks/MetalTools.framework/Versions/A/MetalTools
0x00007fff57132000 	/System/Library/Frameworks/OpenGL.framework/Versions/A/Libraries/libGLU.dylib
0x00007fff56f72000 	/System/Library/Frameworks/OpenGL.framework/Versions/A/Libraries/libGFXShared.dylib
0x00007fff56f7c000 	/System/Library/Frameworks/OpenGL.framework/Versions/A/Libraries/libGL.dylib
0x00007fff56f88000 	/System/Library/Frameworks/OpenGL.framework/Versions/A/Libraries/libGLImage.dylib
0x00007fff56f64000 	/System/Library/Frameworks/OpenGL.framework/Versions/A/Libraries/libCVMSPluginSupport.dylib
0x00007fff56f6d000 	/System/Library/Frameworks/OpenGL.framework/Versions/A/Libraries/libCoreVMClient.dylib
0x00007fff73c98000 	/usr/lib/libcups.2.dylib
0x00007fff51333000 	/System/Library/Frameworks/Kerberos.framework/Versions/A/Kerberos
0x00007fff4faf9000 	/System/Library/Frameworks/GSS.framework/Versions/A/GSS
0x00007fff74d9c000 	/usr/lib/libresolv.9.dylib
0x00007fff73e96000 	/usr/lib/libiconv.2.dylib
0x00007fff66ec6000 	/System/Library/PrivateFrameworks/Heimdal.framework/Versions/A/Heimdal
0x00007fff73e65000 	/usr/lib/libheimdal-asn1.dylib
0x00007fff55dda000 	/System/Library/Frameworks/OpenDirectory.framework/Versions/A/OpenDirectory
0x00007fff5fc1a000 	/System/Library/PrivateFrameworks/CommonAuth.framework/Versions/A/CommonAuth
0x00007fff55dbd000 	/System/Library/Frameworks/OpenDirectory.framework/Versions/A/Frameworks/CFOpenDirectory.framework/Versions/A/CFOpenDirectory
0x00007fff596f4000 	/System/Library/Frameworks/SecurityFoundation.framework/Versions/A/SecurityFoundation
0x00007fff5cac8000 	/System/Library/PrivateFrameworks/APFS.framework/Versions/A/APFS
0x00007fff751d1000 	/usr/lib/libutil.dylib
0x00007fff5d986000 	/System/Library/PrivateFrameworks/AppleSauce.framework/Versions/A/AppleSauce
0x00007fff68032000 	/System/Library/PrivateFrameworks/LinguisticData.framework/Versions/A/LinguisticData
0x00007fff74218000 	/usr/lib/libmarisa.dylib
0x00007fff67fec000 	/System/Library/PrivateFrameworks/Lexicon.framework/Versions/A/Lexicon
0x00007fff72e15000 	/usr/lib/libChineseTokenizer.dylib
0x00007fff734da000 	/usr/lib/libcmph.dylib
0x00007fff67ef6000 	/System/Library/PrivateFrameworks/LanguageModeling.framework/Versions/A/LanguageModeling
0x00007fff60737000 	/System/Library/PrivateFrameworks/CoreEmoji.framework/Versions/A/CoreEmoji
0x00007fff597b2000 	/System/Library/Frameworks/ServiceManagement.framework/Versions/A/ServiceManagement
0x00007fff5e1d1000 	/System/Library/PrivateFrameworks/BackgroundTaskManagement.framework/Versions/A/BackgroundTaskManagement
0x00007fff752ce000 	/usr/lib/libxslt.1.dylib
0x00007fff4cbb1000 	/System/Library/Frameworks/Carbon.framework/Versions/A/Frameworks/Ink.framework/Versions/A/Ink
0x00007fff710ec000 	/System/Library/PrivateFrameworks/TextureIO.framework/Versions/A/TextureIO
0x00007fff732ff000 	/usr/lib/libate.dylib
0x00007fff6184e000 	/System/Library/PrivateFrameworks/CrashReporterSupport.framework/Versions/A/CrashReporterSupport
0x00007fff6e428000 	/System/Library/PrivateFrameworks/Sharing.framework/Versions/A/Sharing
0x00007fff67c37000 	/System/Library/PrivateFrameworks/IconServices.framework/Versions/A/IconServices
0x00007fff5de01000 	/System/Library/PrivateFrameworks/AuthKit.framework/Versions/A/AuthKit
0x00007fff5d786000 	/System/Library/PrivateFrameworks/Apple80211.framework/Versions/A/Apple80211
0x00007fff61663000 	/System/Library/PrivateFrameworks/CoreUtils.framework/Versions/A/CoreUtils
0x00007fff4f1f6000 	/System/Library/Frameworks/CoreWLAN.framework/Versions/A/CoreWLAN
0x00007fff4fc3b000 	/System/Library/Frameworks/IOBluetooth.framework/Versions/A/IOBluetooth
0x00007fff6c8e8000 	/System/Library/PrivateFrameworks/ProtocolBuffer.framework/Versions/A/ProtocolBuffer
0x00007fff68f43000 	/System/Library/PrivateFrameworks/MobileKeyBag.framework/Versions/A/MobileKeyBag
0x00007fff60edb000 	/System/Library/PrivateFrameworks/CorePhoneNumbers.framework/Versions/A/CorePhoneNumbers
0x00007fff5d8be000 	/System/Library/PrivateFrameworks/AppleIDAuthSupport.framework/Versions/A/AppleIDAuthSupport
0x00007fff67ee2000 	/System/Library/PrivateFrameworks/KeychainCircle.framework/Versions/A/KeychainCircle
0x00007fff617e9000 	/System/Library/PrivateFrameworks/CoreWiFi.framework/Versions/A/CoreWiFi
0x00007fff4d0fc000 	/System/Library/Frameworks/CoreBluetooth.framework/Versions/A/CoreBluetooth
0x00007fff61a39000 	/System/Library/PrivateFrameworks/DebugSymbols.framework/Versions/A/DebugSymbols
0x00007fff61419000 	/System/Library/PrivateFrameworks/CoreSymbolication.framework/Versions/A/CoreSymbolication
0x00007fff708de000 	/System/Library/PrivateFrameworks/Symbolication.framework/Versions/A/Symbolication
0x00007fff5d7b0000 	/System/Library/PrivateFrameworks/AppleFSCompression.framework/Versions/A/AppleFSCompression
0x00007fff6fd2b000 	/System/Library/PrivateFrameworks/SpeechRecognitionCore.framework/Versions/A/SpeechRecognitionCore
0x0000000106400000 	/Library/Java/JavaVirtualMachines/jdk1.8.0_191.jdk/Contents/Home/jre/lib/server/libjvm.dylib
0x00007fff7509e000 	/usr/lib/libstdc++.6.0.9.dylib
0x0000000104b88000 	/Library/Java/JavaVirtualMachines/jdk1.8.0_191.jdk/Contents/Home/jre/lib/libverify.dylib
0x0000000104b96000 	/Library/Java/JavaVirtualMachines/jdk1.8.0_191.jdk/Contents/Home/jre/lib/libjava.dylib
0x0000000104bd6000 	/Library/Java/JavaVirtualMachines/jdk1.8.0_191.jdk/Contents/Home/jre/lib/libzip.dylib
0x0000000124609000 	/private/var/folders/m1/yrwq8svx7yv3c5mfbxh3l8fr0000gn/T/QtJambi_likendero_x86_64_4.8.6_gcc-20141115-1615/lib/libQtCore.4.dylib
0x0000000124947000 	/private/var/folders/m1/yrwq8svx7yv3c5mfbxh3l8fr0000gn/T/QtJambi_likendero_x86_64_4.8.6_gcc-20141115-1615/lib/libqtjambi.1.jnilib
0x00007fff5132e000 	/System/Library/Frameworks/JavaVM.framework/Versions/A/JavaVM
0x00007fff67df8000 	/System/Library/PrivateFrameworks/JavaLaunching.framework/Versions/A/JavaLaunching
0x0000000124999000 	/private/var/folders/m1/yrwq8svx7yv3c5mfbxh3l8fr0000gn/T/QtJambi_likendero_x86_64_4.8.6_gcc-20141115-1615/lib/libcom_trolltech_qt_core.1.jnilib
0x0000000124bc0000 	/private/var/folders/m1/yrwq8svx7yv3c5mfbxh3l8fr0000gn/T/QtJambi_likendero_x86_64_4.8.6_gcc-20141115-1615/lib/libQtGui.4.dylib
0x00007fff4c89c000 	/System/Library/Frameworks/Carbon.framework/Versions/A/Carbon
0x00007fff4c89d000 	/System/Library/Frameworks/Carbon.framework/Versions/A/Frameworks/CommonPanels.framework/Versions/A/CommonPanels
0x00007fff4cba7000 	/System/Library/Frameworks/Carbon.framework/Versions/A/Frameworks/Help.framework/Versions/A/Help
0x00007fff4cbab000 	/System/Library/Frameworks/Carbon.framework/Versions/A/Frameworks/ImageCapture.framework/Versions/A/ImageCapture
0x00007fff4cc47000 	/System/Library/Frameworks/Carbon.framework/Versions/A/Frameworks/OpenScripting.framework/Versions/A/OpenScripting
0x00007fff4cc82000 	/System/Library/Frameworks/Carbon.framework/Versions/A/Frameworks/Print.framework/Versions/A/Print
0x00007fff4cc84000 	/System/Library/Frameworks/Carbon.framework/Versions/A/Frameworks/SecurityHI.framework/Versions/A/SecurityHI
0x00000001257e0000 	/private/var/folders/m1/yrwq8svx7yv3c5mfbxh3l8fr0000gn/T/QtJambi_likendero_x86_64_4.8.6_gcc-20141115-1615/lib/libcom_trolltech_qt_gui.1.jnilib
0x00007fff6106e000 	/System/Library/PrivateFrameworks/CoreServicesInternal.framework/Versions/A/CoreServicesInternal
0x00000001264b8000 	/System/Library/Frameworks/Security.framework/PlugIns/csparser.bundle/Contents/MacOS/csparser
0x00007fff4bda4000 	/System/Library/Frameworks/ApplicationServices.framework/Versions/A/Frameworks/ColorSyncLegacy.framework/Versions/A/Resources/ColorSyncDeprecated.dylib
0x00007fff49adb000 	/System/Library/Frameworks/Accelerate.framework/Versions/A/Frameworks/vImage.framework/Versions/A/Libraries/libCGInterfaces.dylib
0x00007fff4bd02000 	/System/Library/Frameworks/ApplicationServices.framework/Versions/A/Frameworks/ATS.framework/Versions/A/Resources/libTrueTypeScaler.dylib
0x00007fff456d7000 	/System/Library/CoreServices/Encodings/libSimplifiedChineseConverter.dylib
0x00007fff456ad000 	/System/Library/CoreServices/Encodings/libKoreanConverter.dylib
0x00007fff45690000 	/System/Library/CoreServices/Encodings/libJapaneseConverter.dylib
0x00007fff456ea000 	/System/Library/CoreServices/Encodings/libTraditionalChineseConverter.dylib

VM Arguments:
jvm_args: -Dfile.encoding=UTF-8 
java_command: elementosQT.InicioQT
java_class_path (initial): /Users/likendero/Downloads/qtjambi-macosx-community-4.8.6/qtjambi-4.8.6.jar:/Users/likendero/Downloads/qtjambi-macosx-community-4.8.6/qtjambi-designer-4.8.6.jar:/Users/likendero/Downloads/qtjambi-macosx-community-4.8.6/qtjambi-examples-4.8.6.jar:/Users/likendero/Downloads/qtjambi-macosx-community-4.8.6/qtjambi-examples-src.jar:/Users/likendero/Downloads/qtjambi-macosx-community-4.8.6/qtjambi-native-macosx-gcc-4.8.6.jar:/Users/likendero/Downloads/qtjambi-macosx-community-4.8.6/qtjambi-util.jar:/Users/likendero/NetBeansProjects/proyectoQtJambi/build/classes
Launcher Type: SUN_STANDARD

Environment Variables:
PATH=/usr/bin:/bin:/usr/sbin:/sbin
LD_LIBRARY_PATH=/Library/Java/JavaVirtualMachines/jdk1.8.0_191.jdk/Contents/Home/jre/lib/amd64:/Library/Java/JavaVirtualMachines/jdk1.8.0_191.jdk/Contents/Home/jre/lib/i386:
SHELL=/bin/bash

Signal Handlers:
SIGSEGV: [libjvm.dylib+0x5b5de9], sa_mask[0]=11111111011111110111111111111111, sa_flags=SA_ONSTACK|SA_RESTART|SA_SIGINFO
SIGBUS: [libjvm.dylib+0x5b5de9], sa_mask[0]=11111111011111110111111111111111, sa_flags=SA_RESTART|SA_SIGINFO
SIGFPE: [libjvm.dylib+0x48b6b0], sa_mask[0]=11111111011111110111111111111111, sa_flags=SA_RESTART|SA_SIGINFO
SIGPIPE: [libjvm.dylib+0x48b6b0], sa_mask[0]=11111111011111110111111111111111, sa_flags=SA_RESTART|SA_SIGINFO
SIGXFSZ: [libjvm.dylib+0x48b6b0], sa_mask[0]=11111111011111110111111111111111, sa_flags=SA_RESTART|SA_SIGINFO
SIGILL: [libjvm.dylib+0x48b6b0], sa_mask[0]=11111111011111110111111111111111, sa_flags=SA_RESTART|SA_SIGINFO
SIGUSR1: SIG_DFL, sa_mask[0]=00000000000000000000000000000000, sa_flags=none
SIGUSR2: [libjvm.dylib+0x48b1ce], sa_mask[0]=00100000000000000000000000000000, sa_flags=SA_RESTART|SA_SIGINFO
SIGHUP: [libjvm.dylib+0x489759], sa_mask[0]=11111111011111110111111111111111, sa_flags=SA_RESTART|SA_SIGINFO
SIGINT: SIG_IGN, sa_mask[0]=00000000000000000000000000000000, sa_flags=none
SIGTERM: [libjvm.dylib+0x489759], sa_mask[0]=11111111011111110111111111111111, sa_flags=SA_RESTART|SA_SIGINFO
SIGQUIT: [libjvm.dylib+0x489759], sa_mask[0]=11111111011111110111111111111111, sa_flags=SA_RESTART|SA_SIGINFO


---------------  S Y S T E M  ---------------

OS:Bsduname:Darwin 17.7.0 Darwin Kernel Version 17.7.0: Fri Jul  6 19:54:51 PDT 2018; root:xnu-4570.71.3~2/RELEASE_X86_64 x86_64
rlimit: STACK 8192k, CORE 0k, NPROC 1418, NOFILE 10240, AS infinity
load average:1.64 1.71 1.74

CPU:total 12 (initial active 12) (6 cores per cpu, 2 threads per core) family 6 model 158 stepping 10, cmov, cx8, fxsr, mmx, sse, sse2, sse3, ssse3, sse4.1, sse4.2, popcnt, avx, avx2, aes, clmul, erms, 3dnowpref, lzcnt, ht, tsc, tscinvbit, bmi1, bmi2, adx

Memory: 4k page, physical 16777216k(1688096k free)

/proc/meminfo:


vm_info: Java HotSpot(TM) 64-Bit Server VM (25.191-b12) for bsd-amd64 JRE (1.8.0_191-b12), built on Oct  6 2018 08:37:07 by "java_re" with gcc 4.2.1 (Based on Apple Inc. build 5658) (LLVM build 2336.11.00)

time: Mon Dec 10 17:33:03 2018
elapsed time: 2 seconds (0d 0h 0m 2s)

