#
# A fatal error has been detected by the Java Runtime Environment:
#
#  SIGSEGV (0xb) at pc=0x0000000128827c18, pid=5338, tid=0x0000000000000307
#
# JRE version: Java(TM) SE Runtime Environment (8.0_191-b12) (build 1.8.0_191-b12)
# Java VM: Java HotSpot(TM) 64-Bit Server VM (25.191-b12 mixed mode bsd-amd64 compressed oops)
# Problematic frame:
# C  [libcom_trolltech_qt_gui.1.jnilib+0x3f1c18]  _ZN20QtJambiShell_QWidget5eventEP6QEvent+0x18
#
# Failed to write core dump. Core dumps have been disabled. To enable core dumping, try "ulimit -c unlimited" before starting Java again
#
# If you would like to submit a bug report, please visit:
#   http://bugreport.java.com/bugreport/crash.jsp
#

---------------  T H R E A D  ---------------

Current thread is native thread

siginfo: si_signo: 11 (SIGSEGV), si_code: 1 (SEGV_MAPERR), si_addr: 0x0000000000000010

Registers:
RAX=0x0000000000000000, RBX=0x00007fc12573e210, RCX=0x00007fc125767f80, RDX=0x000000012751bce0
RSP=0x00007ffee83ece00, RBP=0x00007ffee83ece30, RSI=0x00007fc12575ff30, RDI=0x00007fc12573e210
R8 =0x00007fc12553e1e0, R9 =0x0000000000000001, R10=0x00007fc127212f08, R11=0x00007fc125692f79
R12=0x00007fc127212a60, R13=0x00007fc12575ff30, R14=0x00007fc12575ff30, R15=0x00007fc12575ff30
RIP=0x0000000128827c18, EFLAGS=0x0000000000010246, ERR=0x0000000000000004
  TRAPNO=0x000000000000000e

Top of Stack: (sp=0x00007ffee83ece00)
0x00007ffee83ece00:   0000000128b158d0 00007fc12573e210
0x00007ffee83ece10:   00007fc127212a60 00007fc12575ff30
0x00007ffee83ece20:   00007fc12575ff30 00007fc12573e201
0x00007ffee83ece30:   00007ffee83ece70 00000001278a601b
0x00007ffee83ece40:   000000000000000d 00007fc12573e210
0x00007ffee83ece50:   00007fffadb8e070 00007fc12575ff30
0x00007ffee83ece60:   00007fc127212240 00007fc12573e210
0x00007ffee83ece70:   00007ffee83ed220 00000001278a90bd
0x00007ffee83ece80:   00007fffad8eb450 00007fff748e9907
0x00007ffee83ece90:   00007ffee83eceb0 00007fff748e98b7
0x00007ffee83ecea0:   0000000000000307 00007fffad8eb450
0x00007ffee83eceb0:   00007ffee83ecf10 00007fff748e8fbc
0x00007ffee83ecec0:   00007ffee83ecee0 00000000ad8ec2a0
0x00007ffee83eced0:   00007fffa7442f98 00007fffa7442f70
0x00007ffee83ecee0:   0000000000000000 00007fc127212a60
0x00007ffee83ecef0:   00007fffa7442f70 00007fffa743cd68
0x00007ffee83ecf00:   00007ffee83ecf20 00007fffad8ec2a0
0x00007ffee83ecf10:   0000000000000000 00007fff748e95b1
0x00007ffee83ecf20:   0000000000000000 00007fffa7442f70
0x00007ffee83ecf30:   00007ffee83ecf60 00007fff748f81ad
0x00007ffee83ecf40:   0000000000000000 0000000000000000
0x00007ffee83ecf50:   00007fffa7442f70 00007fffa7442f70
0x00007ffee83ecf60:   00007ffee83ecf90 00007fff748e996a
0x00007ffee83ecf70:   00007ffffffffff8 0000000000000000
0x00007ffee83ecf80:   00007fffa7442f70 00007fffa7442f70
0x00007ffee83ecf90:   00007ffee83ecff0 00007fff748f8548
0x00007ffee83ecfa0:   0000000000000000 0000000000000000
0x00007ffee83ecfb0:   0000000000000000 0000000000000000
0x00007ffee83ecfc0:   0000000000000000 0000000000000000
0x00007ffee83ecfd0:   00007fffa7442f70 00007fffada73513
0x00007ffee83ecfe0:   00007fffa7443470 00007fff748e9577
0x00007ffee83ecff0:   00007ffee83ed030 00007fff748e94be 

Instructions: (pc=0x0000000128827c18)
0x0000000128827bf8:   0f 1f 84 00 00 00 00 00 55 48 89 e5 41 57 41 56
0x0000000128827c08:   41 55 41 54 53 50 49 89 f7 48 89 fb 48 8b 43 30
0x0000000128827c18:   48 8b 40 10 4c 8b 70 60 4d 85 f6 74 69 e8 ce b3
0x0000000128827c28:   02 00 49 89 c5 4d 85 ed 74 5c 49 8b 45 00 be 64 

Register to memory mapping:

RAX=0x0000000000000000 is an unknown value
RBX=0x00007fc12573e210 is an unknown value
RCX=0x00007fc125767f80 is an unknown value
RDX=0x000000012751bce0: _ZN9QListData11shared_nullE+0 in /private/var/folders/m1/yrwq8svx7yv3c5mfbxh3l8fr0000gn/T/QtJambi_likendero_x86_64_4.8.6_gcc-20141115-1615/lib/libQtCore.4.dylib at 0x000000012725f000
RSP=0x00007ffee83ece00 is an unknown value
RBP=0x00007ffee83ece30 is an unknown value
RSI=0x00007fc12575ff30 is an unknown value
RDI=0x00007fc12573e210 is an unknown value
R8 =0x00007fc12553e1e0 is an unknown value
R9 =0x0000000000000001 is an unknown value
R10=0x00007fc127212f08 is an unknown value
R11=0x00007fc125692f79 is an unknown value
R12=0x00007fc127212a60 is an unknown value
R13=0x00007fc12575ff30 is an unknown value
R14=0x00007fc12575ff30 is an unknown value
R15=0x00007fc12575ff30 is an unknown value


Stack: [0x00007ffee7bf0000,0x00007ffee83f0000],  sp=0x00007ffee83ece00,  free space=8179k
Native frames: (J=compiled Java code, j=interpreted, Vv=VM code, C=native code)
C  [libcom_trolltech_qt_gui.1.jnilib+0x3f1c18]  _ZN20QtJambiShell_QWidget5eventEP6QEvent+0x18
C  [libQtGui.4.dylib+0x9001b]  _ZN19QApplicationPrivate13notify_helperEP7QObjectP6QEvent+0xfb
C  [libQtGui.4.dylib+0x930bd]  _ZN12QApplication6notifyEP7QObjectP6QEvent+0x1ccd
C  [libcom_trolltech_qt_gui.1.jnilib+0xaa002]  _ZN25QtJambiShell_QApplication6notifyEP7QObjectP6QEvent+0xa2
C  [libQtCore.4.dylib+0x133a46]  _ZN16QCoreApplication14notifyInternalEP7QObjectP6QEvent+0x76
C  [libQtCore.4.dylib+0x13455f]  _ZN23QCoreApplicationPrivate16sendPostedEventsEP7QObjectiP11QThreadData+0x25f
C  [CoreFoundation+0xa3a11]  __CFRUNLOOP_IS_CALLING_OUT_TO_A_SOURCE0_PERFORM_FUNCTION__+0x11
C  [CoreFoundation+0x15d42c]  __CFRunLoopDoSource0+0x6c
C  [CoreFoundation+0x86470]  __CFRunLoopDoSources0+0xd0
C  [CoreFoundation+0x858ed]  __CFRunLoopRun+0x50d
C  [CoreFoundation+0x85153]  CFRunLoopRunSpecific+0x1e3
C  [java+0x646e]  CreateExecutionEnvironment+0x367
C  [java+0x203c]  JLI_Launch+0x7a0
C  [java+0x84cb]  main+0x65
C  [java+0x1894]  start+0x34


---------------  P R O C E S S  ---------------

VM state:not at safepoint (normal execution)

VM Mutex/Monitor currently owned by a thread: None

Heap:
 PSYoungGen      total 76288K, used 7883K [0x000000076ab00000, 0x0000000770000000, 0x00000007c0000000)
  eden space 65536K, 12% used [0x000000076ab00000,0x000000076b2b2d18,0x000000076eb00000)
  from space 10752K, 0% used [0x000000076f580000,0x000000076f580000,0x0000000770000000)
  to   space 10752K, 0% used [0x000000076eb00000,0x000000076eb00000,0x000000076f580000)
 ParOldGen       total 175104K, used 0K [0x00000006c0000000, 0x00000006cab00000, 0x000000076ab00000)
  object space 175104K, 0% used [0x00000006c0000000,0x00000006c0000000,0x00000006cab00000)
 Metaspace       used 5808K, capacity 6036K, committed 6400K, reserved 1056768K
  class space    used 624K, capacity 656K, committed 768K, reserved 1048576K

Card table byte_map: [0x000000010a574000,0x000000010ad75000] byte_map_base: 0x0000000106f74000

Marking Bits: (ParMarkBitMap*) 0x0000000109af9e00
 Begin Bits: [0x000000011c591000, 0x0000000120591000)
 End Bits:   [0x0000000120591000, 0x0000000124591000)

Polling page: 0x00000001078a1000

CodeCache: size=245760Kb used=1560Kb max_used=1560Kb free=244199Kb
 bounds [0x000000010d591000, 0x000000010d801000, 0x000000011c591000]
 total_blobs=528 nmethods=245 adapters=197
 compilation: enabled

Compilation events (10 events):
Event: 1.390 Thread 0x00007fc127809800  239       1       java.util.jar.JarFile::access$300 (5 bytes)
Event: 1.390 Thread 0x00007fc127809800 nmethod 239 0x000000010d711810 code [0x000000010d711960, 0x000000010d711a50]
Event: 1.390 Thread 0x00007fc127809800  240       3       java.io.UnixFileSystem::prefixLength (25 bytes)
Event: 1.390 Thread 0x00007fc127809800 nmethod 240 0x000000010d711ad0 code [0x000000010d711c60, 0x000000010d712128]
Event: 1.403 Thread 0x00007fc127809800  241       3       java.util.zip.InflaterInputStream::ensureOpen (18 bytes)
Event: 1.403 Thread 0x00007fc127809800 nmethod 241 0x000000010d714650 code [0x000000010d7147c0, 0x000000010d714a08]
Event: 1.409 Thread 0x00007fc127809800  242   !   3       java.util.zip.InflaterInputStream::read (138 bytes)
Event: 1.410 Thread 0x00007fc127809800 nmethod 242 0x000000010d714ad0 code [0x000000010d714d60, 0x000000010d715e68]
Event: 1.413 Thread 0x00007fc127809800  243       3       java.util.AbstractCollection::<init> (5 bytes)
Event: 1.413 Thread 0x00007fc127809800 nmethod 243 0x000000010d716910 code [0x000000010d716a80, 0x000000010d716c30]

GC Heap History (0 events):
No events

Deoptimization events (0 events):
No events

Classes redefined (0 events):
No events

Internal exceptions (9 events):
Event: 0.025 Thread 0x00007fc128002000 Exception <a 'java/lang/NoSuchMethodError': Method sun.misc.Unsafe.defineClass(Ljava/lang/String;[BII)Ljava/lang/Class; name or signature does not match> (0x000000076ab07cb0) thrown at [/Users/java_re/workspace/8-2-build-macosx-x86_64/jdk8u191/11896/hotsp
Event: 0.025 Thread 0x00007fc128002000 Exception <a 'java/lang/NoSuchMethodError': Method sun.misc.Unsafe.prefetchRead(Ljava/lang/Object;J)V name or signature does not match> (0x000000076ab07f98) thrown at [/Users/java_re/workspace/8-2-build-macosx-x86_64/jdk8u191/11896/hotspot/src/share/vm/pr
Event: 0.078 Thread 0x00007fc128002000 Exception <a 'java/security/PrivilegedActionException'> (0x000000076ac08ee8) thrown at [/Users/java_re/workspace/8-2-build-macosx-x86_64/jdk8u191/11896/hotspot/src/share/vm/prims/jvm.cpp, line 1435]
Event: 0.078 Thread 0x00007fc128002000 Exception <a 'java/security/PrivilegedActionException'> (0x000000076ac090f8) thrown at [/Users/java_re/workspace/8-2-build-macosx-x86_64/jdk8u191/11896/hotspot/src/share/vm/prims/jvm.cpp, line 1435]
Event: 0.078 Thread 0x00007fc128002000 Exception <a 'java/security/PrivilegedActionException'> (0x000000076ac0c428) thrown at [/Users/java_re/workspace/8-2-build-macosx-x86_64/jdk8u191/11896/hotspot/src/share/vm/prims/jvm.cpp, line 1435]
Event: 0.078 Thread 0x00007fc128002000 Exception <a 'java/security/PrivilegedActionException'> (0x000000076ac0c638) thrown at [/Users/java_re/workspace/8-2-build-macosx-x86_64/jdk8u191/11896/hotspot/src/share/vm/prims/jvm.cpp, line 1435]
Event: 1.365 Thread 0x00007fc128002000 Exception <a 'java/lang/ArrayIndexOutOfBoundsException'> (0x000000076b13ba38) thrown at [/Users/java_re/workspace/8-2-build-macosx-x86_64/jdk8u191/11896/hotspot/src/share/vm/runtime/sharedRuntime.cpp, line 605]
Event: 1.365 Thread 0x00007fc128002000 Exception <a 'java/lang/ArrayIndexOutOfBoundsException'> (0x000000076b13c8e0) thrown at [/Users/java_re/workspace/8-2-build-macosx-x86_64/jdk8u191/11896/hotspot/src/share/vm/runtime/sharedRuntime.cpp, line 605]
Event: 1.366 Thread 0x00007fc128002000 Exception <a 'java/lang/ArrayIndexOutOfBoundsException'> (0x000000076b1472d0) thrown at [/Users/java_re/workspace/8-2-build-macosx-x86_64/jdk8u191/11896/hotspot/src/share/vm/runtime/sharedRuntime.cpp, line 605]

Events (10 events):
Event: 1.391 loading class com/trolltech/qt/QThreadAffinityException
Event: 1.391 loading class com/trolltech/qt/QThreadAffinityException done
Event: 1.401 loading class com/trolltech/qt/gui/QPixmap
Event: 1.401 loading class com/trolltech/qt/gui/QPixmap done
Event: 1.403 loading class com/trolltech/qt/core/Qt$ImageConversionFlag
Event: 1.403 loading class com/trolltech/qt/core/Qt$ImageConversionFlag done
Event: 1.403 loading class com/trolltech/qt/core/Qt$ImageConversionFlags
Event: 1.403 loading class com/trolltech/qt/core/Qt$ImageConversionFlags done
Event: 1.409 loading class com/trolltech/qt/gui/QAction
Event: 1.409 loading class com/trolltech/qt/gui/QAction done


Dynamic libraries:
0x00007fff4cdae000 	/System/Library/Frameworks/Cocoa.framework/Versions/A/Cocoa
0x00007fff593c8000 	/System/Library/Frameworks/Security.framework/Versions/A/Security
0x00007fff4b9f0000 	/System/Library/Frameworks/ApplicationServices.framework/Versions/A/ApplicationServices
0x00007fff752f7000 	/usr/lib/libz.1.dylib
0x00007fff73228000 	/usr/lib/libSystem.B.dylib
0x00007fff748e1000 	/usr/lib/libobjc.A.dylib
0x00007fff4d561000 	/System/Library/Frameworks/CoreFoundation.framework/Versions/A/CoreFoundation
0x00007fff4f6c2000 	/System/Library/Frameworks/Foundation.framework/Versions/C/Foundation
0x00007fff4ab40000 	/System/Library/Frameworks/AppKit.framework/Versions/C/AppKit
0x00007fff4d126000 	/System/Library/Frameworks/CoreData.framework/Versions/A/CoreData
0x00007fff6cae1000 	/System/Library/PrivateFrameworks/RemoteViewServices.framework/Versions/A/RemoteViewServices
0x00007fff7125a000 	/System/Library/PrivateFrameworks/UIFoundation.framework/Versions/A/UIFoundation
0x00007fff618dd000 	/System/Library/PrivateFrameworks/DFRFoundation.framework/Versions/A/DFRFoundation
0x00007fff51d2e000 	/System/Library/Frameworks/Metal.framework/Versions/A/Metal
0x00007fff61a7a000 	/System/Library/PrivateFrameworks/DesktopServicesPriv.framework/Versions/A/DesktopServicesPriv
0x00007fff73e2e000 	/usr/lib/libenergytrace.dylib
0x00007fff6f2c6000 	/System/Library/PrivateFrameworks/SkyLight.framework/Versions/A/SkyLight
0x00007fff4da04000 	/System/Library/Frameworks/CoreGraphics.framework/Versions/A/CoreGraphics
0x00007fff73223000 	/usr/lib/libScreenReader.dylib
0x00007fff49ada000 	/System/Library/Frameworks/Accelerate.framework/Versions/A/Accelerate
0x00007fff4fe3c000 	/System/Library/Frameworks/IOSurface.framework/Versions/A/IOSurface
0x00007fff4bf3a000 	/System/Library/Frameworks/AudioToolbox.framework/Versions/A/AudioToolbox
0x00007fff4c1ca000 	/System/Library/Frameworks/AudioUnit.framework/Versions/A/AudioUnit
0x00007fff61975000 	/System/Library/PrivateFrameworks/DataDetectorsCore.framework/Versions/A/DataDetectorsCore
0x00007fff4c8a1000 	/System/Library/Frameworks/Carbon.framework/Versions/A/Frameworks/HIToolbox.framework/Versions/A/HIToolbox
0x00007fff73f88000 	/usr/lib/libicucore.A.dylib
0x00007fff58946000 	/System/Library/Frameworks/QuartzCore.framework/Versions/A/QuartzCore
0x00007fff6e568000 	/System/Library/PrivateFrameworks/SignpostNotification.framework/Versions/A/SignpostNotification
0x00007fff4cc87000 	/System/Library/Frameworks/Carbon.framework/Versions/A/Frameworks/SpeechRecognition.framework/Versions/A/SpeechRecognition
0x00007fff73384000 	/usr/lib/libauto.dylib
0x00007fff751e6000 	/usr/lib/libxml2.2.dylib
0x00007fff6152d000 	/System/Library/PrivateFrameworks/CoreUI.framework/Versions/A/CoreUI
0x00007fff4d002000 	/System/Library/Frameworks/CoreAudio.framework/Versions/A/CoreAudio
0x00007fff4f4fc000 	/System/Library/Frameworks/DiskArbitration.framework/Versions/A/DiskArbitration
0x00007fff741fc000 	/usr/lib/liblangid.dylib
0x00007fff68fe8000 	/System/Library/PrivateFrameworks/MultitouchSupport.framework/Versions/A/MultitouchSupport
0x00007fff4fd9f000 	/System/Library/Frameworks/IOKit.framework/Versions/A/IOKit
0x00007fff72eb2000 	/usr/lib/libDiagnosticMessagesClient.dylib
0x00007fff4e6da000 	/System/Library/Frameworks/CoreServices.framework/Versions/A/CoreServices
0x00007fff6ab19000 	/System/Library/PrivateFrameworks/PerformanceAnalysis.framework/Versions/A/PerformanceAnalysis
0x00007fff57ae8000 	/System/Library/Frameworks/OpenGL.framework/Versions/A/OpenGL
0x00007fff4cdbc000 	/System/Library/Frameworks/ColorSync.framework/Versions/A/ColorSync
0x00007fff4e016000 	/System/Library/Frameworks/CoreImage.framework/Versions/A/CoreImage
0x00007fff4f06a000 	/System/Library/Frameworks/CoreText.framework/Versions/A/CoreText
0x00007fff4fe9a000 	/System/Library/Frameworks/ImageIO.framework/Versions/A/ImageIO
0x00007fff5e1d9000 	/System/Library/PrivateFrameworks/Backup.framework/Versions/A/Backup
0x00007fff732d4000 	/usr/lib/libarchive.2.dylib
0x00007fff4c4ed000 	/System/Library/Frameworks/CFNetwork.framework/Versions/A/CFNetwork
0x00007fff59b5b000 	/System/Library/Frameworks/SystemConfiguration.framework/Versions/A/SystemConfiguration
0x00007fff72ddb000 	/usr/lib/libCRFSuite.dylib
0x00007fff7345d000 	/usr/lib/libc++.1.dylib
0x00007fff734b4000 	/usr/lib/libc++abi.dylib
0x00007fff753a5000 	/usr/lib/system/libcache.dylib
0x00007fff753aa000 	/usr/lib/system/libcommonCrypto.dylib
0x00007fff753b5000 	/usr/lib/system/libcompiler_rt.dylib
0x00007fff753bd000 	/usr/lib/system/libcopyfile.dylib
0x00007fff753c7000 	/usr/lib/system/libcorecrypto.dylib
0x00007fff754d4000 	/usr/lib/system/libdispatch.dylib
0x00007fff7550e000 	/usr/lib/system/libdyld.dylib
0x00007fff7552c000 	/usr/lib/system/libkeymgr.dylib
0x00007fff7553a000 	/usr/lib/system/liblaunch.dylib
0x00007fff7553b000 	/usr/lib/system/libmacho.dylib
0x00007fff75540000 	/usr/lib/system/libquarantine.dylib
0x00007fff75543000 	/usr/lib/system/libremovefile.dylib
0x00007fff75545000 	/usr/lib/system/libsystem_asl.dylib
0x00007fff7555d000 	/usr/lib/system/libsystem_blocks.dylib
0x00007fff7555e000 	/usr/lib/system/libsystem_c.dylib
0x00007fff755e8000 	/usr/lib/system/libsystem_configuration.dylib
0x00007fff755ec000 	/usr/lib/system/libsystem_coreservices.dylib
0x00007fff755f0000 	/usr/lib/system/libsystem_darwin.dylib
0x00007fff755f2000 	/usr/lib/system/libsystem_dnssd.dylib
0x00007fff755f9000 	/usr/lib/system/libsystem_info.dylib
0x00007fff7566a000 	/usr/lib/system/libsystem_m.dylib
0x00007fff756b6000 	/usr/lib/system/libsystem_malloc.dylib
0x00007fff756d6000 	/usr/lib/system/libsystem_network.dylib
0x00007fff75807000 	/usr/lib/system/libsystem_networkextension.dylib
0x00007fff75812000 	/usr/lib/system/libsystem_notify.dylib
0x00007fff75830000 	/usr/lib/system/libsystem_sandbox.dylib
0x00007fff75834000 	/usr/lib/system/libsystem_secinit.dylib
0x00007fff75643000 	/usr/lib/system/libsystem_kernel.dylib
0x00007fff7581c000 	/usr/lib/system/libsystem_platform.dylib
0x00007fff75824000 	/usr/lib/system/libsystem_pthread.dylib
0x00007fff75836000 	/usr/lib/system/libsystem_symptoms.dylib
0x00007fff7583e000 	/usr/lib/system/libsystem_trace.dylib
0x00007fff75853000 	/usr/lib/system/libunwind.dylib
0x00007fff75859000 	/usr/lib/system/libxpc.dylib
0x00007fff72cee000 	/usr/lib/closure/libclosured.dylib
0x00007fff7343e000 	/usr/lib/libbsm.0.dylib
0x00007fff7552d000 	/usr/lib/system/libkxld.dylib
0x00007fff730ec000 	/usr/lib/libOpenScriptingUtil.dylib
0x00007fff737ad000 	/usr/lib/libcoretls.dylib
0x00007fff737c6000 	/usr/lib/libcoretls_cfhelpers.dylib
0x00007fff74ce2000 	/usr/lib/libpam.2.dylib
0x00007fff74e09000 	/usr/lib/libsqlite3.dylib
0x00007fff751d5000 	/usr/lib/libxar.1.dylib
0x00007fff7344f000 	/usr/lib/libbz2.1.0.dylib
0x00007fff741fe000 	/usr/lib/liblzma.5.dylib
0x00007fff746df000 	/usr/lib/libnetwork.dylib
0x00007fff732bd000 	/usr/lib/libapple_nghttp2.dylib
0x00007fff74ce9000 	/usr/lib/libpcap.A.dylib
0x00007fff73385000 	/usr/lib/libboringssl.dylib
0x00007fff75170000 	/usr/lib/libusrtcp.dylib
0x00007fff732bc000 	/usr/lib/libapple_crypto.dylib
0x00007fff4ea5d000 	/System/Library/Frameworks/CoreServices.framework/Versions/A/Frameworks/FSEvents.framework/Versions/A/FSEvents
0x00007fff4e750000 	/System/Library/Frameworks/CoreServices.framework/Versions/A/Frameworks/CarbonCore.framework/Versions/A/CarbonCore
0x00007fff4ec24000 	/System/Library/Frameworks/CoreServices.framework/Versions/A/Frameworks/Metadata.framework/Versions/A/Metadata
0x00007fff4ecd5000 	/System/Library/Frameworks/CoreServices.framework/Versions/A/Frameworks/OSServices.framework/Versions/A/OSServices
0x00007fff4ed36000 	/System/Library/Frameworks/CoreServices.framework/Versions/A/Frameworks/SearchKit.framework/Versions/A/SearchKit
0x00007fff4e6db000 	/System/Library/Frameworks/CoreServices.framework/Versions/A/Frameworks/AE.framework/Versions/A/AE
0x00007fff4ea66000 	/System/Library/Frameworks/CoreServices.framework/Versions/A/Frameworks/LaunchServices.framework/Versions/A/LaunchServices
0x00007fff4ea28000 	/System/Library/Frameworks/CoreServices.framework/Versions/A/Frameworks/DictionaryServices.framework/Versions/A/DictionaryServices
0x00007fff4eda5000 	/System/Library/Frameworks/CoreServices.framework/Versions/A/Frameworks/SharedFileList.framework/Versions/A/SharedFileList
0x00007fff52f64000 	/System/Library/Frameworks/NetFS.framework/Versions/A/NetFS
0x00007fff69279000 	/System/Library/PrivateFrameworks/NetAuth.framework/Versions/A/NetAuth
0x00007fff72b85000 	/System/Library/PrivateFrameworks/login.framework/Versions/A/Frameworks/loginsupport.framework/Versions/A/loginsupport
0x00007fff70ed7000 	/System/Library/PrivateFrameworks/TCC.framework/Versions/A/TCC
0x00007fff742df000 	/usr/lib/libmecabra.dylib
0x00007fff4b9f1000 	/System/Library/Frameworks/ApplicationServices.framework/Versions/A/Frameworks/ATS.framework/Versions/A/ATS
0x00007fff4bd9f000 	/System/Library/Frameworks/ApplicationServices.framework/Versions/A/Frameworks/ColorSyncLegacy.framework/Versions/A/ColorSyncLegacy
0x00007fff4be43000 	/System/Library/Frameworks/ApplicationServices.framework/Versions/A/Frameworks/HIServices.framework/Versions/A/HIServices
0x00007fff4be96000 	/System/Library/Frameworks/ApplicationServices.framework/Versions/A/Frameworks/LangAnalysis.framework/Versions/A/LangAnalysis
0x00007fff4bea5000 	/System/Library/Frameworks/ApplicationServices.framework/Versions/A/Frameworks/PrintCore.framework/Versions/A/PrintCore
0x00007fff4bef2000 	/System/Library/Frameworks/ApplicationServices.framework/Versions/A/Frameworks/QD.framework/Versions/A/QD
0x00007fff4bf2d000 	/System/Library/Frameworks/ApplicationServices.framework/Versions/A/Frameworks/SpeechSynthesis.framework/Versions/A/SpeechSynthesis
0x00007fff4d47d000 	/System/Library/Frameworks/CoreDisplay.framework/Versions/A/CoreDisplay
0x00007fff49af2000 	/System/Library/Frameworks/Accelerate.framework/Versions/A/Frameworks/vImage.framework/Versions/A/vImage
0x00007fff4a84c000 	/System/Library/Frameworks/Accelerate.framework/Versions/A/Frameworks/vecLib.framework/Versions/A/vecLib
0x00007fff4a5ec000 	/System/Library/Frameworks/Accelerate.framework/Versions/A/Frameworks/vecLib.framework/Versions/A/libvDSP.dylib
0x00007fff4a14c000 	/System/Library/Frameworks/Accelerate.framework/Versions/A/Frameworks/vecLib.framework/Versions/A/libBNNS.dylib
0x00007fff4a551000 	/System/Library/Frameworks/Accelerate.framework/Versions/A/Frameworks/vecLib.framework/Versions/A/libQuadrature.dylib
0x00007fff4a79a000 	/System/Library/Frameworks/Accelerate.framework/Versions/A/Frameworks/vecLib.framework/Versions/A/libvMisc.dylib
0x00007fff4a17b000 	/System/Library/Frameworks/Accelerate.framework/Versions/A/Frameworks/vecLib.framework/Versions/A/libLAPACK.dylib
0x00007fff49ff1000 	/System/Library/Frameworks/Accelerate.framework/Versions/A/Frameworks/vecLib.framework/Versions/A/libBLAS.dylib
0x00007fff4a53b000 	/System/Library/Frameworks/Accelerate.framework/Versions/A/Frameworks/vecLib.framework/Versions/A/libLinearAlgebra.dylib
0x00007fff4a557000 	/System/Library/Frameworks/Accelerate.framework/Versions/A/Frameworks/vecLib.framework/Versions/A/libSparse.dylib
0x00007fff4a5d8000 	/System/Library/Frameworks/Accelerate.framework/Versions/A/Frameworks/vecLib.framework/Versions/A/libSparseBLAS.dylib
0x00007fff660b9000 	/System/Library/PrivateFrameworks/GPUWrangler.framework/Versions/A/GPUWrangler
0x00007fff6784a000 	/System/Library/PrivateFrameworks/IOAccelerator.framework/Versions/A/IOAccelerator
0x00007fff67855000 	/System/Library/PrivateFrameworks/IOPresentment.framework/Versions/A/IOPresentment
0x00007fff618ef000 	/System/Library/PrivateFrameworks/DSExternalDisplay.framework/Versions/A/DSExternalDisplay
0x00007fff56f67000 	/System/Library/Frameworks/OpenGL.framework/Versions/A/Libraries/libCoreFSCache.dylib
0x00007fff4f1bb000 	/System/Library/Frameworks/CoreVideo.framework/Versions/A/CoreVideo
0x00007fff66e34000 	/System/Library/PrivateFrameworks/GraphVisualizer.framework/Versions/A/GraphVisualizer
0x00007fff51f65000 	/System/Library/Frameworks/MetalPerformanceShaders.framework/Versions/A/MetalPerformanceShaders
0x00007fff72eea000 	/usr/lib/libFosl_dynamic.dylib
0x00007fff629c3000 	/System/Library/PrivateFrameworks/FaceCore.framework/Versions/A/FaceCore
0x00007fff55d62000 	/System/Library/Frameworks/OpenCL.framework/Versions/A/OpenCL
0x00007fff734eb000 	/usr/lib/libcompression.dylib
0x00007fff4baf0000 	/System/Library/Frameworks/ApplicationServices.framework/Versions/A/Frameworks/ATS.framework/Versions/A/Resources/libFontParser.dylib
0x00007fff4bc13000 	/System/Library/Frameworks/ApplicationServices.framework/Versions/A/Frameworks/ATS.framework/Versions/A/Resources/libFontRegistry.dylib
0x00007fff50102000 	/System/Library/Frameworks/ImageIO.framework/Versions/A/Resources/libJPEG.dylib
0x00007fff5042b000 	/System/Library/Frameworks/ImageIO.framework/Versions/A/Resources/libTIFF.dylib
0x00007fff50401000 	/System/Library/Frameworks/ImageIO.framework/Versions/A/Resources/libPng.dylib
0x00007fff50015000 	/System/Library/Frameworks/ImageIO.framework/Versions/A/Resources/libGIF.dylib
0x00007fff5001a000 	/System/Library/Frameworks/ImageIO.framework/Versions/A/Resources/libJP2.dylib
0x00007fff50428000 	/System/Library/Frameworks/ImageIO.framework/Versions/A/Resources/libRadiance.dylib
0x00007fff5d903000 	/System/Library/PrivateFrameworks/AppleJPEG.framework/Versions/A/AppleJPEG
0x00007fff51dcc000 	/System/Library/Frameworks/MetalPerformanceShaders.framework/Frameworks/MPSCore.framework/Versions/A/MPSCore
0x00007fff51de8000 	/System/Library/Frameworks/MetalPerformanceShaders.framework/Frameworks/MPSImage.framework/Versions/A/MPSImage
0x00007fff51e7d000 	/System/Library/Frameworks/MetalPerformanceShaders.framework/Frameworks/MPSNeuralNetwork.framework/Versions/A/MPSNeuralNetwork
0x00007fff51e58000 	/System/Library/Frameworks/MetalPerformanceShaders.framework/Frameworks/MPSMatrix.framework/Versions/A/MPSMatrix
0x00007fff68d4b000 	/System/Library/PrivateFrameworks/MetalTools.framework/Versions/A/MetalTools
0x00007fff57132000 	/System/Library/Frameworks/OpenGL.framework/Versions/A/Libraries/libGLU.dylib
0x00007fff56f72000 	/System/Library/Frameworks/OpenGL.framework/Versions/A/Libraries/libGFXShared.dylib
0x00007fff56f7c000 	/System/Library/Frameworks/OpenGL.framework/Versions/A/Libraries/libGL.dylib
0x00007fff56f88000 	/System/Library/Frameworks/OpenGL.framework/Versions/A/Libraries/libGLImage.dylib
0x00007fff56f64000 	/System/Library/Frameworks/OpenGL.framework/Versions/A/Libraries/libCVMSPluginSupport.dylib
0x00007fff56f6d000 	/System/Library/Frameworks/OpenGL.framework/Versions/A/Libraries/libCoreVMClient.dylib
0x00007fff73c98000 	/usr/lib/libcups.2.dylib
0x00007fff51333000 	/System/Library/Frameworks/Kerberos.framework/Versions/A/Kerberos
0x00007fff4faf9000 	/System/Library/Frameworks/GSS.framework/Versions/A/GSS
0x00007fff74d9c000 	/usr/lib/libresolv.9.dylib
0x00007fff73e96000 	/usr/lib/libiconv.2.dylib
0x00007fff66ec6000 	/System/Library/PrivateFrameworks/Heimdal.framework/Versions/A/Heimdal
0x00007fff73e65000 	/usr/lib/libheimdal-asn1.dylib
0x00007fff55dda000 	/System/Library/Frameworks/OpenDirectory.framework/Versions/A/OpenDirectory
0x00007fff5fc1a000 	/System/Library/PrivateFrameworks/CommonAuth.framework/Versions/A/CommonAuth
0x00007fff55dbd000 	/System/Library/Frameworks/OpenDirectory.framework/Versions/A/Frameworks/CFOpenDirectory.framework/Versions/A/CFOpenDirectory
0x00007fff596f4000 	/System/Library/Frameworks/SecurityFoundation.framework/Versions/A/SecurityFoundation
0x00007fff5cac8000 	/System/Library/PrivateFrameworks/APFS.framework/Versions/A/APFS
0x00007fff751d1000 	/usr/lib/libutil.dylib
0x00007fff5d986000 	/System/Library/PrivateFrameworks/AppleSauce.framework/Versions/A/AppleSauce
0x00007fff68032000 	/System/Library/PrivateFrameworks/LinguisticData.framework/Versions/A/LinguisticData
0x00007fff74218000 	/usr/lib/libmarisa.dylib
0x00007fff67fec000 	/System/Library/PrivateFrameworks/Lexicon.framework/Versions/A/Lexicon
0x00007fff72e15000 	/usr/lib/libChineseTokenizer.dylib
0x00007fff734da000 	/usr/lib/libcmph.dylib
0x00007fff67ef6000 	/System/Library/PrivateFrameworks/LanguageModeling.framework/Versions/A/LanguageModeling
0x00007fff60737000 	/System/Library/PrivateFrameworks/CoreEmoji.framework/Versions/A/CoreEmoji
0x00007fff597b2000 	/System/Library/Frameworks/ServiceManagement.framework/Versions/A/ServiceManagement
0x00007fff5e1d1000 	/System/Library/PrivateFrameworks/BackgroundTaskManagement.framework/Versions/A/BackgroundTaskManagement
0x00007fff752ce000 	/usr/lib/libxslt.1.dylib
0x00007fff4cbb1000 	/System/Library/Frameworks/Carbon.framework/Versions/A/Frameworks/Ink.framework/Versions/A/Ink
0x00007fff710ec000 	/System/Library/PrivateFrameworks/TextureIO.framework/Versions/A/TextureIO
0x00007fff732ff000 	/usr/lib/libate.dylib
0x00007fff6184e000 	/System/Library/PrivateFrameworks/CrashReporterSupport.framework/Versions/A/CrashReporterSupport
0x00007fff6e428000 	/System/Library/PrivateFrameworks/Sharing.framework/Versions/A/Sharing
0x00007fff67c37000 	/System/Library/PrivateFrameworks/IconServices.framework/Versions/A/IconServices
0x00007fff5de01000 	/System/Library/PrivateFrameworks/AuthKit.framework/Versions/A/AuthKit
0x00007fff5d786000 	/System/Library/PrivateFrameworks/Apple80211.framework/Versions/A/Apple80211
0x00007fff61663000 	/System/Library/PrivateFrameworks/CoreUtils.framework/Versions/A/CoreUtils
0x00007fff4f1f6000 	/System/Library/Frameworks/CoreWLAN.framework/Versions/A/CoreWLAN
0x00007fff4fc3b000 	/System/Library/Frameworks/IOBluetooth.framework/Versions/A/IOBluetooth
0x00007fff6c8e8000 	/System/Library/PrivateFrameworks/ProtocolBuffer.framework/Versions/A/ProtocolBuffer
0x00007fff68f43000 	/System/Library/PrivateFrameworks/MobileKeyBag.framework/Versions/A/MobileKeyBag
0x00007fff60edb000 	/System/Library/PrivateFrameworks/CorePhoneNumbers.framework/Versions/A/CorePhoneNumbers
0x00007fff5d8be000 	/System/Library/PrivateFrameworks/AppleIDAuthSupport.framework/Versions/A/AppleIDAuthSupport
0x00007fff67ee2000 	/System/Library/PrivateFrameworks/KeychainCircle.framework/Versions/A/KeychainCircle
0x00007fff617e9000 	/System/Library/PrivateFrameworks/CoreWiFi.framework/Versions/A/CoreWiFi
0x00007fff4d0fc000 	/System/Library/Frameworks/CoreBluetooth.framework/Versions/A/CoreBluetooth
0x00007fff61a39000 	/System/Library/PrivateFrameworks/DebugSymbols.framework/Versions/A/DebugSymbols
0x00007fff61419000 	/System/Library/PrivateFrameworks/CoreSymbolication.framework/Versions/A/CoreSymbolication
0x00007fff708de000 	/System/Library/PrivateFrameworks/Symbolication.framework/Versions/A/Symbolication
0x00007fff5d7b0000 	/System/Library/PrivateFrameworks/AppleFSCompression.framework/Versions/A/AppleFSCompression
0x00007fff6fd2b000 	/System/Library/PrivateFrameworks/SpeechRecognitionCore.framework/Versions/A/SpeechRecognitionCore
0x0000000109200000 	/Library/Java/JavaVirtualMachines/jdk1.8.0_191.jdk/Contents/Home/jre/lib/server/libjvm.dylib
0x00007fff7509e000 	/usr/lib/libstdc++.6.0.9.dylib
0x000000010785d000 	/Library/Java/JavaVirtualMachines/jdk1.8.0_191.jdk/Contents/Home/jre/lib/libverify.dylib
0x000000010786b000 	/Library/Java/JavaVirtualMachines/jdk1.8.0_191.jdk/Contents/Home/jre/lib/libjava.dylib
0x00000001078eb000 	/Library/Java/JavaVirtualMachines/jdk1.8.0_191.jdk/Contents/Home/jre/lib/libzip.dylib
0x000000012725f000 	/private/var/folders/m1/yrwq8svx7yv3c5mfbxh3l8fr0000gn/T/QtJambi_likendero_x86_64_4.8.6_gcc-20141115-1615/lib/libQtCore.4.dylib
0x000000012759d000 	/private/var/folders/m1/yrwq8svx7yv3c5mfbxh3l8fr0000gn/T/QtJambi_likendero_x86_64_4.8.6_gcc-20141115-1615/lib/libqtjambi.1.jnilib
0x00007fff5132e000 	/System/Library/Frameworks/JavaVM.framework/Versions/A/JavaVM
0x00007fff67df8000 	/System/Library/PrivateFrameworks/JavaLaunching.framework/Versions/A/JavaLaunching
0x00000001275ef000 	/private/var/folders/m1/yrwq8svx7yv3c5mfbxh3l8fr0000gn/T/QtJambi_likendero_x86_64_4.8.6_gcc-20141115-1615/lib/libcom_trolltech_qt_core.1.jnilib
0x0000000127816000 	/private/var/folders/m1/yrwq8svx7yv3c5mfbxh3l8fr0000gn/T/QtJambi_likendero_x86_64_4.8.6_gcc-20141115-1615/lib/libQtGui.4.dylib
0x00007fff4c89c000 	/System/Library/Frameworks/Carbon.framework/Versions/A/Carbon
0x00007fff4c89d000 	/System/Library/Frameworks/Carbon.framework/Versions/A/Frameworks/CommonPanels.framework/Versions/A/CommonPanels
0x00007fff4cba7000 	/System/Library/Frameworks/Carbon.framework/Versions/A/Frameworks/Help.framework/Versions/A/Help
0x00007fff4cbab000 	/System/Library/Frameworks/Carbon.framework/Versions/A/Frameworks/ImageCapture.framework/Versions/A/ImageCapture
0x00007fff4cc47000 	/System/Library/Frameworks/Carbon.framework/Versions/A/Frameworks/OpenScripting.framework/Versions/A/OpenScripting
0x00007fff4cc82000 	/System/Library/Frameworks/Carbon.framework/Versions/A/Frameworks/Print.framework/Versions/A/Print
0x00007fff4cc84000 	/System/Library/Frameworks/Carbon.framework/Versions/A/Frameworks/SecurityHI.framework/Versions/A/SecurityHI
0x0000000128436000 	/private/var/folders/m1/yrwq8svx7yv3c5mfbxh3l8fr0000gn/T/QtJambi_likendero_x86_64_4.8.6_gcc-20141115-1615/lib/libcom_trolltech_qt_gui.1.jnilib
0x00007fff6106e000 	/System/Library/PrivateFrameworks/CoreServicesInternal.framework/Versions/A/CoreServicesInternal
0x0000000129108000 	/System/Library/Frameworks/Security.framework/PlugIns/csparser.bundle/Contents/MacOS/csparser
0x00007fff4bda4000 	/System/Library/Frameworks/ApplicationServices.framework/Versions/A/Frameworks/ColorSyncLegacy.framework/Versions/A/Resources/ColorSyncDeprecated.dylib
0x00007fff49adb000 	/System/Library/Frameworks/Accelerate.framework/Versions/A/Frameworks/vImage.framework/Versions/A/Libraries/libCGInterfaces.dylib
0x00007fff4bd02000 	/System/Library/Frameworks/ApplicationServices.framework/Versions/A/Frameworks/ATS.framework/Versions/A/Resources/libTrueTypeScaler.dylib
0x00007fff456d7000 	/System/Library/CoreServices/Encodings/libSimplifiedChineseConverter.dylib
0x00007fff456ad000 	/System/Library/CoreServices/Encodings/libKoreanConverter.dylib
0x00007fff45690000 	/System/Library/CoreServices/Encodings/libJapaneseConverter.dylib
0x00007fff456ea000 	/System/Library/CoreServices/Encodings/libTraditionalChineseConverter.dylib

VM Arguments:
jvm_args: -Dfile.encoding=UTF-8 
java_command: elementosQT.InicioQT
java_class_path (initial): /Users/likendero/Downloads/qtjambi-macosx-community-4.8.6/qtjambi-4.8.6.jar:/Users/likendero/Downloads/qtjambi-macosx-community-4.8.6/qtjambi-designer-4.8.6.jar:/Users/likendero/Downloads/qtjambi-macosx-community-4.8.6/qtjambi-examples-4.8.6.jar:/Users/likendero/Downloads/qtjambi-macosx-community-4.8.6/qtjambi-examples-src.jar:/Users/likendero/Downloads/qtjambi-macosx-community-4.8.6/qtjambi-native-macosx-gcc-4.8.6.jar:/Users/likendero/Downloads/qtjambi-macosx-community-4.8.6/qtjambi-util.jar:/Users/likendero/NetBeansProjects/proyectoQtJambi/build/classes
Launcher Type: SUN_STANDARD

Environment Variables:
PATH=/usr/bin:/bin:/usr/sbin:/sbin
LD_LIBRARY_PATH=/Library/Java/JavaVirtualMachines/jdk1.8.0_191.jdk/Contents/Home/jre/lib/amd64:/Library/Java/JavaVirtualMachines/jdk1.8.0_191.jdk/Contents/Home/jre/lib/i386:
SHELL=/bin/bash

Signal Handlers:
SIGSEGV: [libjvm.dylib+0x5b5de9], sa_mask[0]=11111111011111110111111111111111, sa_flags=SA_ONSTACK|SA_RESTART|SA_SIGINFO
SIGBUS: [libjvm.dylib+0x5b5de9], sa_mask[0]=11111111011111110111111111111111, sa_flags=SA_RESTART|SA_SIGINFO
SIGFPE: [libjvm.dylib+0x48b6b0], sa_mask[0]=11111111011111110111111111111111, sa_flags=SA_RESTART|SA_SIGINFO
SIGPIPE: [libjvm.dylib+0x48b6b0], sa_mask[0]=11111111011111110111111111111111, sa_flags=SA_RESTART|SA_SIGINFO
SIGXFSZ: [libjvm.dylib+0x48b6b0], sa_mask[0]=11111111011111110111111111111111, sa_flags=SA_RESTART|SA_SIGINFO
SIGILL: [libjvm.dylib+0x48b6b0], sa_mask[0]=11111111011111110111111111111111, sa_flags=SA_RESTART|SA_SIGINFO
SIGUSR1: SIG_DFL, sa_mask[0]=00000000000000000000000000000000, sa_flags=none
SIGUSR2: [libjvm.dylib+0x48b1ce], sa_mask[0]=00100000000000000000000000000000, sa_flags=SA_RESTART|SA_SIGINFO
SIGHUP: [libjvm.dylib+0x489759], sa_mask[0]=11111111011111110111111111111111, sa_flags=SA_RESTART|SA_SIGINFO
SIGINT: SIG_IGN, sa_mask[0]=00000000000000000000000000000000, sa_flags=none
SIGTERM: [libjvm.dylib+0x489759], sa_mask[0]=11111111011111110111111111111111, sa_flags=SA_RESTART|SA_SIGINFO
SIGQUIT: [libjvm.dylib+0x489759], sa_mask[0]=11111111011111110111111111111111, sa_flags=SA_RESTART|SA_SIGINFO


---------------  S Y S T E M  ---------------

OS:Bsduname:Darwin 17.7.0 Darwin Kernel Version 17.7.0: Fri Jul  6 19:54:51 PDT 2018; root:xnu-4570.71.3~2/RELEASE_X86_64 x86_64
rlimit: STACK 8192k, CORE 0k, NPROC 1418, NOFILE 10240, AS infinity
load average:2.29 1.83 1.78

CPU:total 12 (initial active 12) (6 cores per cpu, 2 threads per core) family 6 model 158 stepping 10, cmov, cx8, fxsr, mmx, sse, sse2, sse3, ssse3, sse4.1, sse4.2, popcnt, avx, avx2, aes, clmul, erms, 3dnowpref, lzcnt, ht, tsc, tscinvbit, bmi1, bmi2, adx

Memory: 4k page, physical 16777216k(1433352k free)

/proc/meminfo:


vm_info: Java HotSpot(TM) 64-Bit Server VM (25.191-b12) for bsd-amd64 JRE (1.8.0_191-b12), built on Oct  6 2018 08:37:07 by "java_re" with gcc 4.2.1 (Based on Apple Inc. build 5658) (LLVM build 2336.11.00)

time: Mon Dec 10 17:36:26 2018
elapsed time: 1 seconds (0d 0h 0m 1s)

