#
# A fatal error has been detected by the Java Runtime Environment:
#
#  SIGSEGV (0xb) at pc=0x00007efd9b403a2a, pid=9209, tid=0x00007efdf073e700
#
# JRE version: Java(TM) SE Runtime Environment (8.0_181-b13) (build 1.8.0_181-b13)
# Java VM: Java HotSpot(TM) 64-Bit Server VM (25.181-b13 mixed mode linux-amd64 compressed oops)
# Problematic frame:
# C  [libQtGui.so.4+0x4f8a2a]  QFontEngineX11FT::freeServerGlyphSet(unsigned long)+0x1a
#
# Failed to write core dump. Core dumps have been disabled. To enable core dumping, try "ulimit -c unlimited" before starting Java again
#
# If you would like to submit a bug report, please visit:
#   http://bugreport.java.com/bugreport/crash.jsp
# The crash happened outside the Java Virtual Machine in native code.
# See problematic frame for where to report the bug.
#

---------------  T H R E A D  ---------------

Current thread (0x00007efe04085800):  JavaThread "Finalizer" daemon [_thread_in_native, id=9220, stack(0x00007efdf063e000,0x00007efdf073f000)]

siginfo: si_signo: 11 (SIGSEGV), si_code: 1 (SEGV_MAPERR), si_addr: 0x0000000000000010

Registers:
RAX=0x0000000000000000, RBX=0x0000000000000000, RCX=0x00007efd9c801d40, RDX=0x0000000000000000
RSP=0x00007efdf073cfe8, RBP=0x00007efd9c805130, RSI=0x0000000003200012, RDI=0x00007efd9c805130
R8 =0x0000000000000000, R9 =0x0000000000000006, R10=0x0000000000000006, R11=0x00007efe08b01a20
R12=0x00007efd9c763540, R13=0x00007efd9c763658, R14=0x00007efd9c7a0860, R15=0x0000000000000000
RIP=0x00007efd9b403a2a, EFLAGS=0x0000000000010206, CSGSFS=0x002b000000000033, ERR=0x0000000000000004
  TRAPNO=0x000000000000000e

Top of Stack: (sp=0x00007efdf073cfe8)
0x00007efdf073cfe8:   00007efd9b40aadb 0000000000000000
0x00007efdf073cff8:   00007efd9c805130 00007efd9c8049e0
0x00007efdf073d008:   00007efd9b40397c 00007efd9c763658
0x00007efdf073d018:   00007efd9c805130 00007efd9c8049e0
0x00007efdf073d028:   00007efd9b4039a9 0000000000000000
0x00007efdf073d038:   00007efd9b33f846 0000000000000000
0x00007efdf073d048:   00007efd9c8049e0 0000000000000000
0x00007efdf073d058:   00007efd9b404f39 00007efd9c763170
0x00007efdf073d068:   00007efd9b369f76 00007efd9c763170
0x00007efdf073d078:   00007efd9b36b54d 00007efd9c763170
0x00007efdf073d088:   0000000000000001 00007efd9c763540
0x00007efdf073d098:   00007efd9b3755b5 00007efd9c763f98
0x00007efdf073d0a8:   00007efd9b39a623 00007efd9c7659e0
0x00007efdf073d0b8:   00007efd00000000 00007efd9c765a00
0x00007efdf073d0c8:   00007efd9c765a00 00007efd9c763540
0x00007efdf073d0d8:   00007efd9c7a0100 00007efdf073d148
0x00007efdf073d0e8:   00007efd9c68b260 00007efd9c7a3b00
0x00007efdf073d0f8:   00007efd9b39aa99 0000000000000000
0x00007efdf073d108:   00007efdc9032ca5 000000000000000b
0x00007efdf073d118:   00007efd9c763540 0000000b9c650900
0x00007efdf073d128:   00007efd9c763520 00007efd9c68b261
0x00007efdf073d138:   0000000000000001 00007efd9c320b00
0x00007efdf073d148:   0000000000000000 00007efd9c650900
0x00007efdf073d158:   00007efd9c763520 00007efd9c7633b0
0x00007efdf073d168:   00007efd9c7633c8 0000000000000001
0x00007efdf073d178:   00007efd9c75aaa0 0000000000000000
0x00007efdf073d188:   00007efd9b389fe9 0000000000000000
0x00007efdf073d198:   00007efdc9030a98 00007efd9c655800
0x00007efdf073d1a8:   00007efd9c747920 00007efd9c765260
0x00007efdf073d1b8:   00007efdf073d208 00007efd9c674d90
0x00007efdf073d1c8:   00007efdc9032c6f 0000000000000011
0x00007efdf073d1d8:   00007efd9c7633b0 00000011000000b8 

Instructions: (pc=0x00007efd9b403a2a)
0x00007efd9b403a0a:   84 00 00 00 00 00 48 85 f6 75 0b f3 c3 66 0f 1f
0x00007efd9b403a1a:   84 00 00 00 00 00 48 8b 05 e9 34 7f 00 48 8b 00
0x00007efd9b403a2a:   48 8b 78 10 e9 bd 9a ce ff 90 66 66 66 2e 0f 1f
0x00007efd9b403a3a:   84 00 00 00 00 00 55 53 48 83 ec 28 0f b6 af b4 

Register to memory mapping:

RAX=0x0000000000000000 is an unknown value
RBX=0x0000000000000000 is an unknown value
RCX=0x00007efd9c801d40 is an unknown value
RDX=0x0000000000000000 is an unknown value
RSP=0x00007efdf073cfe8 is pointing into the stack for thread: 0x00007efe04085800
RBP=0x00007efd9c805130 is an unknown value
RSI=0x0000000003200012 is an unknown value
RDI=0x00007efd9c805130 is an unknown value
R8 =0x0000000000000000 is an unknown value
R9 =0x0000000000000006 is an unknown value
R10=0x0000000000000006 is an unknown value
R11=0x00007efe08b01a20: <offset 0x696a20> in /usr/lib/jvm/java-8-oracle/jre/lib/amd64/server/libjvm.so at 0x00007efe0846b000
R12=0x00007efd9c763540 is an unknown value
R13=0x00007efd9c763658 is an unknown value
R14=0x00007efd9c7a0860 is an unknown value
R15=0x0000000000000000 is an unknown value


Stack: [0x00007efdf063e000,0x00007efdf073f000],  sp=0x00007efdf073cfe8,  free space=1019k
Native frames: (J=compiled Java code, j=interpreted, Vv=VM code, C=native code)
C  [libQtGui.so.4+0x4f8a2a]  QFontEngineX11FT::freeServerGlyphSet(unsigned long)+0x1a

Java frames: (J=compiled Java code, j=interpreted, Vv=VM code)
J 764  com.trolltech.qt.internal.QtJambiObject.finalize()V (0 bytes) @ 0x00007efdf426b838 [0x00007efdf426b800+0x38]
J 757 C1 java.lang.ref.Finalizer.runFinalizer(Lsun/misc/JavaLangAccess;)V (62 bytes) @ 0x00007efdf426c154 [0x00007efdf426bbc0+0x594]
J 756 C1 java.lang.ref.Finalizer.access$100(Ljava/lang/ref/Finalizer;Lsun/misc/JavaLangAccess;)V (6 bytes) @ 0x00007efdf426b4dc [0x00007efdf426b480+0x5c]
j  java.lang.ref.Finalizer$FinalizerThread.run()V+45
v  ~StubRoutines::call_stub

---------------  P R O C E S S  ---------------

Java Threads: ( => current thread )
  0x00007efd9c458800 JavaThread "Secondary finalizer" [_thread_in_native, id=9253, stack(0x00007efdc9483000,0x00007efdc9584000)]
  0x00007efe04241800 JavaThread "qtjambi-com.trolltech.qt.QtJambi_LibraryShutdown" [_thread_blocked, id=9251, stack(0x00007efdc9382000,0x00007efdc9483000)]
  0x00007efd9c09f000 JavaThread "qtjambi-com.trolltech.qt.QThreadManager$NativeResourcesReleaseThread" daemon [_thread_blocked, id=9231, stack(0x00007efdc8016000,0x00007efdc8117000)]
  0x00007efe0400b000 JavaThread "DestroyJavaVM" [_thread_blocked, id=9213, stack(0x00007efe09f9d000,0x00007efe0a09d000)]
  0x00007efe0423f800 JavaThread "AWT-XAWT" daemon [_thread_in_native, id=9228, stack(0x00007efdc9584000,0x00007efdc9685000)]
  0x00007efe0421d000 JavaThread "Java2D Disposer" daemon [_thread_blocked, id=9227, stack(0x00007efdc9a95000,0x00007efdc9b96000)]
  0x00007efe040ca000 JavaThread "Service Thread" daemon [_thread_blocked, id=9225, stack(0x00007efdf0139000,0x00007efdf023a000)]
  0x00007efe040bf000 JavaThread "C1 CompilerThread2" daemon [_thread_blocked, id=9224, stack(0x00007efdf023b000,0x00007efdf033b000)]
  0x00007efe040bd000 JavaThread "C2 CompilerThread1" daemon [_thread_blocked, id=9223, stack(0x00007efdf033c000,0x00007efdf043c000)]
  0x00007efe040ba000 JavaThread "C2 CompilerThread0" daemon [_thread_blocked, id=9222, stack(0x00007efdf043d000,0x00007efdf053d000)]
  0x00007efe040b8800 JavaThread "Signal Dispatcher" daemon [_thread_blocked, id=9221, stack(0x00007efdf053d000,0x00007efdf063e000)]
=>0x00007efe04085800 JavaThread "Finalizer" daemon [_thread_in_native, id=9220, stack(0x00007efdf063e000,0x00007efdf073f000)]
  0x00007efe04083000 JavaThread "Reference Handler" daemon [_thread_blocked, id=9219, stack(0x00007efdf073f000,0x00007efdf0840000)]

Other Threads:
  0x00007efe04079800 VMThread [stack: 0x00007efdf0841000,0x00007efdf0941000] [id=9218]
  0x00007efe040cf000 WatcherThread [stack: 0x00007efdf0039000,0x00007efdf0139000] [id=9226]

VM state:not at safepoint (normal execution)

VM Mutex/Monitor currently owned by a thread: None

Heap:
 PSYoungGen      total 74752K, used 0K [0x000000076cd80000, 0x0000000772080000, 0x00000007c0000000)
  eden space 64512K, 0% used [0x000000076cd80000,0x000000076cd801d0,0x0000000770c80000)
  from space 10240K, 0% used [0x0000000771680000,0x0000000771680000,0x0000000772080000)
  to   space 10240K, 0% used [0x0000000770c80000,0x0000000770c80000,0x0000000771680000)
 ParOldGen       total 171008K, used 2350K [0x00000006c6800000, 0x00000006d0f00000, 0x000000076cd80000)
  object space 171008K, 1% used [0x00000006c6800000,0x00000006c6a4bb68,0x00000006d0f00000)
 Metaspace       used 12236K, capacity 12364K, committed 12672K, reserved 1060864K
  class space    used 1259K, capacity 1310K, committed 1408K, reserved 1048576K

Card table byte_map: [0x00007efdf33d2000,0x00007efdf3b9f000] byte_map_base: 0x00007efdefd9e000

Marking Bits: (ParMarkBitMap*) 0x00007efe0943f0a0
 Begin Bits: [0x00007efdd8340000, 0x00007efddc1a0000)
 End Bits:   [0x00007efddc1a0000, 0x00007efde0000000)

Polling page: 0x00007efe0a0ba000

CodeCache: size=245760Kb used=3133Kb max_used=3133Kb free=242626Kb
 bounds [0x00007efdf3f5f000, 0x00007efdf427f000, 0x00007efe02f5f000]
 total_blobs=1247 nmethods=769 adapters=392
 compilation: enabled

Compilation events (10 events):
Event: 95,218 Thread 0x00007efe040bf000  763       3       java.util.zip.ZipFile$ZipFileInputStream::finalize (5 bytes)
Event: 95,218 Thread 0x00007efe040bf000 nmethod 763 0x00007efdf426d950 code [0x00007efdf426dac0, 0x00007efdf426dc68]
Event: 95,218 Thread 0x00007efe040bf000  762       3       java.util.zip.ZipFile$ZipFileInflaterInputStream::finalize (5 bytes)
Event: 95,218 Thread 0x00007efe040bf000 nmethod 762 0x00007efdf426dd10 code [0x00007efdf426de80, 0x00007efdf426e028]
Event: 96,244 Thread 0x00007efe040bf000  767       3       java.lang.Integer::valueOf (32 bytes)
Event: 96,245 Thread 0x00007efe040bf000 nmethod 767 0x00007efdf426f6d0 code [0x00007efdf426f860, 0x00007efdf426fbb0]
Event: 96,245 Thread 0x00007efe040bf000  769       3       java.lang.reflect.Modifier::isFinal (13 bytes)
Event: 96,245 Thread 0x00007efe040bf000 nmethod 769 0x00007efdf426fd50 code [0x00007efdf426fec0, 0x00007efdf4270050]
Event: 96,245 Thread 0x00007efe040bf000  768       1       java.lang.Integer::intValue (5 bytes)
Event: 96,245 Thread 0x00007efe040bf000 nmethod 768 0x00007efdf42700d0 code [0x00007efdf4270220, 0x00007efdf4270330]

GC Heap History (8 events):
Event: 95,176 GC heap before
{Heap before GC invocations=1 (full 0):
 PSYoungGen      total 74752K, used 44019K [0x000000076cd80000, 0x0000000772080000, 0x00000007c0000000)
  eden space 64512K, 68% used [0x000000076cd80000,0x000000076f87cd58,0x0000000770c80000)
  from space 10240K, 0% used [0x0000000771680000,0x0000000771680000,0x0000000772080000)
  to   space 10240K, 0% used [0x0000000770c80000,0x0000000770c80000,0x0000000771680000)
 ParOldGen       total 171008K, used 0K [0x00000006c6800000, 0x00000006d0f00000, 0x000000076cd80000)
  object space 171008K, 0% used [0x00000006c6800000,0x00000006c6800000,0x00000006d0f00000)
 Metaspace       used 12074K, capacity 12300K, committed 12416K, reserved 1060864K
  class space    used 1244K, capacity 1310K, committed 1408K, reserved 1048576K
Event: 95,186 GC heap after
Heap after GC invocations=1 (full 0):
 PSYoungGen      total 74752K, used 6075K [0x000000076cd80000, 0x0000000772080000, 0x00000007c0000000)
  eden space 64512K, 0% used [0x000000076cd80000,0x000000076cd80000,0x0000000770c80000)
  from space 10240K, 59% used [0x0000000770c80000,0x000000077126ecb0,0x0000000771680000)
  to   space 10240K, 0% used [0x0000000771680000,0x0000000771680000,0x0000000772080000)
 ParOldGen       total 171008K, used 80K [0x00000006c6800000, 0x00000006d0f00000, 0x000000076cd80000)
  object space 171008K, 0% used [0x00000006c6800000,0x00000006c6814010,0x00000006d0f00000)
 Metaspace       used 12074K, capacity 12300K, committed 12416K, reserved 1060864K
  class space    used 1244K, capacity 1310K, committed 1408K, reserved 1048576K
}
Event: 95,186 GC heap before
{Heap before GC invocations=2 (full 1):
 PSYoungGen      total 74752K, used 6075K [0x000000076cd80000, 0x0000000772080000, 0x00000007c0000000)
  eden space 64512K, 0% used [0x000000076cd80000,0x000000076cd80000,0x0000000770c80000)
  from space 10240K, 59% used [0x0000000770c80000,0x000000077126ecb0,0x0000000771680000)
  to   space 10240K, 0% used [0x0000000771680000,0x0000000771680000,0x0000000772080000)
 ParOldGen       total 171008K, used 80K [0x00000006c6800000, 0x00000006d0f00000, 0x000000076cd80000)
  object space 171008K, 0% used [0x00000006c6800000,0x00000006c6814010,0x00000006d0f00000)
 Metaspace       used 12074K, capacity 12300K, committed 12416K, reserved 1060864K
  class space    used 1244K, capacity 1310K, committed 1408K, reserved 1048576K
Event: 95,212 GC heap after
Heap after GC invocations=2 (full 1):
 PSYoungGen      total 74752K, used 0K [0x000000076cd80000, 0x0000000772080000, 0x00000007c0000000)
  eden space 64512K, 0% used [0x000000076cd80000,0x000000076cd80000,0x0000000770c80000)
  from space 10240K, 0% used [0x0000000770c80000,0x0000000770c80000,0x0000000771680000)
  to   space 10240K, 0% used [0x0000000771680000,0x0000000771680000,0x0000000772080000)
 ParOldGen       total 171008K, used 5803K [0x00000006c6800000, 0x00000006d0f00000, 0x000000076cd80000)
  object space 171008K, 3% used [0x00000006c6800000,0x00000006c6daad08,0x00000006d0f00000)
 Metaspace       used 12074K, capacity 12300K, committed 12416K, reserved 1060864K
  class space    used 1244K, capacity 1310K, committed 1408K, reserved 1048576K
}
Event: 96,246 GC heap before
{Heap before GC invocations=3 (full 1):
 PSYoungGen      total 74752K, used 5654K [0x000000076cd80000, 0x0000000772080000, 0x00000007c0000000)
  eden space 64512K, 8% used [0x000000076cd80000,0x000000076d305ba0,0x0000000770c80000)
  from space 10240K, 0% used [0x0000000770c80000,0x0000000770c80000,0x0000000771680000)
  to   space 10240K, 0% used [0x0000000771680000,0x0000000771680000,0x0000000772080000)
 ParOldGen       total 171008K, used 5803K [0x00000006c6800000, 0x00000006d0f00000, 0x000000076cd80000)
  object space 171008K, 3% used [0x00000006c6800000,0x00000006c6daad08,0x00000006d0f00000)
 Metaspace       used 12236K, capacity 12364K, committed 12672K, reserved 1060864K
  class space    used 1259K, capacity 1310K, committed 1408K, reserved 1048576K
Event: 96,247 GC heap after
Heap after GC invocations=3 (full 1):
 PSYoungGen      total 74752K, used 182K [0x000000076cd80000, 0x0000000772080000, 0x00000007c0000000)
  eden space 64512K, 0% used [0x000000076cd80000,0x000000076cd80000,0x0000000770c80000)
  from space 10240K, 1% used [0x0000000771680000,0x00000007716ad810,0x0000000772080000)
  to   space 10240K, 0% used [0x0000000770c80000,0x0000000770c80000,0x0000000771680000)
 ParOldGen       total 171008K, used 5803K [0x00000006c6800000, 0x00000006d0f00000, 0x000000076cd80000)
  object space 171008K, 3% used [0x00000006c6800000,0x00000006c6daad08,0x00000006d0f00000)
 Metaspace       used 12236K, capacity 12364K, committed 12672K, reserved 1060864K
  class space    used 1259K, capacity 1310K, committed 1408K, reserved 1048576K
}
Event: 96,247 GC heap before
{Heap before GC invocations=4 (full 2):
 PSYoungGen      total 74752K, used 182K [0x000000076cd80000, 0x0000000772080000, 0x00000007c0000000)
  eden space 64512K, 0% used [0x000000076cd80000,0x000000076cd80000,0x0000000770c80000)
  from space 10240K, 1% used [0x0000000771680000,0x00000007716ad810,0x0000000772080000)
  to   space 10240K, 0% used [0x0000000770c80000,0x0000000770c80000,0x0000000771680000)
 ParOldGen       total 171008K, used 5803K [0x00000006c6800000, 0x00000006d0f00000, 0x000000076cd80000)
  object space 171008K, 3% used [0x00000006c6800000,0x00000006c6daad08,0x00000006d0f00000)
 Metaspace       used 12236K, capacity 12364K, committed 12672K, reserved 1060864K
  class space    used 1259K, capacity 1310K, committed 1408K, reserved 1048576K
Event: 96,275 GC heap after
Heap after GC invocations=4 (full 2):
 PSYoungGen      total 74752K, used 0K [0x000000076cd80000, 0x0000000772080000, 0x00000007c0000000)
  eden space 64512K, 0% used [0x000000076cd80000,0x000000076cd80000,0x0000000770c80000)
  from space 10240K, 0% used [0x0000000771680000,0x0000000771680000,0x0000000772080000)
  to   space 10240K, 0% used [0x0000000770c80000,0x0000000770c80000,0x0000000771680000)
 ParOldGen       total 171008K, used 2350K [0x00000006c6800000, 0x00000006d0f00000, 0x000000076cd80000)
  object space 171008K, 1% used [0x00000006c6800000,0x00000006c6a4bb68,0x00000006d0f00000)
 Metaspace       used 12236K, capacity 12364K, committed 12672K, reserved 1060864K
  class space    used 1259K, capacity 1310K, committed 1408K, reserved 1048576K
}

Deoptimization events (1 events):
Event: 3,740 Thread 0x00007efe04243800 Uncommon trap: reason=range_check action=make_not_entrant pc=0x00007efdf418c788 method=sun.reflect.generics.parser.SignatureParser.current()C @ 34

Classes redefined (0 events):
No events

Internal exceptions (10 events):
Event: 3,878 Thread 0x00007efe04243800 Exception <a 'java/lang/NoSuchFieldError': columnsAboutToBeInserted> (0x000000076f443058) thrown at [/HUDSON/workspace/8-2-build-linux-amd64/jdk8u181/11358/hotspot/src/share/vm/prims/jni.cpp, line 2599]
Event: 3,878 Thread 0x00007efe04243800 Exception <a 'java/lang/NoSuchFieldError': columnsAboutToBeRemoved> (0x000000076f4434a0) thrown at [/HUDSON/workspace/8-2-build-linux-amd64/jdk8u181/11358/hotspot/src/share/vm/prims/jni.cpp, line 2599]
Event: 3,878 Thread 0x00007efe04243800 Exception <a 'java/lang/NoSuchFieldError': columnsInserted> (0x000000076f4438d8) thrown at [/HUDSON/workspace/8-2-build-linux-amd64/jdk8u181/11358/hotspot/src/share/vm/prims/jni.cpp, line 2599]
Event: 3,878 Thread 0x00007efe04243800 Exception <a 'java/lang/NoSuchFieldError': columnsRemoved> (0x000000076f443d10) thrown at [/HUDSON/workspace/8-2-build-linux-amd64/jdk8u181/11358/hotspot/src/share/vm/prims/jni.cpp, line 2599]
Event: 3,878 Thread 0x00007efe04243800 Exception <a 'java/lang/NoSuchFieldError': modelAboutToBeReset> (0x000000076f444150) thrown at [/HUDSON/workspace/8-2-build-linux-amd64/jdk8u181/11358/hotspot/src/share/vm/prims/jni.cpp, line 2599]
Event: 3,878 Thread 0x00007efe04243800 Exception <a 'java/lang/NoSuchFieldError': modelReset> (0x000000076f444580) thrown at [/HUDSON/workspace/8-2-build-linux-amd64/jdk8u181/11358/hotspot/src/share/vm/prims/jni.cpp, line 2599]
Event: 3,878 Thread 0x00007efe04243800 Exception <a 'java/lang/NoSuchFieldError': rowsAboutToBeInserted> (0x000000076f4449c8) thrown at [/HUDSON/workspace/8-2-build-linux-amd64/jdk8u181/11358/hotspot/src/share/vm/prims/jni.cpp, line 2599]
Event: 3,878 Thread 0x00007efe04243800 Exception <a 'java/lang/NoSuchFieldError': rowsAboutToBeRemoved> (0x000000076f444e08) thrown at [/HUDSON/workspace/8-2-build-linux-amd64/jdk8u181/11358/hotspot/src/share/vm/prims/jni.cpp, line 2599]
Event: 3,878 Thread 0x00007efe04243800 Exception <a 'java/lang/NoSuchFieldError': rowsInserted> (0x000000076f445238) thrown at [/HUDSON/workspace/8-2-build-linux-amd64/jdk8u181/11358/hotspot/src/share/vm/prims/jni.cpp, line 2599]
Event: 3,878 Thread 0x00007efe04243800 Exception <a 'java/lang/NoSuchFieldError': rowsRemoved> (0x000000076f445668) thrown at [/HUDSON/workspace/8-2-build-linux-amd64/jdk8u181/11358/hotspot/src/share/vm/prims/jni.cpp, line 2599]

Events (10 events):
Event: 96,236 loading class sun/reflect/UnsafeIntegerFieldAccessorImpl done
Event: 96,237 loading class com/trolltech/qt/gui/QColor
Event: 96,237 loading class com/trolltech/qt/gui/QColor done
Event: 96,242 loading class com/trolltech/qt/core/Qt$GlobalColor
Event: 96,242 loading class com/trolltech/qt/core/Qt$GlobalColor done
Event: 96,245 loading class com/trolltech/qt/gui/QBrush
Event: 96,245 loading class com/trolltech/qt/gui/QBrush done
Event: 96,246 Executing VM operation: ParallelGCSystemGC
Event: 96,275 Executing VM operation: ParallelGCSystemGC done
Event: 96,276 Thread 0x00007efd9c458800 Thread added: 0x00007efd9c458800


Dynamic libraries:
00400000-00401000 r-xp 00000000 08:05 12321212                           /usr/lib/jvm/java-8-oracle/bin/java
00600000-00601000 rw-p 00000000 08:05 12321212                           /usr/lib/jvm/java-8-oracle/bin/java
00b1b000-00b3c000 rw-p 00000000 00:00 0                                  [heap]
6c6800000-6d0f00000 rw-p 00000000 00:00 0 
6d0f00000-76cd80000 ---p 00000000 00:00 0 
76cd80000-772080000 rw-p 00000000 00:00 0 
772080000-7c0000000 ---p 00000000 00:00 0 
7c0000000-7c0160000 rw-p 00000000 00:00 0 
7c0160000-800000000 ---p 00000000 00:00 0 
7efd7c000000-7efd7c021000 rw-p 00000000 00:00 0 
7efd7c021000-7efd80000000 ---p 00000000 00:00 0 
7efd823d5000-7efd823d8000 ---p 00000000 00:00 0 
7efd823d8000-7efd824d6000 rw-p 00000000 00:00 0 
7efd824d6000-7efd82556000 rw-s 00000000 00:05 2424860                    /SYSV00000000 (deleted)
7efd82556000-7efd826da000 rw-s 00000000 00:05 2392091                    /SYSV00000000 (deleted)
7efd826da000-7efd826eb000 r--p 00000000 08:05 13239200                   /usr/share/fonts/opentype/cantarell/Cantarell-Bold.otf
7efd826eb000-7efd827eb000 rw-p 00000000 00:00 0 
7efd827eb000-7efd828eb000 ---p 00000000 00:00 0 
7efd828eb000-7efd82aeb000 rw-p 00000000 00:00 0 
7efd82aeb000-7efd82b4f000 r-xp 00000000 08:05 22684156                   /tmp/QtJambi_likendero_amd64_4.8.7_gcc-20150613-2146/plugins/imageformats/libqtiff.so
7efd82b4f000-7efd82d4e000 ---p 00064000 08:05 22684156                   /tmp/QtJambi_likendero_amd64_4.8.7_gcc-20150613-2146/plugins/imageformats/libqtiff.so
7efd82d4e000-7efd82d4f000 r--p 00063000 08:05 22684156                   /tmp/QtJambi_likendero_amd64_4.8.7_gcc-20150613-2146/plugins/imageformats/libqtiff.so
7efd82d4f000-7efd82d52000 rw-p 00064000 08:05 22684156                   /tmp/QtJambi_likendero_amd64_4.8.7_gcc-20150613-2146/plugins/imageformats/libqtiff.so
7efd82d52000-7efd82da9000 r-xp 00000000 08:05 22684153                   /tmp/QtJambi_likendero_amd64_4.8.7_gcc-20150613-2146/plugins/imageformats/libqmng.so
7efd82da9000-7efd82fa9000 ---p 00057000 08:05 22684153                   /tmp/QtJambi_likendero_amd64_4.8.7_gcc-20150613-2146/plugins/imageformats/libqmng.so
7efd82fa9000-7efd82fab000 r--p 00057000 08:05 22684153                   /tmp/QtJambi_likendero_amd64_4.8.7_gcc-20150613-2146/plugins/imageformats/libqmng.so
7efd82fab000-7efd82fac000 rw-p 00059000 08:05 22684153                   /tmp/QtJambi_likendero_amd64_4.8.7_gcc-20150613-2146/plugins/imageformats/libqmng.so
7efd82fac000-7efd82fe8000 r-xp 00000000 08:05 22684152                   /tmp/QtJambi_likendero_amd64_4.8.7_gcc-20150613-2146/plugins/imageformats/libqjpeg.so
7efd82fe8000-7efd831e7000 ---p 0003c000 08:05 22684152                   /tmp/QtJambi_likendero_amd64_4.8.7_gcc-20150613-2146/plugins/imageformats/libqjpeg.so
7efd831e7000-7efd831e8000 r--p 0003b000 08:05 22684152                   /tmp/QtJambi_likendero_amd64_4.8.7_gcc-20150613-2146/plugins/imageformats/libqjpeg.so
7efd831e8000-7efd831e9000 rw-p 0003c000 08:05 22684152                   /tmp/QtJambi_likendero_amd64_4.8.7_gcc-20150613-2146/plugins/imageformats/libqjpeg.so
7efd831e9000-7efd831f0000 r-xp 00000000 08:05 22684150                   /tmp/QtJambi_likendero_amd64_4.8.7_gcc-20150613-2146/plugins/imageformats/libqico.so
7efd831f0000-7efd833ef000 ---p 00007000 08:05 22684150                   /tmp/QtJambi_likendero_amd64_4.8.7_gcc-20150613-2146/plugins/imageformats/libqico.so
7efd833ef000-7efd833f0000 r--p 00006000 08:05 22684150                   /tmp/QtJambi_likendero_amd64_4.8.7_gcc-20150613-2146/plugins/imageformats/libqico.so
7efd833f0000-7efd833f1000 rw-p 00007000 08:05 22684150                   /tmp/QtJambi_likendero_amd64_4.8.7_gcc-20150613-2146/plugins/imageformats/libqico.so
7efd833f1000-7efd833f8000 r-xp 00000000 08:05 22684149                   /tmp/QtJambi_likendero_amd64_4.8.7_gcc-20150613-2146/plugins/imageformats/libqgif.so
7efd833f8000-7efd835f7000 ---p 00007000 08:05 22684149                   /tmp/QtJambi_likendero_amd64_4.8.7_gcc-20150613-2146/plugins/imageformats/libqgif.so
7efd835f7000-7efd835f8000 r--p 00006000 08:05 22684149                   /tmp/QtJambi_likendero_amd64_4.8.7_gcc-20150613-2146/plugins/imageformats/libqgif.so
7efd835f8000-7efd835f9000 rw-p 00007000 08:05 22684149                   /tmp/QtJambi_likendero_amd64_4.8.7_gcc-20150613-2146/plugins/imageformats/libqgif.so
7efd835f9000-7efd835fe000 r-xp 00000000 08:05 12455167                   /usr/lib/x86_64-linux-gnu/gdk-pixbuf-2.0/2.10.0/loaders/libpixbufloader-png.so
7efd835fe000-7efd837fd000 ---p 00005000 08:05 12455167                   /usr/lib/x86_64-linux-gnu/gdk-pixbuf-2.0/2.10.0/loaders/libpixbufloader-png.so
7efd837fd000-7efd837fe000 r--p 00004000 08:05 12455167                   /usr/lib/x86_64-linux-gnu/gdk-pixbuf-2.0/2.10.0/loaders/libpixbufloader-png.so
7efd837fe000-7efd837ff000 rw-p 00005000 08:05 12455167                   /usr/lib/x86_64-linux-gnu/gdk-pixbuf-2.0/2.10.0/loaders/libpixbufloader-png.so
7efd837ff000-7efd83800000 ---p 00000000 00:00 0 
7efd83800000-7efd84000000 rw-p 00000000 00:00 0 
7efd84000000-7efd84021000 rw-p 00000000 00:00 0 
7efd84021000-7efd88000000 ---p 00000000 00:00 0 
7efd88000000-7efd88021000 rw-p 00000000 00:00 0 
7efd88021000-7efd8c000000 ---p 00000000 00:00 0 
7efd8c000000-7efd8c021000 rw-p 00000000 00:00 0 
7efd8c021000-7efd90000000 ---p 00000000 00:00 0 
7efd9000b000-7efd9006b000 rw-s 00000000 00:05 2359322                    /SYSV00000000 (deleted)
7efd9006b000-7efd9011d000 rw-s 00000000 00:05 2326553                    /SYSV00000000 (deleted)
7efd9011d000-7efd9013f000 r--s 00000000 08:05 12584819                   /usr/share/mime/mime.cache
7efd9013f000-7efd90193000 r--p 00000000 08:05 13240282                   /usr/share/fonts/truetype/dejavu/DejaVuSansMono.ttf
7efd90193000-7efd90194000 ---p 00000000 00:00 0 
7efd90194000-7efd90994000 rw-p 00000000 00:00 0 
7efd90994000-7efd90995000 ---p 00000000 00:00 0 
7efd90995000-7efd91195000 rw-p 00000000 00:00 0 
7efd91195000-7efd91196000 ---p 00000000 00:00 0 
7efd91196000-7efd91996000 rw-p 00000000 00:00 0 
7efd91996000-7efd919cc000 r-xp 00000000 08:05 12455899                   /usr/lib/x86_64-linux-gnu/gvfs/libgvfscommon.so
7efd919cc000-7efd91bcc000 ---p 00036000 08:05 12455899                   /usr/lib/x86_64-linux-gnu/gvfs/libgvfscommon.so
7efd91bcc000-7efd91bd2000 r--p 00036000 08:05 12455899                   /usr/lib/x86_64-linux-gnu/gvfs/libgvfscommon.so
7efd91bd2000-7efd91bd3000 rw-p 0003c000 08:05 12455899                   /usr/lib/x86_64-linux-gnu/gvfs/libgvfscommon.so
7efd91bd3000-7efd91c04000 r-xp 00000000 08:05 12455278                   /usr/lib/x86_64-linux-gnu/gio/modules/libgvfsdbus.so
7efd91c04000-7efd91e04000 ---p 00031000 08:05 12455278                   /usr/lib/x86_64-linux-gnu/gio/modules/libgvfsdbus.so
7efd91e04000-7efd91e06000 r--p 00031000 08:05 12455278                   /usr/lib/x86_64-linux-gnu/gio/modules/libgvfsdbus.so
7efd91e06000-7efd91e07000 rw-p 00033000 08:05 12455278                   /usr/lib/x86_64-linux-gnu/gio/modules/libgvfsdbus.so
7efd91e07000-7efd91e27000 r--p 00000000 08:05 14026218                   /usr/share/locale-langpack/es/LC_MESSAGES/glib20.mo
7efd91e27000-7efd91e8b000 r-xp 00000000 08:05 12198094                   /usr/lib/x86_64-linux-gnu/libibus-1.0.so.5.0.517
7efd91e8b000-7efd9208b000 ---p 00064000 08:05 12198094                   /usr/lib/x86_64-linux-gnu/libibus-1.0.so.5.0.517
7efd9208b000-7efd9208d000 r--p 00064000 08:05 12198094                   /usr/lib/x86_64-linux-gnu/libibus-1.0.so.5.0.517
7efd9208d000-7efd9208e000 rw-p 00066000 08:05 12198094                   /usr/lib/x86_64-linux-gnu/libibus-1.0.so.5.0.517
7efd92099000-7efd920aa000 r--p 00000000 08:05 13239203                   /usr/share/fonts/opentype/cantarell/Cantarell-Regular.otf
7efd920aa000-7efd920b0000 r-xp 00000000 08:05 12455537                   /usr/lib/x86_64-linux-gnu/gtk-2.0/2.10.0/immodules/im-ibus.so
7efd920b0000-7efd922b0000 ---p 00006000 08:05 12455537                   /usr/lib/x86_64-linux-gnu/gtk-2.0/2.10.0/immodules/im-ibus.so
7efd922b0000-7efd922b1000 r--p 00006000 08:05 12455537                   /usr/lib/x86_64-linux-gnu/gtk-2.0/2.10.0/immodules/im-ibus.so
7efd922b1000-7efd922b2000 rw-p 00007000 08:05 12455537                   /usr/lib/x86_64-linux-gnu/gtk-2.0/2.10.0/immodules/im-ibus.so
7efd922b2000-7efd922b9000 r-xp 00000000 08:05 12198303                   /usr/lib/x86_64-linux-gnu/libogg.so.0.8.2
7efd922b9000-7efd924b9000 ---p 00007000 08:05 12198303                   /usr/lib/x86_64-linux-gnu/libogg.so.0.8.2
7efd924b9000-7efd924ba000 r--p 00007000 08:05 12198303                   /usr/lib/x86_64-linux-gnu/libogg.so.0.8.2
7efd924ba000-7efd924bb000 rw-p 00008000 08:05 12198303                   /usr/lib/x86_64-linux-gnu/libogg.so.0.8.2
7efd924bb000-7efd924e5000 r-xp 00000000 08:05 12198611                   /usr/lib/x86_64-linux-gnu/libvorbis.so.0.4.8
7efd924e5000-7efd926e4000 ---p 0002a000 08:05 12198611                   /usr/lib/x86_64-linux-gnu/libvorbis.so.0.4.8
7efd926e4000-7efd926e5000 r--p 00029000 08:05 12198611                   /usr/lib/x86_64-linux-gnu/libvorbis.so.0.4.8
7efd926e5000-7efd926e6000 rw-p 0002a000 08:05 12198611                   /usr/lib/x86_64-linux-gnu/libvorbis.so.0.4.8
7efd926e6000-7efd926ef000 r-xp 00000000 08:05 12198202                   /usr/lib/x86_64-linux-gnu/libltdl.so.7.3.1
7efd926ef000-7efd928ee000 ---p 00009000 08:05 12198202                   /usr/lib/x86_64-linux-gnu/libltdl.so.7.3.1
7efd928ee000-7efd928ef000 r--p 00008000 08:05 12198202                   /usr/lib/x86_64-linux-gnu/libltdl.so.7.3.1
7efd928ef000-7efd928f0000 rw-p 00009000 08:05 12198202                   /usr/lib/x86_64-linux-gnu/libltdl.so.7.3.1
7efd928f0000-7efd92905000 r-xp 00000000 08:05 12198536                   /usr/lib/x86_64-linux-gnu/libtdb.so.1.3.15
7efd92905000-7efd92b04000 ---p 00015000 08:05 12198536                   /usr/lib/x86_64-linux-gnu/libtdb.so.1.3.15
7efd92b04000-7efd92b05000 r--p 00014000 08:05 12198536                   /usr/lib/x86_64-linux-gnu/libtdb.so.1.3.15
7efd92b05000-7efd92b06000 rw-p 00015000 08:05 12198536                   /usr/lib/x86_64-linux-gnu/libtdb.so.1.3.15
7efd92b06000-7efd92b0d000 r-xp 00000000 08:05 12198615                   /usr/lib/x86_64-linux-gnu/libvorbisfile.so.3.3.7
7efd92b0d000-7efd92d0c000 ---p 00007000 08:05 12198615                   /usr/lib/x86_64-linux-gnu/libvorbisfile.so.3.3.7
7efd92d0c000-7efd92d0d000 r--p 00006000 08:05 12198615                   /usr/lib/x86_64-linux-gnu/libvorbisfile.so.3.3.7
7efd92d0d000-7efd92d0e000 rw-p 00007000 08:05 12198615                   /usr/lib/x86_64-linux-gnu/libvorbisfile.so.3.3.7
7efd92d0e000-7efd92d1e000 r-xp 00000000 08:05 12197659                   /usr/lib/x86_64-linux-gnu/libcanberra.so.0.2.5
7efd92d1e000-7efd92f1e000 ---p 00010000 08:05 12197659                   /usr/lib/x86_64-linux-gnu/libcanberra.so.0.2.5
7efd92f1e000-7efd92f1f000 r--p 00010000 08:05 12197659                   /usr/lib/x86_64-linux-gnu/libcanberra.so.0.2.5
7efd92f1f000-7efd92f20000 rw-p 00011000 08:05 12197659                   /usr/lib/x86_64-linux-gnu/libcanberra.so.0.2.5
7efd92f20000-7efd92f24000 r-xp 00000000 08:05 12201393                   /usr/lib/x86_64-linux-gnu/libcanberra-gtk.so.0.1.9
7efd92f24000-7efd93123000 ---p 00004000 08:05 12201393                   /usr/lib/x86_64-linux-gnu/libcanberra-gtk.so.0.1.9
7efd93123000-7efd93124000 r--p 00003000 08:05 12201393                   /usr/lib/x86_64-linux-gnu/libcanberra-gtk.so.0.1.9
7efd93124000-7efd93125000 rw-p 00004000 08:05 12201393                   /usr/lib/x86_64-linux-gnu/libcanberra-gtk.so.0.1.9
7efd93130000-7efd93141000 r--p 00000000 08:05 13239203                   /usr/share/fonts/opentype/cantarell/Cantarell-Regular.otf
7efd93141000-7efd93146000 r-xp 00000000 08:05 12457425                   /usr/lib/x86_64-linux-gnu/gtk-2.0/modules/libcanberra-gtk-module.so
7efd93146000-7efd93346000 ---p 00005000 08:05 12457425                   /usr/lib/x86_64-linux-gnu/gtk-2.0/modules/libcanberra-gtk-module.so
7efd93346000-7efd93347000 r--p 00005000 08:05 12457425                   /usr/lib/x86_64-linux-gnu/gtk-2.0/modules/libcanberra-gtk-module.so
7efd93347000-7efd93348000 rw-p 00006000 08:05 12457425                   /usr/lib/x86_64-linux-gnu/gtk-2.0/modules/libcanberra-gtk-module.so
7efd93348000-7efd93382000 r-xp 00000000 08:05 12455532                   /usr/lib/x86_64-linux-gnu/gtk-2.0/2.10.0/engines/libmurrine.so
7efd93382000-7efd93582000 ---p 0003a000 08:05 12455532                   /usr/lib/x86_64-linux-gnu/gtk-2.0/2.10.0/engines/libmurrine.so
7efd93582000-7efd93583000 r--p 0003a000 08:05 12455532                   /usr/lib/x86_64-linux-gnu/gtk-2.0/2.10.0/engines/libmurrine.so
7efd93583000-7efd93584000 rw-p 0003b000 08:05 12455532                   /usr/lib/x86_64-linux-gnu/gtk-2.0/2.10.0/engines/libmurrine.so
7efd93584000-7efd9358e000 r-xp 00000000 08:05 12455533                   /usr/lib/x86_64-linux-gnu/gtk-2.0/2.10.0/engines/libpixmap.so
7efd9358e000-7efd9378d000 ---p 0000a000 08:05 12455533                   /usr/lib/x86_64-linux-gnu/gtk-2.0/2.10.0/engines/libpixmap.so
7efd9378d000-7efd9378e000 r--p 00009000 08:05 12455533                   /usr/lib/x86_64-linux-gnu/gtk-2.0/2.10.0/engines/libpixmap.so
7efd9378e000-7efd9378f000 rw-p 0000a000 08:05 12455533                   /usr/lib/x86_64-linux-gnu/gtk-2.0/2.10.0/engines/libpixmap.so
7efd9378f000-7efd93791000 r-xp 00000000 08:05 12455531                   /usr/lib/x86_64-linux-gnu/gtk-2.0/2.10.0/engines/libadwaita.so
7efd93791000-7efd93991000 ---p 00002000 08:05 12455531                   /usr/lib/x86_64-linux-gnu/gtk-2.0/2.10.0/engines/libadwaita.so
7efd93991000-7efd93992000 r--p 00002000 08:05 12455531                   /usr/lib/x86_64-linux-gnu/gtk-2.0/2.10.0/engines/libadwaita.so
7efd93992000-7efd93993000 rw-p 00003000 08:05 12455531                   /usr/lib/x86_64-linux-gnu/gtk-2.0/2.10.0/engines/libadwaita.so
7efd93993000-7efd939bd000 r--p 00000000 08:05 14026261                   /usr/share/locale-langpack/es/LC_MESSAGES/gtk20-properties.mo
7efd939bd000-7efd939c3000 r-xp 00000000 08:05 12197730                   /usr/lib/x86_64-linux-gnu/libdatrie.so.1.3.3
7efd939c3000-7efd93bc2000 ---p 00006000 08:05 12197730                   /usr/lib/x86_64-linux-gnu/libdatrie.so.1.3.3
7efd93bc2000-7efd93bc3000 r--p 00005000 08:05 12197730                   /usr/lib/x86_64-linux-gnu/libdatrie.so.1.3.3
7efd93bc3000-7efd93bc4000 rw-p 00006000 08:05 12197730                   /usr/lib/x86_64-linux-gnu/libdatrie.so.1.3.3
7efd93bc4000-7efd93bef000 r-xp 00000000 08:05 12197987                   /usr/lib/x86_64-linux-gnu/libgraphite2.so.3.0.1
7efd93bef000-7efd93dee000 ---p 0002b000 08:05 12197987                   /usr/lib/x86_64-linux-gnu/libgraphite2.so.3.0.1
7efd93dee000-7efd93df0000 r--p 0002a000 08:05 12197987                   /usr/lib/x86_64-linux-gnu/libgraphite2.so.3.0.1
7efd93df0000-7efd93df1000 rw-p 0002c000 08:05 12197987                   /usr/lib/x86_64-linux-gnu/libgraphite2.so.3.0.1
7efd93df1000-7efd93df9000 r-xp 00000000 08:05 12198544                   /usr/lib/x86_64-linux-gnu/libthai.so.0.3.0
7efd93df9000-7efd93ff8000 ---p 00008000 08:05 12198544                   /usr/lib/x86_64-linux-gnu/libthai.so.0.3.0
7efd93ff8000-7efd93ff9000 r--p 00007000 08:05 12198544                   /usr/lib/x86_64-linux-gnu/libthai.so.0.3.0
7efd93ff9000-7efd93ffa000 rw-p 00008000 08:05 12198544                   /usr/lib/x86_64-linux-gnu/libthai.so.0.3.0
7efd93ffa000-7efd94096000 r-xp 00000000 08:05 12198070                   /usr/lib/x86_64-linux-gnu/libharfbuzz.so.0.10702.0
7efd94096000-7efd94296000 ---p 0009c000 08:05 12198070                   /usr/lib/x86_64-linux-gnu/libharfbuzz.so.0.10702.0
7efd94296000-7efd94297000 r--p 0009c000 08:05 12198070                   /usr/lib/x86_64-linux-gnu/libharfbuzz.so.0.10702.0
7efd94297000-7efd94298000 rw-p 0009d000 08:05 12198070                   /usr/lib/x86_64-linux-gnu/libharfbuzz.so.0.10702.0
7efd94298000-7efd942a4000 r-xp 00000000 08:05 12198688                   /usr/lib/x86_64-linux-gnu/libxcb-render.so.0.0.0
7efd942a4000-7efd944a3000 ---p 0000c000 08:05 12198688                   /usr/lib/x86_64-linux-gnu/libxcb-render.so.0.0.0
7efd944a3000-7efd944a4000 r--p 0000b000 08:05 12198688                   /usr/lib/x86_64-linux-gnu/libxcb-render.so.0.0.0
7efd944a4000-7efd944a5000 rw-p 0000c000 08:05 12198688                   /usr/lib/x86_64-linux-gnu/libxcb-render.so.0.0.0
7efd944a5000-7efd944a7000 r-xp 00000000 08:05 12198694                   /usr/lib/x86_64-linux-gnu/libxcb-shm.so.0.0.0
7efd944a7000-7efd946a6000 ---p 00002000 08:05 12198694                   /usr/lib/x86_64-linux-gnu/libxcb-shm.so.0.0.0
7efd946a6000-7efd946a7000 r--p 00001000 08:05 12198694                   /usr/lib/x86_64-linux-gnu/libxcb-shm.so.0.0.0
7efd946a7000-7efd946a8000 rw-p 00002000 08:05 12198694                   /usr/lib/x86_64-linux-gnu/libxcb-shm.so.0.0.0
7efd946a8000-7efd94745000 r-xp 00000000 08:05 12198360                   /usr/lib/x86_64-linux-gnu/libpixman-1.so.0.34.0
7efd94745000-7efd94944000 ---p 0009d000 08:05 12198360                   /usr/lib/x86_64-linux-gnu/libpixman-1.so.0.34.0
7efd94944000-7efd9494c000 r--p 0009c000 08:05 12198360                   /usr/lib/x86_64-linux-gnu/libpixman-1.so.0.34.0
7efd9494c000-7efd9494d000 rw-p 000a4000 08:05 12198360                   /usr/lib/x86_64-linux-gnu/libpixman-1.so.0.34.0
7efd9494d000-7efd9494f000 r-xp 00000000 08:05 12197511                   /usr/lib/x86_64-linux-gnu/libXdamage.so.1.1.0
7efd9494f000-7efd94b4e000 ---p 00002000 08:05 12197511                   /usr/lib/x86_64-linux-gnu/libXdamage.so.1.1.0
7efd94b4e000-7efd94b4f000 r--p 00001000 08:05 12197511                   /usr/lib/x86_64-linux-gnu/libXdamage.so.1.1.0
7efd94b4f000-7efd94b50000 rw-p 00002000 08:05 12197511                   /usr/lib/x86_64-linux-gnu/libXdamage.so.1.1.0
7efd94b50000-7efd94b52000 r-xp 00000000 08:05 12197507                   /usr/lib/x86_64-linux-gnu/libXcomposite.so.1.0.0
7efd94b52000-7efd94d51000 ---p 00002000 08:05 12197507                   /usr/lib/x86_64-linux-gnu/libXcomposite.so.1.0.0
7efd94d51000-7efd94d52000 r--p 00001000 08:05 12197507                   /usr/lib/x86_64-linux-gnu/libXcomposite.so.1.0.0
7efd94d52000-7efd94d53000 rw-p 00002000 08:05 12197507                   /usr/lib/x86_64-linux-gnu/libXcomposite.so.1.0.0
7efd94d53000-7efd94d9d000 r-xp 00000000 08:05 12197569                   /usr/lib/x86_64-linux-gnu/libpango-1.0.so.0.4000.14
7efd94d9d000-7efd94f9c000 ---p 0004a000 08:05 12197569                   /usr/lib/x86_64-linux-gnu/libpango-1.0.so.0.4000.14
7efd94f9c000-7efd94f9f000 r--p 00049000 08:05 12197569                   /usr/lib/x86_64-linux-gnu/libpango-1.0.so.0.4000.14
7efd94f9f000-7efd94fa0000 rw-p 0004c000 08:05 12197569                   /usr/lib/x86_64-linux-gnu/libpango-1.0.so.0.4000.14
7efd94fa0000-7efd94fb4000 r-xp 00000000 08:05 12198260                   /usr/lib/x86_64-linux-gnu/libpangoft2-1.0.so.0.4000.14
7efd94fb4000-7efd951b4000 ---p 00014000 08:05 12198260                   /usr/lib/x86_64-linux-gnu/libpangoft2-1.0.so.0.4000.14
7efd951b4000-7efd951b5000 r--p 00014000 08:05 12198260                   /usr/lib/x86_64-linux-gnu/libpangoft2-1.0.so.0.4000.14
7efd951b5000-7efd951b6000 rw-p 00015000 08:05 12198260                   /usr/lib/x86_64-linux-gnu/libpangoft2-1.0.so.0.4000.14
7efd951b6000-7efd951d8000 r-xp 00000000 08:05 12197914                   /usr/lib/x86_64-linux-gnu/libgdk_pixbuf-2.0.so.0.3611.0
7efd951d8000-7efd953d8000 ---p 00022000 08:05 12197914                   /usr/lib/x86_64-linux-gnu/libgdk_pixbuf-2.0.so.0.3611.0
7efd953d8000-7efd953d9000 r--p 00022000 08:05 12197914                   /usr/lib/x86_64-linux-gnu/libgdk_pixbuf-2.0.so.0.3611.0
7efd953d9000-7efd953da000 rw-p 00023000 08:05 12197914                   /usr/lib/x86_64-linux-gnu/libgdk_pixbuf-2.0.so.0.3611.0
7efd953da000-7efd954f2000 r-xp 00000000 08:05 12197653                   /usr/lib/x86_64-linux-gnu/libcairo.so.2.11510.0
7efd954f2000-7efd956f1000 ---p 00118000 08:05 12197653                   /usr/lib/x86_64-linux-gnu/libcairo.so.2.11510.0
7efd956f1000-7efd956f4000 r--p 00117000 08:05 12197653                   /usr/lib/x86_64-linux-gnu/libcairo.so.2.11510.0
7efd956f4000-7efd956f6000 rw-p 0011a000 08:05 12197653                   /usr/lib/x86_64-linux-gnu/libcairo.so.2.11510.0
7efd956f6000-7efd956f7000 rw-p 00000000 00:00 0 
7efd956f7000-7efd95719000 r-xp 00000000 08:05 12197588                   /usr/lib/x86_64-linux-gnu/libatk-1.0.so.0.22810.1
7efd95719000-7efd95919000 ---p 00022000 08:05 12197588                   /usr/lib/x86_64-linux-gnu/libatk-1.0.so.0.22810.1
7efd95919000-7efd9591c000 r--p 00022000 08:05 12197588                   /usr/lib/x86_64-linux-gnu/libatk-1.0.so.0.22810.1
7efd9591c000-7efd9591d000 rw-p 00025000 08:05 12197588                   /usr/lib/x86_64-linux-gnu/libatk-1.0.so.0.22810.1
7efd9591d000-7efd95929000 r-xp 00000000 08:05 12198162                   /usr/lib/x86_64-linux-gnu/libpangocairo-1.0.so.0.4000.14
7efd95929000-7efd95b28000 ---p 0000c000 08:05 12198162                   /usr/lib/x86_64-linux-gnu/libpangocairo-1.0.so.0.4000.14
7efd95b28000-7efd95b29000 r--p 0000b000 08:05 12198162                   /usr/lib/x86_64-linux-gnu/libpangocairo-1.0.so.0.4000.14
7efd95b29000-7efd95b2a000 rw-p 0000c000 08:05 12198162                   /usr/lib/x86_64-linux-gnu/libpangocairo-1.0.so.0.4000.14
7efd95b2a000-7efd95bda000 r-xp 00000000 08:05 12197912                   /usr/lib/x86_64-linux-gnu/libgdk-x11-2.0.so.0.2400.32
7efd95bda000-7efd95dd9000 ---p 000b0000 08:05 12197912                   /usr/lib/x86_64-linux-gnu/libgdk-x11-2.0.so.0.2400.32
7efd95dd9000-7efd95ddd000 r--p 000af000 08:05 12197912                   /usr/lib/x86_64-linux-gnu/libgdk-x11-2.0.so.0.2400.32
7efd95ddd000-7efd95ddf000 rw-p 000b3000 08:05 12197912                   /usr/lib/x86_64-linux-gnu/libgdk-x11-2.0.so.0.2400.32
7efd95ddf000-7efd96214000 r-xp 00000000 08:05 12198045                   /usr/lib/x86_64-linux-gnu/libgtk-x11-2.0.so.0.2400.32
7efd96214000-7efd96413000 ---p 00435000 08:05 12198045                   /usr/lib/x86_64-linux-gnu/libgtk-x11-2.0.so.0.2400.32
7efd96413000-7efd9641a000 r--p 00434000 08:05 12198045                   /usr/lib/x86_64-linux-gnu/libgtk-x11-2.0.so.0.2400.32
7efd9641a000-7efd9641e000 rw-p 0043b000 08:05 12198045                   /usr/lib/x86_64-linux-gnu/libgtk-x11-2.0.so.0.2400.32
7efd9641e000-7efd96421000 rw-p 00000000 00:00 0 
7efd96421000-7efd96427000 r-xp 00000000 08:05 22684158                   /tmp/QtJambi_likendero_amd64_4.8.7_gcc-20150613-2146/plugins/inputmethods/libqimsw-multi.so
7efd96427000-7efd96626000 ---p 00006000 08:05 22684158                   /tmp/QtJambi_likendero_amd64_4.8.7_gcc-20150613-2146/plugins/inputmethods/libqimsw-multi.so
7efd96626000-7efd96627000 r--p 00005000 08:05 22684158                   /tmp/QtJambi_likendero_amd64_4.8.7_gcc-20150613-2146/plugins/inputmethods/libqimsw-multi.so
7efd96627000-7efd96628000 rw-p 00006000 08:05 22684158                   /tmp/QtJambi_likendero_amd64_4.8.7_gcc-20150613-2146/plugins/inputmethods/libqimsw-multi.so
7efd96628000-7efd9663c000 r-xp 00000000 08:05 26219175                   /lib/x86_64-linux-gnu/libgpg-error.so.0.22.0
7efd9663c000-7efd9683b000 ---p 00014000 08:05 26219175                   /lib/x86_64-linux-gnu/libgpg-error.so.0.22.0
7efd9683b000-7efd9683c000 r--p 00013000 08:05 26219175                   /lib/x86_64-linux-gnu/libgpg-error.so.0.22.0
7efd9683c000-7efd9683d000 rw-p 00014000 08:05 26219175                   /lib/x86_64-linux-gnu/libgpg-error.so.0.22.0
7efd9683d000-7efd96884000 r-xp 00000000 08:05 26214496                   /lib/x86_64-linux-gnu/libblkid.so.1.1.0
7efd96884000-7efd96a84000 ---p 00047000 08:05 26214496                   /lib/x86_64-linux-gnu/libblkid.so.1.1.0
7efd96a84000-7efd96a88000 r--p 00047000 08:05 26214496                   /lib/x86_64-linux-gnu/libblkid.so.1.1.0
7efd96a88000-7efd96a89000 rw-p 0004b000 08:05 26214496                   /lib/x86_64-linux-gnu/libblkid.so.1.1.0
7efd96a89000-7efd96a8a000 rw-p 00000000 00:00 0 
7efd96a8a000-7efd96b9e000 r-xp 00000000 08:05 26219173                   /lib/x86_64-linux-gnu/libgcrypt.so.20.2.1
7efd96b9e000-7efd96d9d000 ---p 00114000 08:05 26219173                   /lib/x86_64-linux-gnu/libgcrypt.so.20.2.1
7efd96d9d000-7efd96d9f000 r--p 00113000 08:05 26219173                   /lib/x86_64-linux-gnu/libgcrypt.so.20.2.1
7efd96d9f000-7efd96da4000 rw-p 00115000 08:05 26219173                   /lib/x86_64-linux-gnu/libgcrypt.so.20.2.1
7efd96da4000-7efd96da5000 rw-p 00000000 00:00 0 
7efd96da5000-7efd96dc0000 r-xp 00000000 08:05 12198210                   /usr/lib/x86_64-linux-gnu/liblz4.so.1.7.1
7efd96dc0000-7efd96fbf000 ---p 0001b000 08:05 12198210                   /usr/lib/x86_64-linux-gnu/liblz4.so.1.7.1
7efd96fbf000-7efd96fc0000 r--p 0001a000 08:05 12198210                   /usr/lib/x86_64-linux-gnu/liblz4.so.1.7.1
7efd96fc0000-7efd96fc1000 rw-p 0001b000 08:05 12198210                   /usr/lib/x86_64-linux-gnu/liblz4.so.1.7.1
7efd96fc1000-7efd96fe5000 r-xp 00000000 08:05 26219194                   /lib/x86_64-linux-gnu/liblzma.so.5.2.2
7efd96fe5000-7efd971e5000 ---p 00024000 08:05 26219194                   /lib/x86_64-linux-gnu/liblzma.so.5.2.2
7efd971e5000-7efd971e6000 r--p 00024000 08:05 26219194                   /lib/x86_64-linux-gnu/liblzma.so.5.2.2
7efd971e6000-7efd971e7000 rw-p 00025000 08:05 26219194                   /lib/x86_64-linux-gnu/liblzma.so.5.2.2
7efd971e7000-7efd97238000 r-xp 00000000 08:05 26216373                   /lib/x86_64-linux-gnu/libmount.so.1.1.0
7efd97238000-7efd97437000 ---p 00051000 08:05 26216373                   /lib/x86_64-linux-gnu/libmount.so.1.1.0
7efd97437000-7efd97439000 r--p 00050000 08:05 26216373                   /lib/x86_64-linux-gnu/libmount.so.1.1.0
7efd97439000-7efd9743a000 rw-p 00052000 08:05 26216373                   /lib/x86_64-linux-gnu/libmount.so.1.1.0
7efd9743a000-7efd9743b000 rw-p 00000000 00:00 0 
7efd9743b000-7efd97452000 r-xp 00000000 08:05 26219273                   /lib/x86_64-linux-gnu/libresolv-2.27.so
7efd97452000-7efd97652000 ---p 00017000 08:05 26219273                   /lib/x86_64-linux-gnu/libresolv-2.27.so
7efd97652000-7efd97653000 r--p 00017000 08:05 26219273                   /lib/x86_64-linux-gnu/libresolv-2.27.so
7efd97653000-7efd97654000 rw-p 00018000 08:05 26219273                   /lib/x86_64-linux-gnu/libresolv-2.27.so
7efd97654000-7efd97656000 rw-p 00000000 00:00 0 
7efd97656000-7efd9767b000 r-xp 00000000 08:05 26219279                   /lib/x86_64-linux-gnu/libselinux.so.1
7efd9767b000-7efd9787a000 ---p 00025000 08:05 26219279                   /lib/x86_64-linux-gnu/libselinux.so.1
7efd9787a000-7efd9787b000 r--p 00024000 08:05 26219279                   /lib/x86_64-linux-gnu/libselinux.so.1
7efd9787b000-7efd9787c000 rw-p 00025000 08:05 26219279                   /lib/x86_64-linux-gnu/libselinux.so.1
7efd9787c000-7efd9787e000 rw-p 00000000 00:00 0 
7efd9787e000-7efd978fe000 r-xp 00000000 08:05 26214468                   /lib/x86_64-linux-gnu/libsystemd.so.0.21.0
7efd978fe000-7efd97afd000 ---p 00080000 08:05 26214468                   /lib/x86_64-linux-gnu/libsystemd.so.0.21.0
7efd97afd000-7efd97b00000 r--p 0007f000 08:05 26214468                   /lib/x86_64-linux-gnu/libsystemd.so.0.21.0
7efd97b00000-7efd97b01000 rw-p 00082000 08:05 26214468                   /lib/x86_64-linux-gnu/libsystemd.so.0.21.0
7efd97b01000-7efd97b02000 rw-p 00000000 00:00 0 
7efd97b02000-7efd97c97000 r-xp 00000000 08:05 12191053                   /usr/lib/x86_64-linux-gnu/libgio-2.0.so.0.5600.3
7efd97c97000-7efd97e97000 ---p 00195000 08:05 12191053                   /usr/lib/x86_64-linux-gnu/libgio-2.0.so.0.5600.3
7efd97e97000-7efd97e9e000 r--p 00195000 08:05 12191053                   /usr/lib/x86_64-linux-gnu/libgio-2.0.so.0.5600.3
7efd97e9e000-7efd97e9f000 rw-p 0019c000 08:05 12191053                   /usr/lib/x86_64-linux-gnu/libgio-2.0.so.0.5600.3
7efd97e9f000-7efd97ea1000 rw-p 00000000 00:00 0 
7efd97ea1000-7efd97eec000 r-xp 00000000 08:05 26219149                   /lib/x86_64-linux-gnu/libdbus-1.so.3.19.4
7efd97eec000-7efd980ec000 ---p 0004b000 08:05 26219149                   /lib/x86_64-linux-gnu/libdbus-1.so.3.19.4
7efd980ec000-7efd980ed000 r--p 0004b000 08:05 26219149                   /lib/x86_64-linux-gnu/libdbus-1.so.3.19.4
7efd980ed000-7efd980ee000 rw-p 0004c000 08:05 26219149                   /lib/x86_64-linux-gnu/libdbus-1.so.3.19.4
7efd980ee000-7efd98113000 r-xp 00000000 08:05 12197734                   /usr/lib/x86_64-linux-gnu/libdbus-glib-1.so.2.3.4
7efd98113000-7efd98312000 ---p 00025000 08:05 12197734                   /usr/lib/x86_64-linux-gnu/libdbus-glib-1.so.2.3.4
7efd98312000-7efd98314000 r--p 00024000 08:05 12197734                   /usr/lib/x86_64-linux-gnu/libdbus-glib-1.so.2.3.4
7efd98314000-7efd98315000 rw-p 00026000 08:05 12197734                   /usr/lib/x86_64-linux-gnu/libdbus-glib-1.so.2.3.4
7efd98315000-7efd98318000 r-xp 00000000 08:05 12193960                   /usr/lib/x86_64-linux-gnu/libgmodule-2.0.so.0.5600.3
7efd98318000-7efd98517000 ---p 00003000 08:05 12193960                   /usr/lib/x86_64-linux-gnu/libgmodule-2.0.so.0.5600.3
7efd98517000-7efd98518000 r--p 00002000 08:05 12193960                   /usr/lib/x86_64-linux-gnu/libgmodule-2.0.so.0.5600.3
7efd98518000-7efd98519000 rw-p 00003000 08:05 12193960                   /usr/lib/x86_64-linux-gnu/libgmodule-2.0.so.0.5600.3
7efd98519000-7efd98547000 r-xp 00000000 08:05 12199133                   /usr/lib/x86_64-linux-gnu/libgconf-2.so.4.1.5
7efd98547000-7efd98746000 ---p 0002e000 08:05 12199133                   /usr/lib/x86_64-linux-gnu/libgconf-2.so.4.1.5
7efd98746000-7efd98747000 r--p 0002d000 08:05 12199133                   /usr/lib/x86_64-linux-gnu/libgconf-2.so.4.1.5
7efd98747000-7efd98748000 rw-p 0002e000 08:05 12199133                   /usr/lib/x86_64-linux-gnu/libgconf-2.so.4.1.5
7efd98748000-7efd9874a000 r-xp 00000000 08:05 12197525                   /usr/lib/x86_64-linux-gnu/libXinerama.so.1.0.0
7efd9874a000-7efd98949000 ---p 00002000 08:05 12197525                   /usr/lib/x86_64-linux-gnu/libXinerama.so.1.0.0
7efd98949000-7efd9894a000 r--p 00001000 08:05 12197525                   /usr/lib/x86_64-linux-gnu/libXinerama.so.1.0.0
7efd9894a000-7efd9894b000 rw-p 00002000 08:05 12197525                   /usr/lib/x86_64-linux-gnu/libXinerama.so.1.0.0
7efd9894b000-7efd98955000 r-xp 00000000 08:05 12197533                   /usr/lib/x86_64-linux-gnu/libXrandr.so.2.2.0
7efd98955000-7efd98b54000 ---p 0000a000 08:05 12197533                   /usr/lib/x86_64-linux-gnu/libXrandr.so.2.2.0
7efd98b54000-7efd98b55000 r--p 00009000 08:05 12197533                   /usr/lib/x86_64-linux-gnu/libXrandr.so.2.2.0
7efd98b55000-7efd98b56000 rw-p 0000a000 08:05 12197533                   /usr/lib/x86_64-linux-gnu/libXrandr.so.2.2.0
7efd98b5a000-7efd98b60000 r--p 00000000 08:05 14026206                   /usr/share/locale-langpack/es/LC_MESSAGES/gdk-pixbuf.mo
7efd98b60000-7efd98b63000 r--p 00000000 08:05 14026133                   /usr/share/locale-langpack/es/LC_MESSAGES/atk10.mo
7efd98b63000-7efd98b72000 r--p 00000000 08:05 14026262                   /usr/share/locale-langpack/es/LC_MESSAGES/gtk20.mo
7efd98b72000-7efd98b7d000 r--s 00000000 08:05 42074224                   /var/cache/fontconfig/945677eb7aeaf62f1d50efc3fb3ec7d8-le64.cache-7
7efd98b7d000-7efd98b82000 r--s 00000000 08:05 42074195                   /var/cache/fontconfig/2300eef321c393bfd76478a5c0e95b23-le64.cache-7
7efd98b82000-7efd98b83000 r--s 00000000 08:05 42074188                   /var/cache/fontconfig/0d8c3b2ac0904cb8a57a757ad11a4a08-le64.cache-7
7efd98b83000-7efd98b87000 r--s 00000000 08:05 42080639                   /var/cache/fontconfig/de156ccd2eddbdc19d37a45b8b2aac9c-le64.cache-7
7efd98b87000-7efd98b9c000 r--s 00000000 08:05 42074184                   /var/cache/fontconfig/04aabc0a78ac019cf9454389977116d2-le64.cache-7
7efd98b9c000-7efd98b9d000 r--s 00000000 08:05 42074192                   /var/cache/fontconfig/1ac9eb803944fde146138c791f5cc56a-le64.cache-7
7efd98b9d000-7efd98b9e000 r--s 00000000 08:05 42074243                   /var/cache/fontconfig/dc05db6664285cc2f12bf69c139ae4c3-le64.cache-7
7efd98b9e000-7efd98ba0000 r--s 00000000 08:05 42074189                   /var/cache/fontconfig/14a5e22175779b556eaa434240950366-le64.cache-7
7efd98ba0000-7efd98ba1000 r--s 00000000 08:05 42074216                   /var/cache/fontconfig/660208299946a285a940457d1287da33-le64.cache-7
7efd98ba1000-7efd98ba3000 r--s 00000000 08:05 42074207                   /var/cache/fontconfig/4f3e3037c9980c83b53a9351efadef62-le64.cache-7
7efd98ba3000-7efd98ba5000 r--s 00000000 08:05 42074221                   /var/cache/fontconfig/767a8244fc0220cfb567a839d0392e0b-le64.cache-7
7efd98ba5000-7efd98ba6000 r--s 00000000 08:05 42079015                   /var/cache/fontconfig/4794a0821666d79190d59a36cb4f44b5-le64.cache-7
7efd98ba6000-7efd98ba8000 r--s 00000000 08:05 42078520                   /var/cache/fontconfig/0bd3dc0958fa2205aaaa8ebb13e2872b-le64.cache-7
7efd98ba8000-7efd98bad000 r--s 00000000 08:05 42074244                   /var/cache/fontconfig/def309198bfa603429122923fa2bb2d4-le64.cache-7
7efd98bad000-7efd98bae000 r--s 00000000 08:05 42074232                   /var/cache/fontconfig/b872e6e592da6075ffa4ab0a1fcc0c75-le64.cache-7
7efd98bae000-7efd98baf000 r--s 00000000 08:05 42074249                   /var/cache/fontconfig/f6d4eedfaab2589bde49f7a3ff831d22-le64.cache-7
7efd98baf000-7efd98bb0000 r--s 00000000 08:05 42074214                   /var/cache/fontconfig/589f83ef4c36d296ce6e1c846f468f08-le64.cache-7
7efd98bb0000-7efd98bb1000 r--s 00000000 08:05 42074234                   /var/cache/fontconfig/bab58bb527bb656aaa9f116d68a48d89-le64.cache-7
7efd98bb1000-7efd98bb2000 r--s 00000000 08:05 42074193                   /var/cache/fontconfig/2171a34dccabdb6bcbbc728186263178-le64.cache-7
7efd98bb2000-7efd98bb3000 r--s 00000000 08:05 42074235                   /var/cache/fontconfig/c5c45a61289222e0d30b1a26ef4effbe-le64.cache-7
7efd98bb3000-7efd98bb4000 r--s 00000000 08:05 42074230                   /var/cache/fontconfig/aec30016f93e1b46d1a973dce0d74068-le64.cache-7
7efd98bb4000-7efd98bb5000 r--s 00000000 08:05 42074200                   /var/cache/fontconfig/3f589640d34b7dc9042c8d453f7c8b9c-le64.cache-7
7efd98bb5000-7efd98bb6000 r--s 00000000 08:05 42074190                   /var/cache/fontconfig/16c2fda60d1b4b719f4b3d06fd951d25-le64.cache-7
7efd98bb6000-7efd98bb7000 r--s 00000000 08:05 42074229                   /var/cache/fontconfig/a48eab177a16e4f3713381162db2f3e9-le64.cache-7
7efd98bb7000-7efd98bbc000 r--s 00000000 08:05 42079013                   /var/cache/fontconfig/9d2451b1fd30e5bffe8383fd27c35478-le64.cache-7
7efd98bbc000-7efd98bbf000 r-xp 00000000 08:05 12455144                   /usr/lib/x86_64-linux-gnu/gconv/UTF-16.so
7efd98bbf000-7efd98dbe000 ---p 00003000 08:05 12455144                   /usr/lib/x86_64-linux-gnu/gconv/UTF-16.so
7efd98dbe000-7efd98dbf000 r--p 00002000 08:05 12455144                   /usr/lib/x86_64-linux-gnu/gconv/UTF-16.so
7efd98dbf000-7efd98dc0000 rw-p 00003000 08:05 12455144                   /usr/lib/x86_64-linux-gnu/gconv/UTF-16.so
7efd98dc0000-7efd998c7000 r-xp 00000000 08:05 22684178                   /tmp/QtJambi_likendero_amd64_4.8.7_gcc-20150613-2146/lib/libcom_trolltech_qt_gui.so.1
7efd998c7000-7efd99ac6000 ---p 00b07000 08:05 22684178                   /tmp/QtJambi_likendero_amd64_4.8.7_gcc-20150613-2146/lib/libcom_trolltech_qt_gui.so.1
7efd99ac6000-7efd99aec000 r--p 00b06000 08:05 22684178                   /tmp/QtJambi_likendero_amd64_4.8.7_gcc-20150613-2146/lib/libcom_trolltech_qt_gui.so.1
7efd99aec000-7efd99b21000 rw-p 00b2c000 08:05 22684178                   /tmp/QtJambi_likendero_amd64_4.8.7_gcc-20150613-2146/lib/libcom_trolltech_qt_gui.so.1
7efd99b21000-7efd99b28000 rw-p 00000000 00:00 0 
7efd99b28000-7efd99b57000 r-xp 00000000 08:05 26219164                   /lib/x86_64-linux-gnu/libexpat.so.1.6.7
7efd99b57000-7efd99d57000 ---p 0002f000 08:05 26219164                   /lib/x86_64-linux-gnu/libexpat.so.1.6.7
7efd99d57000-7efd99d59000 r--p 0002f000 08:05 26219164                   /lib/x86_64-linux-gnu/libexpat.so.1.6.7
7efd99d59000-7efd99d5a000 rw-p 00031000 08:05 26219164                   /lib/x86_64-linux-gnu/libexpat.so.1.6.7
7efd99d5a000-7efd99d60000 r-xp 00000000 08:05 26214494                   /lib/x86_64-linux-gnu/libuuid.so.1.3.0
7efd99d60000-7efd99f5f000 ---p 00006000 08:05 26214494                   /lib/x86_64-linux-gnu/libuuid.so.1.3.0
7efd99f5f000-7efd99f60000 r--p 00005000 08:05 26214494                   /lib/x86_64-linux-gnu/libuuid.so.1.3.0
7efd99f60000-7efd99f61000 rw-p 00006000 08:05 26214494                   /lib/x86_64-linux-gnu/libuuid.so.1.3.0
7efd99f61000-7efd99f68000 r-xp 00000000 08:05 12197844                   /usr/lib/x86_64-linux-gnu/libffi.so.6.0.4
7efd99f68000-7efd9a167000 ---p 00007000 08:05 12197844                   /usr/lib/x86_64-linux-gnu/libffi.so.6.0.4
7efd9a167000-7efd9a168000 r--p 00006000 08:05 12197844                   /usr/lib/x86_64-linux-gnu/libffi.so.6.0.4
7efd9a168000-7efd9a169000 rw-p 00007000 08:05 12197844                   /usr/lib/x86_64-linux-gnu/libffi.so.6.0.4
7efd9a169000-7efd9a19a000 r-xp 00000000 08:05 12198366                   /usr/lib/x86_64-linux-gnu/libpng16.so.16.34.0
7efd9a19a000-7efd9a399000 ---p 00031000 08:05 12198366                   /usr/lib/x86_64-linux-gnu/libpng16.so.16.34.0
7efd9a399000-7efd9a39a000 r--p 00030000 08:05 12198366                   /usr/lib/x86_64-linux-gnu/libpng16.so.16.34.0
7efd9a39a000-7efd9a39b000 rw-p 00031000 08:05 12198366                   /usr/lib/x86_64-linux-gnu/libpng16.so.16.34.0
7efd9a39b000-7efd9a3d9000 r-xp 00000000 08:05 12197858                   /usr/lib/x86_64-linux-gnu/libfontconfig.so.1.10.1
7efd9a3d9000-7efd9a5d9000 ---p 0003e000 08:05 12197858                   /usr/lib/x86_64-linux-gnu/libfontconfig.so.1.10.1
7efd9a5d9000-7efd9a5db000 r--p 0003e000 08:05 12197858                   /usr/lib/x86_64-linux-gnu/libfontconfig.so.1.10.1
7efd9a5db000-7efd9a5e0000 rw-p 00040000 08:05 12197858                   /usr/lib/x86_64-linux-gnu/libfontconfig.so.1.10.1
7efd9a5e0000-7efd9a5f7000 r-xp 00000000 08:05 12197472                   /usr/lib/x86_64-linux-gnu/libICE.so.6.3.0
7efd9a5f7000-7efd9a7f6000 ---p 00017000 08:05 12197472                   /usr/lib/x86_64-linux-gnu/libICE.so.6.3.0
7efd9a7f6000-7efd9a7f7000 r--p 00016000 08:05 12197472                   /usr/lib/x86_64-linux-gnu/libICE.so.6.3.0
7efd9a7f7000-7efd9a7f8000 rw-p 00017000 08:05 12197472                   /usr/lib/x86_64-linux-gnu/libICE.so.6.3.0
7efd9a7f8000-7efd9a7fb000 rw-p 00000000 00:00 0 
7efd9a7fb000-7efd9a802000 r-xp 00000000 08:05 12197494                   /usr/lib/x86_64-linux-gnu/libSM.so.6.0.1
7efd9a802000-7efd9aa01000 ---p 00007000 08:05 12197494                   /usr/lib/x86_64-linux-gnu/libSM.so.6.0.1
7efd9aa01000-7efd9aa02000 r--p 00006000 08:05 12197494                   /usr/lib/x86_64-linux-gnu/libSM.so.6.0.1
7efd9aa02000-7efd9aa03000 rw-p 00007000 08:05 12197494                   /usr/lib/x86_64-linux-gnu/libSM.so.6.0.1
7efd9aa03000-7efd9aa55000 r-xp 00000000 08:05 12193961                   /usr/lib/x86_64-linux-gnu/libgobject-2.0.so.0.5600.3
7efd9aa55000-7efd9ac55000 ---p 00052000 08:05 12193961                   /usr/lib/x86_64-linux-gnu/libgobject-2.0.so.0.5600.3
7efd9ac55000-7efd9ac56000 r--p 00052000 08:05 12193961                   /usr/lib/x86_64-linux-gnu/libgobject-2.0.so.0.5600.3
7efd9ac56000-7efd9ac57000 rw-p 00053000 08:05 12193961                   /usr/lib/x86_64-linux-gnu/libgobject-2.0.so.0.5600.3
7efd9ac57000-7efd9ad04000 r-xp 00000000 08:05 12197876                   /usr/lib/x86_64-linux-gnu/libfreetype.so.6.15.0
7efd9ad04000-7efd9af03000 ---p 000ad000 08:05 12197876                   /usr/lib/x86_64-linux-gnu/libfreetype.so.6.15.0
7efd9af03000-7efd9af0a000 r--p 000ac000 08:05 12197876                   /usr/lib/x86_64-linux-gnu/libfreetype.so.6.15.0
7efd9af0a000-7efd9af0b000 rw-p 000b3000 08:05 12197876                   /usr/lib/x86_64-linux-gnu/libfreetype.so.6.15.0
7efd9af0b000-7efd9b9b6000 r-xp 00000000 08:05 22683727                   /tmp/QtJambi_likendero_amd64_4.8.7_gcc-20150613-2146/lib/libQtGui.so.4
7efd9b9b6000-7efd9bbb5000 ---p 00aab000 08:05 22683727                   /tmp/QtJambi_likendero_amd64_4.8.7_gcc-20150613-2146/lib/libQtGui.so.4
7efd9bbb5000-7efd9bbf7000 r--p 00aaa000 08:05 22683727                   /tmp/QtJambi_likendero_amd64_4.8.7_gcc-20150613-2146/lib/libQtGui.so.4
7efd9bbf7000-7efd9bc0b000 rw-p 00aec000 08:05 22683727                   /tmp/QtJambi_likendero_amd64_4.8.7_gcc-20150613-2146/lib/libQtGui.so.4
7efd9bc0b000-7efd9bc0e000 rw-p 00000000 00:00 0 
7efd9bc0e000-7efd9bded000 r-xp 00000000 08:05 22684177                   /tmp/QtJambi_likendero_amd64_4.8.7_gcc-20150613-2146/lib/libcom_trolltech_qt_core.so.1
7efd9bded000-7efd9bfec000 ---p 001df000 08:05 22684177                   /tmp/QtJambi_likendero_amd64_4.8.7_gcc-20150613-2146/lib/libcom_trolltech_qt_core.so.1
7efd9bfec000-7efd9bff7000 r--p 001de000 08:05 22684177                   /tmp/QtJambi_likendero_amd64_4.8.7_gcc-20150613-2146/lib/libcom_trolltech_qt_core.so.1
7efd9bff7000-7efd9c000000 rw-p 001e9000 08:05 22684177                   /tmp/QtJambi_likendero_amd64_4.8.7_gcc-20150613-2146/lib/libcom_trolltech_qt_core.so.1
7efd9c000000-7efd9c8f2000 rw-p 00000000 00:00 0 
7efd9c8f2000-7efda0000000 ---p 00000000 00:00 0 
7efda0000000-7efda0021000 rw-p 00000000 00:00 0 
7efda0021000-7efda4000000 ---p 00000000 00:00 0 
7efda4000000-7efda402c000 rw-p 00000000 00:00 0 
7efda402c000-7efda8000000 ---p 00000000 00:00 0 
7efda8000000-7efda8021000 rw-p 00000000 00:00 0 
7efda8021000-7efdac000000 ---p 00000000 00:00 0 
7efdac000000-7efdac021000 rw-p 00000000 00:00 0 
7efdac021000-7efdb0000000 ---p 00000000 00:00 0 
7efdb0000000-7efdb0021000 rw-p 00000000 00:00 0 
7efdb0021000-7efdb4000000 ---p 00000000 00:00 0 
7efdb4000000-7efdb4346000 rw-p 00000000 00:00 0 
7efdb4346000-7efdb8000000 ---p 00000000 00:00 0 
7efdb8000000-7efdb8021000 rw-p 00000000 00:00 0 
7efdb8021000-7efdbc000000 ---p 00000000 00:00 0 
7efdbc000000-7efdbc63c000 rw-p 00000000 00:00 0 
7efdbc63c000-7efdc0000000 ---p 00000000 00:00 0 
7efdc0000000-7efdc03d4000 rw-p 00000000 00:00 0 
7efdc03d4000-7efdc4000000 ---p 00000000 00:00 0 
7efdc4000000-7efdc4021000 rw-p 00000000 00:00 0 
7efdc4021000-7efdc8000000 ---p 00000000 00:00 0 
7efdc8000000-7efdc8001000 r--s 00000000 08:05 42074210                   /var/cache/fontconfig/564b2e68ac9bc4e36a6f7f6d6125ec1c-le64.cache-7
7efdc8001000-7efdc8007000 r--s 00000000 08:05 42079014                   /var/cache/fontconfig/3047814df9a2f067bd2d96a2b9c36e5a-le64.cache-7
7efdc8007000-7efdc800f000 r--s 00000000 08:05 42078667                   /var/cache/fontconfig/bf3b770c553c462765856025a94f1ce6-le64.cache-7
7efdc800f000-7efdc8010000 r--s 00000000 08:05 42074211                   /var/cache/fontconfig/56cf4f4769d0f4abc89a4895d7bd3ae1-le64.cache-7
7efdc8010000-7efdc8016000 r--s 00000000 08:05 42074231                   /var/cache/fontconfig/b47c4e1ecd0709278f4910c18777a504-le64.cache-7
7efdc8016000-7efdc8019000 ---p 00000000 00:00 0 
7efdc8019000-7efdc8117000 rw-p 00000000 00:00 0 
7efdc8117000-7efdc8160000 r-xp 00000000 08:05 22684176                   /tmp/QtJambi_likendero_amd64_4.8.7_gcc-20150613-2146/lib/libqtjambi.so.1
7efdc8160000-7efdc8360000 ---p 00049000 08:05 22684176                   /tmp/QtJambi_likendero_amd64_4.8.7_gcc-20150613-2146/lib/libqtjambi.so.1
7efdc8360000-7efdc8361000 r--p 00049000 08:05 22684176                   /tmp/QtJambi_likendero_amd64_4.8.7_gcc-20150613-2146/lib/libqtjambi.so.1
7efdc8361000-7efdc8362000 rw-p 0004a000 08:05 22684176                   /tmp/QtJambi_likendero_amd64_4.8.7_gcc-20150613-2146/lib/libqtjambi.so.1
7efdc8362000-7efdc8363000 rw-p 00000000 00:00 0 
7efdc8363000-7efdc83d3000 r-xp 00000000 08:05 26219256                   /lib/x86_64-linux-gnu/libpcre.so.3.13.3
7efdc83d3000-7efdc85d3000 ---p 00070000 08:05 26219256                   /lib/x86_64-linux-gnu/libpcre.so.3.13.3
7efdc85d3000-7efdc85d4000 r--p 00070000 08:05 26219256                   /lib/x86_64-linux-gnu/libpcre.so.3.13.3
7efdc85d4000-7efdc85d5000 rw-p 00071000 08:05 26219256                   /lib/x86_64-linux-gnu/libpcre.so.3.13.3
7efdc85d5000-7efdc874e000 r-xp 00000000 08:05 12190375                   /usr/lib/x86_64-linux-gnu/libstdc++.so.6.0.25
7efdc874e000-7efdc894e000 ---p 00179000 08:05 12190375                   /usr/lib/x86_64-linux-gnu/libstdc++.so.6.0.25
7efdc894e000-7efdc8958000 r--p 00179000 08:05 12190375                   /usr/lib/x86_64-linux-gnu/libstdc++.so.6.0.25
7efdc8958000-7efdc895a000 rw-p 00183000 08:05 12190375                   /usr/lib/x86_64-linux-gnu/libstdc++.so.6.0.25
7efdc895a000-7efdc895e000 rw-p 00000000 00:00 0 
7efdc895e000-7efdc8a71000 r-xp 00000000 08:05 12193958                   /usr/lib/x86_64-linux-gnu/libglib-2.0.so.0.5600.3
7efdc8a71000-7efdc8c71000 ---p 00113000 08:05 12193958                   /usr/lib/x86_64-linux-gnu/libglib-2.0.so.0.5600.3
7efdc8c71000-7efdc8c72000 r--p 00113000 08:05 12193958                   /usr/lib/x86_64-linux-gnu/libglib-2.0.so.0.5600.3
7efdc8c72000-7efdc8c73000 rw-p 00114000 08:05 12193958                   /usr/lib/x86_64-linux-gnu/libglib-2.0.so.0.5600.3
7efdc8c73000-7efdc8c74000 rw-p 00000000 00:00 0 
7efdc8c74000-7efdc8c90000 r-xp 00000000 08:05 26219306                   /lib/x86_64-linux-gnu/libz.so.1.2.11
7efdc8c90000-7efdc8e8f000 ---p 0001c000 08:05 26219306                   /lib/x86_64-linux-gnu/libz.so.1.2.11
7efdc8e8f000-7efdc8e90000 r--p 0001b000 08:05 26219306                   /lib/x86_64-linux-gnu/libz.so.1.2.11
7efdc8e90000-7efdc8e91000 rw-p 0001c000 08:05 26219306                   /lib/x86_64-linux-gnu/libz.so.1.2.11
7efdc8e91000-7efdc9171000 r-xp 00000000 08:05 22683726                   /tmp/QtJambi_likendero_amd64_4.8.7_gcc-20150613-2146/lib/libQtCore.so.4
7efdc9171000-7efdc9371000 ---p 002e0000 08:05 22683726                   /tmp/QtJambi_likendero_amd64_4.8.7_gcc-20150613-2146/lib/libQtCore.so.4
7efdc9371000-7efdc937c000 r--p 002e0000 08:05 22683726                   /tmp/QtJambi_likendero_amd64_4.8.7_gcc-20150613-2146/lib/libQtCore.so.4
7efdc937c000-7efdc9381000 rw-p 002eb000 08:05 22683726                   /tmp/QtJambi_likendero_amd64_4.8.7_gcc-20150613-2146/lib/libQtCore.so.4
7efdc9381000-7efdc9382000 rw-p 00000000 00:00 0 
7efdc9382000-7efdc9385000 ---p 00000000 00:00 0 
7efdc9385000-7efdc9483000 rw-p 00000000 00:00 0 
7efdc9483000-7efdc9486000 ---p 00000000 00:00 0 
7efdc9486000-7efdc9584000 rw-p 00000000 00:00 0 
7efdc9584000-7efdc9587000 ---p 00000000 00:00 0 
7efdc9587000-7efdc9685000 rw-p 00000000 00:00 0 
7efdc9685000-7efdc968a000 r-xp 00000000 08:05 12197517                   /usr/lib/x86_64-linux-gnu/libXfixes.so.3.1.0
7efdc968a000-7efdc9889000 ---p 00005000 08:05 12197517                   /usr/lib/x86_64-linux-gnu/libXfixes.so.3.1.0
7efdc9889000-7efdc988a000 r--p 00004000 08:05 12197517                   /usr/lib/x86_64-linux-gnu/libXfixes.so.3.1.0
7efdc988a000-7efdc988b000 rw-p 00005000 08:05 12197517                   /usr/lib/x86_64-linux-gnu/libXfixes.so.3.1.0
7efdc988b000-7efdc9894000 r-xp 00000000 08:05 12197509                   /usr/lib/x86_64-linux-gnu/libXcursor.so.1.0.2
7efdc9894000-7efdc9a93000 ---p 00009000 08:05 12197509                   /usr/lib/x86_64-linux-gnu/libXcursor.so.1.0.2
7efdc9a93000-7efdc9a94000 r--p 00008000 08:05 12197509                   /usr/lib/x86_64-linux-gnu/libXcursor.so.1.0.2
7efdc9a94000-7efdc9a95000 rw-p 00009000 08:05 12197509                   /usr/lib/x86_64-linux-gnu/libXcursor.so.1.0.2
7efdc9a95000-7efdc9a98000 ---p 00000000 00:00 0 
7efdc9a98000-7efdc9b96000 rw-p 00000000 00:00 0 
7efdc9b96000-7efdc9bad000 r-xp 00000000 08:05 26216421                   /lib/x86_64-linux-gnu/libgcc_s.so.1
7efdc9bad000-7efdc9dac000 ---p 00017000 08:05 26216421                   /lib/x86_64-linux-gnu/libgcc_s.so.1
7efdc9dac000-7efdc9dad000 r--p 00016000 08:05 26216421                   /lib/x86_64-linux-gnu/libgcc_s.so.1
7efdc9dad000-7efdc9dae000 rw-p 00017000 08:05 26216421                   /lib/x86_64-linux-gnu/libgcc_s.so.1
7efdc9dae000-7efdc9e13000 r-xp 00000000 08:05 12847480                   /usr/lib/jvm/java-8-oracle/jre/lib/amd64/libfontmanager.so
7efdc9e13000-7efdca012000 ---p 00065000 08:05 12847480                   /usr/lib/jvm/java-8-oracle/jre/lib/amd64/libfontmanager.so
7efdca012000-7efdca017000 rw-p 00064000 08:05 12847480                   /usr/lib/jvm/java-8-oracle/jre/lib/amd64/libfontmanager.so
7efdca017000-7efdca027000 rw-p 00000000 00:00 0 
7efdca027000-7efdca03a000 r-xp 00000000 08:05 26219130                   /lib/x86_64-linux-gnu/libbsd.so.0.8.7
7efdca03a000-7efdca239000 ---p 00013000 08:05 26219130                   /lib/x86_64-linux-gnu/libbsd.so.0.8.7
7efdca239000-7efdca23a000 r--p 00012000 08:05 26219130                   /lib/x86_64-linux-gnu/libbsd.so.0.8.7
7efdca23a000-7efdca23b000 rw-p 00013000 08:05 26219130                   /lib/x86_64-linux-gnu/libbsd.so.0.8.7
7efdca23b000-7efdca23c000 rw-p 00000000 00:00 0 
7efdca23c000-7efdca241000 r-xp 00000000 08:05 12197513                   /usr/lib/x86_64-linux-gnu/libXdmcp.so.6.0.0
7efdca241000-7efdca440000 ---p 00005000 08:05 12197513                   /usr/lib/x86_64-linux-gnu/libXdmcp.so.6.0.0
7efdca440000-7efdca441000 r--p 00004000 08:05 12197513                   /usr/lib/x86_64-linux-gnu/libXdmcp.so.6.0.0
7efdca441000-7efdca442000 rw-p 00005000 08:05 12197513                   /usr/lib/x86_64-linux-gnu/libXdmcp.so.6.0.0
7efdca442000-7efdca444000 r-xp 00000000 08:05 12197502                   /usr/lib/x86_64-linux-gnu/libXau.so.6.0.0
7efdca444000-7efdca644000 ---p 00002000 08:05 12197502                   /usr/lib/x86_64-linux-gnu/libXau.so.6.0.0
7efdca644000-7efdca645000 r--p 00002000 08:05 12197502                   /usr/lib/x86_64-linux-gnu/libXau.so.6.0.0
7efdca645000-7efdca646000 rw-p 00003000 08:05 12197502                   /usr/lib/x86_64-linux-gnu/libXau.so.6.0.0
7efdca646000-7efdca66c000 r-xp 00000000 08:05 12198706                   /usr/lib/x86_64-linux-gnu/libxcb.so.1.1.0
7efdca66c000-7efdca86c000 ---p 00026000 08:05 12198706                   /usr/lib/x86_64-linux-gnu/libxcb.so.1.1.0
7efdca86c000-7efdca86d000 r--p 00026000 08:05 12198706                   /usr/lib/x86_64-linux-gnu/libxcb.so.1.1.0
7efdca86d000-7efdca86e000 rw-p 00027000 08:05 12198706                   /usr/lib/x86_64-linux-gnu/libxcb.so.1.1.0
7efdca86e000-7efdca87d000 r-xp 00000000 08:05 12197523                   /usr/lib/x86_64-linux-gnu/libXi.so.6.1.0
7efdca87d000-7efdcaa7c000 ---p 0000f000 08:05 12197523                   /usr/lib/x86_64-linux-gnu/libXi.so.6.1.0
7efdcaa7c000-7efdcaa7d000 r--p 0000e000 08:05 12197523                   /usr/lib/x86_64-linux-gnu/libXi.so.6.1.0
7efdcaa7d000-7efdcaa7e000 rw-p 0000f000 08:05 12197523                   /usr/lib/x86_64-linux-gnu/libXi.so.6.1.0
7efdcaa7e000-7efdcaa83000 r-xp 00000000 08:05 12197541                   /usr/lib/x86_64-linux-gnu/libXtst.so.6.1.0
7efdcaa83000-7efdcac82000 ---p 00005000 08:05 12197541                   /usr/lib/x86_64-linux-gnu/libXtst.so.6.1.0
7efdcac82000-7efdcac83000 r--p 00004000 08:05 12197541                   /usr/lib/x86_64-linux-gnu/libXtst.so.6.1.0
7efdcac83000-7efdcac84000 rw-p 00005000 08:05 12197541                   /usr/lib/x86_64-linux-gnu/libXtst.so.6.1.0
7efdcac84000-7efdcac8d000 r-xp 00000000 08:05 12197535                   /usr/lib/x86_64-linux-gnu/libXrender.so.1.3.0
7efdcac8d000-7efdcae8c000 ---p 00009000 08:05 12197535                   /usr/lib/x86_64-linux-gnu/libXrender.so.1.3.0
7efdcae8c000-7efdcae8d000 r--p 00008000 08:05 12197535                   /usr/lib/x86_64-linux-gnu/libXrender.so.1.3.0
7efdcae8d000-7efdcae8e000 rw-p 00009000 08:05 12197535                   /usr/lib/x86_64-linux-gnu/libXrender.so.1.3.0
7efdcae8e000-7efdcafc1000 r-xp 00000000 08:05 12199062                   /usr/lib/x86_64-linux-gnu/libX11.so.6.3.0
7efdcafc1000-7efdcb1c1000 ---p 00133000 08:05 12199062                   /usr/lib/x86_64-linux-gnu/libX11.so.6.3.0
7efdcb1c1000-7efdcb1c2000 r--p 00133000 08:05 12199062                   /usr/lib/x86_64-linux-gnu/libX11.so.6.3.0
7efdcb1c2000-7efdcb1c6000 rw-p 00134000 08:05 12199062                   /usr/lib/x86_64-linux-gnu/libX11.so.6.3.0
7efdcb1c6000-7efdcb1d7000 r-xp 00000000 08:05 12197515                   /usr/lib/x86_64-linux-gnu/libXext.so.6.4.0
7efdcb1d7000-7efdcb3d6000 ---p 00011000 08:05 12197515                   /usr/lib/x86_64-linux-gnu/libXext.so.6.4.0
7efdcb3d6000-7efdcb3d7000 r--p 00010000 08:05 12197515                   /usr/lib/x86_64-linux-gnu/libXext.so.6.4.0
7efdcb3d7000-7efdcb3d8000 rw-p 00011000 08:05 12197515                   /usr/lib/x86_64-linux-gnu/libXext.so.6.4.0
7efdcb3d8000-7efdcb42c000 r-xp 00000000 08:05 12847507                   /usr/lib/jvm/java-8-oracle/jre/lib/amd64/libawt_xawt.so
7efdcb42c000-7efdcb62c000 ---p 00054000 08:05 12847507                   /usr/lib/jvm/java-8-oracle/jre/lib/amd64/libawt_xawt.so
7efdcb62c000-7efdcb630000 rw-p 00054000 08:05 12847507                   /usr/lib/jvm/java-8-oracle/jre/lib/amd64/libawt_xawt.so
7efdcb630000-7efdcb631000 rw-p 00000000 00:00 0 
7efdcb631000-7efdcc000000 r--p 00000000 08:05 12196482                   /usr/lib/locale/locale-archive
7efdcc000000-7efdcc021000 rw-p 00000000 00:00 0 
7efdcc021000-7efdd0000000 ---p 00000000 00:00 0 
7efdd0000000-7efdd0022000 rw-p 00000000 00:00 0 
7efdd0022000-7efdd4000000 ---p 00000000 00:00 0 
7efdd4000000-7efdd4021000 rw-p 00000000 00:00 0 
7efdd4021000-7efdd8000000 ---p 00000000 00:00 0 
7efdd8000000-7efdd8001000 r--s 00000000 08:05 42074233                   /var/cache/fontconfig/b9d506c9ac06c20b433354fa67a72993-le64.cache-7
7efdd8001000-7efdd8014000 r--s 00000000 08:05 42074240                   /var/cache/fontconfig/d52a8644073d54c13679302ca1180695-le64.cache-7
7efdd8014000-7efdd8015000 r--s 00000000 08:05 42074198                   /var/cache/fontconfig/370e5b74bf5dafc30834de68e24a87a4-le64.cache-7
7efdd8015000-7efdd8016000 r--s 00000000 08:05 42074219                   /var/cache/fontconfig/6b2c5944714ca7831b25bed9e85cb5c8-le64.cache-7
7efdd8016000-7efdd8017000 r--s 00000000 08:05 42074239                   /var/cache/fontconfig/d5178ab6d91b49bf20a416737dcea9e8-le64.cache-7
7efdd8017000-7efdd8018000 r--s 00000000 08:05 42074209                   /var/cache/fontconfig/551ecf3b0e8b0bca0f25c0944f561853-le64.cache-7
7efdd8018000-7efdd801b000 r--s 00000000 08:05 42074248                   /var/cache/fontconfig/f259c2cffa685e28062317905db73c4a-le64.cache-7
7efdd801b000-7efdd801d000 r--s 00000000 08:05 42074208                   /var/cache/fontconfig/550f3886151c940c12a5ed35f6a00586-le64.cache-7
7efdd801d000-7efdd8020000 r--s 00000000 08:05 42074217                   /var/cache/fontconfig/674d1711f2d1d2a09646eb0bdcadee49-le64.cache-7
7efdd8020000-7efdd8021000 r--s 00000000 08:05 42074201                   /var/cache/fontconfig/3f7329c5293ffd510edef78f73874cfd-le64.cache-7
7efdd8021000-7efdd802d000 r--s 00000000 08:05 42076224                   /var/cache/fontconfig/d589a48862398ed80a3d6066f4f56f4c-le64.cache-7
7efdd802d000-7efdd802e000 r--s 00000000 08:05 42074187                   /var/cache/fontconfig/0c9eb80ebd1c36541ebe2852d3bb0c49-le64.cache-7
7efdd802e000-7efdd803c000 r--s 00000000 08:05 42074226                   /var/cache/fontconfig/9b89f8e3dae116d678bbf48e5f21f69b-le64.cache-7
7efdd803c000-7efdd804a000 r--s 00000000 08:05 42074607                   /var/cache/fontconfig/e13b20fdb08344e0e664864cc2ede53d-le64.cache-7
7efdd804a000-7efdd806e000 r--p 00000000 08:05 14026309                   /usr/share/locale-langpack/es/LC_MESSAGES/libc.mo
7efdd806e000-7efdd8110000 r-xp 00000000 08:05 12847493                   /usr/lib/jvm/java-8-oracle/jre/lib/amd64/libawt.so
7efdd8110000-7efdd8310000 ---p 000a2000 08:05 12847493                   /usr/lib/jvm/java-8-oracle/jre/lib/amd64/libawt.so
7efdd8310000-7efdd831c000 rw-p 000a2000 08:05 12847493                   /usr/lib/jvm/java-8-oracle/jre/lib/amd64/libawt.so
7efdd831c000-7efde0000000 rw-p 00000000 00:00 0 
7efde0000000-7efde0021000 rw-p 00000000 00:00 0 
7efde0021000-7efde4000000 ---p 00000000 00:00 0 
7efde4000000-7efde4021000 rw-p 00000000 00:00 0 
7efde4021000-7efde8000000 ---p 00000000 00:00 0 
7efde8000000-7efde8021000 rw-p 00000000 00:00 0 
7efde8021000-7efdec000000 ---p 00000000 00:00 0 
7efdec000000-7efdec021000 rw-p 00000000 00:00 0 
7efdec021000-7efdf0000000 ---p 00000000 00:00 0 
7efdf0000000-7efdf0001000 r--s 00000000 08:05 42074194                   /var/cache/fontconfig/22368d551a680bfe5a62c02760edf4ea-le64.cache-7
7efdf0001000-7efdf0002000 r--s 00000000 08:05 42074206                   /var/cache/fontconfig/4d9c95eba1cb85bbcf2878543262124a-le64.cache-7
7efdf0002000-7efdf0003000 r--s 00000000 08:05 42074223                   /var/cache/fontconfig/85e0a52ce643a7ba2ae53e5d6949cead-le64.cache-7
7efdf0003000-7efdf0004000 r--s 00000000 08:05 42074203                   /var/cache/fontconfig/49f0de54bdd920fe4f0dfd4cbac43e6b-le64.cache-7
7efdf0004000-7efdf0005000 r--s 00000000 08:05 42074250                   /var/cache/fontconfig/f6e6e0a5c3d2f6ae0c0c2e0ecd42a997-le64.cache-7
7efdf0005000-7efdf000c000 r--s 00000000 08:05 12455149                   /usr/lib/x86_64-linux-gnu/gconv/gconv-modules.cache
7efdf000c000-7efdf0038000 r--s 002ff000 08:05 41027585                   /home/likendero/Documentos/qt/qtjambi/qtjambi-4.8.7.jar
7efdf0038000-7efdf0039000 ---p 00000000 00:00 0 
7efdf0039000-7efdf0139000 rw-p 00000000 00:00 0 
7efdf0139000-7efdf013c000 ---p 00000000 00:00 0 
7efdf013c000-7efdf023a000 rw-p 00000000 00:00 0 
7efdf023a000-7efdf023b000 ---p 00000000 00:00 0 
7efdf023b000-7efdf023e000 ---p 00000000 00:00 0 
7efdf023e000-7efdf033b000 rw-p 00000000 00:00 0 
7efdf033b000-7efdf033c000 ---p 00000000 00:00 0 
7efdf033c000-7efdf033f000 ---p 00000000 00:00 0 
7efdf033f000-7efdf043c000 rw-p 00000000 00:00 0 
7efdf043c000-7efdf043d000 ---p 00000000 00:00 0 
7efdf043d000-7efdf0440000 ---p 00000000 00:00 0 
7efdf0440000-7efdf053d000 rw-p 00000000 00:00 0 
7efdf053d000-7efdf0540000 ---p 00000000 00:00 0 
7efdf0540000-7efdf063e000 rw-p 00000000 00:00 0 
7efdf063e000-7efdf0641000 ---p 00000000 00:00 0 
7efdf0641000-7efdf073f000 rw-p 00000000 00:00 0 
7efdf073f000-7efdf0742000 ---p 00000000 00:00 0 
7efdf0742000-7efdf0840000 rw-p 00000000 00:00 0 
7efdf0840000-7efdf0841000 ---p 00000000 00:00 0 
7efdf0841000-7efdf18f5000 rw-p 00000000 00:00 0 
7efdf18f5000-7efdf1acf000 r--s 03d6b000 08:05 12715415                   /usr/lib/jvm/java-8-oracle/jre/lib/rt.jar
7efdf1acf000-7efdf2a9b000 rw-p 00000000 00:00 0 
7efdf2a9b000-7efdf2a9c000 ---p 00000000 00:00 0 
7efdf2a9c000-7efdf2b9c000 rw-p 00000000 00:00 0 
7efdf2b9c000-7efdf2b9d000 ---p 00000000 00:00 0 
7efdf2b9d000-7efdf2c9d000 rw-p 00000000 00:00 0 
7efdf2c9d000-7efdf2c9e000 ---p 00000000 00:00 0 
7efdf2c9e000-7efdf2d9e000 rw-p 00000000 00:00 0 
7efdf2d9e000-7efdf2d9f000 ---p 00000000 00:00 0 
7efdf2d9f000-7efdf2ef3000 rw-p 00000000 00:00 0 
7efdf2ef3000-7efdf33d2000 ---p 00000000 00:00 0 
7efdf33d2000-7efdf3426000 rw-p 00000000 00:00 0 
7efdf3426000-7efdf3904000 ---p 00000000 00:00 0 
7efdf3904000-7efdf392f000 rw-p 00000000 00:00 0 
7efdf392f000-7efdf3b9e000 ---p 00000000 00:00 0 
7efdf3b9e000-7efdf3bac000 rw-p 00000000 00:00 0 
7efdf3bac000-7efdf3f5f000 ---p 00000000 00:00 0 
7efdf3f5f000-7efdf427f000 rwxp 00000000 00:00 0 
7efdf427f000-7efe02f5f000 ---p 00000000 00:00 0 
7efe02f5f000-7efe02f7a000 r-xp 00000000 08:05 12847496                   /usr/lib/jvm/java-8-oracle/jre/lib/amd64/libzip.so
7efe02f7a000-7efe0317a000 ---p 0001b000 08:05 12847496                   /usr/lib/jvm/java-8-oracle/jre/lib/amd64/libzip.so
7efe0317a000-7efe0317b000 rw-p 0001b000 08:05 12847496                   /usr/lib/jvm/java-8-oracle/jre/lib/amd64/libzip.so
7efe0317b000-7efe03186000 r-xp 00000000 08:05 26219224                   /lib/x86_64-linux-gnu/libnss_files-2.27.so
7efe03186000-7efe03385000 ---p 0000b000 08:05 26219224                   /lib/x86_64-linux-gnu/libnss_files-2.27.so
7efe03385000-7efe03386000 r--p 0000a000 08:05 26219224                   /lib/x86_64-linux-gnu/libnss_files-2.27.so
7efe03386000-7efe03387000 rw-p 0000b000 08:05 26219224                   /lib/x86_64-linux-gnu/libnss_files-2.27.so
7efe03387000-7efe0338d000 rw-p 00000000 00:00 0 
7efe0338d000-7efe033a4000 r-xp 00000000 08:05 26219218                   /lib/x86_64-linux-gnu/libnsl-2.27.so
7efe033a4000-7efe035a3000 ---p 00017000 08:05 26219218                   /lib/x86_64-linux-gnu/libnsl-2.27.so
7efe035a3000-7efe035a4000 r--p 00016000 08:05 26219218                   /lib/x86_64-linux-gnu/libnsl-2.27.so
7efe035a4000-7efe035a5000 rw-p 00017000 08:05 26219218                   /lib/x86_64-linux-gnu/libnsl-2.27.so
7efe035a5000-7efe035a7000 rw-p 00000000 00:00 0 
7efe035a7000-7efe035b2000 r-xp 00000000 08:05 26219235                   /lib/x86_64-linux-gnu/libnss_nis-2.27.so
7efe035b2000-7efe037b1000 ---p 0000b000 08:05 26219235                   /lib/x86_64-linux-gnu/libnss_nis-2.27.so
7efe037b1000-7efe037b2000 r--p 0000a000 08:05 26219235                   /lib/x86_64-linux-gnu/libnss_nis-2.27.so
7efe037b2000-7efe037b3000 rw-p 0000b000 08:05 26219235                   /lib/x86_64-linux-gnu/libnss_nis-2.27.so
7efe037b3000-7efe037bb000 r-xp 00000000 08:05 26219220                   /lib/x86_64-linux-gnu/libnss_compat-2.27.so
7efe037bb000-7efe039bb000 ---p 00008000 08:05 26219220                   /lib/x86_64-linux-gnu/libnss_compat-2.27.so
7efe039bb000-7efe039bc000 r--p 00008000 08:05 26219220                   /lib/x86_64-linux-gnu/libnss_compat-2.27.so
7efe039bc000-7efe039bd000 rw-p 00009000 08:05 26219220                   /lib/x86_64-linux-gnu/libnss_compat-2.27.so
7efe039bd000-7efe039e8000 r-xp 00000000 08:05 12847490                   /usr/lib/jvm/java-8-oracle/jre/lib/amd64/libjava.so
7efe039e8000-7efe03be7000 ---p 0002b000 08:05 12847490                   /usr/lib/jvm/java-8-oracle/jre/lib/amd64/libjava.so
7efe03be7000-7efe03be9000 rw-p 0002a000 08:05 12847490                   /usr/lib/jvm/java-8-oracle/jre/lib/amd64/libjava.so
7efe03be9000-7efe03bf6000 r-xp 00000000 08:05 12847495                   /usr/lib/jvm/java-8-oracle/jre/lib/amd64/libverify.so
7efe03bf6000-7efe03df6000 ---p 0000d000 08:05 12847495                   /usr/lib/jvm/java-8-oracle/jre/lib/amd64/libverify.so
7efe03df6000-7efe03df8000 rw-p 0000d000 08:05 12847495                   /usr/lib/jvm/java-8-oracle/jre/lib/amd64/libverify.so
7efe03df8000-7efe03dff000 r-xp 00000000 08:05 26219275                   /lib/x86_64-linux-gnu/librt-2.27.so
7efe03dff000-7efe03ffe000 ---p 00007000 08:05 26219275                   /lib/x86_64-linux-gnu/librt-2.27.so
7efe03ffe000-7efe03fff000 r--p 00006000 08:05 26219275                   /lib/x86_64-linux-gnu/librt-2.27.so
7efe03fff000-7efe04000000 rw-p 00007000 08:05 26219275                   /lib/x86_64-linux-gnu/librt-2.27.so
7efe04000000-7efe04260000 rw-p 00000000 00:00 0 
7efe04260000-7efe08000000 ---p 00000000 00:00 0 
7efe08000000-7efe08001000 r--s 00000000 08:05 42074204                   /var/cache/fontconfig/4b2eda6bb976bda485cb2176619421d5-le64.cache-7
7efe08001000-7efe08005000 r--s 00000000 08:05 30944528                   /home/likendero/.cache/fontconfig/b82399fbbbca027fdf7a55567090b8f7-le64.cache-7
7efe08005000-7efe08008000 r--s 01f3b000 08:05 41027589                   /home/likendero/Documentos/qt/qtjambi/qtjambi-native-linux64-gcc-4.8.7.jar
7efe08008000-7efe080cd000 rw-p 00000000 00:00 0 
7efe080cd000-7efe0826a000 r-xp 00000000 08:05 26219197                   /lib/x86_64-linux-gnu/libm-2.27.so
7efe0826a000-7efe08469000 ---p 0019d000 08:05 26219197                   /lib/x86_64-linux-gnu/libm-2.27.so
7efe08469000-7efe0846a000 r--p 0019c000 08:05 26219197                   /lib/x86_64-linux-gnu/libm-2.27.so
7efe0846a000-7efe0846b000 rw-p 0019d000 08:05 26219197                   /lib/x86_64-linux-gnu/libm-2.27.so
7efe0846b000-7efe09147000 r-xp 00000000 08:05 12847472                   /usr/lib/jvm/java-8-oracle/jre/lib/amd64/server/libjvm.so
7efe09147000-7efe09347000 ---p 00cdc000 08:05 12847472                   /usr/lib/jvm/java-8-oracle/jre/lib/amd64/server/libjvm.so
7efe09347000-7efe09421000 rw-p 00cdc000 08:05 12847472                   /usr/lib/jvm/java-8-oracle/jre/lib/amd64/server/libjvm.so
7efe09421000-7efe0946c000 rw-p 00000000 00:00 0 
7efe0946c000-7efe09653000 r-xp 00000000 08:05 26219134                   /lib/x86_64-linux-gnu/libc-2.27.so
7efe09653000-7efe09853000 ---p 001e7000 08:05 26219134                   /lib/x86_64-linux-gnu/libc-2.27.so
7efe09853000-7efe09857000 r--p 001e7000 08:05 26219134                   /lib/x86_64-linux-gnu/libc-2.27.so
7efe09857000-7efe09859000 rw-p 001eb000 08:05 26219134                   /lib/x86_64-linux-gnu/libc-2.27.so
7efe09859000-7efe0985d000 rw-p 00000000 00:00 0 
7efe0985d000-7efe09860000 r-xp 00000000 08:05 26219157                   /lib/x86_64-linux-gnu/libdl-2.27.so
7efe09860000-7efe09a5f000 ---p 00003000 08:05 26219157                   /lib/x86_64-linux-gnu/libdl-2.27.so
7efe09a5f000-7efe09a60000 r--p 00002000 08:05 26219157                   /lib/x86_64-linux-gnu/libdl-2.27.so
7efe09a60000-7efe09a61000 rw-p 00003000 08:05 26219157                   /lib/x86_64-linux-gnu/libdl-2.27.so
7efe09a61000-7efe09a77000 r-xp 00000000 08:05 12715139                   /usr/lib/jvm/java-8-oracle/lib/amd64/jli/libjli.so
7efe09a77000-7efe09c76000 ---p 00016000 08:05 12715139                   /usr/lib/jvm/java-8-oracle/lib/amd64/jli/libjli.so
7efe09c76000-7efe09c77000 rw-p 00015000 08:05 12715139                   /usr/lib/jvm/java-8-oracle/lib/amd64/jli/libjli.so
7efe09c77000-7efe09c91000 r-xp 00000000 08:05 26219267                   /lib/x86_64-linux-gnu/libpthread-2.27.so
7efe09c91000-7efe09e90000 ---p 0001a000 08:05 26219267                   /lib/x86_64-linux-gnu/libpthread-2.27.so
7efe09e90000-7efe09e91000 r--p 00019000 08:05 26219267                   /lib/x86_64-linux-gnu/libpthread-2.27.so
7efe09e91000-7efe09e92000 rw-p 0001a000 08:05 26219267                   /lib/x86_64-linux-gnu/libpthread-2.27.so
7efe09e92000-7efe09e96000 rw-p 00000000 00:00 0 
7efe09e96000-7efe09ebd000 r-xp 00000000 08:05 26219106                   /lib/x86_64-linux-gnu/ld-2.27.so
7efe09ebd000-7efe09ebf000 r--s 00000000 08:05 42074218                   /var/cache/fontconfig/6afa1bb216ce958c1589e297e8008489-le64.cache-7
7efe09ebf000-7efe09ecb000 r--s 00437000 08:05 41027588                   /home/likendero/Documentos/qt/qtjambi/qtjambi-examples-src.jar
7efe09ecb000-7efe09f9c000 rw-p 00000000 00:00 0 
7efe09f9c000-7efe09f9d000 ---p 00000000 00:00 0 
7efe09f9d000-7efe09fa0000 ---p 00000000 00:00 0 
7efe09fa0000-7efe0a09f000 rw-p 00000000 00:00 0 
7efe0a09f000-7efe0a0a1000 r--s 00000000 08:05 42077599                   /var/cache/fontconfig/62f91419b9ebdb6975e7e41ab6412357-le64.cache-7
7efe0a0a1000-7efe0a0af000 r--s 00474000 08:05 41027587                   /home/likendero/Documentos/qt/qtjambi/qtjambi-examples-4.8.7.jar
7efe0a0af000-7efe0a0b1000 r--s 00008000 08:05 41027586                   /home/likendero/Documentos/qt/qtjambi/qtjambi-designer-4.8.7.jar
7efe0a0b1000-7efe0a0b9000 rw-s 00000000 08:05 22683715                   /tmp/hsperfdata_likendero/9209
7efe0a0b9000-7efe0a0ba000 rw-p 00000000 00:00 0 
7efe0a0ba000-7efe0a0bb000 r--p 00000000 00:00 0 
7efe0a0bb000-7efe0a0bd000 rw-p 00000000 00:00 0 
7efe0a0bd000-7efe0a0be000 r--p 00027000 08:05 26219106                   /lib/x86_64-linux-gnu/ld-2.27.so
7efe0a0be000-7efe0a0bf000 rw-p 00028000 08:05 26219106                   /lib/x86_64-linux-gnu/ld-2.27.so
7efe0a0bf000-7efe0a0c0000 rw-p 00000000 00:00 0 
7ffd6e814000-7ffd6e835000 rw-p 00000000 00:00 0                          [stack]
7ffd6e85c000-7ffd6e85f000 r--p 00000000 00:00 0                          [vvar]
7ffd6e85f000-7ffd6e861000 r-xp 00000000 00:00 0                          [vdso]
ffffffffff600000-ffffffffff601000 r-xp 00000000 00:00 0                  [vsyscall]

VM Arguments:
jvm_args: -Dfile.encoding=UTF-8 
java_command: pruebaqt.PruebaQt
java_class_path (initial): /home/likendero/Documentos/qt/qtjambi/qtjambi-4.8.7.jar:/home/likendero/Documentos/qt/qtjambi/qtjambi-designer-4.8.7.jar:/home/likendero/Documentos/qt/qtjambi/qtjambi-examples-4.8.7.jar:/home/likendero/Documentos/qt/qtjambi/qtjambi-examples-src.jar:/home/likendero/Documentos/qt/qtjambi/qtjambi-native-linux64-gcc-4.8.7.jar:/home/likendero/github/entornos/pruebaQt/build/classes
Launcher Type: SUN_STANDARD

Environment Variables:
JAVA_HOME=/usr/lib/jvm/java-8-oracle
PATH=/usr/games:/home/likendero/.local/bin:/usr/local/sbin:/usr/local/bin:/usr/sbin:/usr/bin:/sbin:/bin:/usr/games:/usr/local/games:/snap/bin:/usr/lib/jvm/java-8-oracle/bin:/usr/lib/jvm/java-8-oracle/db/bin:/usr/lib/jvm/java-8-oracle/jre/bin
USERNAME=likendero
LD_LIBRARY_PATH=/usr/lib/jvm/java-8-oracle/jre/lib/amd64:/usr/lib/jvm/java-8-oracle/jre/lib/i386:
SHELL=/bin/bash
DISPLAY=:0

Signal Handlers:
SIGSEGV: [libjvm.so+0xad2a40], sa_mask[0]=11111111011111111101111111111110, sa_flags=SA_RESTART|SA_SIGINFO
SIGBUS: [libjvm.so+0xad2a40], sa_mask[0]=11111111011111111101111111111110, sa_flags=SA_RESTART|SA_SIGINFO
SIGFPE: [libjvm.so+0x92a610], sa_mask[0]=11111111011111111101111111111110, sa_flags=SA_RESTART|SA_SIGINFO
SIGPIPE: SIG_IGN, sa_mask[0]=00000000000010000000000000000000, sa_flags=SA_RESTART
SIGXFSZ: [libjvm.so+0x92a610], sa_mask[0]=11111111011111111101111111111110, sa_flags=SA_RESTART|SA_SIGINFO
SIGILL: [libjvm.so+0x92a610], sa_mask[0]=11111111011111111101111111111110, sa_flags=SA_RESTART|SA_SIGINFO
SIGUSR1: SIG_DFL, sa_mask[0]=00000000000000000000000000000000, sa_flags=none
SIGUSR2: [libjvm.so+0x92be70], sa_mask[0]=00100000000000000000000000000000, sa_flags=SA_RESTART|SA_SIGINFO
SIGHUP: [libjvm.so+0x92d270], sa_mask[0]=11111111011111111101111111111110, sa_flags=SA_RESTART|SA_SIGINFO
SIGINT: SIG_IGN, sa_mask[0]=00000000000000000000000000000000, sa_flags=none
SIGTERM: [libjvm.so+0x92d270], sa_mask[0]=11111111011111111101111111111110, sa_flags=SA_RESTART|SA_SIGINFO
SIGQUIT: [libjvm.so+0x92d270], sa_mask[0]=11111111011111111101111111111110, sa_flags=SA_RESTART|SA_SIGINFO


---------------  S Y S T E M  ---------------

OS:DISTRIB_ID=Ubuntu
DISTRIB_RELEASE=18.04
DISTRIB_CODENAME=bionic
DISTRIB_DESCRIPTION="Ubuntu 18.04.1 LTS"

uname:Linux 4.15.0-39-generic #42-Ubuntu SMP Tue Oct 23 15:48:01 UTC 2018 x86_64
libc:glibc 2.27 NPTL 2.27 
rlimit: STACK 8192k, CORE 0k, NPROC 63437, NOFILE 1048576, AS infinity
load average:0,82 0,93 0,75

/proc/meminfo:
MemTotal:       16344504 kB
MemFree:         7884424 kB
MemAvailable:   10746068 kB
Buffers:          547596 kB
Cached:          2794160 kB
SwapCached:            0 kB
Active:          5754308 kB
Inactive:        2112412 kB
Active(anon):    4530256 kB
Inactive(anon):   473700 kB
Active(file):    1224052 kB
Inactive(file):  1638712 kB
Unevictable:          40 kB
Mlocked:              40 kB
SwapTotal:       3999740 kB
SwapFree:        3999740 kB
Dirty:               924 kB
Writeback:             0 kB
AnonPages:       4525084 kB
Mapped:           891376 kB
Shmem:            478992 kB
Slab:             406276 kB
SReclaimable:     339008 kB
SUnreclaim:        67268 kB
KernelStack:       15728 kB
PageTables:        68148 kB
NFS_Unstable:          0 kB
Bounce:                0 kB
WritebackTmp:          0 kB
CommitLimit:    12171992 kB
Committed_AS:   11765628 kB
VmallocTotal:   34359738367 kB
VmallocUsed:           0 kB
VmallocChunk:          0 kB
HardwareCorrupted:     0 kB
AnonHugePages:      2048 kB
ShmemHugePages:        0 kB
ShmemPmdMapped:        0 kB
CmaTotal:              0 kB
CmaFree:               0 kB
HugePages_Total:       0
HugePages_Free:        0
HugePages_Rsvd:        0
HugePages_Surp:        0
Hugepagesize:       2048 kB
DirectMap4k:      256952 kB
DirectMap2M:     8050688 kB
DirectMap1G:     9437184 kB


CPU:total 4 (initial active 4) (2 cores per cpu, 2 threads per core) family 6 model 69 stepping 1, cmov, cx8, fxsr, mmx, sse, sse2, sse3, ssse3, sse4.1, sse4.2, popcnt, avx, avx2, aes, clmul, erms, lzcnt, ht, tsc, tscinvbit, bmi1, bmi2

/proc/cpuinfo:
processor	: 0
vendor_id	: GenuineIntel
cpu family	: 6
model		: 69
model name	: Intel(R) Core(TM) i5-4200U CPU @ 1.60GHz
stepping	: 1
microcode	: 0x24
cpu MHz		: 2166.649
cache size	: 3072 KB
physical id	: 0
siblings	: 4
core id		: 0
cpu cores	: 2
apicid		: 0
initial apicid	: 0
fpu		: yes
fpu_exception	: yes
cpuid level	: 13
wp		: yes
flags		: fpu vme de pse tsc msr pae mce cx8 apic sep mtrr pge mca cmov pat pse36 clflush dts acpi mmx fxsr sse sse2 ss ht tm pbe syscall nx pdpe1gb rdtscp lm constant_tsc arch_perfmon pebs bts rep_good nopl xtopology nonstop_tsc cpuid aperfmperf pni pclmulqdq dtes64 monitor ds_cpl vmx est tm2 ssse3 sdbg fma cx16 xtpr pdcm pcid sse4_1 sse4_2 movbe popcnt tsc_deadline_timer aes xsave avx f16c rdrand lahf_lm abm cpuid_fault epb invpcid_single pti ssbd ibrs ibpb stibp tpr_shadow vnmi flexpriority ept vpid fsgsbase tsc_adjust bmi1 avx2 smep bmi2 erms invpcid xsaveopt dtherm ida arat pln pts flush_l1d
bugs		: cpu_meltdown spectre_v1 spectre_v2 spec_store_bypass l1tf
bogomips	: 4589.12
clflush size	: 64
cache_alignment	: 64
address sizes	: 39 bits physical, 48 bits virtual
power management:

processor	: 1
vendor_id	: GenuineIntel
cpu family	: 6
model		: 69
model name	: Intel(R) Core(TM) i5-4200U CPU @ 1.60GHz
stepping	: 1
microcode	: 0x24
cpu MHz		: 2336.282
cache size	: 3072 KB
physical id	: 0
siblings	: 4
core id		: 1
cpu cores	: 2
apicid		: 2
initial apicid	: 2
fpu		: yes
fpu_exception	: yes
cpuid level	: 13
wp		: yes
flags		: fpu vme de pse tsc msr pae mce cx8 apic sep mtrr pge mca cmov pat pse36 clflush dts acpi mmx fxsr sse sse2 ss ht tm pbe syscall nx pdpe1gb rdtscp lm constant_tsc arch_perfmon pebs bts rep_good nopl xtopology nonstop_tsc cpuid aperfmperf pni pclmulqdq dtes64 monitor ds_cpl vmx est tm2 ssse3 sdbg fma cx16 xtpr pdcm pcid sse4_1 sse4_2 movbe popcnt tsc_deadline_timer aes xsave avx f16c rdrand lahf_lm abm cpuid_fault epb invpcid_single pti ssbd ibrs ibpb stibp tpr_shadow vnmi flexpriority ept vpid fsgsbase tsc_adjust bmi1 avx2 smep bmi2 erms invpcid xsaveopt dtherm ida arat pln pts flush_l1d
bugs		: cpu_meltdown spectre_v1 spectre_v2 spec_store_bypass l1tf
bogomips	: 4589.12
clflush size	: 64
cache_alignment	: 64
address sizes	: 39 bits physical, 48 bits virtual
power management:

processor	: 2
vendor_id	: GenuineIntel
cpu family	: 6
model		: 69
model name	: Intel(R) Core(TM) i5-4200U CPU @ 1.60GHz
stepping	: 1
microcode	: 0x24
cpu MHz		: 1944.920
cache size	: 3072 KB
physical id	: 0
siblings	: 4
core id		: 0
cpu cores	: 2
apicid		: 1
initial apicid	: 1
fpu		: yes
fpu_exception	: yes
cpuid level	: 13
wp		: yes
flags		: fpu vme de pse tsc msr pae mce cx8 apic sep mtrr pge mca cmov pat pse36 clflush dts acpi mmx fxsr sse sse2 ss ht tm pbe syscall nx pdpe1gb rdtscp lm constant_tsc arch_perfmon pebs bts rep_good nopl xtopology nonstop_tsc cpuid aperfmperf pni pclmulqdq dtes64 monitor ds_cpl vmx est tm2 ssse3 sdbg fma cx16 xtpr pdcm pcid sse4_1 sse4_2 movbe popcnt tsc_deadline_timer aes xsave avx f16c rdrand lahf_lm abm cpuid_fault epb invpcid_single pti ssbd ibrs ibpb stibp tpr_shadow vnmi flexpriority ept vpid fsgsbase tsc_adjust bmi1 avx2 smep bmi2 erms invpcid xsaveopt dtherm ida arat pln pts flush_l1d
bugs		: cpu_meltdown spectre_v1 spectre_v2 spec_store_bypass l1tf
bogomips	: 4589.12
clflush size	: 64
cache_alignment	: 64
address sizes	: 39 bits physical, 48 bits virtual
power management:

processor	: 3
vendor_id	: GenuineIntel
cpu family	: 6
model		: 69
model name	: Intel(R) Core(TM) i5-4200U CPU @ 1.60GHz
stepping	: 1
microcode	: 0x24
cpu MHz		: 2395.896
cache size	: 3072 KB
physical id	: 0
siblings	: 4
core id		: 1
cpu cores	: 2
apicid		: 3
initial apicid	: 3
fpu		: yes
fpu_exception	: yes
cpuid level	: 13
wp		: yes
flags		: fpu vme de pse tsc msr pae mce cx8 apic sep mtrr pge mca cmov pat pse36 clflush dts acpi mmx fxsr sse sse2 ss ht tm pbe syscall nx pdpe1gb rdtscp lm constant_tsc arch_perfmon pebs bts rep_good nopl xtopology nonstop_tsc cpuid aperfmperf pni pclmulqdq dtes64 monitor ds_cpl vmx est tm2 ssse3 sdbg fma cx16 xtpr pdcm pcid sse4_1 sse4_2 movbe popcnt tsc_deadline_timer aes xsave avx f16c rdrand lahf_lm abm cpuid_fault epb invpcid_single pti ssbd ibrs ibpb stibp tpr_shadow vnmi flexpriority ept vpid fsgsbase tsc_adjust bmi1 avx2 smep bmi2 erms invpcid xsaveopt dtherm ida arat pln pts flush_l1d
bugs		: cpu_meltdown spectre_v1 spectre_v2 spec_store_bypass l1tf
bogomips	: 4589.12
clflush size	: 64
cache_alignment	: 64
address sizes	: 39 bits physical, 48 bits virtual
power management:



Memory: 4k page, physical 16344504k(7884424k free), swap 3999740k(3999740k free)

vm_info: Java HotSpot(TM) 64-Bit Server VM (25.181-b13) for linux-amd64 JRE (1.8.0_181-b13), built on Jul  7 2018 00:56:38 by "java_re" with gcc 4.3.0 20080428 (Red Hat 4.3.0-8)

time: Mon Dec  3 14:02:01 2018
elapsed time: 96 seconds (0d 0h 1m 36s)

