#
# A fatal error has been detected by the Java Runtime Environment:
#
#  SIGSEGV (0xb) at pc=0x00007f8d76a17a2a, pid=29959, tid=0x00007f8d7cbaa700
#
# JRE version: Java(TM) SE Runtime Environment (8.0_181-b13) (build 1.8.0_181-b13)
# Java VM: Java HotSpot(TM) 64-Bit Server VM (25.181-b13 mixed mode linux-amd64 compressed oops)
# Problematic frame:
# C  [libQtGui.so.4+0x4f8a2a]  QFontEngineX11FT::freeServerGlyphSet(unsigned long)+0x1a
#
# Failed to write core dump. Core dumps have been disabled. To enable core dumping, try "ulimit -c unlimited" before starting Java again
#
# If you would like to submit a bug report, please visit:
#   http://bugreport.java.com/bugreport/crash.jsp
# The crash happened outside the Java Virtual Machine in native code.
# See problematic frame for where to report the bug.
#

---------------  T H R E A D  ---------------

Current thread (0x00007f8d2c462800):  JavaThread "Secondary finalizer" [_thread_in_native, id=30021, stack(0x00007f8d7caaa000,0x00007f8d7cbab000)]

siginfo: si_signo: 11 (SIGSEGV), si_code: 1 (SEGV_MAPERR), si_addr: 0x0000000000000010

Registers:
RAX=0x0000000000000000, RBX=0x0000000000000000, RCX=0x00007f8d2c8175e0, RDX=0x0000000000000000
RSP=0x00007f8d7cba9208, RBP=0x00007f8d2c816a00, RSI=0x0000000005a00012, RDI=0x00007f8d2c816a00
R8 =0x0000000000000000, R9 =0x0000000000000006, R10=0x0000000000000006, R11=0x00007f8d9c4d3a20
R12=0x00007f8d2c764290, R13=0x00007f8d2c7643a8, R14=0x00007f8d2c7a50f0, R15=0x0000000000000000
RIP=0x00007f8d76a17a2a, EFLAGS=0x0000000000010206, CSGSFS=0x002b000000000033, ERR=0x0000000000000004
  TRAPNO=0x000000000000000e

Top of Stack: (sp=0x00007f8d7cba9208)
0x00007f8d7cba9208:   00007f8d76a1eadb 0000000000000000
0x00007f8d7cba9218:   00007f8d2c816a00 00007f8d2c8162b0
0x00007f8d7cba9228:   00007f8d76a1797c 00007f8d2c7643a8
0x00007f8d7cba9238:   00007f8d2c816a00 00007f8d2c8162b0
0x00007f8d7cba9248:   00007f8d76a179a9 0000000000000000
0x00007f8d7cba9258:   00007f8d76953846 0000000000000000
0x00007f8d7cba9268:   00007f8d2c8162b0 0000000000000000
0x00007f8d7cba9278:   00007f8d76a18f39 00007f8d2c763ec0
0x00007f8d7cba9288:   00007f8d7697df76 00007f8d2c763ec0
0x00007f8d7cba9298:   00007f8d7697f54d 00007f8d2c763ec0
0x00007f8d7cba92a8:   0000000000000001 00007f8d2c764290
0x00007f8d7cba92b8:   00007f8d769895b5 00007f8d2c764ce8
0x00007f8d7cba92c8:   00007f8d769ae623 00007f8d2c766730
0x00007f8d7cba92d8:   00007f8d00000000 00007f8d2c766750
0x00007f8d7cba92e8:   00007f8d2c766750 00007f8d2c764290
0x00007f8d7cba92f8:   00007f8d2c7a4ad0 00007f8d7cba9368
0x00007f8d7cba9308:   00007f8d2c640030 00007f8d2c647350
0x00007f8d7cba9318:   00007f8d769aea99 0000000000000000
0x00007f8d7cba9328:   00007f8d7c659ca5 000000000000000b
0x00007f8d7cba9338:   00007f8d2c764290 0000000b2c646790
0x00007f8d7cba9348:   00007f8d2c764270 00007f8d2c640031
0x00007f8d7cba9358:   0000000000000001 00007f8d2c32b0b0
0x00007f8d7cba9368:   0000000000000000 00007f8d2c646790
0x00007f8d7cba9378:   00007f8d2c764270 00007f8d2c764100
0x00007f8d7cba9388:   00007f8d2c764118 0000000000000001
0x00007f8d7cba9398:   00007f8d2c74df00 0000000000000000
0x00007f8d7cba93a8:   00007f8d7699dfe9 0000000000000000
0x00007f8d7cba93b8:   00007f8d7c657a98 00007f8d2c646880
0x00007f8d7cba93c8:   00007f8d2c4d7af0 00007f8d2c765fb0
0x00007f8d7cba93d8:   00007f8d7cba9428 00007f8d2c73ea40
0x00007f8d7cba93e8:   00007f8d7c659c6f 0000000000000011
0x00007f8d7cba93f8:   00007f8d2c764100 00000011000000b8 

Instructions: (pc=0x00007f8d76a17a2a)
0x00007f8d76a17a0a:   84 00 00 00 00 00 48 85 f6 75 0b f3 c3 66 0f 1f
0x00007f8d76a17a1a:   84 00 00 00 00 00 48 8b 05 e9 34 7f 00 48 8b 00
0x00007f8d76a17a2a:   48 8b 78 10 e9 bd 9a ce ff 90 66 66 66 2e 0f 1f
0x00007f8d76a17a3a:   84 00 00 00 00 00 55 53 48 83 ec 28 0f b6 af b4 

Register to memory mapping:

RAX=0x0000000000000000 is an unknown value
RBX=0x0000000000000000 is an unknown value
RCX=0x00007f8d2c8175e0 is an unknown value
RDX=0x0000000000000000 is an unknown value
RSP=0x00007f8d7cba9208 is pointing into the stack for thread: 0x00007f8d2c462800
RBP=0x00007f8d2c816a00 is an unknown value
RSI=0x0000000005a00012 is an unknown value
RDI=0x00007f8d2c816a00 is an unknown value
R8 =0x0000000000000000 is an unknown value
R9 =0x0000000000000006 is an unknown value
R10=0x0000000000000006 is an unknown value
R11=0x00007f8d9c4d3a20: <offset 0x696a20> in /usr/lib/jvm/java-8-oracle/jre/lib/amd64/server/libjvm.so at 0x00007f8d9be3d000
R12=0x00007f8d2c764290 is an unknown value
R13=0x00007f8d2c7643a8 is an unknown value
R14=0x00007f8d2c7a50f0 is an unknown value
R15=0x0000000000000000 is an unknown value


Stack: [0x00007f8d7caaa000,0x00007f8d7cbab000],  sp=0x00007f8d7cba9208,  free space=1020k
Native frames: (J=compiled Java code, j=interpreted, Vv=VM code, C=native code)
C  [libQtGui.so.4+0x4f8a2a]  QFontEngineX11FT::freeServerGlyphSet(unsigned long)+0x1a

Java frames: (J=compiled Java code, j=interpreted, Vv=VM code)
J 718  com.trolltech.qt.internal.QtJambiObject.finalize()V (0 bytes) @ 0x00007f8d852ff938 [0x00007f8d852ff900+0x38]
J 705 C1 java.lang.ref.Finalizer.runFinalizer(Lsun/misc/JavaLangAccess;)V (62 bytes) @ 0x00007f8d852eddd4 [0x00007f8d852ed840+0x594]
J 704 C1 java.lang.ref.Finalizer.access$100(Ljava/lang/ref/Finalizer;Lsun/misc/JavaLangAccess;)V (6 bytes) @ 0x00007f8d852ee51c [0x00007f8d852ee4c0+0x5c]
j  java.lang.ref.Finalizer$2.run()V+36
j  java.lang.Thread.run()V+11
v  ~StubRoutines::call_stub

---------------  P R O C E S S  ---------------

Java Threads: ( => current thread )
=>0x00007f8d2c462800 JavaThread "Secondary finalizer" [_thread_in_native, id=30021, stack(0x00007f8d7caaa000,0x00007f8d7cbab000)]
  0x00007f8d94279800 JavaThread "qtjambi-com.trolltech.qt.QtJambi_LibraryShutdown" [_thread_blocked, id=30019, stack(0x00007f8d7c9a9000,0x00007f8d7caaa000)]
  0x00007f8d2c09e800 JavaThread "qtjambi-com.trolltech.qt.QThreadManager$NativeResourcesReleaseThread" daemon [_thread_blocked, id=29982, stack(0x00007f8d77614000,0x00007f8d77715000)]
  0x00007f8d9400b000 JavaThread "DestroyJavaVM" [_thread_blocked, id=29963, stack(0x00007f8d9d96f000,0x00007f8d9da6f000)]
  0x00007f8d94277000 JavaThread "AWT-XAWT" daemon [_thread_in_native, id=29979, stack(0x00007f8d7cbab000,0x00007f8d7ccac000)]
  0x00007f8d94255000 JavaThread "Java2D Disposer" daemon [_thread_blocked, id=29978, stack(0x00007f8d7d0bc000,0x00007f8d7d1bd000)]
  0x00007f8d940ca000 JavaThread "Service Thread" daemon [_thread_blocked, id=29976, stack(0x00007f8d7f02b000,0x00007f8d7f12c000)]
  0x00007f8d940bf000 JavaThread "C1 CompilerThread2" daemon [_thread_blocked, id=29975, stack(0x00007f8d7f12d000,0x00007f8d7f22d000)]
  0x00007f8d940bd000 JavaThread "C2 CompilerThread1" daemon [_thread_blocked, id=29974, stack(0x00007f8d7f22e000,0x00007f8d7f32e000)]
  0x00007f8d940ba000 JavaThread "C2 CompilerThread0" daemon [_thread_blocked, id=29973, stack(0x00007f8d7f32f000,0x00007f8d7f42f000)]
  0x00007f8d940b8800 JavaThread "Signal Dispatcher" daemon [_thread_blocked, id=29972, stack(0x00007f8d7f42f000,0x00007f8d7f530000)]
  0x00007f8d94085800 JavaThread "Finalizer" daemon [_thread_in_native, id=29971, stack(0x00007f8d7feff000,0x00007f8d80000000)]
  0x00007f8d94083000 JavaThread "Reference Handler" daemon [_thread_blocked, id=29970, stack(0x00007f8d840f1000,0x00007f8d841f2000)]

Other Threads:
  0x00007f8d94079800 VMThread [stack: 0x00007f8d841f3000,0x00007f8d842f3000] [id=29969]
  0x00007f8d940cf000 WatcherThread [stack: 0x00007f8d7ef2b000,0x00007f8d7f02b000] [id=29977]

VM state:not at safepoint (normal execution)

VM Mutex/Monitor currently owned by a thread: None

Heap:
 PSYoungGen      total 74752K, used 0K [0x000000076cd80000, 0x0000000772080000, 0x00000007c0000000)
  eden space 64512K, 0% used [0x000000076cd80000,0x000000076cd801d0,0x0000000770c80000)
  from space 10240K, 0% used [0x0000000771680000,0x0000000771680000,0x0000000772080000)
  to   space 10240K, 0% used [0x0000000770c80000,0x0000000770c80000,0x0000000771680000)
 ParOldGen       total 171008K, used 2534K [0x00000006c6800000, 0x00000006d0f00000, 0x000000076cd80000)
  object space 171008K, 1% used [0x00000006c6800000,0x00000006c6a79810,0x00000006d0f00000)
 Metaspace       used 12202K, capacity 12364K, committed 12672K, reserved 1060864K
  class space    used 1259K, capacity 1310K, committed 1408K, reserved 1048576K

Card table byte_map: [0x00007f8d99e71000,0x00007f8d9a63e000] byte_map_base: 0x00007f8d9683d000

Marking Bits: (ParMarkBitMap*) 0x00007f8d9ce110a0
 Begin Bits: [0x00007f8d60340000, 0x00007f8d641a0000)
 End Bits:   [0x00007f8d641a0000, 0x00007f8d68000000)

Polling page: 0x00007f8d9da8c000

CodeCache: size=245760Kb used=3063Kb max_used=3063Kb free=242696Kb
 bounds [0x00007f8d85000000, 0x00007f8d85300000, 0x00007f8d94000000]
 total_blobs=1196 nmethods=718 adapters=392
 compilation: enabled

Compilation events (10 events):
Event: 36,117 Thread 0x00007f8d940bf000  712   !   3       java.lang.ClassLoader::getPackage (118 bytes)
Event: 36,118 Thread 0x00007f8d940bf000 nmethod 712 0x00007f8d852fc110 code [0x00007f8d852fc320, 0x00007f8d852fd078]
Event: 36,120 Thread 0x00007f8d940bf000  714   !   3       java.util.zip.Inflater::setInput (74 bytes)
Event: 36,120 Thread 0x00007f8d940bf000 nmethod 714 0x00007f8d852fe1d0 code [0x00007f8d852fe360, 0x00007f8d852fe8d8]
Event: 36,120 Thread 0x00007f8d940bf000  715       3       java.lang.Integer::valueOf (32 bytes)
Event: 36,121 Thread 0x00007f8d940bf000 nmethod 715 0x00007f8d852fead0 code [0x00007f8d852fec60, 0x00007f8d852fefb0]
Event: 36,121 Thread 0x00007f8d940bf000  717       3       java.lang.reflect.Modifier::isFinal (13 bytes)
Event: 36,121 Thread 0x00007f8d940bf000 nmethod 717 0x00007f8d852ff150 code [0x00007f8d852ff2c0, 0x00007f8d852ff450]
Event: 36,121 Thread 0x00007f8d940bf000  716       1       java.lang.Integer::intValue (5 bytes)
Event: 36,121 Thread 0x00007f8d940bf000 nmethod 716 0x00007f8d852ff4d0 code [0x00007f8d852ff620, 0x00007f8d852ff730]

GC Heap History (8 events):
Event: 35,055 GC heap before
{Heap before GC invocations=1 (full 0):
 PSYoungGen      total 74752K, used 59370K [0x000000076cd80000, 0x0000000772080000, 0x00000007c0000000)
  eden space 64512K, 92% used [0x000000076cd80000,0x000000077077abc0,0x0000000770c80000)
  from space 10240K, 0% used [0x0000000771680000,0x0000000771680000,0x0000000772080000)
  to   space 10240K, 0% used [0x0000000770c80000,0x0000000770c80000,0x0000000771680000)
 ParOldGen       total 171008K, used 0K [0x00000006c6800000, 0x00000006d0f00000, 0x000000076cd80000)
  object space 171008K, 0% used [0x00000006c6800000,0x00000006c6800000,0x00000006d0f00000)
 Metaspace       used 12036K, capacity 12236K, committed 12416K, reserved 1060864K
  class space    used 1244K, capacity 1310K, committed 1408K, reserved 1048576K
Event: 35,063 GC heap after
Heap after GC invocations=1 (full 0):
 PSYoungGen      total 74752K, used 5107K [0x000000076cd80000, 0x0000000772080000, 0x00000007c0000000)
  eden space 64512K, 0% used [0x000000076cd80000,0x000000076cd80000,0x0000000770c80000)
  from space 10240K, 49% used [0x0000000770c80000,0x000000077117cc70,0x0000000771680000)
  to   space 10240K, 0% used [0x0000000771680000,0x0000000771680000,0x0000000772080000)
 ParOldGen       total 171008K, used 80K [0x00000006c6800000, 0x00000006d0f00000, 0x000000076cd80000)
  object space 171008K, 0% used [0x00000006c6800000,0x00000006c6814010,0x00000006d0f00000)
 Metaspace       used 12036K, capacity 12236K, committed 12416K, reserved 1060864K
  class space    used 1244K, capacity 1310K, committed 1408K, reserved 1048576K
}
Event: 35,063 GC heap before
{Heap before GC invocations=2 (full 1):
 PSYoungGen      total 74752K, used 5107K [0x000000076cd80000, 0x0000000772080000, 0x00000007c0000000)
  eden space 64512K, 0% used [0x000000076cd80000,0x000000076cd80000,0x0000000770c80000)
  from space 10240K, 49% used [0x0000000770c80000,0x000000077117cc70,0x0000000771680000)
  to   space 10240K, 0% used [0x0000000771680000,0x0000000771680000,0x0000000772080000)
 ParOldGen       total 171008K, used 80K [0x00000006c6800000, 0x00000006d0f00000, 0x000000076cd80000)
  object space 171008K, 0% used [0x00000006c6800000,0x00000006c6814010,0x00000006d0f00000)
 Metaspace       used 12036K, capacity 12236K, committed 12416K, reserved 1060864K
  class space    used 1244K, capacity 1310K, committed 1408K, reserved 1048576K
Event: 35,093 GC heap after
Heap after GC invocations=2 (full 1):
 PSYoungGen      total 74752K, used 0K [0x000000076cd80000, 0x0000000772080000, 0x00000007c0000000)
  eden space 64512K, 0% used [0x000000076cd80000,0x000000076cd80000,0x0000000770c80000)
  from space 10240K, 0% used [0x0000000770c80000,0x0000000770c80000,0x0000000771680000)
  to   space 10240K, 0% used [0x0000000771680000,0x0000000771680000,0x0000000772080000)
 ParOldGen       total 171008K, used 4894K [0x00000006c6800000, 0x00000006d0f00000, 0x000000076cd80000)
  object space 171008K, 2% used [0x00000006c6800000,0x00000006c6cc7ab8,0x00000006d0f00000)
 Metaspace       used 12036K, capacity 12236K, committed 12416K, reserved 1060864K
  class space    used 1244K, capacity 1310K, committed 1408K, reserved 1048576K
}
Event: 36,122 GC heap before
{Heap before GC invocations=3 (full 1):
 PSYoungGen      total 74752K, used 5694K [0x000000076cd80000, 0x0000000772080000, 0x00000007c0000000)
  eden space 64512K, 8% used [0x000000076cd80000,0x000000076d30f868,0x0000000770c80000)
  from space 10240K, 0% used [0x0000000770c80000,0x0000000770c80000,0x0000000771680000)
  to   space 10240K, 0% used [0x0000000771680000,0x0000000771680000,0x0000000772080000)
 ParOldGen       total 171008K, used 4894K [0x00000006c6800000, 0x00000006d0f00000, 0x000000076cd80000)
  object space 171008K, 2% used [0x00000006c6800000,0x00000006c6cc7ab8,0x00000006d0f00000)
 Metaspace       used 12202K, capacity 12364K, committed 12672K, reserved 1060864K
  class space    used 1259K, capacity 1310K, committed 1408K, reserved 1048576K
Event: 36,123 GC heap after
Heap after GC invocations=3 (full 1):
 PSYoungGen      total 74752K, used 182K [0x000000076cd80000, 0x0000000772080000, 0x00000007c0000000)
  eden space 64512K, 0% used [0x000000076cd80000,0x000000076cd80000,0x0000000770c80000)
  from space 10240K, 1% used [0x0000000771680000,0x00000007716ad810,0x0000000772080000)
  to   space 10240K, 0% used [0x0000000770c80000,0x0000000770c80000,0x0000000771680000)
 ParOldGen       total 171008K, used 4902K [0x00000006c6800000, 0x00000006d0f00000, 0x000000076cd80000)
  object space 171008K, 2% used [0x00000006c6800000,0x00000006c6cc9ab8,0x00000006d0f00000)
 Metaspace       used 12202K, capacity 12364K, committed 12672K, reserved 1060864K
  class space    used 1259K, capacity 1310K, committed 1408K, reserved 1048576K
}
Event: 36,123 GC heap before
{Heap before GC invocations=4 (full 2):
 PSYoungGen      total 74752K, used 182K [0x000000076cd80000, 0x0000000772080000, 0x00000007c0000000)
  eden space 64512K, 0% used [0x000000076cd80000,0x000000076cd80000,0x0000000770c80000)
  from space 10240K, 1% used [0x0000000771680000,0x00000007716ad810,0x0000000772080000)
  to   space 10240K, 0% used [0x0000000770c80000,0x0000000770c80000,0x0000000771680000)
 ParOldGen       total 171008K, used 4902K [0x00000006c6800000, 0x00000006d0f00000, 0x000000076cd80000)
  object space 171008K, 2% used [0x00000006c6800000,0x00000006c6cc9ab8,0x00000006d0f00000)
 Metaspace       used 12202K, capacity 12364K, committed 12672K, reserved 1060864K
  class space    used 1259K, capacity 1310K, committed 1408K, reserved 1048576K
Event: 36,158 GC heap after
Heap after GC invocations=4 (full 2):
 PSYoungGen      total 74752K, used 0K [0x000000076cd80000, 0x0000000772080000, 0x00000007c0000000)
  eden space 64512K, 0% used [0x000000076cd80000,0x000000076cd80000,0x0000000770c80000)
  from space 10240K, 0% used [0x0000000771680000,0x0000000771680000,0x0000000772080000)
  to   space 10240K, 0% used [0x0000000770c80000,0x0000000770c80000,0x0000000771680000)
 ParOldGen       total 171008K, used 2534K [0x00000006c6800000, 0x00000006d0f00000, 0x000000076cd80000)
  object space 171008K, 1% used [0x00000006c6800000,0x00000006c6a79810,0x00000006d0f00000)
 Metaspace       used 12202K, capacity 12364K, committed 12672K, reserved 1060864K
  class space    used 1259K, capacity 1310K, committed 1408K, reserved 1048576K
}

Deoptimization events (2 events):
Event: 1,976 Thread 0x00007f8d9427b000 Uncommon trap: reason=range_check action=make_not_entrant pc=0x00007f8d851f4808 method=sun.reflect.generics.parser.SignatureParser.current()C @ 34
Event: 30,701 Thread 0x00007f8d9427b000 Uncommon trap: reason=null_check action=make_not_entrant pc=0x00007f8d852b92bc method=com.trolltech.qt.internal.QtJambiInternal.isSignal(Ljava/lang/Class;)Z @ 3

Classes redefined (0 events):
No events

Internal exceptions (10 events):
Event: 30,699 Thread 0x00007f8d9427b000 Exception <a 'java/lang/NoSuchFieldError': columnsAboutToBeInserted> (0x0000000770362fb0) thrown at [/HUDSON/workspace/8-2-build-linux-amd64/jdk8u181/11358/hotspot/src/share/vm/prims/jni.cpp, line 2599]
Event: 30,699 Thread 0x00007f8d9427b000 Exception <a 'java/lang/NoSuchFieldError': columnsAboutToBeRemoved> (0x00000007703633f8) thrown at [/HUDSON/workspace/8-2-build-linux-amd64/jdk8u181/11358/hotspot/src/share/vm/prims/jni.cpp, line 2599]
Event: 30,699 Thread 0x00007f8d9427b000 Exception <a 'java/lang/NoSuchFieldError': columnsInserted> (0x0000000770363830) thrown at [/HUDSON/workspace/8-2-build-linux-amd64/jdk8u181/11358/hotspot/src/share/vm/prims/jni.cpp, line 2599]
Event: 30,699 Thread 0x00007f8d9427b000 Exception <a 'java/lang/NoSuchFieldError': columnsRemoved> (0x0000000770363c68) thrown at [/HUDSON/workspace/8-2-build-linux-amd64/jdk8u181/11358/hotspot/src/share/vm/prims/jni.cpp, line 2599]
Event: 30,699 Thread 0x00007f8d9427b000 Exception <a 'java/lang/NoSuchFieldError': modelAboutToBeReset> (0x00000007703640a8) thrown at [/HUDSON/workspace/8-2-build-linux-amd64/jdk8u181/11358/hotspot/src/share/vm/prims/jni.cpp, line 2599]
Event: 30,699 Thread 0x00007f8d9427b000 Exception <a 'java/lang/NoSuchFieldError': modelReset> (0x00000007703644d8) thrown at [/HUDSON/workspace/8-2-build-linux-amd64/jdk8u181/11358/hotspot/src/share/vm/prims/jni.cpp, line 2599]
Event: 30,699 Thread 0x00007f8d9427b000 Exception <a 'java/lang/NoSuchFieldError': rowsAboutToBeInserted> (0x0000000770364920) thrown at [/HUDSON/workspace/8-2-build-linux-amd64/jdk8u181/11358/hotspot/src/share/vm/prims/jni.cpp, line 2599]
Event: 30,699 Thread 0x00007f8d9427b000 Exception <a 'java/lang/NoSuchFieldError': rowsAboutToBeRemoved> (0x0000000770364d60) thrown at [/HUDSON/workspace/8-2-build-linux-amd64/jdk8u181/11358/hotspot/src/share/vm/prims/jni.cpp, line 2599]
Event: 30,699 Thread 0x00007f8d9427b000 Exception <a 'java/lang/NoSuchFieldError': rowsInserted> (0x0000000770365190) thrown at [/HUDSON/workspace/8-2-build-linux-amd64/jdk8u181/11358/hotspot/src/share/vm/prims/jni.cpp, line 2599]
Event: 30,699 Thread 0x00007f8d9427b000 Exception <a 'java/lang/NoSuchFieldError': rowsRemoved> (0x00000007703655c0) thrown at [/HUDSON/workspace/8-2-build-linux-amd64/jdk8u181/11358/hotspot/src/share/vm/prims/jni.cpp, line 2599]

Events (10 events):
Event: 36,117 loading class sun/reflect/UnsafeIntegerFieldAccessorImpl done
Event: 36,117 loading class com/trolltech/qt/gui/QColor
Event: 36,117 loading class com/trolltech/qt/gui/QColor done
Event: 36,119 loading class com/trolltech/qt/core/Qt$GlobalColor
Event: 36,119 loading class com/trolltech/qt/core/Qt$GlobalColor done
Event: 36,121 loading class com/trolltech/qt/gui/QBrush
Event: 36,121 loading class com/trolltech/qt/gui/QBrush done
Event: 36,122 Executing VM operation: ParallelGCSystemGC
Event: 36,158 Executing VM operation: ParallelGCSystemGC done
Event: 36,158 Thread 0x00007f8d2c462800 Thread added: 0x00007f8d2c462800


Dynamic libraries:
00400000-00401000 r-xp 00000000 08:05 12321212                           /usr/lib/jvm/java-8-oracle/bin/java
00600000-00601000 rw-p 00000000 08:05 12321212                           /usr/lib/jvm/java-8-oracle/bin/java
01558000-01579000 rw-p 00000000 00:00 0                                  [heap]
6c6800000-6d0f00000 rw-p 00000000 00:00 0 
6d0f00000-76cd80000 ---p 00000000 00:00 0 
76cd80000-772080000 rw-p 00000000 00:00 0 
772080000-7c0000000 ---p 00000000 00:00 0 
7c0000000-7c0160000 rw-p 00000000 00:00 0 
7c0160000-800000000 ---p 00000000 00:00 0 
7f8d0c000000-7f8d0c021000 rw-p 00000000 00:00 0 
7f8d0c021000-7f8d10000000 ---p 00000000 00:00 0 
7f8d14000000-7f8d14021000 rw-p 00000000 00:00 0 
7f8d14021000-7f8d18000000 ---p 00000000 00:00 0 
7f8d18000000-7f8d18021000 rw-p 00000000 00:00 0 
7f8d18021000-7f8d1c000000 ---p 00000000 00:00 0 
7f8d1dce7000-7f8d1dcea000 ---p 00000000 00:00 0 
7f8d1dcea000-7f8d1dde8000 rw-p 00000000 00:00 0 
7f8d1dde8000-7f8d1df6c000 rw-s 00000000 00:05 43286559                   /SYSV00000000 (deleted)
7f8d1df6c000-7f8d1dfd0000 r-xp 00000000 08:05 22813190                   /tmp/QtJambi_likendero_amd64_4.8.7_gcc-20150613-2146/plugins/imageformats/libqtiff.so
7f8d1dfd0000-7f8d1e1cf000 ---p 00064000 08:05 22813190                   /tmp/QtJambi_likendero_amd64_4.8.7_gcc-20150613-2146/plugins/imageformats/libqtiff.so
7f8d1e1cf000-7f8d1e1d0000 r--p 00063000 08:05 22813190                   /tmp/QtJambi_likendero_amd64_4.8.7_gcc-20150613-2146/plugins/imageformats/libqtiff.so
7f8d1e1d0000-7f8d1e1d3000 rw-p 00064000 08:05 22813190                   /tmp/QtJambi_likendero_amd64_4.8.7_gcc-20150613-2146/plugins/imageformats/libqtiff.so
7f8d1e1d3000-7f8d1e22a000 r-xp 00000000 08:05 22813188                   /tmp/QtJambi_likendero_amd64_4.8.7_gcc-20150613-2146/plugins/imageformats/libqmng.so
7f8d1e22a000-7f8d1e42a000 ---p 00057000 08:05 22813188                   /tmp/QtJambi_likendero_amd64_4.8.7_gcc-20150613-2146/plugins/imageformats/libqmng.so
7f8d1e42a000-7f8d1e42c000 r--p 00057000 08:05 22813188                   /tmp/QtJambi_likendero_amd64_4.8.7_gcc-20150613-2146/plugins/imageformats/libqmng.so
7f8d1e42c000-7f8d1e42d000 rw-p 00059000 08:05 22813188                   /tmp/QtJambi_likendero_amd64_4.8.7_gcc-20150613-2146/plugins/imageformats/libqmng.so
7f8d1e42d000-7f8d1e434000 r-xp 00000000 08:05 22813186                   /tmp/QtJambi_likendero_amd64_4.8.7_gcc-20150613-2146/plugins/imageformats/libqico.so
7f8d1e434000-7f8d1e633000 ---p 00007000 08:05 22813186                   /tmp/QtJambi_likendero_amd64_4.8.7_gcc-20150613-2146/plugins/imageformats/libqico.so
7f8d1e633000-7f8d1e634000 r--p 00006000 08:05 22813186                   /tmp/QtJambi_likendero_amd64_4.8.7_gcc-20150613-2146/plugins/imageformats/libqico.so
7f8d1e634000-7f8d1e635000 rw-p 00007000 08:05 22813186                   /tmp/QtJambi_likendero_amd64_4.8.7_gcc-20150613-2146/plugins/imageformats/libqico.so
7f8d1e635000-7f8d1e63c000 r-xp 00000000 08:05 22813185                   /tmp/QtJambi_likendero_amd64_4.8.7_gcc-20150613-2146/plugins/imageformats/libqgif.so
7f8d1e63c000-7f8d1e83b000 ---p 00007000 08:05 22813185                   /tmp/QtJambi_likendero_amd64_4.8.7_gcc-20150613-2146/plugins/imageformats/libqgif.so
7f8d1e83b000-7f8d1e83c000 r--p 00006000 08:05 22813185                   /tmp/QtJambi_likendero_amd64_4.8.7_gcc-20150613-2146/plugins/imageformats/libqgif.so
7f8d1e83c000-7f8d1e83d000 rw-p 00007000 08:05 22813185                   /tmp/QtJambi_likendero_amd64_4.8.7_gcc-20150613-2146/plugins/imageformats/libqgif.so
7f8d1e83d000-7f8d1e9c1000 rw-s 00000000 00:05 43155485                   /SYSV00000000 (deleted)
7f8d1e9c1000-7f8d1eac1000 rw-p 00000000 00:00 0 
7f8d1eac1000-7f8d1ebc1000 ---p 00000000 00:00 0 
7f8d1ebc1000-7f8d1edc1000 rw-p 00000000 00:00 0 
7f8d1edc1000-7f8d1edfd000 r-xp 00000000 08:05 22813187                   /tmp/QtJambi_likendero_amd64_4.8.7_gcc-20150613-2146/plugins/imageformats/libqjpeg.so
7f8d1edfd000-7f8d1effc000 ---p 0003c000 08:05 22813187                   /tmp/QtJambi_likendero_amd64_4.8.7_gcc-20150613-2146/plugins/imageformats/libqjpeg.so
7f8d1effc000-7f8d1effd000 r--p 0003b000 08:05 22813187                   /tmp/QtJambi_likendero_amd64_4.8.7_gcc-20150613-2146/plugins/imageformats/libqjpeg.so
7f8d1effd000-7f8d1effe000 rw-p 0003c000 08:05 22813187                   /tmp/QtJambi_likendero_amd64_4.8.7_gcc-20150613-2146/plugins/imageformats/libqjpeg.so
7f8d1effe000-7f8d1efff000 ---p 00000000 00:00 0 
7f8d1efff000-7f8d1f7ff000 rw-p 00000000 00:00 0 
7f8d1f7ff000-7f8d1f800000 ---p 00000000 00:00 0 
7f8d1f800000-7f8d20000000 rw-p 00000000 00:00 0 
7f8d20000000-7f8d20021000 rw-p 00000000 00:00 0 
7f8d20021000-7f8d24000000 ---p 00000000 00:00 0 
7f8d240cc000-7f8d240d1000 r-xp 00000000 08:05 12455167                   /usr/lib/x86_64-linux-gnu/gdk-pixbuf-2.0/2.10.0/loaders/libpixbufloader-png.so
7f8d240d1000-7f8d242d0000 ---p 00005000 08:05 12455167                   /usr/lib/x86_64-linux-gnu/gdk-pixbuf-2.0/2.10.0/loaders/libpixbufloader-png.so
7f8d242d0000-7f8d242d1000 r--p 00004000 08:05 12455167                   /usr/lib/x86_64-linux-gnu/gdk-pixbuf-2.0/2.10.0/loaders/libpixbufloader-png.so
7f8d242d1000-7f8d242d2000 rw-p 00005000 08:05 12455167                   /usr/lib/x86_64-linux-gnu/gdk-pixbuf-2.0/2.10.0/loaders/libpixbufloader-png.so
7f8d242d2000-7f8d242d3000 ---p 00000000 00:00 0 
7f8d242d3000-7f8d24ad3000 rw-p 00000000 00:00 0 
7f8d24ad3000-7f8d24ad4000 ---p 00000000 00:00 0 
7f8d24ad4000-7f8d252d4000 rw-p 00000000 00:00 0 
7f8d252d4000-7f8d2530a000 r-xp 00000000 08:05 12455899                   /usr/lib/x86_64-linux-gnu/gvfs/libgvfscommon.so
7f8d2530a000-7f8d2550a000 ---p 00036000 08:05 12455899                   /usr/lib/x86_64-linux-gnu/gvfs/libgvfscommon.so
7f8d2550a000-7f8d25510000 r--p 00036000 08:05 12455899                   /usr/lib/x86_64-linux-gnu/gvfs/libgvfscommon.so
7f8d25510000-7f8d25511000 rw-p 0003c000 08:05 12455899                   /usr/lib/x86_64-linux-gnu/gvfs/libgvfscommon.so
7f8d25511000-7f8d25542000 r-xp 00000000 08:05 12455278                   /usr/lib/x86_64-linux-gnu/gio/modules/libgvfsdbus.so
7f8d25542000-7f8d25742000 ---p 00031000 08:05 12455278                   /usr/lib/x86_64-linux-gnu/gio/modules/libgvfsdbus.so
7f8d25742000-7f8d25744000 r--p 00031000 08:05 12455278                   /usr/lib/x86_64-linux-gnu/gio/modules/libgvfsdbus.so
7f8d25744000-7f8d25745000 rw-p 00033000 08:05 12455278                   /usr/lib/x86_64-linux-gnu/gio/modules/libgvfsdbus.so
7f8d25745000-7f8d257a9000 r-xp 00000000 08:05 12198094                   /usr/lib/x86_64-linux-gnu/libibus-1.0.so.5.0.517
7f8d257a9000-7f8d259a9000 ---p 00064000 08:05 12198094                   /usr/lib/x86_64-linux-gnu/libibus-1.0.so.5.0.517
7f8d259a9000-7f8d259ab000 r--p 00064000 08:05 12198094                   /usr/lib/x86_64-linux-gnu/libibus-1.0.so.5.0.517
7f8d259ab000-7f8d259ac000 rw-p 00066000 08:05 12198094                   /usr/lib/x86_64-linux-gnu/libibus-1.0.so.5.0.517
7f8d259ac000-7f8d259b2000 r-xp 00000000 08:05 12455537                   /usr/lib/x86_64-linux-gnu/gtk-2.0/2.10.0/immodules/im-ibus.so
7f8d259b2000-7f8d25bb2000 ---p 00006000 08:05 12455537                   /usr/lib/x86_64-linux-gnu/gtk-2.0/2.10.0/immodules/im-ibus.so
7f8d25bb2000-7f8d25bb3000 r--p 00006000 08:05 12455537                   /usr/lib/x86_64-linux-gnu/gtk-2.0/2.10.0/immodules/im-ibus.so
7f8d25bb3000-7f8d25bb4000 rw-p 00007000 08:05 12455537                   /usr/lib/x86_64-linux-gnu/gtk-2.0/2.10.0/immodules/im-ibus.so
7f8d25bb4000-7f8d25bbb000 r-xp 00000000 08:05 12198303                   /usr/lib/x86_64-linux-gnu/libogg.so.0.8.2
7f8d25bbb000-7f8d25dbb000 ---p 00007000 08:05 12198303                   /usr/lib/x86_64-linux-gnu/libogg.so.0.8.2
7f8d25dbb000-7f8d25dbc000 r--p 00007000 08:05 12198303                   /usr/lib/x86_64-linux-gnu/libogg.so.0.8.2
7f8d25dbc000-7f8d25dbd000 rw-p 00008000 08:05 12198303                   /usr/lib/x86_64-linux-gnu/libogg.so.0.8.2
7f8d25dbd000-7f8d25de7000 r-xp 00000000 08:05 12198611                   /usr/lib/x86_64-linux-gnu/libvorbis.so.0.4.8
7f8d25de7000-7f8d25fe6000 ---p 0002a000 08:05 12198611                   /usr/lib/x86_64-linux-gnu/libvorbis.so.0.4.8
7f8d25fe6000-7f8d25fe7000 r--p 00029000 08:05 12198611                   /usr/lib/x86_64-linux-gnu/libvorbis.so.0.4.8
7f8d25fe7000-7f8d25fe8000 rw-p 0002a000 08:05 12198611                   /usr/lib/x86_64-linux-gnu/libvorbis.so.0.4.8
7f8d25fe8000-7f8d25ff1000 r-xp 00000000 08:05 12198202                   /usr/lib/x86_64-linux-gnu/libltdl.so.7.3.1
7f8d25ff1000-7f8d261f0000 ---p 00009000 08:05 12198202                   /usr/lib/x86_64-linux-gnu/libltdl.so.7.3.1
7f8d261f0000-7f8d261f1000 r--p 00008000 08:05 12198202                   /usr/lib/x86_64-linux-gnu/libltdl.so.7.3.1
7f8d261f1000-7f8d261f2000 rw-p 00009000 08:05 12198202                   /usr/lib/x86_64-linux-gnu/libltdl.so.7.3.1
7f8d261f2000-7f8d26207000 r-xp 00000000 08:05 12198536                   /usr/lib/x86_64-linux-gnu/libtdb.so.1.3.15
7f8d26207000-7f8d26406000 ---p 00015000 08:05 12198536                   /usr/lib/x86_64-linux-gnu/libtdb.so.1.3.15
7f8d26406000-7f8d26407000 r--p 00014000 08:05 12198536                   /usr/lib/x86_64-linux-gnu/libtdb.so.1.3.15
7f8d26407000-7f8d26408000 rw-p 00015000 08:05 12198536                   /usr/lib/x86_64-linux-gnu/libtdb.so.1.3.15
7f8d26408000-7f8d2640f000 r-xp 00000000 08:05 12198615                   /usr/lib/x86_64-linux-gnu/libvorbisfile.so.3.3.7
7f8d2640f000-7f8d2660e000 ---p 00007000 08:05 12198615                   /usr/lib/x86_64-linux-gnu/libvorbisfile.so.3.3.7
7f8d2660e000-7f8d2660f000 r--p 00006000 08:05 12198615                   /usr/lib/x86_64-linux-gnu/libvorbisfile.so.3.3.7
7f8d2660f000-7f8d26610000 rw-p 00007000 08:05 12198615                   /usr/lib/x86_64-linux-gnu/libvorbisfile.so.3.3.7
7f8d26610000-7f8d26620000 r-xp 00000000 08:05 12197659                   /usr/lib/x86_64-linux-gnu/libcanberra.so.0.2.5
7f8d26620000-7f8d26820000 ---p 00010000 08:05 12197659                   /usr/lib/x86_64-linux-gnu/libcanberra.so.0.2.5
7f8d26820000-7f8d26821000 r--p 00010000 08:05 12197659                   /usr/lib/x86_64-linux-gnu/libcanberra.so.0.2.5
7f8d26821000-7f8d26822000 rw-p 00011000 08:05 12197659                   /usr/lib/x86_64-linux-gnu/libcanberra.so.0.2.5
7f8d26822000-7f8d26826000 r-xp 00000000 08:05 12201393                   /usr/lib/x86_64-linux-gnu/libcanberra-gtk.so.0.1.9
7f8d26826000-7f8d26a25000 ---p 00004000 08:05 12201393                   /usr/lib/x86_64-linux-gnu/libcanberra-gtk.so.0.1.9
7f8d26a25000-7f8d26a26000 r--p 00003000 08:05 12201393                   /usr/lib/x86_64-linux-gnu/libcanberra-gtk.so.0.1.9
7f8d26a26000-7f8d26a27000 rw-p 00004000 08:05 12201393                   /usr/lib/x86_64-linux-gnu/libcanberra-gtk.so.0.1.9
7f8d26a27000-7f8d26a2c000 r-xp 00000000 08:05 12457425                   /usr/lib/x86_64-linux-gnu/gtk-2.0/modules/libcanberra-gtk-module.so
7f8d26a2c000-7f8d26c2c000 ---p 00005000 08:05 12457425                   /usr/lib/x86_64-linux-gnu/gtk-2.0/modules/libcanberra-gtk-module.so
7f8d26c2c000-7f8d26c2d000 r--p 00005000 08:05 12457425                   /usr/lib/x86_64-linux-gnu/gtk-2.0/modules/libcanberra-gtk-module.so
7f8d26c2d000-7f8d26c2e000 rw-p 00006000 08:05 12457425                   /usr/lib/x86_64-linux-gnu/gtk-2.0/modules/libcanberra-gtk-module.so
7f8d26c2e000-7f8d26c68000 r-xp 00000000 08:05 12455532                   /usr/lib/x86_64-linux-gnu/gtk-2.0/2.10.0/engines/libmurrine.so
7f8d26c68000-7f8d26e68000 ---p 0003a000 08:05 12455532                   /usr/lib/x86_64-linux-gnu/gtk-2.0/2.10.0/engines/libmurrine.so
7f8d26e68000-7f8d26e69000 r--p 0003a000 08:05 12455532                   /usr/lib/x86_64-linux-gnu/gtk-2.0/2.10.0/engines/libmurrine.so
7f8d26e69000-7f8d26e6a000 rw-p 0003b000 08:05 12455532                   /usr/lib/x86_64-linux-gnu/gtk-2.0/2.10.0/engines/libmurrine.so
7f8d26e6a000-7f8d26e74000 r-xp 00000000 08:05 12455533                   /usr/lib/x86_64-linux-gnu/gtk-2.0/2.10.0/engines/libpixmap.so
7f8d26e74000-7f8d27073000 ---p 0000a000 08:05 12455533                   /usr/lib/x86_64-linux-gnu/gtk-2.0/2.10.0/engines/libpixmap.so
7f8d27073000-7f8d27074000 r--p 00009000 08:05 12455533                   /usr/lib/x86_64-linux-gnu/gtk-2.0/2.10.0/engines/libpixmap.so
7f8d27074000-7f8d27075000 rw-p 0000a000 08:05 12455533                   /usr/lib/x86_64-linux-gnu/gtk-2.0/2.10.0/engines/libpixmap.so
7f8d27075000-7f8d27077000 r-xp 00000000 08:05 12455531                   /usr/lib/x86_64-linux-gnu/gtk-2.0/2.10.0/engines/libadwaita.so
7f8d27077000-7f8d27277000 ---p 00002000 08:05 12455531                   /usr/lib/x86_64-linux-gnu/gtk-2.0/2.10.0/engines/libadwaita.so
7f8d27277000-7f8d27278000 r--p 00002000 08:05 12455531                   /usr/lib/x86_64-linux-gnu/gtk-2.0/2.10.0/engines/libadwaita.so
7f8d27278000-7f8d27279000 rw-p 00003000 08:05 12455531                   /usr/lib/x86_64-linux-gnu/gtk-2.0/2.10.0/engines/libadwaita.so
7f8d27279000-7f8d2727f000 r-xp 00000000 08:05 12197730                   /usr/lib/x86_64-linux-gnu/libdatrie.so.1.3.3
7f8d2727f000-7f8d2747e000 ---p 00006000 08:05 12197730                   /usr/lib/x86_64-linux-gnu/libdatrie.so.1.3.3
7f8d2747e000-7f8d2747f000 r--p 00005000 08:05 12197730                   /usr/lib/x86_64-linux-gnu/libdatrie.so.1.3.3
7f8d2747f000-7f8d27480000 rw-p 00006000 08:05 12197730                   /usr/lib/x86_64-linux-gnu/libdatrie.so.1.3.3
7f8d27480000-7f8d274ab000 r-xp 00000000 08:05 12197987                   /usr/lib/x86_64-linux-gnu/libgraphite2.so.3.0.1
7f8d274ab000-7f8d276aa000 ---p 0002b000 08:05 12197987                   /usr/lib/x86_64-linux-gnu/libgraphite2.so.3.0.1
7f8d276aa000-7f8d276ac000 r--p 0002a000 08:05 12197987                   /usr/lib/x86_64-linux-gnu/libgraphite2.so.3.0.1
7f8d276ac000-7f8d276ad000 rw-p 0002c000 08:05 12197987                   /usr/lib/x86_64-linux-gnu/libgraphite2.so.3.0.1
7f8d276ad000-7f8d276b5000 r-xp 00000000 08:05 12198544                   /usr/lib/x86_64-linux-gnu/libthai.so.0.3.0
7f8d276b5000-7f8d278b4000 ---p 00008000 08:05 12198544                   /usr/lib/x86_64-linux-gnu/libthai.so.0.3.0
7f8d278b4000-7f8d278b5000 r--p 00007000 08:05 12198544                   /usr/lib/x86_64-linux-gnu/libthai.so.0.3.0
7f8d278b5000-7f8d278b6000 rw-p 00008000 08:05 12198544                   /usr/lib/x86_64-linux-gnu/libthai.so.0.3.0
7f8d278b6000-7f8d27952000 r-xp 00000000 08:05 12198070                   /usr/lib/x86_64-linux-gnu/libharfbuzz.so.0.10702.0
7f8d27952000-7f8d27b52000 ---p 0009c000 08:05 12198070                   /usr/lib/x86_64-linux-gnu/libharfbuzz.so.0.10702.0
7f8d27b52000-7f8d27b53000 r--p 0009c000 08:05 12198070                   /usr/lib/x86_64-linux-gnu/libharfbuzz.so.0.10702.0
7f8d27b53000-7f8d27b54000 rw-p 0009d000 08:05 12198070                   /usr/lib/x86_64-linux-gnu/libharfbuzz.so.0.10702.0
7f8d27b54000-7f8d27b60000 r-xp 00000000 08:05 12198688                   /usr/lib/x86_64-linux-gnu/libxcb-render.so.0.0.0
7f8d27b60000-7f8d27d5f000 ---p 0000c000 08:05 12198688                   /usr/lib/x86_64-linux-gnu/libxcb-render.so.0.0.0
7f8d27d5f000-7f8d27d60000 r--p 0000b000 08:05 12198688                   /usr/lib/x86_64-linux-gnu/libxcb-render.so.0.0.0
7f8d27d60000-7f8d27d61000 rw-p 0000c000 08:05 12198688                   /usr/lib/x86_64-linux-gnu/libxcb-render.so.0.0.0
7f8d27d61000-7f8d27d63000 r-xp 00000000 08:05 12198694                   /usr/lib/x86_64-linux-gnu/libxcb-shm.so.0.0.0
7f8d27d63000-7f8d27f62000 ---p 00002000 08:05 12198694                   /usr/lib/x86_64-linux-gnu/libxcb-shm.so.0.0.0
7f8d27f62000-7f8d27f63000 r--p 00001000 08:05 12198694                   /usr/lib/x86_64-linux-gnu/libxcb-shm.so.0.0.0
7f8d27f63000-7f8d27f64000 rw-p 00002000 08:05 12198694                   /usr/lib/x86_64-linux-gnu/libxcb-shm.so.0.0.0
7f8d27f64000-7f8d28001000 r-xp 00000000 08:05 12198360                   /usr/lib/x86_64-linux-gnu/libpixman-1.so.0.34.0
7f8d28001000-7f8d28200000 ---p 0009d000 08:05 12198360                   /usr/lib/x86_64-linux-gnu/libpixman-1.so.0.34.0
7f8d28200000-7f8d28208000 r--p 0009c000 08:05 12198360                   /usr/lib/x86_64-linux-gnu/libpixman-1.so.0.34.0
7f8d28208000-7f8d28209000 rw-p 000a4000 08:05 12198360                   /usr/lib/x86_64-linux-gnu/libpixman-1.so.0.34.0
7f8d28209000-7f8d2820b000 r-xp 00000000 08:05 12197511                   /usr/lib/x86_64-linux-gnu/libXdamage.so.1.1.0
7f8d2820b000-7f8d2840a000 ---p 00002000 08:05 12197511                   /usr/lib/x86_64-linux-gnu/libXdamage.so.1.1.0
7f8d2840a000-7f8d2840b000 r--p 00001000 08:05 12197511                   /usr/lib/x86_64-linux-gnu/libXdamage.so.1.1.0
7f8d2840b000-7f8d2840c000 rw-p 00002000 08:05 12197511                   /usr/lib/x86_64-linux-gnu/libXdamage.so.1.1.0
7f8d2840c000-7f8d2840e000 r-xp 00000000 08:05 12197507                   /usr/lib/x86_64-linux-gnu/libXcomposite.so.1.0.0
7f8d2840e000-7f8d2860d000 ---p 00002000 08:05 12197507                   /usr/lib/x86_64-linux-gnu/libXcomposite.so.1.0.0
7f8d2860d000-7f8d2860e000 r--p 00001000 08:05 12197507                   /usr/lib/x86_64-linux-gnu/libXcomposite.so.1.0.0
7f8d2860e000-7f8d2860f000 rw-p 00002000 08:05 12197507                   /usr/lib/x86_64-linux-gnu/libXcomposite.so.1.0.0
7f8d2860f000-7f8d28659000 r-xp 00000000 08:05 12197569                   /usr/lib/x86_64-linux-gnu/libpango-1.0.so.0.4000.14
7f8d28659000-7f8d28858000 ---p 0004a000 08:05 12197569                   /usr/lib/x86_64-linux-gnu/libpango-1.0.so.0.4000.14
7f8d28858000-7f8d2885b000 r--p 00049000 08:05 12197569                   /usr/lib/x86_64-linux-gnu/libpango-1.0.so.0.4000.14
7f8d2885b000-7f8d2885c000 rw-p 0004c000 08:05 12197569                   /usr/lib/x86_64-linux-gnu/libpango-1.0.so.0.4000.14
7f8d2885c000-7f8d28870000 r-xp 00000000 08:05 12198260                   /usr/lib/x86_64-linux-gnu/libpangoft2-1.0.so.0.4000.14
7f8d28870000-7f8d28a70000 ---p 00014000 08:05 12198260                   /usr/lib/x86_64-linux-gnu/libpangoft2-1.0.so.0.4000.14
7f8d28a70000-7f8d28a71000 r--p 00014000 08:05 12198260                   /usr/lib/x86_64-linux-gnu/libpangoft2-1.0.so.0.4000.14
7f8d28a71000-7f8d28a72000 rw-p 00015000 08:05 12198260                   /usr/lib/x86_64-linux-gnu/libpangoft2-1.0.so.0.4000.14
7f8d28a72000-7f8d28a94000 r-xp 00000000 08:05 12197914                   /usr/lib/x86_64-linux-gnu/libgdk_pixbuf-2.0.so.0.3611.0
7f8d28a94000-7f8d28c94000 ---p 00022000 08:05 12197914                   /usr/lib/x86_64-linux-gnu/libgdk_pixbuf-2.0.so.0.3611.0
7f8d28c94000-7f8d28c95000 r--p 00022000 08:05 12197914                   /usr/lib/x86_64-linux-gnu/libgdk_pixbuf-2.0.so.0.3611.0
7f8d28c95000-7f8d28c96000 rw-p 00023000 08:05 12197914                   /usr/lib/x86_64-linux-gnu/libgdk_pixbuf-2.0.so.0.3611.0
7f8d28c96000-7f8d28dae000 r-xp 00000000 08:05 12197653                   /usr/lib/x86_64-linux-gnu/libcairo.so.2.11510.0
7f8d28dae000-7f8d28fad000 ---p 00118000 08:05 12197653                   /usr/lib/x86_64-linux-gnu/libcairo.so.2.11510.0
7f8d28fad000-7f8d28fb0000 r--p 00117000 08:05 12197653                   /usr/lib/x86_64-linux-gnu/libcairo.so.2.11510.0
7f8d28fb0000-7f8d28fb2000 rw-p 0011a000 08:05 12197653                   /usr/lib/x86_64-linux-gnu/libcairo.so.2.11510.0
7f8d28fb2000-7f8d28fb3000 rw-p 00000000 00:00 0 
7f8d28fb3000-7f8d28fd5000 r-xp 00000000 08:05 12197588                   /usr/lib/x86_64-linux-gnu/libatk-1.0.so.0.22810.1
7f8d28fd5000-7f8d291d5000 ---p 00022000 08:05 12197588                   /usr/lib/x86_64-linux-gnu/libatk-1.0.so.0.22810.1
7f8d291d5000-7f8d291d8000 r--p 00022000 08:05 12197588                   /usr/lib/x86_64-linux-gnu/libatk-1.0.so.0.22810.1
7f8d291d8000-7f8d291d9000 rw-p 00025000 08:05 12197588                   /usr/lib/x86_64-linux-gnu/libatk-1.0.so.0.22810.1
7f8d291d9000-7f8d291e5000 r-xp 00000000 08:05 12198162                   /usr/lib/x86_64-linux-gnu/libpangocairo-1.0.so.0.4000.14
7f8d291e5000-7f8d293e4000 ---p 0000c000 08:05 12198162                   /usr/lib/x86_64-linux-gnu/libpangocairo-1.0.so.0.4000.14
7f8d293e4000-7f8d293e5000 r--p 0000b000 08:05 12198162                   /usr/lib/x86_64-linux-gnu/libpangocairo-1.0.so.0.4000.14
7f8d293e5000-7f8d293e6000 rw-p 0000c000 08:05 12198162                   /usr/lib/x86_64-linux-gnu/libpangocairo-1.0.so.0.4000.14
7f8d293e6000-7f8d29496000 r-xp 00000000 08:05 12197912                   /usr/lib/x86_64-linux-gnu/libgdk-x11-2.0.so.0.2400.32
7f8d29496000-7f8d29695000 ---p 000b0000 08:05 12197912                   /usr/lib/x86_64-linux-gnu/libgdk-x11-2.0.so.0.2400.32
7f8d29695000-7f8d29699000 r--p 000af000 08:05 12197912                   /usr/lib/x86_64-linux-gnu/libgdk-x11-2.0.so.0.2400.32
7f8d29699000-7f8d2969b000 rw-p 000b3000 08:05 12197912                   /usr/lib/x86_64-linux-gnu/libgdk-x11-2.0.so.0.2400.32
7f8d2969b000-7f8d29ad0000 r-xp 00000000 08:05 12198045                   /usr/lib/x86_64-linux-gnu/libgtk-x11-2.0.so.0.2400.32
7f8d29ad0000-7f8d29ccf000 ---p 00435000 08:05 12198045                   /usr/lib/x86_64-linux-gnu/libgtk-x11-2.0.so.0.2400.32
7f8d29ccf000-7f8d29cd6000 r--p 00434000 08:05 12198045                   /usr/lib/x86_64-linux-gnu/libgtk-x11-2.0.so.0.2400.32
7f8d29cd6000-7f8d29cda000 rw-p 0043b000 08:05 12198045                   /usr/lib/x86_64-linux-gnu/libgtk-x11-2.0.so.0.2400.32
7f8d29cda000-7f8d29cdd000 rw-p 00000000 00:00 0 
7f8d29cdd000-7f8d29cf1000 r-xp 00000000 08:05 26219175                   /lib/x86_64-linux-gnu/libgpg-error.so.0.22.0
7f8d29cf1000-7f8d29ef0000 ---p 00014000 08:05 26219175                   /lib/x86_64-linux-gnu/libgpg-error.so.0.22.0
7f8d29ef0000-7f8d29ef1000 r--p 00013000 08:05 26219175                   /lib/x86_64-linux-gnu/libgpg-error.so.0.22.0
7f8d29ef1000-7f8d29ef2000 rw-p 00014000 08:05 26219175                   /lib/x86_64-linux-gnu/libgpg-error.so.0.22.0
7f8d29ef2000-7f8d29f39000 r-xp 00000000 08:05 26214496                   /lib/x86_64-linux-gnu/libblkid.so.1.1.0
7f8d29f39000-7f8d2a139000 ---p 00047000 08:05 26214496                   /lib/x86_64-linux-gnu/libblkid.so.1.1.0
7f8d2a139000-7f8d2a13d000 r--p 00047000 08:05 26214496                   /lib/x86_64-linux-gnu/libblkid.so.1.1.0
7f8d2a13d000-7f8d2a13e000 rw-p 0004b000 08:05 26214496                   /lib/x86_64-linux-gnu/libblkid.so.1.1.0
7f8d2a13e000-7f8d2a13f000 rw-p 00000000 00:00 0 
7f8d2a13f000-7f8d2a253000 r-xp 00000000 08:05 26219173                   /lib/x86_64-linux-gnu/libgcrypt.so.20.2.1
7f8d2a253000-7f8d2a452000 ---p 00114000 08:05 26219173                   /lib/x86_64-linux-gnu/libgcrypt.so.20.2.1
7f8d2a452000-7f8d2a454000 r--p 00113000 08:05 26219173                   /lib/x86_64-linux-gnu/libgcrypt.so.20.2.1
7f8d2a454000-7f8d2a459000 rw-p 00115000 08:05 26219173                   /lib/x86_64-linux-gnu/libgcrypt.so.20.2.1
7f8d2a459000-7f8d2a45a000 rw-p 00000000 00:00 0 
7f8d2a45a000-7f8d2a475000 r-xp 00000000 08:05 12198210                   /usr/lib/x86_64-linux-gnu/liblz4.so.1.7.1
7f8d2a475000-7f8d2a674000 ---p 0001b000 08:05 12198210                   /usr/lib/x86_64-linux-gnu/liblz4.so.1.7.1
7f8d2a674000-7f8d2a675000 r--p 0001a000 08:05 12198210                   /usr/lib/x86_64-linux-gnu/liblz4.so.1.7.1
7f8d2a675000-7f8d2a676000 rw-p 0001b000 08:05 12198210                   /usr/lib/x86_64-linux-gnu/liblz4.so.1.7.1
7f8d2a676000-7f8d2a69a000 r-xp 00000000 08:05 26219194                   /lib/x86_64-linux-gnu/liblzma.so.5.2.2
7f8d2a69a000-7f8d2a89a000 ---p 00024000 08:05 26219194                   /lib/x86_64-linux-gnu/liblzma.so.5.2.2
7f8d2a89a000-7f8d2a89b000 r--p 00024000 08:05 26219194                   /lib/x86_64-linux-gnu/liblzma.so.5.2.2
7f8d2a89b000-7f8d2a89c000 rw-p 00025000 08:05 26219194                   /lib/x86_64-linux-gnu/liblzma.so.5.2.2
7f8d2a89c000-7f8d2a8ed000 r-xp 00000000 08:05 26216373                   /lib/x86_64-linux-gnu/libmount.so.1.1.0
7f8d2a8ed000-7f8d2aaec000 ---p 00051000 08:05 26216373                   /lib/x86_64-linux-gnu/libmount.so.1.1.0
7f8d2aaec000-7f8d2aaee000 r--p 00050000 08:05 26216373                   /lib/x86_64-linux-gnu/libmount.so.1.1.0
7f8d2aaee000-7f8d2aaef000 rw-p 00052000 08:05 26216373                   /lib/x86_64-linux-gnu/libmount.so.1.1.0
7f8d2aaef000-7f8d2aaf0000 rw-p 00000000 00:00 0 
7f8d2aaf0000-7f8d2ab07000 r-xp 00000000 08:05 26219273                   /lib/x86_64-linux-gnu/libresolv-2.27.so
7f8d2ab07000-7f8d2ad07000 ---p 00017000 08:05 26219273                   /lib/x86_64-linux-gnu/libresolv-2.27.so
7f8d2ad07000-7f8d2ad08000 r--p 00017000 08:05 26219273                   /lib/x86_64-linux-gnu/libresolv-2.27.so
7f8d2ad08000-7f8d2ad09000 rw-p 00018000 08:05 26219273                   /lib/x86_64-linux-gnu/libresolv-2.27.so
7f8d2ad09000-7f8d2ad0b000 rw-p 00000000 00:00 0 
7f8d2ad0b000-7f8d2ad30000 r-xp 00000000 08:05 26219279                   /lib/x86_64-linux-gnu/libselinux.so.1
7f8d2ad30000-7f8d2af2f000 ---p 00025000 08:05 26219279                   /lib/x86_64-linux-gnu/libselinux.so.1
7f8d2af2f000-7f8d2af30000 r--p 00024000 08:05 26219279                   /lib/x86_64-linux-gnu/libselinux.so.1
7f8d2af30000-7f8d2af31000 rw-p 00025000 08:05 26219279                   /lib/x86_64-linux-gnu/libselinux.so.1
7f8d2af31000-7f8d2af33000 rw-p 00000000 00:00 0 
7f8d2af33000-7f8d2afb3000 r-xp 00000000 08:05 26214468                   /lib/x86_64-linux-gnu/libsystemd.so.0.21.0
7f8d2afb3000-7f8d2b1b2000 ---p 00080000 08:05 26214468                   /lib/x86_64-linux-gnu/libsystemd.so.0.21.0
7f8d2b1b2000-7f8d2b1b5000 r--p 0007f000 08:05 26214468                   /lib/x86_64-linux-gnu/libsystemd.so.0.21.0
7f8d2b1b5000-7f8d2b1b6000 rw-p 00082000 08:05 26214468                   /lib/x86_64-linux-gnu/libsystemd.so.0.21.0
7f8d2b1b6000-7f8d2b1b7000 rw-p 00000000 00:00 0 
7f8d2b1b7000-7f8d2b34c000 r-xp 00000000 08:05 12191053                   /usr/lib/x86_64-linux-gnu/libgio-2.0.so.0.5600.3
7f8d2b34c000-7f8d2b54c000 ---p 00195000 08:05 12191053                   /usr/lib/x86_64-linux-gnu/libgio-2.0.so.0.5600.3
7f8d2b54c000-7f8d2b553000 r--p 00195000 08:05 12191053                   /usr/lib/x86_64-linux-gnu/libgio-2.0.so.0.5600.3
7f8d2b553000-7f8d2b554000 rw-p 0019c000 08:05 12191053                   /usr/lib/x86_64-linux-gnu/libgio-2.0.so.0.5600.3
7f8d2b554000-7f8d2b556000 rw-p 00000000 00:00 0 
7f8d2b556000-7f8d2b5a1000 r-xp 00000000 08:05 26219149                   /lib/x86_64-linux-gnu/libdbus-1.so.3.19.4
7f8d2b5a1000-7f8d2b7a1000 ---p 0004b000 08:05 26219149                   /lib/x86_64-linux-gnu/libdbus-1.so.3.19.4
7f8d2b7a1000-7f8d2b7a2000 r--p 0004b000 08:05 26219149                   /lib/x86_64-linux-gnu/libdbus-1.so.3.19.4
7f8d2b7a2000-7f8d2b7a3000 rw-p 0004c000 08:05 26219149                   /lib/x86_64-linux-gnu/libdbus-1.so.3.19.4
7f8d2b7a3000-7f8d2b7c8000 r-xp 00000000 08:05 12197734                   /usr/lib/x86_64-linux-gnu/libdbus-glib-1.so.2.3.4
7f8d2b7c8000-7f8d2b9c7000 ---p 00025000 08:05 12197734                   /usr/lib/x86_64-linux-gnu/libdbus-glib-1.so.2.3.4
7f8d2b9c7000-7f8d2b9c9000 r--p 00024000 08:05 12197734                   /usr/lib/x86_64-linux-gnu/libdbus-glib-1.so.2.3.4
7f8d2b9c9000-7f8d2b9ca000 rw-p 00026000 08:05 12197734                   /usr/lib/x86_64-linux-gnu/libdbus-glib-1.so.2.3.4
7f8d2b9ca000-7f8d2b9cd000 r-xp 00000000 08:05 12193960                   /usr/lib/x86_64-linux-gnu/libgmodule-2.0.so.0.5600.3
7f8d2b9cd000-7f8d2bbcc000 ---p 00003000 08:05 12193960                   /usr/lib/x86_64-linux-gnu/libgmodule-2.0.so.0.5600.3
7f8d2bbcc000-7f8d2bbcd000 r--p 00002000 08:05 12193960                   /usr/lib/x86_64-linux-gnu/libgmodule-2.0.so.0.5600.3
7f8d2bbcd000-7f8d2bbce000 rw-p 00003000 08:05 12193960                   /usr/lib/x86_64-linux-gnu/libgmodule-2.0.so.0.5600.3
7f8d2bbce000-7f8d2bbfc000 r-xp 00000000 08:05 12199133                   /usr/lib/x86_64-linux-gnu/libgconf-2.so.4.1.5
7f8d2bbfc000-7f8d2bdfb000 ---p 0002e000 08:05 12199133                   /usr/lib/x86_64-linux-gnu/libgconf-2.so.4.1.5
7f8d2bdfb000-7f8d2bdfc000 r--p 0002d000 08:05 12199133                   /usr/lib/x86_64-linux-gnu/libgconf-2.so.4.1.5
7f8d2bdfc000-7f8d2bdfd000 rw-p 0002e000 08:05 12199133                   /usr/lib/x86_64-linux-gnu/libgconf-2.so.4.1.5
7f8d2bdfd000-7f8d2bdff000 r-xp 00000000 08:05 12197525                   /usr/lib/x86_64-linux-gnu/libXinerama.so.1.0.0
7f8d2bdff000-7f8d2bffe000 ---p 00002000 08:05 12197525                   /usr/lib/x86_64-linux-gnu/libXinerama.so.1.0.0
7f8d2bffe000-7f8d2bfff000 r--p 00001000 08:05 12197525                   /usr/lib/x86_64-linux-gnu/libXinerama.so.1.0.0
7f8d2bfff000-7f8d2c000000 rw-p 00002000 08:05 12197525                   /usr/lib/x86_64-linux-gnu/libXinerama.so.1.0.0
7f8d2c000000-7f8d2c99f000 rw-p 00000000 00:00 0 
7f8d2c99f000-7f8d30000000 ---p 00000000 00:00 0 
7f8d30000000-7f8d30021000 rw-p 00000000 00:00 0 
7f8d30021000-7f8d34000000 ---p 00000000 00:00 0 
7f8d34000000-7f8d34021000 rw-p 00000000 00:00 0 
7f8d34021000-7f8d38000000 ---p 00000000 00:00 0 
7f8d38000000-7f8d38021000 rw-p 00000000 00:00 0 
7f8d38021000-7f8d3c000000 ---p 00000000 00:00 0 
7f8d3c000000-7f8d3c021000 rw-p 00000000 00:00 0 
7f8d3c021000-7f8d40000000 ---p 00000000 00:00 0 
7f8d40000000-7f8d40021000 rw-p 00000000 00:00 0 
7f8d40021000-7f8d44000000 ---p 00000000 00:00 0 
7f8d44000000-7f8d443e8000 rw-p 00000000 00:00 0 
7f8d443e8000-7f8d48000000 ---p 00000000 00:00 0 
7f8d48000000-7f8d48021000 rw-p 00000000 00:00 0 
7f8d48021000-7f8d4c000000 ---p 00000000 00:00 0 
7f8d4c000000-7f8d4c4e7000 rw-p 00000000 00:00 0 
7f8d4c4e7000-7f8d50000000 ---p 00000000 00:00 0 
7f8d50000000-7f8d5044b000 rw-p 00000000 00:00 0 
7f8d5044b000-7f8d54000000 ---p 00000000 00:00 0 
7f8d54000000-7f8d54021000 rw-p 00000000 00:00 0 
7f8d54021000-7f8d58000000 ---p 00000000 00:00 0 
7f8d58000000-7f8d58021000 rw-p 00000000 00:00 0 
7f8d58021000-7f8d5c000000 ---p 00000000 00:00 0 
7f8d5c000000-7f8d5c021000 rw-p 00000000 00:00 0 
7f8d5c021000-7f8d60000000 ---p 00000000 00:00 0 
7f8d60055000-7f8d600d5000 rw-s 00000000 00:05 43188254                   /SYSV00000000 (deleted)
7f8d600d5000-7f8d60135000 rw-s 00000000 00:05 43122716                   /SYSV00000000 (deleted)
7f8d60135000-7f8d6013f000 r-xp 00000000 08:05 12197533                   /usr/lib/x86_64-linux-gnu/libXrandr.so.2.2.0
7f8d6013f000-7f8d6033e000 ---p 0000a000 08:05 12197533                   /usr/lib/x86_64-linux-gnu/libXrandr.so.2.2.0
7f8d6033e000-7f8d6033f000 r--p 00009000 08:05 12197533                   /usr/lib/x86_64-linux-gnu/libXrandr.so.2.2.0
7f8d6033f000-7f8d60340000 rw-p 0000a000 08:05 12197533                   /usr/lib/x86_64-linux-gnu/libXrandr.so.2.2.0
7f8d60340000-7f8d68000000 rw-p 00000000 00:00 0 
7f8d68000000-7f8d68021000 rw-p 00000000 00:00 0 
7f8d68021000-7f8d6c000000 ---p 00000000 00:00 0 
7f8d6c000000-7f8d6c021000 rw-p 00000000 00:00 0 
7f8d6c021000-7f8d70000000 ---p 00000000 00:00 0 
7f8d70000000-7f8d70021000 rw-p 00000000 00:00 0 
7f8d70021000-7f8d74000000 ---p 00000000 00:00 0 
7f8d7403c000-7f8d7404d000 r--p 00000000 08:05 13239200                   /usr/share/fonts/opentype/cantarell/Cantarell-Bold.otf
7f8d7404d000-7f8d740ff000 rw-s 00000000 00:05 43089947                   /SYSV00000000 (deleted)
7f8d740ff000-7f8d74110000 r--p 00000000 08:05 13239203                   /usr/share/fonts/opentype/cantarell/Cantarell-Regular.otf
7f8d74110000-7f8d74132000 r--s 00000000 08:05 12584819                   /usr/share/mime/mime.cache
7f8d74132000-7f8d74186000 r--p 00000000 08:05 13240282                   /usr/share/fonts/truetype/dejavu/DejaVuSansMono.ttf
7f8d74186000-7f8d741a6000 r--p 00000000 08:05 14026218                   /usr/share/locale-langpack/es/LC_MESSAGES/glib20.mo
7f8d741a6000-7f8d741d0000 r--p 00000000 08:05 14026261                   /usr/share/locale-langpack/es/LC_MESSAGES/gtk20-properties.mo
7f8d741d0000-7f8d741d3000 r-xp 00000000 08:05 12455144                   /usr/lib/x86_64-linux-gnu/gconv/UTF-16.so
7f8d741d3000-7f8d743d2000 ---p 00003000 08:05 12455144                   /usr/lib/x86_64-linux-gnu/gconv/UTF-16.so
7f8d743d2000-7f8d743d3000 r--p 00002000 08:05 12455144                   /usr/lib/x86_64-linux-gnu/gconv/UTF-16.so
7f8d743d3000-7f8d743d4000 rw-p 00003000 08:05 12455144                   /usr/lib/x86_64-linux-gnu/gconv/UTF-16.so
7f8d743d4000-7f8d74edb000 r-xp 00000000 08:05 22684232                   /tmp/QtJambi_likendero_amd64_4.8.7_gcc-20150613-2146/lib/libcom_trolltech_qt_gui.so.1
7f8d74edb000-7f8d750da000 ---p 00b07000 08:05 22684232                   /tmp/QtJambi_likendero_amd64_4.8.7_gcc-20150613-2146/lib/libcom_trolltech_qt_gui.so.1
7f8d750da000-7f8d75100000 r--p 00b06000 08:05 22684232                   /tmp/QtJambi_likendero_amd64_4.8.7_gcc-20150613-2146/lib/libcom_trolltech_qt_gui.so.1
7f8d75100000-7f8d75135000 rw-p 00b2c000 08:05 22684232                   /tmp/QtJambi_likendero_amd64_4.8.7_gcc-20150613-2146/lib/libcom_trolltech_qt_gui.so.1
7f8d75135000-7f8d7513c000 rw-p 00000000 00:00 0 
7f8d7513c000-7f8d7516b000 r-xp 00000000 08:05 26219164                   /lib/x86_64-linux-gnu/libexpat.so.1.6.7
7f8d7516b000-7f8d7536b000 ---p 0002f000 08:05 26219164                   /lib/x86_64-linux-gnu/libexpat.so.1.6.7
7f8d7536b000-7f8d7536d000 r--p 0002f000 08:05 26219164                   /lib/x86_64-linux-gnu/libexpat.so.1.6.7
7f8d7536d000-7f8d7536e000 rw-p 00031000 08:05 26219164                   /lib/x86_64-linux-gnu/libexpat.so.1.6.7
7f8d7536e000-7f8d75374000 r-xp 00000000 08:05 26214494                   /lib/x86_64-linux-gnu/libuuid.so.1.3.0
7f8d75374000-7f8d75573000 ---p 00006000 08:05 26214494                   /lib/x86_64-linux-gnu/libuuid.so.1.3.0
7f8d75573000-7f8d75574000 r--p 00005000 08:05 26214494                   /lib/x86_64-linux-gnu/libuuid.so.1.3.0
7f8d75574000-7f8d75575000 rw-p 00006000 08:05 26214494                   /lib/x86_64-linux-gnu/libuuid.so.1.3.0
7f8d75575000-7f8d7557c000 r-xp 00000000 08:05 12197844                   /usr/lib/x86_64-linux-gnu/libffi.so.6.0.4
7f8d7557c000-7f8d7577b000 ---p 00007000 08:05 12197844                   /usr/lib/x86_64-linux-gnu/libffi.so.6.0.4
7f8d7577b000-7f8d7577c000 r--p 00006000 08:05 12197844                   /usr/lib/x86_64-linux-gnu/libffi.so.6.0.4
7f8d7577c000-7f8d7577d000 rw-p 00007000 08:05 12197844                   /usr/lib/x86_64-linux-gnu/libffi.so.6.0.4
7f8d7577d000-7f8d757ae000 r-xp 00000000 08:05 12198366                   /usr/lib/x86_64-linux-gnu/libpng16.so.16.34.0
7f8d757ae000-7f8d759ad000 ---p 00031000 08:05 12198366                   /usr/lib/x86_64-linux-gnu/libpng16.so.16.34.0
7f8d759ad000-7f8d759ae000 r--p 00030000 08:05 12198366                   /usr/lib/x86_64-linux-gnu/libpng16.so.16.34.0
7f8d759ae000-7f8d759af000 rw-p 00031000 08:05 12198366                   /usr/lib/x86_64-linux-gnu/libpng16.so.16.34.0
7f8d759af000-7f8d759ed000 r-xp 00000000 08:05 12197858                   /usr/lib/x86_64-linux-gnu/libfontconfig.so.1.10.1
7f8d759ed000-7f8d75bed000 ---p 0003e000 08:05 12197858                   /usr/lib/x86_64-linux-gnu/libfontconfig.so.1.10.1
7f8d75bed000-7f8d75bef000 r--p 0003e000 08:05 12197858                   /usr/lib/x86_64-linux-gnu/libfontconfig.so.1.10.1
7f8d75bef000-7f8d75bf4000 rw-p 00040000 08:05 12197858                   /usr/lib/x86_64-linux-gnu/libfontconfig.so.1.10.1
7f8d75bf4000-7f8d75c0b000 r-xp 00000000 08:05 12197472                   /usr/lib/x86_64-linux-gnu/libICE.so.6.3.0
7f8d75c0b000-7f8d75e0a000 ---p 00017000 08:05 12197472                   /usr/lib/x86_64-linux-gnu/libICE.so.6.3.0
7f8d75e0a000-7f8d75e0b000 r--p 00016000 08:05 12197472                   /usr/lib/x86_64-linux-gnu/libICE.so.6.3.0
7f8d75e0b000-7f8d75e0c000 rw-p 00017000 08:05 12197472                   /usr/lib/x86_64-linux-gnu/libICE.so.6.3.0
7f8d75e0c000-7f8d75e0f000 rw-p 00000000 00:00 0 
7f8d75e0f000-7f8d75e16000 r-xp 00000000 08:05 12197494                   /usr/lib/x86_64-linux-gnu/libSM.so.6.0.1
7f8d75e16000-7f8d76015000 ---p 00007000 08:05 12197494                   /usr/lib/x86_64-linux-gnu/libSM.so.6.0.1
7f8d76015000-7f8d76016000 r--p 00006000 08:05 12197494                   /usr/lib/x86_64-linux-gnu/libSM.so.6.0.1
7f8d76016000-7f8d76017000 rw-p 00007000 08:05 12197494                   /usr/lib/x86_64-linux-gnu/libSM.so.6.0.1
7f8d76017000-7f8d76069000 r-xp 00000000 08:05 12193961                   /usr/lib/x86_64-linux-gnu/libgobject-2.0.so.0.5600.3
7f8d76069000-7f8d76269000 ---p 00052000 08:05 12193961                   /usr/lib/x86_64-linux-gnu/libgobject-2.0.so.0.5600.3
7f8d76269000-7f8d7626a000 r--p 00052000 08:05 12193961                   /usr/lib/x86_64-linux-gnu/libgobject-2.0.so.0.5600.3
7f8d7626a000-7f8d7626b000 rw-p 00053000 08:05 12193961                   /usr/lib/x86_64-linux-gnu/libgobject-2.0.so.0.5600.3
7f8d7626b000-7f8d76318000 r-xp 00000000 08:05 12197876                   /usr/lib/x86_64-linux-gnu/libfreetype.so.6.15.0
7f8d76318000-7f8d76517000 ---p 000ad000 08:05 12197876                   /usr/lib/x86_64-linux-gnu/libfreetype.so.6.15.0
7f8d76517000-7f8d7651e000 r--p 000ac000 08:05 12197876                   /usr/lib/x86_64-linux-gnu/libfreetype.so.6.15.0
7f8d7651e000-7f8d7651f000 rw-p 000b3000 08:05 12197876                   /usr/lib/x86_64-linux-gnu/libfreetype.so.6.15.0
7f8d7651f000-7f8d76fca000 r-xp 00000000 08:05 22684203                   /tmp/QtJambi_likendero_amd64_4.8.7_gcc-20150613-2146/lib/libQtGui.so.4
7f8d76fca000-7f8d771c9000 ---p 00aab000 08:05 22684203                   /tmp/QtJambi_likendero_amd64_4.8.7_gcc-20150613-2146/lib/libQtGui.so.4
7f8d771c9000-7f8d7720b000 r--p 00aaa000 08:05 22684203                   /tmp/QtJambi_likendero_amd64_4.8.7_gcc-20150613-2146/lib/libQtGui.so.4
7f8d7720b000-7f8d7721f000 rw-p 00aec000 08:05 22684203                   /tmp/QtJambi_likendero_amd64_4.8.7_gcc-20150613-2146/lib/libQtGui.so.4
7f8d7721f000-7f8d77222000 rw-p 00000000 00:00 0 
7f8d77222000-7f8d77401000 r-xp 00000000 08:05 22684231                   /tmp/QtJambi_likendero_amd64_4.8.7_gcc-20150613-2146/lib/libcom_trolltech_qt_core.so.1
7f8d77401000-7f8d77600000 ---p 001df000 08:05 22684231                   /tmp/QtJambi_likendero_amd64_4.8.7_gcc-20150613-2146/lib/libcom_trolltech_qt_core.so.1
7f8d77600000-7f8d7760b000 r--p 001de000 08:05 22684231                   /tmp/QtJambi_likendero_amd64_4.8.7_gcc-20150613-2146/lib/libcom_trolltech_qt_core.so.1
7f8d7760b000-7f8d77614000 rw-p 001e9000 08:05 22684231                   /tmp/QtJambi_likendero_amd64_4.8.7_gcc-20150613-2146/lib/libcom_trolltech_qt_core.so.1
7f8d77614000-7f8d77617000 ---p 00000000 00:00 0 
7f8d77617000-7f8d77715000 rw-p 00000000 00:00 0 
7f8d77715000-7f8d7775e000 r-xp 00000000 08:05 22684230                   /tmp/QtJambi_likendero_amd64_4.8.7_gcc-20150613-2146/lib/libqtjambi.so.1
7f8d7775e000-7f8d7795e000 ---p 00049000 08:05 22684230                   /tmp/QtJambi_likendero_amd64_4.8.7_gcc-20150613-2146/lib/libqtjambi.so.1
7f8d7795e000-7f8d7795f000 r--p 00049000 08:05 22684230                   /tmp/QtJambi_likendero_amd64_4.8.7_gcc-20150613-2146/lib/libqtjambi.so.1
7f8d7795f000-7f8d77960000 rw-p 0004a000 08:05 22684230                   /tmp/QtJambi_likendero_amd64_4.8.7_gcc-20150613-2146/lib/libqtjambi.so.1
7f8d77960000-7f8d77961000 rw-p 00000000 00:00 0 
7f8d77961000-7f8d77ada000 r-xp 00000000 08:05 12190375                   /usr/lib/x86_64-linux-gnu/libstdc++.so.6.0.25
7f8d77ada000-7f8d77cda000 ---p 00179000 08:05 12190375                   /usr/lib/x86_64-linux-gnu/libstdc++.so.6.0.25
7f8d77cda000-7f8d77ce4000 r--p 00179000 08:05 12190375                   /usr/lib/x86_64-linux-gnu/libstdc++.so.6.0.25
7f8d77ce4000-7f8d77ce6000 rw-p 00183000 08:05 12190375                   /usr/lib/x86_64-linux-gnu/libstdc++.so.6.0.25
7f8d77ce6000-7f8d77cea000 rw-p 00000000 00:00 0 
7f8d77cea000-7f8d77dfd000 r-xp 00000000 08:05 12193958                   /usr/lib/x86_64-linux-gnu/libglib-2.0.so.0.5600.3
7f8d77dfd000-7f8d77ffd000 ---p 00113000 08:05 12193958                   /usr/lib/x86_64-linux-gnu/libglib-2.0.so.0.5600.3
7f8d77ffd000-7f8d77ffe000 r--p 00113000 08:05 12193958                   /usr/lib/x86_64-linux-gnu/libglib-2.0.so.0.5600.3
7f8d77ffe000-7f8d77fff000 rw-p 00114000 08:05 12193958                   /usr/lib/x86_64-linux-gnu/libglib-2.0.so.0.5600.3
7f8d77fff000-7f8d78000000 rw-p 00000000 00:00 0 
7f8d78000000-7f8d78021000 rw-p 00000000 00:00 0 
7f8d78021000-7f8d7c000000 ---p 00000000 00:00 0 
7f8d7c006000-7f8d7c009000 rw-s 00000000 00:05 43319328                   /SYSV00000000 (deleted)
7f8d7c009000-7f8d7c01a000 r--p 00000000 08:05 13239203                   /usr/share/fonts/opentype/cantarell/Cantarell-Regular.otf
7f8d7c01a000-7f8d7c029000 r--p 00000000 08:05 14026262                   /usr/share/locale-langpack/es/LC_MESSAGES/gtk20.mo
7f8d7c029000-7f8d7c099000 r-xp 00000000 08:05 26219256                   /lib/x86_64-linux-gnu/libpcre.so.3.13.3
7f8d7c099000-7f8d7c299000 ---p 00070000 08:05 26219256                   /lib/x86_64-linux-gnu/libpcre.so.3.13.3
7f8d7c299000-7f8d7c29a000 r--p 00070000 08:05 26219256                   /lib/x86_64-linux-gnu/libpcre.so.3.13.3
7f8d7c29a000-7f8d7c29b000 rw-p 00071000 08:05 26219256                   /lib/x86_64-linux-gnu/libpcre.so.3.13.3
7f8d7c29b000-7f8d7c2b7000 r-xp 00000000 08:05 26219306                   /lib/x86_64-linux-gnu/libz.so.1.2.11
7f8d7c2b7000-7f8d7c4b6000 ---p 0001c000 08:05 26219306                   /lib/x86_64-linux-gnu/libz.so.1.2.11
7f8d7c4b6000-7f8d7c4b7000 r--p 0001b000 08:05 26219306                   /lib/x86_64-linux-gnu/libz.so.1.2.11
7f8d7c4b7000-7f8d7c4b8000 rw-p 0001c000 08:05 26219306                   /lib/x86_64-linux-gnu/libz.so.1.2.11
7f8d7c4b8000-7f8d7c798000 r-xp 00000000 08:05 22683731                   /tmp/QtJambi_likendero_amd64_4.8.7_gcc-20150613-2146/lib/libQtCore.so.4
7f8d7c798000-7f8d7c998000 ---p 002e0000 08:05 22683731                   /tmp/QtJambi_likendero_amd64_4.8.7_gcc-20150613-2146/lib/libQtCore.so.4
7f8d7c998000-7f8d7c9a3000 r--p 002e0000 08:05 22683731                   /tmp/QtJambi_likendero_amd64_4.8.7_gcc-20150613-2146/lib/libQtCore.so.4
7f8d7c9a3000-7f8d7c9a8000 rw-p 002eb000 08:05 22683731                   /tmp/QtJambi_likendero_amd64_4.8.7_gcc-20150613-2146/lib/libQtCore.so.4
7f8d7c9a8000-7f8d7c9a9000 rw-p 00000000 00:00 0 
7f8d7c9a9000-7f8d7c9ac000 ---p 00000000 00:00 0 
7f8d7c9ac000-7f8d7caaa000 rw-p 00000000 00:00 0 
7f8d7caaa000-7f8d7caad000 ---p 00000000 00:00 0 
7f8d7caad000-7f8d7cbab000 rw-p 00000000 00:00 0 
7f8d7cbab000-7f8d7cbae000 ---p 00000000 00:00 0 
7f8d7cbae000-7f8d7ccac000 rw-p 00000000 00:00 0 
7f8d7ccac000-7f8d7ccb1000 r-xp 00000000 08:05 12197517                   /usr/lib/x86_64-linux-gnu/libXfixes.so.3.1.0
7f8d7ccb1000-7f8d7ceb0000 ---p 00005000 08:05 12197517                   /usr/lib/x86_64-linux-gnu/libXfixes.so.3.1.0
7f8d7ceb0000-7f8d7ceb1000 r--p 00004000 08:05 12197517                   /usr/lib/x86_64-linux-gnu/libXfixes.so.3.1.0
7f8d7ceb1000-7f8d7ceb2000 rw-p 00005000 08:05 12197517                   /usr/lib/x86_64-linux-gnu/libXfixes.so.3.1.0
7f8d7ceb2000-7f8d7cebb000 r-xp 00000000 08:05 12197509                   /usr/lib/x86_64-linux-gnu/libXcursor.so.1.0.2
7f8d7cebb000-7f8d7d0ba000 ---p 00009000 08:05 12197509                   /usr/lib/x86_64-linux-gnu/libXcursor.so.1.0.2
7f8d7d0ba000-7f8d7d0bb000 r--p 00008000 08:05 12197509                   /usr/lib/x86_64-linux-gnu/libXcursor.so.1.0.2
7f8d7d0bb000-7f8d7d0bc000 rw-p 00009000 08:05 12197509                   /usr/lib/x86_64-linux-gnu/libXcursor.so.1.0.2
7f8d7d0bc000-7f8d7d0bf000 ---p 00000000 00:00 0 
7f8d7d0bf000-7f8d7d1bd000 rw-p 00000000 00:00 0 
7f8d7d1bd000-7f8d7d1d4000 r-xp 00000000 08:05 26216421                   /lib/x86_64-linux-gnu/libgcc_s.so.1
7f8d7d1d4000-7f8d7d3d3000 ---p 00017000 08:05 26216421                   /lib/x86_64-linux-gnu/libgcc_s.so.1
7f8d7d3d3000-7f8d7d3d4000 r--p 00016000 08:05 26216421                   /lib/x86_64-linux-gnu/libgcc_s.so.1
7f8d7d3d4000-7f8d7d3d5000 rw-p 00017000 08:05 26216421                   /lib/x86_64-linux-gnu/libgcc_s.so.1
7f8d7d3d5000-7f8d7d43a000 r-xp 00000000 08:05 12847480                   /usr/lib/jvm/java-8-oracle/jre/lib/amd64/libfontmanager.so
7f8d7d43a000-7f8d7d639000 ---p 00065000 08:05 12847480                   /usr/lib/jvm/java-8-oracle/jre/lib/amd64/libfontmanager.so
7f8d7d639000-7f8d7d63e000 rw-p 00064000 08:05 12847480                   /usr/lib/jvm/java-8-oracle/jre/lib/amd64/libfontmanager.so
7f8d7d63e000-7f8d7d64e000 rw-p 00000000 00:00 0 
7f8d7d64e000-7f8d7d661000 r-xp 00000000 08:05 26219130                   /lib/x86_64-linux-gnu/libbsd.so.0.8.7
7f8d7d661000-7f8d7d860000 ---p 00013000 08:05 26219130                   /lib/x86_64-linux-gnu/libbsd.so.0.8.7
7f8d7d860000-7f8d7d861000 r--p 00012000 08:05 26219130                   /lib/x86_64-linux-gnu/libbsd.so.0.8.7
7f8d7d861000-7f8d7d862000 rw-p 00013000 08:05 26219130                   /lib/x86_64-linux-gnu/libbsd.so.0.8.7
7f8d7d862000-7f8d7d863000 rw-p 00000000 00:00 0 
7f8d7d863000-7f8d7d868000 r-xp 00000000 08:05 12197513                   /usr/lib/x86_64-linux-gnu/libXdmcp.so.6.0.0
7f8d7d868000-7f8d7da67000 ---p 00005000 08:05 12197513                   /usr/lib/x86_64-linux-gnu/libXdmcp.so.6.0.0
7f8d7da67000-7f8d7da68000 r--p 00004000 08:05 12197513                   /usr/lib/x86_64-linux-gnu/libXdmcp.so.6.0.0
7f8d7da68000-7f8d7da69000 rw-p 00005000 08:05 12197513                   /usr/lib/x86_64-linux-gnu/libXdmcp.so.6.0.0
7f8d7da69000-7f8d7da6b000 r-xp 00000000 08:05 12197502                   /usr/lib/x86_64-linux-gnu/libXau.so.6.0.0
7f8d7da6b000-7f8d7dc6b000 ---p 00002000 08:05 12197502                   /usr/lib/x86_64-linux-gnu/libXau.so.6.0.0
7f8d7dc6b000-7f8d7dc6c000 r--p 00002000 08:05 12197502                   /usr/lib/x86_64-linux-gnu/libXau.so.6.0.0
7f8d7dc6c000-7f8d7dc6d000 rw-p 00003000 08:05 12197502                   /usr/lib/x86_64-linux-gnu/libXau.so.6.0.0
7f8d7dc6d000-7f8d7dc93000 r-xp 00000000 08:05 12198706                   /usr/lib/x86_64-linux-gnu/libxcb.so.1.1.0
7f8d7dc93000-7f8d7de93000 ---p 00026000 08:05 12198706                   /usr/lib/x86_64-linux-gnu/libxcb.so.1.1.0
7f8d7de93000-7f8d7de94000 r--p 00026000 08:05 12198706                   /usr/lib/x86_64-linux-gnu/libxcb.so.1.1.0
7f8d7de94000-7f8d7de95000 rw-p 00027000 08:05 12198706                   /usr/lib/x86_64-linux-gnu/libxcb.so.1.1.0
7f8d7de95000-7f8d7dea4000 r-xp 00000000 08:05 12197523                   /usr/lib/x86_64-linux-gnu/libXi.so.6.1.0
7f8d7dea4000-7f8d7e0a3000 ---p 0000f000 08:05 12197523                   /usr/lib/x86_64-linux-gnu/libXi.so.6.1.0
7f8d7e0a3000-7f8d7e0a4000 r--p 0000e000 08:05 12197523                   /usr/lib/x86_64-linux-gnu/libXi.so.6.1.0
7f8d7e0a4000-7f8d7e0a5000 rw-p 0000f000 08:05 12197523                   /usr/lib/x86_64-linux-gnu/libXi.so.6.1.0
7f8d7e0a5000-7f8d7e0aa000 r-xp 00000000 08:05 12197541                   /usr/lib/x86_64-linux-gnu/libXtst.so.6.1.0
7f8d7e0aa000-7f8d7e2a9000 ---p 00005000 08:05 12197541                   /usr/lib/x86_64-linux-gnu/libXtst.so.6.1.0
7f8d7e2a9000-7f8d7e2aa000 r--p 00004000 08:05 12197541                   /usr/lib/x86_64-linux-gnu/libXtst.so.6.1.0
7f8d7e2aa000-7f8d7e2ab000 rw-p 00005000 08:05 12197541                   /usr/lib/x86_64-linux-gnu/libXtst.so.6.1.0
7f8d7e2ab000-7f8d7e2b4000 r-xp 00000000 08:05 12197535                   /usr/lib/x86_64-linux-gnu/libXrender.so.1.3.0
7f8d7e2b4000-7f8d7e4b3000 ---p 00009000 08:05 12197535                   /usr/lib/x86_64-linux-gnu/libXrender.so.1.3.0
7f8d7e4b3000-7f8d7e4b4000 r--p 00008000 08:05 12197535                   /usr/lib/x86_64-linux-gnu/libXrender.so.1.3.0
7f8d7e4b4000-7f8d7e4b5000 rw-p 00009000 08:05 12197535                   /usr/lib/x86_64-linux-gnu/libXrender.so.1.3.0
7f8d7e4b5000-7f8d7e5e8000 r-xp 00000000 08:05 12199062                   /usr/lib/x86_64-linux-gnu/libX11.so.6.3.0
7f8d7e5e8000-7f8d7e7e8000 ---p 00133000 08:05 12199062                   /usr/lib/x86_64-linux-gnu/libX11.so.6.3.0
7f8d7e7e8000-7f8d7e7e9000 r--p 00133000 08:05 12199062                   /usr/lib/x86_64-linux-gnu/libX11.so.6.3.0
7f8d7e7e9000-7f8d7e7ed000 rw-p 00134000 08:05 12199062                   /usr/lib/x86_64-linux-gnu/libX11.so.6.3.0
7f8d7e7ed000-7f8d7e7fe000 r-xp 00000000 08:05 12197515                   /usr/lib/x86_64-linux-gnu/libXext.so.6.4.0
7f8d7e7fe000-7f8d7e9fd000 ---p 00011000 08:05 12197515                   /usr/lib/x86_64-linux-gnu/libXext.so.6.4.0
7f8d7e9fd000-7f8d7e9fe000 r--p 00010000 08:05 12197515                   /usr/lib/x86_64-linux-gnu/libXext.so.6.4.0
7f8d7e9fe000-7f8d7e9ff000 rw-p 00011000 08:05 12197515                   /usr/lib/x86_64-linux-gnu/libXext.so.6.4.0
7f8d7e9ff000-7f8d7ea53000 r-xp 00000000 08:05 12847507                   /usr/lib/jvm/java-8-oracle/jre/lib/amd64/libawt_xawt.so
7f8d7ea53000-7f8d7ec53000 ---p 00054000 08:05 12847507                   /usr/lib/jvm/java-8-oracle/jre/lib/amd64/libawt_xawt.so
7f8d7ec53000-7f8d7ec57000 rw-p 00054000 08:05 12847507                   /usr/lib/jvm/java-8-oracle/jre/lib/amd64/libawt_xawt.so
7f8d7ec57000-7f8d7ec58000 rw-p 00000000 00:00 0 
7f8d7ec58000-7f8d7ecfa000 r-xp 00000000 08:05 12847493                   /usr/lib/jvm/java-8-oracle/jre/lib/amd64/libawt.so
7f8d7ecfa000-7f8d7eefa000 ---p 000a2000 08:05 12847493                   /usr/lib/jvm/java-8-oracle/jre/lib/amd64/libawt.so
7f8d7eefa000-7f8d7ef06000 rw-p 000a2000 08:05 12847493                   /usr/lib/jvm/java-8-oracle/jre/lib/amd64/libawt.so
7f8d7ef06000-7f8d7ef2a000 rw-p 00000000 00:00 0 
7f8d7ef2a000-7f8d7ef2b000 ---p 00000000 00:00 0 
7f8d7ef2b000-7f8d7f02b000 rw-p 00000000 00:00 0 
7f8d7f02b000-7f8d7f02e000 ---p 00000000 00:00 0 
7f8d7f02e000-7f8d7f12c000 rw-p 00000000 00:00 0 
7f8d7f12c000-7f8d7f12d000 ---p 00000000 00:00 0 
7f8d7f12d000-7f8d7f130000 ---p 00000000 00:00 0 
7f8d7f130000-7f8d7f22d000 rw-p 00000000 00:00 0 
7f8d7f22d000-7f8d7f22e000 ---p 00000000 00:00 0 
7f8d7f22e000-7f8d7f231000 ---p 00000000 00:00 0 
7f8d7f231000-7f8d7f32e000 rw-p 00000000 00:00 0 
7f8d7f32e000-7f8d7f32f000 ---p 00000000 00:00 0 
7f8d7f32f000-7f8d7f332000 ---p 00000000 00:00 0 
7f8d7f332000-7f8d7f42f000 rw-p 00000000 00:00 0 
7f8d7f42f000-7f8d7f432000 ---p 00000000 00:00 0 
7f8d7f432000-7f8d7f530000 rw-p 00000000 00:00 0 
7f8d7f530000-7f8d7feff000 r--p 00000000 08:05 12196482                   /usr/lib/locale/locale-archive
7f8d7feff000-7f8d7ff02000 ---p 00000000 00:00 0 
7f8d7ff02000-7f8d80000000 rw-p 00000000 00:00 0 
7f8d80000000-7f8d80021000 rw-p 00000000 00:00 0 
7f8d80021000-7f8d84000000 ---p 00000000 00:00 0 
7f8d84002000-7f8d84008000 r--p 00000000 08:05 14026206                   /usr/share/locale-langpack/es/LC_MESSAGES/gdk-pixbuf.mo
7f8d84008000-7f8d8400b000 r--p 00000000 08:05 14026133                   /usr/share/locale-langpack/es/LC_MESSAGES/atk10.mo
7f8d8400b000-7f8d84016000 r--s 00000000 08:05 42074224                   /var/cache/fontconfig/945677eb7aeaf62f1d50efc3fb3ec7d8-le64.cache-7
7f8d84016000-7f8d8401b000 r--s 00000000 08:05 42074195                   /var/cache/fontconfig/2300eef321c393bfd76478a5c0e95b23-le64.cache-7
7f8d8401b000-7f8d8401c000 r--s 00000000 08:05 42074188                   /var/cache/fontconfig/0d8c3b2ac0904cb8a57a757ad11a4a08-le64.cache-7
7f8d8401c000-7f8d84020000 r--s 00000000 08:05 42080639                   /var/cache/fontconfig/de156ccd2eddbdc19d37a45b8b2aac9c-le64.cache-7
7f8d84020000-7f8d84035000 r--s 00000000 08:05 42074184                   /var/cache/fontconfig/04aabc0a78ac019cf9454389977116d2-le64.cache-7
7f8d84035000-7f8d84036000 r--s 00000000 08:05 42074192                   /var/cache/fontconfig/1ac9eb803944fde146138c791f5cc56a-le64.cache-7
7f8d84036000-7f8d84037000 r--s 00000000 08:05 42074243                   /var/cache/fontconfig/dc05db6664285cc2f12bf69c139ae4c3-le64.cache-7
7f8d84037000-7f8d84039000 r--s 00000000 08:05 42074189                   /var/cache/fontconfig/14a5e22175779b556eaa434240950366-le64.cache-7
7f8d84039000-7f8d8403a000 r--s 00000000 08:05 42074216                   /var/cache/fontconfig/660208299946a285a940457d1287da33-le64.cache-7
7f8d8403a000-7f8d8403c000 r--s 00000000 08:05 42074207                   /var/cache/fontconfig/4f3e3037c9980c83b53a9351efadef62-le64.cache-7
7f8d8403c000-7f8d8403e000 r--s 00000000 08:05 42074221                   /var/cache/fontconfig/767a8244fc0220cfb567a839d0392e0b-le64.cache-7
7f8d8403e000-7f8d8403f000 r--s 00000000 08:05 42079015                   /var/cache/fontconfig/4794a0821666d79190d59a36cb4f44b5-le64.cache-7
7f8d8403f000-7f8d84041000 r--s 00000000 08:05 42078520                   /var/cache/fontconfig/0bd3dc0958fa2205aaaa8ebb13e2872b-le64.cache-7
7f8d84041000-7f8d84046000 r--s 00000000 08:05 42074244                   /var/cache/fontconfig/def309198bfa603429122923fa2bb2d4-le64.cache-7
7f8d84046000-7f8d84047000 r--s 00000000 08:05 42074232                   /var/cache/fontconfig/b872e6e592da6075ffa4ab0a1fcc0c75-le64.cache-7
7f8d84047000-7f8d84048000 r--s 00000000 08:05 42074249                   /var/cache/fontconfig/f6d4eedfaab2589bde49f7a3ff831d22-le64.cache-7
7f8d84048000-7f8d84049000 r--s 00000000 08:05 42074214                   /var/cache/fontconfig/589f83ef4c36d296ce6e1c846f468f08-le64.cache-7
7f8d84049000-7f8d8404a000 r--s 00000000 08:05 42074234                   /var/cache/fontconfig/bab58bb527bb656aaa9f116d68a48d89-le64.cache-7
7f8d8404a000-7f8d8404b000 r--s 00000000 08:05 42074193                   /var/cache/fontconfig/2171a34dccabdb6bcbbc728186263178-le64.cache-7
7f8d8404b000-7f8d8404c000 r--s 00000000 08:05 42074235                   /var/cache/fontconfig/c5c45a61289222e0d30b1a26ef4effbe-le64.cache-7
7f8d8404c000-7f8d8404d000 r--s 00000000 08:05 42074230                   /var/cache/fontconfig/aec30016f93e1b46d1a973dce0d74068-le64.cache-7
7f8d8404d000-7f8d8404e000 r--s 00000000 08:05 42074200                   /var/cache/fontconfig/3f589640d34b7dc9042c8d453f7c8b9c-le64.cache-7
7f8d8404e000-7f8d8404f000 r--s 00000000 08:05 42074190                   /var/cache/fontconfig/16c2fda60d1b4b719f4b3d06fd951d25-le64.cache-7
7f8d8404f000-7f8d84050000 r--s 00000000 08:05 42074229                   /var/cache/fontconfig/a48eab177a16e4f3713381162db2f3e9-le64.cache-7
7f8d84050000-7f8d84051000 r--s 00000000 08:05 42074210                   /var/cache/fontconfig/564b2e68ac9bc4e36a6f7f6d6125ec1c-le64.cache-7
7f8d84051000-7f8d84056000 r--s 00000000 08:05 42079013                   /var/cache/fontconfig/9d2451b1fd30e5bffe8383fd27c35478-le64.cache-7
7f8d84056000-7f8d8405c000 r--s 00000000 08:05 42079014                   /var/cache/fontconfig/3047814df9a2f067bd2d96a2b9c36e5a-le64.cache-7
7f8d8405c000-7f8d84064000 r--s 00000000 08:05 42078667                   /var/cache/fontconfig/bf3b770c553c462765856025a94f1ce6-le64.cache-7
7f8d84064000-7f8d84065000 r--s 00000000 08:05 42074211                   /var/cache/fontconfig/56cf4f4769d0f4abc89a4895d7bd3ae1-le64.cache-7
7f8d84065000-7f8d84066000 r--s 00000000 08:05 42074233                   /var/cache/fontconfig/b9d506c9ac06c20b433354fa67a72993-le64.cache-7
7f8d84066000-7f8d8406c000 r--s 00000000 08:05 42074231                   /var/cache/fontconfig/b47c4e1ecd0709278f4910c18777a504-le64.cache-7
7f8d8406c000-7f8d8407f000 r--s 00000000 08:05 42074240                   /var/cache/fontconfig/d52a8644073d54c13679302ca1180695-le64.cache-7
7f8d8407f000-7f8d84080000 r--s 00000000 08:05 42074198                   /var/cache/fontconfig/370e5b74bf5dafc30834de68e24a87a4-le64.cache-7
7f8d84080000-7f8d84081000 r--s 00000000 08:05 42074219                   /var/cache/fontconfig/6b2c5944714ca7831b25bed9e85cb5c8-le64.cache-7
7f8d84081000-7f8d84082000 r--s 00000000 08:05 42074239                   /var/cache/fontconfig/d5178ab6d91b49bf20a416737dcea9e8-le64.cache-7
7f8d84082000-7f8d84083000 r--s 00000000 08:05 42074209                   /var/cache/fontconfig/551ecf3b0e8b0bca0f25c0944f561853-le64.cache-7
7f8d84083000-7f8d84086000 r--s 00000000 08:05 42074248                   /var/cache/fontconfig/f259c2cffa685e28062317905db73c4a-le64.cache-7
7f8d84086000-7f8d84088000 r--s 00000000 08:05 42074208                   /var/cache/fontconfig/550f3886151c940c12a5ed35f6a00586-le64.cache-7
7f8d84088000-7f8d8408b000 r--s 00000000 08:05 42074217                   /var/cache/fontconfig/674d1711f2d1d2a09646eb0bdcadee49-le64.cache-7
7f8d8408b000-7f8d8408c000 r--s 00000000 08:05 42074201                   /var/cache/fontconfig/3f7329c5293ffd510edef78f73874cfd-le64.cache-7
7f8d8408c000-7f8d84098000 r--s 00000000 08:05 42076224                   /var/cache/fontconfig/d589a48862398ed80a3d6066f4f56f4c-le64.cache-7
7f8d84098000-7f8d84099000 r--s 00000000 08:05 42074187                   /var/cache/fontconfig/0c9eb80ebd1c36541ebe2852d3bb0c49-le64.cache-7
7f8d84099000-7f8d8409a000 r--s 00000000 08:05 42074194                   /var/cache/fontconfig/22368d551a680bfe5a62c02760edf4ea-le64.cache-7
7f8d8409a000-7f8d8409b000 r--s 00000000 08:05 42074206                   /var/cache/fontconfig/4d9c95eba1cb85bbcf2878543262124a-le64.cache-7
7f8d8409b000-7f8d8409c000 r--s 00000000 08:05 42074223                   /var/cache/fontconfig/85e0a52ce643a7ba2ae53e5d6949cead-le64.cache-7
7f8d8409c000-7f8d8409d000 r--s 00000000 08:05 42074203                   /var/cache/fontconfig/49f0de54bdd920fe4f0dfd4cbac43e6b-le64.cache-7
7f8d8409d000-7f8d8409e000 r--s 00000000 08:05 42074250                   /var/cache/fontconfig/f6e6e0a5c3d2f6ae0c0c2e0ecd42a997-le64.cache-7
7f8d8409e000-7f8d840ac000 r--s 00000000 08:05 42074226                   /var/cache/fontconfig/9b89f8e3dae116d678bbf48e5f21f69b-le64.cache-7
7f8d840ac000-7f8d840ba000 r--s 00000000 08:05 42074607                   /var/cache/fontconfig/e13b20fdb08344e0e664864cc2ede53d-le64.cache-7
7f8d840ba000-7f8d840be000 r--s 00000000 08:05 30944528                   /home/likendero/.cache/fontconfig/b82399fbbbca027fdf7a55567090b8f7-le64.cache-7
7f8d840be000-7f8d840c5000 r--s 00000000 08:05 12455149                   /usr/lib/x86_64-linux-gnu/gconv/gconv-modules.cache
7f8d840c5000-7f8d840f1000 r--s 002ff000 08:05 41027585                   /home/likendero/Documentos/qt/qtjambi/qtjambi-4.8.7.jar
7f8d840f1000-7f8d840f4000 ---p 00000000 00:00 0 
7f8d840f4000-7f8d841f2000 rw-p 00000000 00:00 0 
7f8d841f2000-7f8d841f3000 ---p 00000000 00:00 0 
7f8d841f3000-7f8d85000000 rw-p 00000000 00:00 0 
7f8d85000000-7f8d85300000 rwxp 00000000 00:00 0 
7f8d85300000-7f8d94000000 ---p 00000000 00:00 0 
7f8d94000000-7f8d94298000 rw-p 00000000 00:00 0 
7f8d94298000-7f8d98000000 ---p 00000000 00:00 0 
7f8d98000000-7f8d98001000 r--s 00000000 08:05 42074204                   /var/cache/fontconfig/4b2eda6bb976bda485cb2176619421d5-le64.cache-7
7f8d98001000-7f8d98025000 r--p 00000000 08:05 14026309                   /usr/share/locale-langpack/es/LC_MESSAGES/libc.mo
7f8d98025000-7f8d98028000 r--s 01f3b000 08:05 41027589                   /home/likendero/Documentos/qt/qtjambi/qtjambi-native-linux64-gcc-4.8.7.jar
7f8d98028000-7f8d9831e000 rw-p 00000000 00:00 0 
7f8d9831e000-7f8d984f8000 r--s 03d6b000 08:05 12715415                   /usr/lib/jvm/java-8-oracle/jre/lib/rt.jar
7f8d984f8000-7f8d9953a000 rw-p 00000000 00:00 0 
7f8d9953a000-7f8d9953b000 ---p 00000000 00:00 0 
7f8d9953b000-7f8d9963b000 rw-p 00000000 00:00 0 
7f8d9963b000-7f8d9963c000 ---p 00000000 00:00 0 
7f8d9963c000-7f8d9973c000 rw-p 00000000 00:00 0 
7f8d9973c000-7f8d9973d000 ---p 00000000 00:00 0 
7f8d9973d000-7f8d9983d000 rw-p 00000000 00:00 0 
7f8d9983d000-7f8d9983e000 ---p 00000000 00:00 0 
7f8d9983e000-7f8d99992000 rw-p 00000000 00:00 0 
7f8d99992000-7f8d99e71000 ---p 00000000 00:00 0 
7f8d99e71000-7f8d99ec5000 rw-p 00000000 00:00 0 
7f8d99ec5000-7f8d9a3a3000 ---p 00000000 00:00 0 
7f8d9a3a3000-7f8d9a3ce000 rw-p 00000000 00:00 0 
7f8d9a3ce000-7f8d9a63d000 ---p 00000000 00:00 0 
7f8d9a63d000-7f8d9a64a000 rw-p 00000000 00:00 0 
7f8d9a64a000-7f8d9a9fe000 ---p 00000000 00:00 0 
7f8d9a9fe000-7f8d9aa19000 r-xp 00000000 08:05 12847496                   /usr/lib/jvm/java-8-oracle/jre/lib/amd64/libzip.so
7f8d9aa19000-7f8d9ac19000 ---p 0001b000 08:05 12847496                   /usr/lib/jvm/java-8-oracle/jre/lib/amd64/libzip.so
7f8d9ac19000-7f8d9ac1a000 rw-p 0001b000 08:05 12847496                   /usr/lib/jvm/java-8-oracle/jre/lib/amd64/libzip.so
7f8d9ac1a000-7f8d9ac25000 r-xp 00000000 08:05 26219224                   /lib/x86_64-linux-gnu/libnss_files-2.27.so
7f8d9ac25000-7f8d9ae24000 ---p 0000b000 08:05 26219224                   /lib/x86_64-linux-gnu/libnss_files-2.27.so
7f8d9ae24000-7f8d9ae25000 r--p 0000a000 08:05 26219224                   /lib/x86_64-linux-gnu/libnss_files-2.27.so
7f8d9ae25000-7f8d9ae26000 rw-p 0000b000 08:05 26219224                   /lib/x86_64-linux-gnu/libnss_files-2.27.so
7f8d9ae26000-7f8d9ae2c000 rw-p 00000000 00:00 0 
7f8d9ae2c000-7f8d9ae43000 r-xp 00000000 08:05 26219218                   /lib/x86_64-linux-gnu/libnsl-2.27.so
7f8d9ae43000-7f8d9b042000 ---p 00017000 08:05 26219218                   /lib/x86_64-linux-gnu/libnsl-2.27.so
7f8d9b042000-7f8d9b043000 r--p 00016000 08:05 26219218                   /lib/x86_64-linux-gnu/libnsl-2.27.so
7f8d9b043000-7f8d9b044000 rw-p 00017000 08:05 26219218                   /lib/x86_64-linux-gnu/libnsl-2.27.so
7f8d9b044000-7f8d9b046000 rw-p 00000000 00:00 0 
7f8d9b046000-7f8d9b051000 r-xp 00000000 08:05 26219235                   /lib/x86_64-linux-gnu/libnss_nis-2.27.so
7f8d9b051000-7f8d9b250000 ---p 0000b000 08:05 26219235                   /lib/x86_64-linux-gnu/libnss_nis-2.27.so
7f8d9b250000-7f8d9b251000 r--p 0000a000 08:05 26219235                   /lib/x86_64-linux-gnu/libnss_nis-2.27.so
7f8d9b251000-7f8d9b252000 rw-p 0000b000 08:05 26219235                   /lib/x86_64-linux-gnu/libnss_nis-2.27.so
7f8d9b252000-7f8d9b25a000 r-xp 00000000 08:05 26219220                   /lib/x86_64-linux-gnu/libnss_compat-2.27.so
7f8d9b25a000-7f8d9b45a000 ---p 00008000 08:05 26219220                   /lib/x86_64-linux-gnu/libnss_compat-2.27.so
7f8d9b45a000-7f8d9b45b000 r--p 00008000 08:05 26219220                   /lib/x86_64-linux-gnu/libnss_compat-2.27.so
7f8d9b45b000-7f8d9b45c000 rw-p 00009000 08:05 26219220                   /lib/x86_64-linux-gnu/libnss_compat-2.27.so
7f8d9b45c000-7f8d9b487000 r-xp 00000000 08:05 12847490                   /usr/lib/jvm/java-8-oracle/jre/lib/amd64/libjava.so
7f8d9b487000-7f8d9b686000 ---p 0002b000 08:05 12847490                   /usr/lib/jvm/java-8-oracle/jre/lib/amd64/libjava.so
7f8d9b686000-7f8d9b688000 rw-p 0002a000 08:05 12847490                   /usr/lib/jvm/java-8-oracle/jre/lib/amd64/libjava.so
7f8d9b688000-7f8d9b695000 r-xp 00000000 08:05 12847495                   /usr/lib/jvm/java-8-oracle/jre/lib/amd64/libverify.so
7f8d9b695000-7f8d9b895000 ---p 0000d000 08:05 12847495                   /usr/lib/jvm/java-8-oracle/jre/lib/amd64/libverify.so
7f8d9b895000-7f8d9b897000 rw-p 0000d000 08:05 12847495                   /usr/lib/jvm/java-8-oracle/jre/lib/amd64/libverify.so
7f8d9b897000-7f8d9b89e000 r-xp 00000000 08:05 26219275                   /lib/x86_64-linux-gnu/librt-2.27.so
7f8d9b89e000-7f8d9ba9d000 ---p 00007000 08:05 26219275                   /lib/x86_64-linux-gnu/librt-2.27.so
7f8d9ba9d000-7f8d9ba9e000 r--p 00006000 08:05 26219275                   /lib/x86_64-linux-gnu/librt-2.27.so
7f8d9ba9e000-7f8d9ba9f000 rw-p 00007000 08:05 26219275                   /lib/x86_64-linux-gnu/librt-2.27.so
7f8d9ba9f000-7f8d9bc3c000 r-xp 00000000 08:05 26219197                   /lib/x86_64-linux-gnu/libm-2.27.so
7f8d9bc3c000-7f8d9be3b000 ---p 0019d000 08:05 26219197                   /lib/x86_64-linux-gnu/libm-2.27.so
7f8d9be3b000-7f8d9be3c000 r--p 0019c000 08:05 26219197                   /lib/x86_64-linux-gnu/libm-2.27.so
7f8d9be3c000-7f8d9be3d000 rw-p 0019d000 08:05 26219197                   /lib/x86_64-linux-gnu/libm-2.27.so
7f8d9be3d000-7f8d9cb19000 r-xp 00000000 08:05 12847472                   /usr/lib/jvm/java-8-oracle/jre/lib/amd64/server/libjvm.so
7f8d9cb19000-7f8d9cd19000 ---p 00cdc000 08:05 12847472                   /usr/lib/jvm/java-8-oracle/jre/lib/amd64/server/libjvm.so
7f8d9cd19000-7f8d9cdf3000 rw-p 00cdc000 08:05 12847472                   /usr/lib/jvm/java-8-oracle/jre/lib/amd64/server/libjvm.so
7f8d9cdf3000-7f8d9ce3e000 rw-p 00000000 00:00 0 
7f8d9ce3e000-7f8d9d025000 r-xp 00000000 08:05 26219134                   /lib/x86_64-linux-gnu/libc-2.27.so
7f8d9d025000-7f8d9d225000 ---p 001e7000 08:05 26219134                   /lib/x86_64-linux-gnu/libc-2.27.so
7f8d9d225000-7f8d9d229000 r--p 001e7000 08:05 26219134                   /lib/x86_64-linux-gnu/libc-2.27.so
7f8d9d229000-7f8d9d22b000 rw-p 001eb000 08:05 26219134                   /lib/x86_64-linux-gnu/libc-2.27.so
7f8d9d22b000-7f8d9d22f000 rw-p 00000000 00:00 0 
7f8d9d22f000-7f8d9d232000 r-xp 00000000 08:05 26219157                   /lib/x86_64-linux-gnu/libdl-2.27.so
7f8d9d232000-7f8d9d431000 ---p 00003000 08:05 26219157                   /lib/x86_64-linux-gnu/libdl-2.27.so
7f8d9d431000-7f8d9d432000 r--p 00002000 08:05 26219157                   /lib/x86_64-linux-gnu/libdl-2.27.so
7f8d9d432000-7f8d9d433000 rw-p 00003000 08:05 26219157                   /lib/x86_64-linux-gnu/libdl-2.27.so
7f8d9d433000-7f8d9d449000 r-xp 00000000 08:05 12715139                   /usr/lib/jvm/java-8-oracle/lib/amd64/jli/libjli.so
7f8d9d449000-7f8d9d648000 ---p 00016000 08:05 12715139                   /usr/lib/jvm/java-8-oracle/lib/amd64/jli/libjli.so
7f8d9d648000-7f8d9d649000 rw-p 00015000 08:05 12715139                   /usr/lib/jvm/java-8-oracle/lib/amd64/jli/libjli.so
7f8d9d649000-7f8d9d663000 r-xp 00000000 08:05 26219267                   /lib/x86_64-linux-gnu/libpthread-2.27.so
7f8d9d663000-7f8d9d862000 ---p 0001a000 08:05 26219267                   /lib/x86_64-linux-gnu/libpthread-2.27.so
7f8d9d862000-7f8d9d863000 r--p 00019000 08:05 26219267                   /lib/x86_64-linux-gnu/libpthread-2.27.so
7f8d9d863000-7f8d9d864000 rw-p 0001a000 08:05 26219267                   /lib/x86_64-linux-gnu/libpthread-2.27.so
7f8d9d864000-7f8d9d868000 rw-p 00000000 00:00 0 
7f8d9d868000-7f8d9d88f000 r-xp 00000000 08:05 26219106                   /lib/x86_64-linux-gnu/ld-2.27.so
7f8d9d88f000-7f8d9d891000 r--s 00000000 08:05 42074218                   /var/cache/fontconfig/6afa1bb216ce958c1589e297e8008489-le64.cache-7
7f8d9d891000-7f8d9d89d000 r--s 00437000 08:05 41027588                   /home/likendero/Documentos/qt/qtjambi/qtjambi-examples-src.jar
7f8d9d89d000-7f8d9d96e000 rw-p 00000000 00:00 0 
7f8d9d96e000-7f8d9d96f000 ---p 00000000 00:00 0 
7f8d9d96f000-7f8d9d972000 ---p 00000000 00:00 0 
7f8d9d972000-7f8d9da71000 rw-p 00000000 00:00 0 
7f8d9da71000-7f8d9da73000 r--s 00000000 08:05 42077599                   /var/cache/fontconfig/62f91419b9ebdb6975e7e41ab6412357-le64.cache-7
7f8d9da73000-7f8d9da81000 r--s 00474000 08:05 41027587                   /home/likendero/Documentos/qt/qtjambi/qtjambi-examples-4.8.7.jar
7f8d9da81000-7f8d9da83000 r--s 00008000 08:05 41027586                   /home/likendero/Documentos/qt/qtjambi/qtjambi-designer-4.8.7.jar
7f8d9da83000-7f8d9da8b000 rw-s 00000000 08:05 22684250                   /tmp/hsperfdata_likendero/29959
7f8d9da8b000-7f8d9da8c000 rw-p 00000000 00:00 0 
7f8d9da8c000-7f8d9da8d000 r--p 00000000 00:00 0 
7f8d9da8d000-7f8d9da8f000 rw-p 00000000 00:00 0 
7f8d9da8f000-7f8d9da90000 r--p 00027000 08:05 26219106                   /lib/x86_64-linux-gnu/ld-2.27.so
7f8d9da90000-7f8d9da91000 rw-p 00028000 08:05 26219106                   /lib/x86_64-linux-gnu/ld-2.27.so
7f8d9da91000-7f8d9da92000 rw-p 00000000 00:00 0 
7fff07d2c000-7fff07d4d000 rw-p 00000000 00:00 0                          [stack]
7fff07dd1000-7fff07dd4000 r--p 00000000 00:00 0                          [vvar]
7fff07dd4000-7fff07dd6000 r-xp 00000000 00:00 0                          [vdso]
ffffffffff600000-ffffffffff601000 r-xp 00000000 00:00 0                  [vsyscall]

VM Arguments:
jvm_args: -Dfile.encoding=UTF-8 
java_command: pruebaqt.PruebaQt
java_class_path (initial): /home/likendero/Documentos/qt/qtjambi/qtjambi-4.8.7.jar:/home/likendero/Documentos/qt/qtjambi/qtjambi-designer-4.8.7.jar:/home/likendero/Documentos/qt/qtjambi/qtjambi-examples-4.8.7.jar:/home/likendero/Documentos/qt/qtjambi/qtjambi-examples-src.jar:/home/likendero/Documentos/qt/qtjambi/qtjambi-native-linux64-gcc-4.8.7.jar:/home/likendero/github/entornos/pruebaQt/build/classes
Launcher Type: SUN_STANDARD

Environment Variables:
JAVA_HOME=/usr/lib/jvm/java-8-oracle
PATH=/home/likendero/.local/bin:/usr/local/sbin:/usr/local/bin:/usr/sbin:/usr/bin:/sbin:/bin:/usr/games:/usr/local/games:/snap/bin:/usr/lib/jvm/java-8-oracle/bin:/usr/lib/jvm/java-8-oracle/db/bin:/usr/lib/jvm/java-8-oracle/jre/bin
USERNAME=likendero
LD_LIBRARY_PATH=/usr/lib/jvm/java-8-oracle/jre/lib/amd64:/usr/lib/jvm/java-8-oracle/jre/lib/i386:
SHELL=/bin/bash
DISPLAY=:0

Signal Handlers:
SIGSEGV: [libjvm.so+0xad2a40], sa_mask[0]=11111111011111111101111111111110, sa_flags=SA_RESTART|SA_SIGINFO
SIGBUS: [libjvm.so+0xad2a40], sa_mask[0]=11111111011111111101111111111110, sa_flags=SA_RESTART|SA_SIGINFO
SIGFPE: [libjvm.so+0x92a610], sa_mask[0]=11111111011111111101111111111110, sa_flags=SA_RESTART|SA_SIGINFO
SIGPIPE: SIG_IGN, sa_mask[0]=00000000000010000000000000000000, sa_flags=SA_RESTART
SIGXFSZ: [libjvm.so+0x92a610], sa_mask[0]=11111111011111111101111111111110, sa_flags=SA_RESTART|SA_SIGINFO
SIGILL: [libjvm.so+0x92a610], sa_mask[0]=11111111011111111101111111111110, sa_flags=SA_RESTART|SA_SIGINFO
SIGUSR1: SIG_DFL, sa_mask[0]=00000000000000000000000000000000, sa_flags=none
SIGUSR2: [libjvm.so+0x92be70], sa_mask[0]=00100000000000000000000000000000, sa_flags=SA_RESTART|SA_SIGINFO
SIGHUP: [libjvm.so+0x92d270], sa_mask[0]=11111111011111111101111111111110, sa_flags=SA_RESTART|SA_SIGINFO
SIGINT: SIG_IGN, sa_mask[0]=00000000000000000000000000000000, sa_flags=none
SIGTERM: [libjvm.so+0x92d270], sa_mask[0]=11111111011111111101111111111110, sa_flags=SA_RESTART|SA_SIGINFO
SIGQUIT: [libjvm.so+0x92d270], sa_mask[0]=11111111011111111101111111111110, sa_flags=SA_RESTART|SA_SIGINFO


---------------  S Y S T E M  ---------------

OS:DISTRIB_ID=Ubuntu
DISTRIB_RELEASE=18.04
DISTRIB_CODENAME=bionic
DISTRIB_DESCRIPTION="Ubuntu 18.04.1 LTS"

uname:Linux 4.15.0-39-generic #42-Ubuntu SMP Tue Oct 23 15:48:01 UTC 2018 x86_64
libc:glibc 2.27 NPTL 2.27 
rlimit: STACK 8192k, CORE 0k, NPROC 63437, NOFILE 1048576, AS infinity
load average:1,14 0,83 0,91

/proc/meminfo:
MemTotal:       16344504 kB
MemFree:          160128 kB
MemAvailable:    5647364 kB
Buffers:          644116 kB
Cached:          5787656 kB
SwapCached:            0 kB
Active:         12002940 kB
Inactive:        3470608 kB
Active(anon):    9013700 kB
Inactive(anon):  1008840 kB
Active(file):    2989240 kB
Inactive(file):  2461768 kB
Unevictable:          40 kB
Mlocked:              40 kB
SwapTotal:       3999740 kB
SwapFree:        3999740 kB
Dirty:               732 kB
Writeback:             0 kB
AnonPages:       9041936 kB
Mapped:          1502020 kB
Shmem:            980764 kB
Slab:             473416 kB
SReclaimable:     376356 kB
SUnreclaim:        97060 kB
KernelStack:       23696 kB
PageTables:        97276 kB
NFS_Unstable:          0 kB
Bounce:                0 kB
WritebackTmp:          0 kB
CommitLimit:    12171992 kB
Committed_AS:   19193128 kB
VmallocTotal:   34359738367 kB
VmallocUsed:           0 kB
VmallocChunk:          0 kB
HardwareCorrupted:     0 kB
AnonHugePages:      2048 kB
ShmemHugePages:        0 kB
ShmemPmdMapped:        0 kB
CmaTotal:              0 kB
CmaFree:               0 kB
HugePages_Total:       0
HugePages_Free:        0
HugePages_Rsvd:        0
HugePages_Surp:        0
Hugepagesize:       2048 kB
DirectMap4k:      365496 kB
DirectMap2M:    15282176 kB
DirectMap1G:     2097152 kB


CPU:total 4 (initial active 4) (2 cores per cpu, 2 threads per core) family 6 model 69 stepping 1, cmov, cx8, fxsr, mmx, sse, sse2, sse3, ssse3, sse4.1, sse4.2, popcnt, avx, avx2, aes, clmul, erms, lzcnt, ht, tsc, tscinvbit, bmi1, bmi2

/proc/cpuinfo:
processor	: 0
vendor_id	: GenuineIntel
cpu family	: 6
model		: 69
model name	: Intel(R) Core(TM) i5-4200U CPU @ 1.60GHz
stepping	: 1
microcode	: 0x24
cpu MHz		: 2190.826
cache size	: 3072 KB
physical id	: 0
siblings	: 4
core id		: 0
cpu cores	: 2
apicid		: 0
initial apicid	: 0
fpu		: yes
fpu_exception	: yes
cpuid level	: 13
wp		: yes
flags		: fpu vme de pse tsc msr pae mce cx8 apic sep mtrr pge mca cmov pat pse36 clflush dts acpi mmx fxsr sse sse2 ss ht tm pbe syscall nx pdpe1gb rdtscp lm constant_tsc arch_perfmon pebs bts rep_good nopl xtopology nonstop_tsc cpuid aperfmperf pni pclmulqdq dtes64 monitor ds_cpl vmx est tm2 ssse3 sdbg fma cx16 xtpr pdcm pcid sse4_1 sse4_2 movbe popcnt tsc_deadline_timer aes xsave avx f16c rdrand lahf_lm abm cpuid_fault epb invpcid_single pti ssbd ibrs ibpb stibp tpr_shadow vnmi flexpriority ept vpid fsgsbase tsc_adjust bmi1 avx2 smep bmi2 erms invpcid xsaveopt dtherm ida arat pln pts flush_l1d
bugs		: cpu_meltdown spectre_v1 spectre_v2 spec_store_bypass l1tf
bogomips	: 4589.53
clflush size	: 64
cache_alignment	: 64
address sizes	: 39 bits physical, 48 bits virtual
power management:

processor	: 1
vendor_id	: GenuineIntel
cpu family	: 6
model		: 69
model name	: Intel(R) Core(TM) i5-4200U CPU @ 1.60GHz
stepping	: 1
microcode	: 0x24
cpu MHz		: 2331.098
cache size	: 3072 KB
physical id	: 0
siblings	: 4
core id		: 1
cpu cores	: 2
apicid		: 2
initial apicid	: 2
fpu		: yes
fpu_exception	: yes
cpuid level	: 13
wp		: yes
flags		: fpu vme de pse tsc msr pae mce cx8 apic sep mtrr pge mca cmov pat pse36 clflush dts acpi mmx fxsr sse sse2 ss ht tm pbe syscall nx pdpe1gb rdtscp lm constant_tsc arch_perfmon pebs bts rep_good nopl xtopology nonstop_tsc cpuid aperfmperf pni pclmulqdq dtes64 monitor ds_cpl vmx est tm2 ssse3 sdbg fma cx16 xtpr pdcm pcid sse4_1 sse4_2 movbe popcnt tsc_deadline_timer aes xsave avx f16c rdrand lahf_lm abm cpuid_fault epb invpcid_single pti ssbd ibrs ibpb stibp tpr_shadow vnmi flexpriority ept vpid fsgsbase tsc_adjust bmi1 avx2 smep bmi2 erms invpcid xsaveopt dtherm ida arat pln pts flush_l1d
bugs		: cpu_meltdown spectre_v1 spectre_v2 spec_store_bypass l1tf
bogomips	: 4589.53
clflush size	: 64
cache_alignment	: 64
address sizes	: 39 bits physical, 48 bits virtual
power management:

processor	: 2
vendor_id	: GenuineIntel
cpu family	: 6
model		: 69
model name	: Intel(R) Core(TM) i5-4200U CPU @ 1.60GHz
stepping	: 1
microcode	: 0x24
cpu MHz		: 2202.978
cache size	: 3072 KB
physical id	: 0
siblings	: 4
core id		: 0
cpu cores	: 2
apicid		: 1
initial apicid	: 1
fpu		: yes
fpu_exception	: yes
cpuid level	: 13
wp		: yes
flags		: fpu vme de pse tsc msr pae mce cx8 apic sep mtrr pge mca cmov pat pse36 clflush dts acpi mmx fxsr sse sse2 ss ht tm pbe syscall nx pdpe1gb rdtscp lm constant_tsc arch_perfmon pebs bts rep_good nopl xtopology nonstop_tsc cpuid aperfmperf pni pclmulqdq dtes64 monitor ds_cpl vmx est tm2 ssse3 sdbg fma cx16 xtpr pdcm pcid sse4_1 sse4_2 movbe popcnt tsc_deadline_timer aes xsave avx f16c rdrand lahf_lm abm cpuid_fault epb invpcid_single pti ssbd ibrs ibpb stibp tpr_shadow vnmi flexpriority ept vpid fsgsbase tsc_adjust bmi1 avx2 smep bmi2 erms invpcid xsaveopt dtherm ida arat pln pts flush_l1d
bugs		: cpu_meltdown spectre_v1 spectre_v2 spec_store_bypass l1tf
bogomips	: 4589.53
clflush size	: 64
cache_alignment	: 64
address sizes	: 39 bits physical, 48 bits virtual
power management:

processor	: 3
vendor_id	: GenuineIntel
cpu family	: 6
model		: 69
model name	: Intel(R) Core(TM) i5-4200U CPU @ 1.60GHz
stepping	: 1
microcode	: 0x24
cpu MHz		: 1811.906
cache size	: 3072 KB
physical id	: 0
siblings	: 4
core id		: 1
cpu cores	: 2
apicid		: 3
initial apicid	: 3
fpu		: yes
fpu_exception	: yes
cpuid level	: 13
wp		: yes
flags		: fpu vme de pse tsc msr pae mce cx8 apic sep mtrr pge mca cmov pat pse36 clflush dts acpi mmx fxsr sse sse2 ss ht tm pbe syscall nx pdpe1gb rdtscp lm constant_tsc arch_perfmon pebs bts rep_good nopl xtopology nonstop_tsc cpuid aperfmperf pni pclmulqdq dtes64 monitor ds_cpl vmx est tm2 ssse3 sdbg fma cx16 xtpr pdcm pcid sse4_1 sse4_2 movbe popcnt tsc_deadline_timer aes xsave avx f16c rdrand lahf_lm abm cpuid_fault epb invpcid_single pti ssbd ibrs ibpb stibp tpr_shadow vnmi flexpriority ept vpid fsgsbase tsc_adjust bmi1 avx2 smep bmi2 erms invpcid xsaveopt dtherm ida arat pln pts flush_l1d
bugs		: cpu_meltdown spectre_v1 spectre_v2 spec_store_bypass l1tf
bogomips	: 4589.53
clflush size	: 64
cache_alignment	: 64
address sizes	: 39 bits physical, 48 bits virtual
power management:



Memory: 4k page, physical 16344504k(160128k free), swap 3999740k(3999740k free)

vm_info: Java HotSpot(TM) 64-Bit Server VM (25.181-b13) for linux-amd64 JRE (1.8.0_181-b13), built on Jul  7 2018 00:56:38 by "java_re" with gcc 4.3.0 20080428 (Red Hat 4.3.0-8)

time: Thu Nov 29 09:53:16 2018
elapsed time: 36 seconds (0d 0h 0m 36s)

