#
# A fatal error has been detected by the Java Runtime Environment:
#
#  SIGSEGV (0xb) at pc=0x00007ff04b5871fa, pid=28768, tid=0x00007ff095a7e700
#
# JRE version: Java(TM) SE Runtime Environment (8.0_181-b13) (build 1.8.0_181-b13)
# Java VM: Java HotSpot(TM) 64-Bit Server VM (25.181-b13 mixed mode linux-amd64 compressed oops)
# Problematic frame:
# C  [libQtGui.so.4+0x28a1fa]  QWidgetPrivate::deleteTLSysExtra()+0x3a
#
# Failed to write core dump. Core dumps have been disabled. To enable core dumping, try "ulimit -c unlimited" before starting Java again
#
# If you would like to submit a bug report, please visit:
#   http://bugreport.java.com/bugreport/crash.jsp
# The crash happened outside the Java Virtual Machine in native code.
# See problematic frame for where to report the bug.
#

---------------  T H R E A D  ---------------

Current thread (0x00007ff05047d000):  JavaThread "Secondary finalizer" [_thread_in_native, id=28807, stack(0x00007ff09597e000,0x00007ff095a7f000)]

siginfo: si_signo: 11 (SIGSEGV), si_code: 1 (SEGV_MAPERR), si_addr: 0x0000000000000010

Registers:
RAX=0x0000000000000000, RBX=0x00007ff05042c600, RCX=0x00007ff05027add0, RDX=0x00007ff05027ad01
RSP=0x00007ff095a7d360, RBP=0x0000000000000000, RSI=0x0000000005a0000b, RDI=0x00007ff05042c600
R8 =0x0000000000000005, R9 =0x0000000000000006, R10=0x0000000000000000, R11=0x00007ff0b5360a20
R12=0x00007ff050569370, R13=0x00007ff095a7d470, R14=0x00007ff095a7d460, R15=0x00007ff05047d000
RIP=0x00007ff04b5871fa, EFLAGS=0x0000000000010202, CSGSFS=0x002b000000000033, ERR=0x0000000000000004
  TRAPNO=0x000000000000000e

Top of Stack: (sp=0x00007ff095a7d360)
0x00007ff095a7d360:   00007ff05042c600 00007ff04b53e8a5
0x00007ff095a7d370:   00007ff05042c600 00007ff05042c600
0x00007ff095a7d380:   00007ff0504dfd00 00007ff04b53eacd
0x00007ff095a7d390:   00007ff095a7d470 00007ff05042c600
0x00007ff095a7d3a0:   00007ff05042c600 00007ff04b9193e7
0x00007ff095a7d3b0:   00007ff09587afe0 0000000000000000
0x00007ff095a7d3c0:   00007ff05042c600 00007ff09552dca5
0x00007ff095a7d3d0:   0000000000000000 00007ff05042c600
0x00007ff095a7d3e0:   00007ff05047d000 00007ff0504dfd00
0x00007ff095a7d3f0:   00007ff09587afe0 00007ff04b9fdde9
0x00007ff095a7d400:   0000000000000000 00007ff04b657fc4
0x00007ff095a7d410:   00007ff05042c600 0000000000000000
0x00007ff095a7d420:   00007ff05042c600 00007ff0504dfd00
0x00007ff095a7d430:   00007ff095a7d470 00007ff095a7d460
0x00007ff095a7d440:   00007ff05047d000 00007ff04b54710c
0x00007ff095a7d450:   0000000000000000 0000000000000000
0x00007ff095a7d460:   00007ff09587afe0 0000000000000000
0x00007ff095a7d470:   00007ff0958729d0 0000000000000000
0x00007ff095a7d480:   00007ff095840010 00007ff09587aff8
0x00007ff095a7d490:   00007ff0504dfd00 00007ff05047d1f8
0x00007ff095a7d4a0:   00007ff09587bf40 00007ff0504dfd00
0x00007ff095a7d4b0:   0000000000000000 00007ff049b4de29
0x00007ff095a7d4c0:   00007ff0504dffc0 00007ff09463dc43
0x00007ff095a7d4d0:   00007ff05047d000 00007ff05047d000
0x00007ff095a7d4e0:   00007ff095a7d510 00007ff0504dffc0
0x00007ff095a7d4f0:   0000000000030000 00007ff09e89a1a8
0x00007ff095a7d500:   00007ff095a7d5f8 00007ff0504dffc0
0x00007ff095a7d510:   0000000000030000 00007ff05047d1f8
0x00007ff095a7d520:   00007ff09e89a1a8 00007ff095a7d5f8
0x00007ff095a7d530:   00007ff05047d000 00007ff09463eebb
0x00007ff095a7d540:   00007ff0504dffc0 00007ff05047d1f8
0x00007ff095a7d550:   0000000000000000 00007ff09463eff5 

Instructions: (pc=0x00007ff04b5871fa)
0x00007ff04b5871da:   8b b0 98 00 00 00 48 85 f6 75 0b 5b c3 66 0f 1f
0x00007ff04b5871ea:   84 00 00 00 00 00 48 8b 05 19 1d a6 00 48 8b 00
0x00007ff04b5871fa:   48 8b 78 10 e8 8d 65 f4 ff 48 8b 83 88 00 00 00
0x00007ff04b58720a:   48 8b 40 08 48 c7 80 98 00 00 00 00 00 00 00 5b 

Register to memory mapping:

RAX=0x0000000000000000 is an unknown value
RBX=0x00007ff05042c600 is an unknown value
RCX=0x00007ff05027add0 is an unknown value
RDX=0x00007ff05027ad01 is an unknown value
RSP=0x00007ff095a7d360 is pointing into the stack for thread: 0x00007ff05047d000
RBP=0x0000000000000000 is an unknown value
RSI=0x0000000005a0000b is an unknown value
RDI=0x00007ff05042c600 is an unknown value
R8 =0x0000000000000005 is an unknown value
R9 =0x0000000000000006 is an unknown value
R10=0x0000000000000000 is an unknown value
R11=0x00007ff0b5360a20: <offset 0x696a20> in /usr/lib/jvm/java-8-oracle/jre/lib/amd64/server/libjvm.so at 0x00007ff0b4cca000
R12=0x00007ff050569370 is an unknown value
R13=0x00007ff095a7d470 is pointing into the stack for thread: 0x00007ff05047d000
R14=0x00007ff095a7d460 is pointing into the stack for thread: 0x00007ff05047d000
R15=0x00007ff05047d000 is a thread


Stack: [0x00007ff09597e000,0x00007ff095a7f000],  sp=0x00007ff095a7d360,  free space=1020k
Native frames: (J=compiled Java code, j=interpreted, Vv=VM code, C=native code)
C  [libQtGui.so.4+0x28a1fa]  QWidgetPrivate::deleteTLSysExtra()+0x3a

Java frames: (J=compiled Java code, j=interpreted, Vv=VM code)
j  com.trolltech.qt.internal.QtJambiObject.finalize()V+0
J 525 C1 java.lang.ref.Finalizer.runFinalizer(Lsun/misc/JavaLangAccess;)V (62 bytes) @ 0x00007ff0a09e8dd4 [0x00007ff0a09e8840+0x594]
J 524 C1 java.lang.ref.Finalizer.access$100(Ljava/lang/ref/Finalizer;Lsun/misc/JavaLangAccess;)V (6 bytes) @ 0x00007ff0a09e4d9c [0x00007ff0a09e4d40+0x5c]
j  java.lang.ref.Finalizer$2.run()V+36
j  java.lang.Thread.run()V+11
v  ~StubRoutines::call_stub

---------------  P R O C E S S  ---------------

Java Threads: ( => current thread )
=>0x00007ff05047d000 JavaThread "Secondary finalizer" [_thread_in_native, id=28807, stack(0x00007ff09597e000,0x00007ff095a7f000)]
  0x00007ff0b0251800 JavaThread "qtjambi-com.trolltech.qt.QtJambi_LibraryShutdown" [_thread_blocked, id=28805, stack(0x00007ff09587d000,0x00007ff09597e000)]
  0x00007ff05009f800 JavaThread "qtjambi-com.trolltech.qt.QThreadManager$NativeResourcesReleaseThread" daemon [_thread_blocked, id=28795, stack(0x00007ff094511000,0x00007ff094612000)]
  0x00007ff0b000b000 JavaThread "DestroyJavaVM" [_thread_blocked, id=28771, stack(0x00007ff0b67fc000,0x00007ff0b68fc000)]
  0x00007ff0b024f000 JavaThread "AWT-XAWT" daemon [_thread_in_native, id=28791, stack(0x00007ff095a7f000,0x00007ff095b80000)]
  0x00007ff0b022d000 JavaThread "Java2D Disposer" daemon [_thread_blocked, id=28790, stack(0x00007ff095f90000,0x00007ff096091000)]
  0x00007ff0b00ca000 JavaThread "Service Thread" daemon [_thread_blocked, id=28785, stack(0x00007ff097eff000,0x00007ff098000000)]
  0x00007ff0b00bf000 JavaThread "C1 CompilerThread2" daemon [_thread_blocked, id=28784, stack(0x00007ff09c0b9000,0x00007ff09c1b9000)]
  0x00007ff0b00bd000 JavaThread "C2 CompilerThread1" daemon [_thread_blocked, id=28783, stack(0x00007ff09c1ba000,0x00007ff09c2ba000)]
  0x00007ff0b00ba000 JavaThread "C2 CompilerThread0" daemon [_thread_blocked, id=28782, stack(0x00007ff09c2bb000,0x00007ff09c3bb000)]
  0x00007ff0b00b8800 JavaThread "Signal Dispatcher" daemon [_thread_blocked, id=28781, stack(0x00007ff09c3bb000,0x00007ff09c4bc000)]
  0x00007ff0b0085800 JavaThread "Finalizer" daemon [_thread_blocked, id=28780, stack(0x00007ff09ce8b000,0x00007ff09cf8c000)]
  0x00007ff0b0083000 JavaThread "Reference Handler" daemon [_thread_blocked, id=28779, stack(0x00007ff09cf8c000,0x00007ff09d08d000)]

Other Threads:
  0x00007ff0b0079800 VMThread [stack: 0x00007ff09d08e000,0x00007ff09d18e000] [id=28778]
  0x00007ff0b00cf000 WatcherThread [stack: 0x00007ff097dff000,0x00007ff097eff000] [id=28786]

VM state:not at safepoint (normal execution)

VM Mutex/Monitor currently owned by a thread: None

Heap:
 PSYoungGen      total 74752K, used 2580K [0x000000076cd80000, 0x0000000772080000, 0x00000007c0000000)
  eden space 64512K, 4% used [0x000000076cd80000,0x000000076d0053e0,0x0000000770c80000)
  from space 10240K, 0% used [0x0000000771680000,0x0000000771680000,0x0000000772080000)
  to   space 10240K, 0% used [0x0000000770c80000,0x0000000770c80000,0x0000000771680000)
 ParOldGen       total 171008K, used 1549K [0x00000006c6800000, 0x00000006d0f00000, 0x000000076cd80000)
  object space 171008K, 0% used [0x00000006c6800000,0x00000006c6983638,0x00000006d0f00000)
 Metaspace       used 10401K, capacity 10540K, committed 10624K, reserved 1058816K
  class space    used 1095K, capacity 1150K, committed 1152K, reserved 1048576K

Card table byte_map: [0x00007ff09fc1f000,0x00007ff0a03ec000] byte_map_base: 0x00007ff09c5eb000

Marking Bits: (ParMarkBitMap*) 0x00007ff0b5c9e0a0
 Begin Bits: [0x00007ff080340000, 0x00007ff0841a0000)
 End Bits:   [0x00007ff0841a0000, 0x00007ff088000000)

Polling page: 0x00007ff0b6919000

CodeCache: size=245760Kb used=2332Kb max_used=2332Kb free=243427Kb
 bounds [0x00007ff0a07ac000, 0x00007ff0a0a1c000, 0x00007ff0af7ac000]
 total_blobs=992 nmethods=537 adapters=369
 compilation: enabled

Compilation events (10 events):
Event: 5,953 Thread 0x00007ff0b00bf000 nmethod 532 0x00007ff0a09f2050 code [0x00007ff0a09f21a0, 0x00007ff0a09f22b0]
Event: 5,953 Thread 0x00007ff0b00bf000  533       3       java.lang.Integer::valueOf (32 bytes)
Event: 5,953 Thread 0x00007ff0b00bf000 nmethod 533 0x00007ff0a09f2310 code [0x00007ff0a09f24a0, 0x00007ff0a09f27f0]
Event: 5,953 Thread 0x00007ff0b00bf000  534       1       java.lang.reflect.Field::getDeclaringClass (5 bytes)
Event: 5,973 Thread 0x00007ff0b00bf000 nmethod 534 0x00007ff0a09f2990 code [0x00007ff0a09f2ae0, 0x00007ff0a09f2bf0]
Event: 5,973 Thread 0x00007ff0b00bf000  535       1       java.lang.Integer::intValue (5 bytes)
Event: 5,974 Thread 0x00007ff0b00bf000 nmethod 535 0x00007ff0a09f2c50 code [0x00007ff0a09f2da0, 0x00007ff0a09f2eb0]
Event: 5,974 Thread 0x00007ff0b00bf000  536       3       java.lang.ref.ReferenceQueue::remove (6 bytes)
Event: 5,974 Thread 0x00007ff0b00bf000 nmethod 536 0x00007ff0a09f2f10 code [0x00007ff0a09f3080, 0x00007ff0a09f3288]
Event: 5,974 Thread 0x00007ff0b00bf000  537   !   3       java.lang.ref.ReferenceQueue::remove (125 bytes)

GC Heap History (8 events):
Event: 4,902 GC heap before
{Heap before GC invocations=1 (full 0):
 PSYoungGen      total 74752K, used 19503K [0x000000076cd80000, 0x0000000772080000, 0x00000007c0000000)
  eden space 64512K, 30% used [0x000000076cd80000,0x000000076e08bf88,0x0000000770c80000)
  from space 10240K, 0% used [0x0000000771680000,0x0000000771680000,0x0000000772080000)
  to   space 10240K, 0% used [0x0000000770c80000,0x0000000770c80000,0x0000000771680000)
 ParOldGen       total 171008K, used 0K [0x00000006c6800000, 0x00000006d0f00000, 0x000000076cd80000)
  object space 171008K, 0% used [0x00000006c6800000,0x00000006c6800000,0x00000006d0f00000)
 Metaspace       used 10233K, capacity 10412K, committed 10624K, reserved 1058816K
  class space    used 1079K, capacity 1150K, committed 1152K, reserved 1048576K
Event: 4,910 GC heap after
Heap after GC invocations=1 (full 0):
 PSYoungGen      total 74752K, used 4111K [0x000000076cd80000, 0x0000000772080000, 0x00000007c0000000)
  eden space 64512K, 0% used [0x000000076cd80000,0x000000076cd80000,0x0000000770c80000)
  from space 10240K, 40% used [0x0000000770c80000,0x0000000771083f08,0x0000000771680000)
  to   space 10240K, 0% used [0x0000000771680000,0x0000000771680000,0x0000000772080000)
 ParOldGen       total 171008K, used 72K [0x00000006c6800000, 0x00000006d0f00000, 0x000000076cd80000)
  object space 171008K, 0% used [0x00000006c6800000,0x00000006c6812010,0x00000006d0f00000)
 Metaspace       used 10233K, capacity 10412K, committed 10624K, reserved 1058816K
  class space    used 1079K, capacity 1150K, committed 1152K, reserved 1048576K
}
Event: 4,910 GC heap before
{Heap before GC invocations=2 (full 1):
 PSYoungGen      total 74752K, used 4111K [0x000000076cd80000, 0x0000000772080000, 0x00000007c0000000)
  eden space 64512K, 0% used [0x000000076cd80000,0x000000076cd80000,0x0000000770c80000)
  from space 10240K, 40% used [0x0000000770c80000,0x0000000771083f08,0x0000000771680000)
  to   space 10240K, 0% used [0x0000000771680000,0x0000000771680000,0x0000000772080000)
 ParOldGen       total 171008K, used 72K [0x00000006c6800000, 0x00000006d0f00000, 0x000000076cd80000)
  object space 171008K, 0% used [0x00000006c6800000,0x00000006c6812010,0x00000006d0f00000)
 Metaspace       used 10233K, capacity 10412K, committed 10624K, reserved 1058816K
  class space    used 1079K, capacity 1150K, committed 1152K, reserved 1048576K
Event: 4,926 GC heap after
Heap after GC invocations=2 (full 1):
 PSYoungGen      total 74752K, used 0K [0x000000076cd80000, 0x0000000772080000, 0x00000007c0000000)
  eden space 64512K, 0% used [0x000000076cd80000,0x000000076cd80000,0x0000000770c80000)
  from space 10240K, 0% used [0x0000000770c80000,0x0000000770c80000,0x0000000771680000)
  to   space 10240K, 0% used [0x0000000771680000,0x0000000771680000,0x0000000772080000)
 ParOldGen       total 171008K, used 3907K [0x00000006c6800000, 0x00000006d0f00000, 0x000000076cd80000)
  object space 171008K, 2% used [0x00000006c6800000,0x00000006c6bd0f60,0x00000006d0f00000)
 Metaspace       used 10233K, capacity 10412K, committed 10624K, reserved 1058816K
  class space    used 1079K, capacity 1150K, committed 1152K, reserved 1048576K
}
Event: 5,953 GC heap before
{Heap before GC invocations=3 (full 1):
 PSYoungGen      total 74752K, used 7741K [0x000000076cd80000, 0x0000000772080000, 0x00000007c0000000)
  eden space 64512K, 12% used [0x000000076cd80000,0x000000076d50f788,0x0000000770c80000)
  from space 10240K, 0% used [0x0000000770c80000,0x0000000770c80000,0x0000000771680000)
  to   space 10240K, 0% used [0x0000000771680000,0x0000000771680000,0x0000000772080000)
 ParOldGen       total 171008K, used 3907K [0x00000006c6800000, 0x00000006d0f00000, 0x000000076cd80000)
  object space 171008K, 2% used [0x00000006c6800000,0x00000006c6bd0f60,0x00000006d0f00000)
 Metaspace       used 10401K, capacity 10540K, committed 10624K, reserved 1058816K
  class space    used 1095K, capacity 1150K, committed 1152K, reserved 1048576K
Event: 5,954 GC heap after
Heap after GC invocations=3 (full 1):
 PSYoungGen      total 74752K, used 192K [0x000000076cd80000, 0x0000000772080000, 0x00000007c0000000)
  eden space 64512K, 0% used [0x000000076cd80000,0x000000076cd80000,0x0000000770c80000)
  from space 10240K, 1% used [0x0000000771680000,0x00000007716b0000,0x0000000772080000)
  to   space 10240K, 0% used [0x0000000770c80000,0x0000000770c80000,0x0000000771680000)
 ParOldGen       total 171008K, used 3915K [0x00000006c6800000, 0x00000006d0f00000, 0x000000076cd80000)
  object space 171008K, 2% used [0x00000006c6800000,0x00000006c6bd2f60,0x00000006d0f00000)
 Metaspace       used 10401K, capacity 10540K, committed 10624K, reserved 1058816K
  class space    used 1095K, capacity 1150K, committed 1152K, reserved 1048576K
}
Event: 5,954 GC heap before
{Heap before GC invocations=4 (full 2):
 PSYoungGen      total 74752K, used 192K [0x000000076cd80000, 0x0000000772080000, 0x00000007c0000000)
  eden space 64512K, 0% used [0x000000076cd80000,0x000000076cd80000,0x0000000770c80000)
  from space 10240K, 1% used [0x0000000771680000,0x00000007716b0000,0x0000000772080000)
  to   space 10240K, 0% used [0x0000000770c80000,0x0000000770c80000,0x0000000771680000)
 ParOldGen       total 171008K, used 3915K [0x00000006c6800000, 0x00000006d0f00000, 0x000000076cd80000)
  object space 171008K, 2% used [0x00000006c6800000,0x00000006c6bd2f60,0x00000006d0f00000)
 Metaspace       used 10401K, capacity 10540K, committed 10624K, reserved 1058816K
  class space    used 1095K, capacity 1150K, committed 1152K, reserved 1048576K
Event: 5,973 GC heap after
Heap after GC invocations=4 (full 2):
 PSYoungGen      total 74752K, used 0K [0x000000076cd80000, 0x0000000772080000, 0x00000007c0000000)
  eden space 64512K, 0% used [0x000000076cd80000,0x000000076cd80000,0x0000000770c80000)
  from space 10240K, 0% used [0x0000000771680000,0x0000000771680000,0x0000000772080000)
  to   space 10240K, 0% used [0x0000000770c80000,0x0000000770c80000,0x0000000771680000)
 ParOldGen       total 171008K, used 1549K [0x00000006c6800000, 0x00000006d0f00000, 0x000000076cd80000)
  object space 171008K, 0% used [0x00000006c6800000,0x00000006c6983638,0x00000006d0f00000)
 Metaspace       used 10401K, capacity 10540K, committed 10624K, reserved 1058816K
  class space    used 1095K, capacity 1150K, committed 1152K, reserved 1048576K
}

Deoptimization events (0 events):
No events

Classes redefined (0 events):
No events

Internal exceptions (10 events):
Event: 0,087 Thread 0x00007ff0b000b000 Exception <a 'java/security/PrivilegedActionException'> (0x000000076ce03b10) thrown at [/HUDSON/workspace/8-2-build-linux-amd64/jdk8u181/11358/hotspot/src/share/vm/prims/jvm.cpp, line 1435]
Event: 0,088 Thread 0x00007ff0b000b000 Exception <a 'java/security/PrivilegedActionException'> (0x000000076ce05f78) thrown at [/HUDSON/workspace/8-2-build-linux-amd64/jdk8u181/11358/hotspot/src/share/vm/prims/jvm.cpp, line 1435]
Event: 0,088 Thread 0x00007ff0b000b000 Exception <a 'java/security/PrivilegedActionException'> (0x000000076ce06188) thrown at [/HUDSON/workspace/8-2-build-linux-amd64/jdk8u181/11358/hotspot/src/share/vm/prims/jvm.cpp, line 1435]
Event: 0,143 Thread 0x00007ff0b000b000 Exception <a 'java/lang/NoSuchFieldError': method resolution failed> (0x000000076d018aa0) thrown at [/HUDSON/workspace/8-2-build-linux-amd64/jdk8u181/11358/hotspot/src/share/vm/prims/methodHandles.cpp, line 1167]
Event: 0,145 Thread 0x00007ff0b000b000 Exception <a 'java/lang/NoSuchFieldError': method resolution failed> (0x000000076d026270) thrown at [/HUDSON/workspace/8-2-build-linux-amd64/jdk8u181/11358/hotspot/src/share/vm/prims/methodHandles.cpp, line 1167]
Event: 0,170 Thread 0x00007ff0b000b000 Exception <a 'java/io/FileNotFoundException'> (0x000000076d0a3ef8) thrown at [/HUDSON/workspace/8-2-build-linux-amd64/jdk8u181/11358/hotspot/src/share/vm/prims/jni.cpp, line 709]
Event: 0,170 Thread 0x00007ff0b000b000 Exception <a 'java/io/FileNotFoundException'> (0x000000076d0a49c0) thrown at [/HUDSON/workspace/8-2-build-linux-amd64/jdk8u181/11358/hotspot/src/share/vm/prims/jni.cpp, line 709]
Event: 1,390 Thread 0x00007ff0b0253000 Exception <a 'java/lang/ArrayIndexOutOfBoundsException'> (0x000000076da94780) thrown at [/HUDSON/workspace/8-2-build-linux-amd64/jdk8u181/11358/hotspot/src/share/vm/runtime/sharedRuntime.cpp, line 605]
Event: 1,391 Thread 0x00007ff0b0253000 Exception <a 'java/lang/ArrayIndexOutOfBoundsException'> (0x000000076da95628) thrown at [/HUDSON/workspace/8-2-build-linux-amd64/jdk8u181/11358/hotspot/src/share/vm/runtime/sharedRuntime.cpp, line 605]
Event: 1,392 Thread 0x00007ff0b0253000 Exception <a 'java/lang/ArrayIndexOutOfBoundsException'> (0x000000076daa0018) thrown at [/HUDSON/workspace/8-2-build-linux-amd64/jdk8u181/11358/hotspot/src/share/vm/runtime/sharedRuntime.cpp, line 605]

Events (10 events):
Event: 5,948 loading class com/trolltech/qt/gui/QColor done
Event: 5,950 loading class com/trolltech/qt/core/Qt$GlobalColor
Event: 5,950 loading class com/trolltech/qt/core/Qt$GlobalColor done
Event: 5,951 loading class com/trolltech/qt/gui/QBrush
Event: 5,951 loading class com/trolltech/qt/gui/QBrush done
Event: 5,952 loading class com/trolltech/qt/core/Qt$BrushStyle
Event: 5,952 loading class com/trolltech/qt/core/Qt$BrushStyle done
Event: 5,953 Executing VM operation: ParallelGCSystemGC
Event: 5,973 Executing VM operation: ParallelGCSystemGC done
Event: 5,973 Thread 0x00007ff05047d000 Thread added: 0x00007ff05047d000


Dynamic libraries:
00400000-00401000 r-xp 00000000 08:05 12321212                           /usr/lib/jvm/java-8-oracle/bin/java
00600000-00601000 rw-p 00000000 08:05 12321212                           /usr/lib/jvm/java-8-oracle/bin/java
00c98000-00cb9000 rw-p 00000000 00:00 0                                  [heap]
6c6800000-6d0f00000 rw-p 00000000 00:00 0 
6d0f00000-76cd80000 ---p 00000000 00:00 0 
76cd80000-772080000 rw-p 00000000 00:00 0 
772080000-7c0000000 ---p 00000000 00:00 0 
7c0000000-7c0120000 rw-p 00000000 00:00 0 
7c0120000-800000000 ---p 00000000 00:00 0 
7ff028000000-7ff028021000 rw-p 00000000 00:00 0 
7ff028021000-7ff02c000000 ---p 00000000 00:00 0 
7ff02faf9000-7ff02fafc000 ---p 00000000 00:00 0 
7ff02fafc000-7ff02fd3a000 rw-p 00000000 00:00 0 
7ff02fd3a000-7ff02fdfa000 ---p 00000000 00:00 0 
7ff02fdfa000-7ff02fdff000 r-xp 00000000 08:05 12455167                   /usr/lib/x86_64-linux-gnu/gdk-pixbuf-2.0/2.10.0/loaders/libpixbufloader-png.so
7ff02fdff000-7ff02fffe000 ---p 00005000 08:05 12455167                   /usr/lib/x86_64-linux-gnu/gdk-pixbuf-2.0/2.10.0/loaders/libpixbufloader-png.so
7ff02fffe000-7ff02ffff000 r--p 00004000 08:05 12455167                   /usr/lib/x86_64-linux-gnu/gdk-pixbuf-2.0/2.10.0/loaders/libpixbufloader-png.so
7ff02ffff000-7ff030000000 rw-p 00005000 08:05 12455167                   /usr/lib/x86_64-linux-gnu/gdk-pixbuf-2.0/2.10.0/loaders/libpixbufloader-png.so
7ff030000000-7ff030021000 rw-p 00000000 00:00 0 
7ff030021000-7ff034000000 ---p 00000000 00:00 0 
7ff034000000-7ff034021000 rw-p 00000000 00:00 0 
7ff034021000-7ff038000000 ---p 00000000 00:00 0 
7ff038000000-7ff038021000 rw-p 00000000 00:00 0 
7ff038021000-7ff03c000000 ---p 00000000 00:00 0 
7ff03c067000-7ff03c119000 rw-s 00000000 00:05 41058316                   /SYSV00000000 (deleted)
7ff03c119000-7ff03c11a000 ---p 00000000 00:00 0 
7ff03c11a000-7ff03c91a000 rw-p 00000000 00:00 0 
7ff03c91a000-7ff03c91b000 ---p 00000000 00:00 0 
7ff03c91b000-7ff03d11b000 rw-p 00000000 00:00 0 
7ff03d11b000-7ff03d11c000 ---p 00000000 00:00 0 
7ff03d11c000-7ff03d91c000 rw-p 00000000 00:00 0 
7ff03d91c000-7ff03d91d000 ---p 00000000 00:00 0 
7ff03d91d000-7ff03e11d000 rw-p 00000000 00:00 0 
7ff03e11d000-7ff03e153000 r-xp 00000000 08:05 12455899                   /usr/lib/x86_64-linux-gnu/gvfs/libgvfscommon.so
7ff03e153000-7ff03e353000 ---p 00036000 08:05 12455899                   /usr/lib/x86_64-linux-gnu/gvfs/libgvfscommon.so
7ff03e353000-7ff03e359000 r--p 00036000 08:05 12455899                   /usr/lib/x86_64-linux-gnu/gvfs/libgvfscommon.so
7ff03e359000-7ff03e35a000 rw-p 0003c000 08:05 12455899                   /usr/lib/x86_64-linux-gnu/gvfs/libgvfscommon.so
7ff03e35a000-7ff03e38b000 r-xp 00000000 08:05 12455278                   /usr/lib/x86_64-linux-gnu/gio/modules/libgvfsdbus.so
7ff03e38b000-7ff03e58b000 ---p 00031000 08:05 12455278                   /usr/lib/x86_64-linux-gnu/gio/modules/libgvfsdbus.so
7ff03e58b000-7ff03e58d000 r--p 00031000 08:05 12455278                   /usr/lib/x86_64-linux-gnu/gio/modules/libgvfsdbus.so
7ff03e58d000-7ff03e58e000 rw-p 00033000 08:05 12455278                   /usr/lib/x86_64-linux-gnu/gio/modules/libgvfsdbus.so
7ff03e58e000-7ff03e5f2000 r-xp 00000000 08:05 12198094                   /usr/lib/x86_64-linux-gnu/libibus-1.0.so.5.0.517
7ff03e5f2000-7ff03e7f2000 ---p 00064000 08:05 12198094                   /usr/lib/x86_64-linux-gnu/libibus-1.0.so.5.0.517
7ff03e7f2000-7ff03e7f4000 r--p 00064000 08:05 12198094                   /usr/lib/x86_64-linux-gnu/libibus-1.0.so.5.0.517
7ff03e7f4000-7ff03e7f5000 rw-p 00066000 08:05 12198094                   /usr/lib/x86_64-linux-gnu/libibus-1.0.so.5.0.517
7ff03e7f5000-7ff03e7fb000 r-xp 00000000 08:05 12455537                   /usr/lib/x86_64-linux-gnu/gtk-2.0/2.10.0/immodules/im-ibus.so
7ff03e7fb000-7ff03e9fb000 ---p 00006000 08:05 12455537                   /usr/lib/x86_64-linux-gnu/gtk-2.0/2.10.0/immodules/im-ibus.so
7ff03e9fb000-7ff03e9fc000 r--p 00006000 08:05 12455537                   /usr/lib/x86_64-linux-gnu/gtk-2.0/2.10.0/immodules/im-ibus.so
7ff03e9fc000-7ff03e9fd000 rw-p 00007000 08:05 12455537                   /usr/lib/x86_64-linux-gnu/gtk-2.0/2.10.0/immodules/im-ibus.so
7ff03e9fd000-7ff03ea04000 r-xp 00000000 08:05 12198303                   /usr/lib/x86_64-linux-gnu/libogg.so.0.8.2
7ff03ea04000-7ff03ec04000 ---p 00007000 08:05 12198303                   /usr/lib/x86_64-linux-gnu/libogg.so.0.8.2
7ff03ec04000-7ff03ec05000 r--p 00007000 08:05 12198303                   /usr/lib/x86_64-linux-gnu/libogg.so.0.8.2
7ff03ec05000-7ff03ec06000 rw-p 00008000 08:05 12198303                   /usr/lib/x86_64-linux-gnu/libogg.so.0.8.2
7ff03ec06000-7ff03ec30000 r-xp 00000000 08:05 12198611                   /usr/lib/x86_64-linux-gnu/libvorbis.so.0.4.8
7ff03ec30000-7ff03ee2f000 ---p 0002a000 08:05 12198611                   /usr/lib/x86_64-linux-gnu/libvorbis.so.0.4.8
7ff03ee2f000-7ff03ee30000 r--p 00029000 08:05 12198611                   /usr/lib/x86_64-linux-gnu/libvorbis.so.0.4.8
7ff03ee30000-7ff03ee31000 rw-p 0002a000 08:05 12198611                   /usr/lib/x86_64-linux-gnu/libvorbis.so.0.4.8
7ff03ee31000-7ff03ee3a000 r-xp 00000000 08:05 12198202                   /usr/lib/x86_64-linux-gnu/libltdl.so.7.3.1
7ff03ee3a000-7ff03f039000 ---p 00009000 08:05 12198202                   /usr/lib/x86_64-linux-gnu/libltdl.so.7.3.1
7ff03f039000-7ff03f03a000 r--p 00008000 08:05 12198202                   /usr/lib/x86_64-linux-gnu/libltdl.so.7.3.1
7ff03f03a000-7ff03f03b000 rw-p 00009000 08:05 12198202                   /usr/lib/x86_64-linux-gnu/libltdl.so.7.3.1
7ff03f03b000-7ff03f050000 r-xp 00000000 08:05 12198536                   /usr/lib/x86_64-linux-gnu/libtdb.so.1.3.15
7ff03f050000-7ff03f24f000 ---p 00015000 08:05 12198536                   /usr/lib/x86_64-linux-gnu/libtdb.so.1.3.15
7ff03f24f000-7ff03f250000 r--p 00014000 08:05 12198536                   /usr/lib/x86_64-linux-gnu/libtdb.so.1.3.15
7ff03f250000-7ff03f251000 rw-p 00015000 08:05 12198536                   /usr/lib/x86_64-linux-gnu/libtdb.so.1.3.15
7ff03f251000-7ff03f258000 r-xp 00000000 08:05 12198615                   /usr/lib/x86_64-linux-gnu/libvorbisfile.so.3.3.7
7ff03f258000-7ff03f457000 ---p 00007000 08:05 12198615                   /usr/lib/x86_64-linux-gnu/libvorbisfile.so.3.3.7
7ff03f457000-7ff03f458000 r--p 00006000 08:05 12198615                   /usr/lib/x86_64-linux-gnu/libvorbisfile.so.3.3.7
7ff03f458000-7ff03f459000 rw-p 00007000 08:05 12198615                   /usr/lib/x86_64-linux-gnu/libvorbisfile.so.3.3.7
7ff03f459000-7ff03f469000 r-xp 00000000 08:05 12197659                   /usr/lib/x86_64-linux-gnu/libcanberra.so.0.2.5
7ff03f469000-7ff03f669000 ---p 00010000 08:05 12197659                   /usr/lib/x86_64-linux-gnu/libcanberra.so.0.2.5
7ff03f669000-7ff03f66a000 r--p 00010000 08:05 12197659                   /usr/lib/x86_64-linux-gnu/libcanberra.so.0.2.5
7ff03f66a000-7ff03f66b000 rw-p 00011000 08:05 12197659                   /usr/lib/x86_64-linux-gnu/libcanberra.so.0.2.5
7ff03f66b000-7ff03f66f000 r-xp 00000000 08:05 12201393                   /usr/lib/x86_64-linux-gnu/libcanberra-gtk.so.0.1.9
7ff03f66f000-7ff03f86e000 ---p 00004000 08:05 12201393                   /usr/lib/x86_64-linux-gnu/libcanberra-gtk.so.0.1.9
7ff03f86e000-7ff03f86f000 r--p 00003000 08:05 12201393                   /usr/lib/x86_64-linux-gnu/libcanberra-gtk.so.0.1.9
7ff03f86f000-7ff03f870000 rw-p 00004000 08:05 12201393                   /usr/lib/x86_64-linux-gnu/libcanberra-gtk.so.0.1.9
7ff03f870000-7ff03f875000 r-xp 00000000 08:05 12457425                   /usr/lib/x86_64-linux-gnu/gtk-2.0/modules/libcanberra-gtk-module.so
7ff03f875000-7ff03fa75000 ---p 00005000 08:05 12457425                   /usr/lib/x86_64-linux-gnu/gtk-2.0/modules/libcanberra-gtk-module.so
7ff03fa75000-7ff03fa76000 r--p 00005000 08:05 12457425                   /usr/lib/x86_64-linux-gnu/gtk-2.0/modules/libcanberra-gtk-module.so
7ff03fa76000-7ff03fa77000 rw-p 00006000 08:05 12457425                   /usr/lib/x86_64-linux-gnu/gtk-2.0/modules/libcanberra-gtk-module.so
7ff03fa77000-7ff03fab1000 r-xp 00000000 08:05 12455532                   /usr/lib/x86_64-linux-gnu/gtk-2.0/2.10.0/engines/libmurrine.so
7ff03fab1000-7ff03fcb1000 ---p 0003a000 08:05 12455532                   /usr/lib/x86_64-linux-gnu/gtk-2.0/2.10.0/engines/libmurrine.so
7ff03fcb1000-7ff03fcb2000 r--p 0003a000 08:05 12455532                   /usr/lib/x86_64-linux-gnu/gtk-2.0/2.10.0/engines/libmurrine.so
7ff03fcb2000-7ff03fcb3000 rw-p 0003b000 08:05 12455532                   /usr/lib/x86_64-linux-gnu/gtk-2.0/2.10.0/engines/libmurrine.so
7ff03fcb3000-7ff03fcbd000 r-xp 00000000 08:05 12455533                   /usr/lib/x86_64-linux-gnu/gtk-2.0/2.10.0/engines/libpixmap.so
7ff03fcbd000-7ff03febc000 ---p 0000a000 08:05 12455533                   /usr/lib/x86_64-linux-gnu/gtk-2.0/2.10.0/engines/libpixmap.so
7ff03febc000-7ff03febd000 r--p 00009000 08:05 12455533                   /usr/lib/x86_64-linux-gnu/gtk-2.0/2.10.0/engines/libpixmap.so
7ff03febd000-7ff03febe000 rw-p 0000a000 08:05 12455533                   /usr/lib/x86_64-linux-gnu/gtk-2.0/2.10.0/engines/libpixmap.so
7ff03febe000-7ff03fec0000 r-xp 00000000 08:05 12455531                   /usr/lib/x86_64-linux-gnu/gtk-2.0/2.10.0/engines/libadwaita.so
7ff03fec0000-7ff0400c0000 ---p 00002000 08:05 12455531                   /usr/lib/x86_64-linux-gnu/gtk-2.0/2.10.0/engines/libadwaita.so
7ff0400c0000-7ff0400c1000 r--p 00002000 08:05 12455531                   /usr/lib/x86_64-linux-gnu/gtk-2.0/2.10.0/engines/libadwaita.so
7ff0400c1000-7ff0400c2000 rw-p 00003000 08:05 12455531                   /usr/lib/x86_64-linux-gnu/gtk-2.0/2.10.0/engines/libadwaita.so
7ff0400c2000-7ff0400c8000 r-xp 00000000 08:05 12197730                   /usr/lib/x86_64-linux-gnu/libdatrie.so.1.3.3
7ff0400c8000-7ff0402c7000 ---p 00006000 08:05 12197730                   /usr/lib/x86_64-linux-gnu/libdatrie.so.1.3.3
7ff0402c7000-7ff0402c8000 r--p 00005000 08:05 12197730                   /usr/lib/x86_64-linux-gnu/libdatrie.so.1.3.3
7ff0402c8000-7ff0402c9000 rw-p 00006000 08:05 12197730                   /usr/lib/x86_64-linux-gnu/libdatrie.so.1.3.3
7ff0402c9000-7ff0402f4000 r-xp 00000000 08:05 12197987                   /usr/lib/x86_64-linux-gnu/libgraphite2.so.3.0.1
7ff0402f4000-7ff0404f3000 ---p 0002b000 08:05 12197987                   /usr/lib/x86_64-linux-gnu/libgraphite2.so.3.0.1
7ff0404f3000-7ff0404f5000 r--p 0002a000 08:05 12197987                   /usr/lib/x86_64-linux-gnu/libgraphite2.so.3.0.1
7ff0404f5000-7ff0404f6000 rw-p 0002c000 08:05 12197987                   /usr/lib/x86_64-linux-gnu/libgraphite2.so.3.0.1
7ff0404f6000-7ff0404fe000 r-xp 00000000 08:05 12198544                   /usr/lib/x86_64-linux-gnu/libthai.so.0.3.0
7ff0404fe000-7ff0406fd000 ---p 00008000 08:05 12198544                   /usr/lib/x86_64-linux-gnu/libthai.so.0.3.0
7ff0406fd000-7ff0406fe000 r--p 00007000 08:05 12198544                   /usr/lib/x86_64-linux-gnu/libthai.so.0.3.0
7ff0406fe000-7ff0406ff000 rw-p 00008000 08:05 12198544                   /usr/lib/x86_64-linux-gnu/libthai.so.0.3.0
7ff0406ff000-7ff04079b000 r-xp 00000000 08:05 12198070                   /usr/lib/x86_64-linux-gnu/libharfbuzz.so.0.10702.0
7ff04079b000-7ff04099b000 ---p 0009c000 08:05 12198070                   /usr/lib/x86_64-linux-gnu/libharfbuzz.so.0.10702.0
7ff04099b000-7ff04099c000 r--p 0009c000 08:05 12198070                   /usr/lib/x86_64-linux-gnu/libharfbuzz.so.0.10702.0
7ff04099c000-7ff04099d000 rw-p 0009d000 08:05 12198070                   /usr/lib/x86_64-linux-gnu/libharfbuzz.so.0.10702.0
7ff04099d000-7ff0409a9000 r-xp 00000000 08:05 12198688                   /usr/lib/x86_64-linux-gnu/libxcb-render.so.0.0.0
7ff0409a9000-7ff040ba8000 ---p 0000c000 08:05 12198688                   /usr/lib/x86_64-linux-gnu/libxcb-render.so.0.0.0
7ff040ba8000-7ff040ba9000 r--p 0000b000 08:05 12198688                   /usr/lib/x86_64-linux-gnu/libxcb-render.so.0.0.0
7ff040ba9000-7ff040baa000 rw-p 0000c000 08:05 12198688                   /usr/lib/x86_64-linux-gnu/libxcb-render.so.0.0.0
7ff040baa000-7ff040bac000 r-xp 00000000 08:05 12198694                   /usr/lib/x86_64-linux-gnu/libxcb-shm.so.0.0.0
7ff040bac000-7ff040dab000 ---p 00002000 08:05 12198694                   /usr/lib/x86_64-linux-gnu/libxcb-shm.so.0.0.0
7ff040dab000-7ff040dac000 r--p 00001000 08:05 12198694                   /usr/lib/x86_64-linux-gnu/libxcb-shm.so.0.0.0
7ff040dac000-7ff040dad000 rw-p 00002000 08:05 12198694                   /usr/lib/x86_64-linux-gnu/libxcb-shm.so.0.0.0
7ff040dad000-7ff040e4a000 r-xp 00000000 08:05 12198360                   /usr/lib/x86_64-linux-gnu/libpixman-1.so.0.34.0
7ff040e4a000-7ff041049000 ---p 0009d000 08:05 12198360                   /usr/lib/x86_64-linux-gnu/libpixman-1.so.0.34.0
7ff041049000-7ff041051000 r--p 0009c000 08:05 12198360                   /usr/lib/x86_64-linux-gnu/libpixman-1.so.0.34.0
7ff041051000-7ff041052000 rw-p 000a4000 08:05 12198360                   /usr/lib/x86_64-linux-gnu/libpixman-1.so.0.34.0
7ff041052000-7ff041054000 r-xp 00000000 08:05 12197511                   /usr/lib/x86_64-linux-gnu/libXdamage.so.1.1.0
7ff041054000-7ff041253000 ---p 00002000 08:05 12197511                   /usr/lib/x86_64-linux-gnu/libXdamage.so.1.1.0
7ff041253000-7ff041254000 r--p 00001000 08:05 12197511                   /usr/lib/x86_64-linux-gnu/libXdamage.so.1.1.0
7ff041254000-7ff041255000 rw-p 00002000 08:05 12197511                   /usr/lib/x86_64-linux-gnu/libXdamage.so.1.1.0
7ff041255000-7ff041257000 r-xp 00000000 08:05 12197507                   /usr/lib/x86_64-linux-gnu/libXcomposite.so.1.0.0
7ff041257000-7ff041456000 ---p 00002000 08:05 12197507                   /usr/lib/x86_64-linux-gnu/libXcomposite.so.1.0.0
7ff041456000-7ff041457000 r--p 00001000 08:05 12197507                   /usr/lib/x86_64-linux-gnu/libXcomposite.so.1.0.0
7ff041457000-7ff041458000 rw-p 00002000 08:05 12197507                   /usr/lib/x86_64-linux-gnu/libXcomposite.so.1.0.0
7ff041458000-7ff0414a2000 r-xp 00000000 08:05 12197569                   /usr/lib/x86_64-linux-gnu/libpango-1.0.so.0.4000.14
7ff0414a2000-7ff0416a1000 ---p 0004a000 08:05 12197569                   /usr/lib/x86_64-linux-gnu/libpango-1.0.so.0.4000.14
7ff0416a1000-7ff0416a4000 r--p 00049000 08:05 12197569                   /usr/lib/x86_64-linux-gnu/libpango-1.0.so.0.4000.14
7ff0416a4000-7ff0416a5000 rw-p 0004c000 08:05 12197569                   /usr/lib/x86_64-linux-gnu/libpango-1.0.so.0.4000.14
7ff0416a5000-7ff0416b9000 r-xp 00000000 08:05 12198260                   /usr/lib/x86_64-linux-gnu/libpangoft2-1.0.so.0.4000.14
7ff0416b9000-7ff0418b9000 ---p 00014000 08:05 12198260                   /usr/lib/x86_64-linux-gnu/libpangoft2-1.0.so.0.4000.14
7ff0418b9000-7ff0418ba000 r--p 00014000 08:05 12198260                   /usr/lib/x86_64-linux-gnu/libpangoft2-1.0.so.0.4000.14
7ff0418ba000-7ff0418bb000 rw-p 00015000 08:05 12198260                   /usr/lib/x86_64-linux-gnu/libpangoft2-1.0.so.0.4000.14
7ff0418bb000-7ff0418dd000 r-xp 00000000 08:05 12197914                   /usr/lib/x86_64-linux-gnu/libgdk_pixbuf-2.0.so.0.3611.0
7ff0418dd000-7ff041add000 ---p 00022000 08:05 12197914                   /usr/lib/x86_64-linux-gnu/libgdk_pixbuf-2.0.so.0.3611.0
7ff041add000-7ff041ade000 r--p 00022000 08:05 12197914                   /usr/lib/x86_64-linux-gnu/libgdk_pixbuf-2.0.so.0.3611.0
7ff041ade000-7ff041adf000 rw-p 00023000 08:05 12197914                   /usr/lib/x86_64-linux-gnu/libgdk_pixbuf-2.0.so.0.3611.0
7ff041adf000-7ff041bf7000 r-xp 00000000 08:05 12197653                   /usr/lib/x86_64-linux-gnu/libcairo.so.2.11510.0
7ff041bf7000-7ff041df6000 ---p 00118000 08:05 12197653                   /usr/lib/x86_64-linux-gnu/libcairo.so.2.11510.0
7ff041df6000-7ff041df9000 r--p 00117000 08:05 12197653                   /usr/lib/x86_64-linux-gnu/libcairo.so.2.11510.0
7ff041df9000-7ff041dfb000 rw-p 0011a000 08:05 12197653                   /usr/lib/x86_64-linux-gnu/libcairo.so.2.11510.0
7ff041dfb000-7ff041dfc000 rw-p 00000000 00:00 0 
7ff041dfc000-7ff041e1e000 r-xp 00000000 08:05 12197588                   /usr/lib/x86_64-linux-gnu/libatk-1.0.so.0.22810.1
7ff041e1e000-7ff04201e000 ---p 00022000 08:05 12197588                   /usr/lib/x86_64-linux-gnu/libatk-1.0.so.0.22810.1
7ff04201e000-7ff042021000 r--p 00022000 08:05 12197588                   /usr/lib/x86_64-linux-gnu/libatk-1.0.so.0.22810.1
7ff042021000-7ff042022000 rw-p 00025000 08:05 12197588                   /usr/lib/x86_64-linux-gnu/libatk-1.0.so.0.22810.1
7ff042022000-7ff04202e000 r-xp 00000000 08:05 12198162                   /usr/lib/x86_64-linux-gnu/libpangocairo-1.0.so.0.4000.14
7ff04202e000-7ff04222d000 ---p 0000c000 08:05 12198162                   /usr/lib/x86_64-linux-gnu/libpangocairo-1.0.so.0.4000.14
7ff04222d000-7ff04222e000 r--p 0000b000 08:05 12198162                   /usr/lib/x86_64-linux-gnu/libpangocairo-1.0.so.0.4000.14
7ff04222e000-7ff04222f000 rw-p 0000c000 08:05 12198162                   /usr/lib/x86_64-linux-gnu/libpangocairo-1.0.so.0.4000.14
7ff04222f000-7ff0422df000 r-xp 00000000 08:05 12197912                   /usr/lib/x86_64-linux-gnu/libgdk-x11-2.0.so.0.2400.32
7ff0422df000-7ff0424de000 ---p 000b0000 08:05 12197912                   /usr/lib/x86_64-linux-gnu/libgdk-x11-2.0.so.0.2400.32
7ff0424de000-7ff0424e2000 r--p 000af000 08:05 12197912                   /usr/lib/x86_64-linux-gnu/libgdk-x11-2.0.so.0.2400.32
7ff0424e2000-7ff0424e4000 rw-p 000b3000 08:05 12197912                   /usr/lib/x86_64-linux-gnu/libgdk-x11-2.0.so.0.2400.32
7ff0424e4000-7ff042919000 r-xp 00000000 08:05 12198045                   /usr/lib/x86_64-linux-gnu/libgtk-x11-2.0.so.0.2400.32
7ff042919000-7ff042b18000 ---p 00435000 08:05 12198045                   /usr/lib/x86_64-linux-gnu/libgtk-x11-2.0.so.0.2400.32
7ff042b18000-7ff042b1f000 r--p 00434000 08:05 12198045                   /usr/lib/x86_64-linux-gnu/libgtk-x11-2.0.so.0.2400.32
7ff042b1f000-7ff042b23000 rw-p 0043b000 08:05 12198045                   /usr/lib/x86_64-linux-gnu/libgtk-x11-2.0.so.0.2400.32
7ff042b23000-7ff042b26000 rw-p 00000000 00:00 0 
7ff042b26000-7ff042b3a000 r-xp 00000000 08:05 26219175                   /lib/x86_64-linux-gnu/libgpg-error.so.0.22.0
7ff042b3a000-7ff042d39000 ---p 00014000 08:05 26219175                   /lib/x86_64-linux-gnu/libgpg-error.so.0.22.0
7ff042d39000-7ff042d3a000 r--p 00013000 08:05 26219175                   /lib/x86_64-linux-gnu/libgpg-error.so.0.22.0
7ff042d3a000-7ff042d3b000 rw-p 00014000 08:05 26219175                   /lib/x86_64-linux-gnu/libgpg-error.so.0.22.0
7ff042d3b000-7ff042d82000 r-xp 00000000 08:05 26214496                   /lib/x86_64-linux-gnu/libblkid.so.1.1.0
7ff042d82000-7ff042f82000 ---p 00047000 08:05 26214496                   /lib/x86_64-linux-gnu/libblkid.so.1.1.0
7ff042f82000-7ff042f86000 r--p 00047000 08:05 26214496                   /lib/x86_64-linux-gnu/libblkid.so.1.1.0
7ff042f86000-7ff042f87000 rw-p 0004b000 08:05 26214496                   /lib/x86_64-linux-gnu/libblkid.so.1.1.0
7ff042f87000-7ff042f88000 rw-p 00000000 00:00 0 
7ff042f88000-7ff04309c000 r-xp 00000000 08:05 26219173                   /lib/x86_64-linux-gnu/libgcrypt.so.20.2.1
7ff04309c000-7ff04329b000 ---p 00114000 08:05 26219173                   /lib/x86_64-linux-gnu/libgcrypt.so.20.2.1
7ff04329b000-7ff04329d000 r--p 00113000 08:05 26219173                   /lib/x86_64-linux-gnu/libgcrypt.so.20.2.1
7ff04329d000-7ff0432a2000 rw-p 00115000 08:05 26219173                   /lib/x86_64-linux-gnu/libgcrypt.so.20.2.1
7ff0432a2000-7ff0432a3000 rw-p 00000000 00:00 0 
7ff0432a3000-7ff0432be000 r-xp 00000000 08:05 12198210                   /usr/lib/x86_64-linux-gnu/liblz4.so.1.7.1
7ff0432be000-7ff0434bd000 ---p 0001b000 08:05 12198210                   /usr/lib/x86_64-linux-gnu/liblz4.so.1.7.1
7ff0434bd000-7ff0434be000 r--p 0001a000 08:05 12198210                   /usr/lib/x86_64-linux-gnu/liblz4.so.1.7.1
7ff0434be000-7ff0434bf000 rw-p 0001b000 08:05 12198210                   /usr/lib/x86_64-linux-gnu/liblz4.so.1.7.1
7ff0434bf000-7ff0434e3000 r-xp 00000000 08:05 26219194                   /lib/x86_64-linux-gnu/liblzma.so.5.2.2
7ff0434e3000-7ff0436e3000 ---p 00024000 08:05 26219194                   /lib/x86_64-linux-gnu/liblzma.so.5.2.2
7ff0436e3000-7ff0436e4000 r--p 00024000 08:05 26219194                   /lib/x86_64-linux-gnu/liblzma.so.5.2.2
7ff0436e4000-7ff0436e5000 rw-p 00025000 08:05 26219194                   /lib/x86_64-linux-gnu/liblzma.so.5.2.2
7ff0436e5000-7ff043736000 r-xp 00000000 08:05 26216373                   /lib/x86_64-linux-gnu/libmount.so.1.1.0
7ff043736000-7ff043935000 ---p 00051000 08:05 26216373                   /lib/x86_64-linux-gnu/libmount.so.1.1.0
7ff043935000-7ff043937000 r--p 00050000 08:05 26216373                   /lib/x86_64-linux-gnu/libmount.so.1.1.0
7ff043937000-7ff043938000 rw-p 00052000 08:05 26216373                   /lib/x86_64-linux-gnu/libmount.so.1.1.0
7ff043938000-7ff043939000 rw-p 00000000 00:00 0 
7ff043939000-7ff043950000 r-xp 00000000 08:05 26219273                   /lib/x86_64-linux-gnu/libresolv-2.27.so
7ff043950000-7ff043b50000 ---p 00017000 08:05 26219273                   /lib/x86_64-linux-gnu/libresolv-2.27.so
7ff043b50000-7ff043b51000 r--p 00017000 08:05 26219273                   /lib/x86_64-linux-gnu/libresolv-2.27.so
7ff043b51000-7ff043b52000 rw-p 00018000 08:05 26219273                   /lib/x86_64-linux-gnu/libresolv-2.27.so
7ff043b52000-7ff043b54000 rw-p 00000000 00:00 0 
7ff043b54000-7ff043b79000 r-xp 00000000 08:05 26219279                   /lib/x86_64-linux-gnu/libselinux.so.1
7ff043b79000-7ff043d78000 ---p 00025000 08:05 26219279                   /lib/x86_64-linux-gnu/libselinux.so.1
7ff043d78000-7ff043d79000 r--p 00024000 08:05 26219279                   /lib/x86_64-linux-gnu/libselinux.so.1
7ff043d79000-7ff043d7a000 rw-p 00025000 08:05 26219279                   /lib/x86_64-linux-gnu/libselinux.so.1
7ff043d7a000-7ff043d7c000 rw-p 00000000 00:00 0 
7ff043d7c000-7ff043dfc000 r-xp 00000000 08:05 26214468                   /lib/x86_64-linux-gnu/libsystemd.so.0.21.0
7ff043dfc000-7ff043ffb000 ---p 00080000 08:05 26214468                   /lib/x86_64-linux-gnu/libsystemd.so.0.21.0
7ff043ffb000-7ff043ffe000 r--p 0007f000 08:05 26214468                   /lib/x86_64-linux-gnu/libsystemd.so.0.21.0
7ff043ffe000-7ff043fff000 rw-p 00082000 08:05 26214468                   /lib/x86_64-linux-gnu/libsystemd.so.0.21.0
7ff043fff000-7ff044000000 rw-p 00000000 00:00 0 
7ff044000000-7ff044021000 rw-p 00000000 00:00 0 
7ff044021000-7ff048000000 ---p 00000000 00:00 0 
7ff048007000-7ff04800d000 r-xp 00000000 08:05 22813192                   /tmp/QtJambi_likendero_amd64_4.8.7_gcc-20150613-2146/plugins/inputmethods/libqimsw-multi.so
7ff04800d000-7ff04820c000 ---p 00006000 08:05 22813192                   /tmp/QtJambi_likendero_amd64_4.8.7_gcc-20150613-2146/plugins/inputmethods/libqimsw-multi.so
7ff04820c000-7ff04820d000 r--p 00005000 08:05 22813192                   /tmp/QtJambi_likendero_amd64_4.8.7_gcc-20150613-2146/plugins/inputmethods/libqimsw-multi.so
7ff04820d000-7ff04820e000 rw-p 00006000 08:05 22813192                   /tmp/QtJambi_likendero_amd64_4.8.7_gcc-20150613-2146/plugins/inputmethods/libqimsw-multi.so
7ff04820e000-7ff0483a3000 r-xp 00000000 08:05 12191053                   /usr/lib/x86_64-linux-gnu/libgio-2.0.so.0.5600.3
7ff0483a3000-7ff0485a3000 ---p 00195000 08:05 12191053                   /usr/lib/x86_64-linux-gnu/libgio-2.0.so.0.5600.3
7ff0485a3000-7ff0485aa000 r--p 00195000 08:05 12191053                   /usr/lib/x86_64-linux-gnu/libgio-2.0.so.0.5600.3
7ff0485aa000-7ff0485ab000 rw-p 0019c000 08:05 12191053                   /usr/lib/x86_64-linux-gnu/libgio-2.0.so.0.5600.3
7ff0485ab000-7ff0485ad000 rw-p 00000000 00:00 0 
7ff0485ad000-7ff0485f8000 r-xp 00000000 08:05 26219149                   /lib/x86_64-linux-gnu/libdbus-1.so.3.19.4
7ff0485f8000-7ff0487f8000 ---p 0004b000 08:05 26219149                   /lib/x86_64-linux-gnu/libdbus-1.so.3.19.4
7ff0487f8000-7ff0487f9000 r--p 0004b000 08:05 26219149                   /lib/x86_64-linux-gnu/libdbus-1.so.3.19.4
7ff0487f9000-7ff0487fa000 rw-p 0004c000 08:05 26219149                   /lib/x86_64-linux-gnu/libdbus-1.so.3.19.4
7ff0487fa000-7ff04881f000 r-xp 00000000 08:05 12197734                   /usr/lib/x86_64-linux-gnu/libdbus-glib-1.so.2.3.4
7ff04881f000-7ff048a1e000 ---p 00025000 08:05 12197734                   /usr/lib/x86_64-linux-gnu/libdbus-glib-1.so.2.3.4
7ff048a1e000-7ff048a20000 r--p 00024000 08:05 12197734                   /usr/lib/x86_64-linux-gnu/libdbus-glib-1.so.2.3.4
7ff048a20000-7ff048a21000 rw-p 00026000 08:05 12197734                   /usr/lib/x86_64-linux-gnu/libdbus-glib-1.so.2.3.4
7ff048a21000-7ff048a24000 r-xp 00000000 08:05 12193960                   /usr/lib/x86_64-linux-gnu/libgmodule-2.0.so.0.5600.3
7ff048a24000-7ff048c23000 ---p 00003000 08:05 12193960                   /usr/lib/x86_64-linux-gnu/libgmodule-2.0.so.0.5600.3
7ff048c23000-7ff048c24000 r--p 00002000 08:05 12193960                   /usr/lib/x86_64-linux-gnu/libgmodule-2.0.so.0.5600.3
7ff048c24000-7ff048c25000 rw-p 00003000 08:05 12193960                   /usr/lib/x86_64-linux-gnu/libgmodule-2.0.so.0.5600.3
7ff048c25000-7ff048c53000 r-xp 00000000 08:05 12199133                   /usr/lib/x86_64-linux-gnu/libgconf-2.so.4.1.5
7ff048c53000-7ff048e52000 ---p 0002e000 08:05 12199133                   /usr/lib/x86_64-linux-gnu/libgconf-2.so.4.1.5
7ff048e52000-7ff048e53000 r--p 0002d000 08:05 12199133                   /usr/lib/x86_64-linux-gnu/libgconf-2.so.4.1.5
7ff048e53000-7ff048e54000 rw-p 0002e000 08:05 12199133                   /usr/lib/x86_64-linux-gnu/libgconf-2.so.4.1.5
7ff048e54000-7ff048e56000 r-xp 00000000 08:05 12197525                   /usr/lib/x86_64-linux-gnu/libXinerama.so.1.0.0
7ff048e56000-7ff049055000 ---p 00002000 08:05 12197525                   /usr/lib/x86_64-linux-gnu/libXinerama.so.1.0.0
7ff049055000-7ff049056000 r--p 00001000 08:05 12197525                   /usr/lib/x86_64-linux-gnu/libXinerama.so.1.0.0
7ff049056000-7ff049057000 rw-p 00002000 08:05 12197525                   /usr/lib/x86_64-linux-gnu/libXinerama.so.1.0.0
7ff049057000-7ff049061000 r-xp 00000000 08:05 12197533                   /usr/lib/x86_64-linux-gnu/libXrandr.so.2.2.0
7ff049061000-7ff049260000 ---p 0000a000 08:05 12197533                   /usr/lib/x86_64-linux-gnu/libXrandr.so.2.2.0
7ff049260000-7ff049261000 r--p 00009000 08:05 12197533                   /usr/lib/x86_64-linux-gnu/libXrandr.so.2.2.0
7ff049261000-7ff049262000 rw-p 0000a000 08:05 12197533                   /usr/lib/x86_64-linux-gnu/libXrandr.so.2.2.0
7ff049262000-7ff049265000 r-xp 00000000 08:05 12455144                   /usr/lib/x86_64-linux-gnu/gconv/UTF-16.so
7ff049265000-7ff049464000 ---p 00003000 08:05 12455144                   /usr/lib/x86_64-linux-gnu/gconv/UTF-16.so
7ff049464000-7ff049465000 r--p 00002000 08:05 12455144                   /usr/lib/x86_64-linux-gnu/gconv/UTF-16.so
7ff049465000-7ff049466000 rw-p 00003000 08:05 12455144                   /usr/lib/x86_64-linux-gnu/gconv/UTF-16.so
7ff049466000-7ff049f6d000 r-xp 00000000 08:05 22684232                   /tmp/QtJambi_likendero_amd64_4.8.7_gcc-20150613-2146/lib/libcom_trolltech_qt_gui.so.1
7ff049f6d000-7ff04a16c000 ---p 00b07000 08:05 22684232                   /tmp/QtJambi_likendero_amd64_4.8.7_gcc-20150613-2146/lib/libcom_trolltech_qt_gui.so.1
7ff04a16c000-7ff04a192000 r--p 00b06000 08:05 22684232                   /tmp/QtJambi_likendero_amd64_4.8.7_gcc-20150613-2146/lib/libcom_trolltech_qt_gui.so.1
7ff04a192000-7ff04a1c7000 rw-p 00b2c000 08:05 22684232                   /tmp/QtJambi_likendero_amd64_4.8.7_gcc-20150613-2146/lib/libcom_trolltech_qt_gui.so.1
7ff04a1c7000-7ff04a1ce000 rw-p 00000000 00:00 0 
7ff04a1ce000-7ff04a1fd000 r-xp 00000000 08:05 26219164                   /lib/x86_64-linux-gnu/libexpat.so.1.6.7
7ff04a1fd000-7ff04a3fd000 ---p 0002f000 08:05 26219164                   /lib/x86_64-linux-gnu/libexpat.so.1.6.7
7ff04a3fd000-7ff04a3ff000 r--p 0002f000 08:05 26219164                   /lib/x86_64-linux-gnu/libexpat.so.1.6.7
7ff04a3ff000-7ff04a400000 rw-p 00031000 08:05 26219164                   /lib/x86_64-linux-gnu/libexpat.so.1.6.7
7ff04a400000-7ff04a406000 r-xp 00000000 08:05 26214494                   /lib/x86_64-linux-gnu/libuuid.so.1.3.0
7ff04a406000-7ff04a605000 ---p 00006000 08:05 26214494                   /lib/x86_64-linux-gnu/libuuid.so.1.3.0
7ff04a605000-7ff04a606000 r--p 00005000 08:05 26214494                   /lib/x86_64-linux-gnu/libuuid.so.1.3.0
7ff04a606000-7ff04a607000 rw-p 00006000 08:05 26214494                   /lib/x86_64-linux-gnu/libuuid.so.1.3.0
7ff04a607000-7ff04a60e000 r-xp 00000000 08:05 12197844                   /usr/lib/x86_64-linux-gnu/libffi.so.6.0.4
7ff04a60e000-7ff04a80d000 ---p 00007000 08:05 12197844                   /usr/lib/x86_64-linux-gnu/libffi.so.6.0.4
7ff04a80d000-7ff04a80e000 r--p 00006000 08:05 12197844                   /usr/lib/x86_64-linux-gnu/libffi.so.6.0.4
7ff04a80e000-7ff04a80f000 rw-p 00007000 08:05 12197844                   /usr/lib/x86_64-linux-gnu/libffi.so.6.0.4
7ff04a80f000-7ff04a840000 r-xp 00000000 08:05 12198366                   /usr/lib/x86_64-linux-gnu/libpng16.so.16.34.0
7ff04a840000-7ff04aa3f000 ---p 00031000 08:05 12198366                   /usr/lib/x86_64-linux-gnu/libpng16.so.16.34.0
7ff04aa3f000-7ff04aa40000 r--p 00030000 08:05 12198366                   /usr/lib/x86_64-linux-gnu/libpng16.so.16.34.0
7ff04aa40000-7ff04aa41000 rw-p 00031000 08:05 12198366                   /usr/lib/x86_64-linux-gnu/libpng16.so.16.34.0
7ff04aa41000-7ff04aa7f000 r-xp 00000000 08:05 12197858                   /usr/lib/x86_64-linux-gnu/libfontconfig.so.1.10.1
7ff04aa7f000-7ff04ac7f000 ---p 0003e000 08:05 12197858                   /usr/lib/x86_64-linux-gnu/libfontconfig.so.1.10.1
7ff04ac7f000-7ff04ac81000 r--p 0003e000 08:05 12197858                   /usr/lib/x86_64-linux-gnu/libfontconfig.so.1.10.1
7ff04ac81000-7ff04ac86000 rw-p 00040000 08:05 12197858                   /usr/lib/x86_64-linux-gnu/libfontconfig.so.1.10.1
7ff04ac86000-7ff04ac9d000 r-xp 00000000 08:05 12197472                   /usr/lib/x86_64-linux-gnu/libICE.so.6.3.0
7ff04ac9d000-7ff04ae9c000 ---p 00017000 08:05 12197472                   /usr/lib/x86_64-linux-gnu/libICE.so.6.3.0
7ff04ae9c000-7ff04ae9d000 r--p 00016000 08:05 12197472                   /usr/lib/x86_64-linux-gnu/libICE.so.6.3.0
7ff04ae9d000-7ff04ae9e000 rw-p 00017000 08:05 12197472                   /usr/lib/x86_64-linux-gnu/libICE.so.6.3.0
7ff04ae9e000-7ff04aea1000 rw-p 00000000 00:00 0 
7ff04aea1000-7ff04aea8000 r-xp 00000000 08:05 12197494                   /usr/lib/x86_64-linux-gnu/libSM.so.6.0.1
7ff04aea8000-7ff04b0a7000 ---p 00007000 08:05 12197494                   /usr/lib/x86_64-linux-gnu/libSM.so.6.0.1
7ff04b0a7000-7ff04b0a8000 r--p 00006000 08:05 12197494                   /usr/lib/x86_64-linux-gnu/libSM.so.6.0.1
7ff04b0a8000-7ff04b0a9000 rw-p 00007000 08:05 12197494                   /usr/lib/x86_64-linux-gnu/libSM.so.6.0.1
7ff04b0a9000-7ff04b0fb000 r-xp 00000000 08:05 12193961                   /usr/lib/x86_64-linux-gnu/libgobject-2.0.so.0.5600.3
7ff04b0fb000-7ff04b2fb000 ---p 00052000 08:05 12193961                   /usr/lib/x86_64-linux-gnu/libgobject-2.0.so.0.5600.3
7ff04b2fb000-7ff04b2fc000 r--p 00052000 08:05 12193961                   /usr/lib/x86_64-linux-gnu/libgobject-2.0.so.0.5600.3
7ff04b2fc000-7ff04b2fd000 rw-p 00053000 08:05 12193961                   /usr/lib/x86_64-linux-gnu/libgobject-2.0.so.0.5600.3
7ff04b2fd000-7ff04bda8000 r-xp 00000000 08:05 22684203                   /tmp/QtJambi_likendero_amd64_4.8.7_gcc-20150613-2146/lib/libQtGui.so.4
7ff04bda8000-7ff04bfa7000 ---p 00aab000 08:05 22684203                   /tmp/QtJambi_likendero_amd64_4.8.7_gcc-20150613-2146/lib/libQtGui.so.4
7ff04bfa7000-7ff04bfe9000 r--p 00aaa000 08:05 22684203                   /tmp/QtJambi_likendero_amd64_4.8.7_gcc-20150613-2146/lib/libQtGui.so.4
7ff04bfe9000-7ff04bffd000 rw-p 00aec000 08:05 22684203                   /tmp/QtJambi_likendero_amd64_4.8.7_gcc-20150613-2146/lib/libQtGui.so.4
7ff04bffd000-7ff04c000000 rw-p 00000000 00:00 0 
7ff04c000000-7ff04c021000 rw-p 00000000 00:00 0 
7ff04c021000-7ff050000000 ---p 00000000 00:00 0 
7ff050000000-7ff0505f6000 rw-p 00000000 00:00 0 
7ff0505f6000-7ff054000000 ---p 00000000 00:00 0 
7ff054000000-7ff054021000 rw-p 00000000 00:00 0 
7ff054021000-7ff058000000 ---p 00000000 00:00 0 
7ff058000000-7ff058021000 rw-p 00000000 00:00 0 
7ff058021000-7ff05c000000 ---p 00000000 00:00 0 
7ff05c000000-7ff05c021000 rw-p 00000000 00:00 0 
7ff05c021000-7ff060000000 ---p 00000000 00:00 0 
7ff060000000-7ff060021000 rw-p 00000000 00:00 0 
7ff060021000-7ff064000000 ---p 00000000 00:00 0 
7ff064000000-7ff0640df000 rw-p 00000000 00:00 0 
7ff0640df000-7ff068000000 ---p 00000000 00:00 0 
7ff068000000-7ff068234000 rw-p 00000000 00:00 0 
7ff068234000-7ff06c000000 ---p 00000000 00:00 0 
7ff06c000000-7ff06c021000 rw-p 00000000 00:00 0 
7ff06c021000-7ff070000000 ---p 00000000 00:00 0 
7ff070000000-7ff0701d4000 rw-p 00000000 00:00 0 
7ff0701d4000-7ff074000000 ---p 00000000 00:00 0 
7ff074000000-7ff074021000 rw-p 00000000 00:00 0 
7ff074021000-7ff078000000 ---p 00000000 00:00 0 
7ff078000000-7ff078021000 rw-p 00000000 00:00 0 
7ff078021000-7ff07c000000 ---p 00000000 00:00 0 
7ff07c000000-7ff07c021000 rw-p 00000000 00:00 0 
7ff07c021000-7ff080000000 ---p 00000000 00:00 0 
7ff080015000-7ff080075000 rw-s 00000000 00:05 41091096                   /SYSV00000000 (deleted)
7ff080086000-7ff08008c000 r--p 00000000 08:05 14026206                   /usr/share/locale-langpack/es/LC_MESSAGES/gdk-pixbuf.mo
7ff08008c000-7ff080139000 r-xp 00000000 08:05 12197876                   /usr/lib/x86_64-linux-gnu/libfreetype.so.6.15.0
7ff080139000-7ff080338000 ---p 000ad000 08:05 12197876                   /usr/lib/x86_64-linux-gnu/libfreetype.so.6.15.0
7ff080338000-7ff08033f000 r--p 000ac000 08:05 12197876                   /usr/lib/x86_64-linux-gnu/libfreetype.so.6.15.0
7ff08033f000-7ff080340000 rw-p 000b3000 08:05 12197876                   /usr/lib/x86_64-linux-gnu/libfreetype.so.6.15.0
7ff080340000-7ff088000000 rw-p 00000000 00:00 0 
7ff088000000-7ff088021000 rw-p 00000000 00:00 0 
7ff088021000-7ff08c000000 ---p 00000000 00:00 0 
7ff08c000000-7ff08c021000 rw-p 00000000 00:00 0 
7ff08c021000-7ff090000000 ---p 00000000 00:00 0 
7ff090000000-7ff090021000 rw-p 00000000 00:00 0 
7ff090021000-7ff094000000 ---p 00000000 00:00 0 
7ff094000000-7ff094022000 r--s 00000000 08:05 12584819                   /usr/share/mime/mime.cache
7ff094022000-7ff094076000 r--p 00000000 08:05 13240282                   /usr/share/fonts/truetype/dejavu/DejaVuSansMono.ttf
7ff094076000-7ff094096000 r--p 00000000 08:05 14026218                   /usr/share/locale-langpack/es/LC_MESSAGES/glib20.mo
7ff094096000-7ff0940a7000 r--p 00000000 08:05 13239203                   /usr/share/fonts/opentype/cantarell/Cantarell-Regular.otf
7ff0940a7000-7ff0940aa000 r--p 00000000 08:05 14026133                   /usr/share/locale-langpack/es/LC_MESSAGES/atk10.mo
7ff0940aa000-7ff0940d4000 r--p 00000000 08:05 14026261                   /usr/share/locale-langpack/es/LC_MESSAGES/gtk20-properties.mo
7ff0940d4000-7ff0940e3000 r--p 00000000 08:05 14026262                   /usr/share/locale-langpack/es/LC_MESSAGES/gtk20.mo
7ff0940e3000-7ff0940ee000 r--s 00000000 08:05 42074224                   /var/cache/fontconfig/945677eb7aeaf62f1d50efc3fb3ec7d8-le64.cache-7
7ff0940ee000-7ff0940f3000 r--s 00000000 08:05 42074195                   /var/cache/fontconfig/2300eef321c393bfd76478a5c0e95b23-le64.cache-7
7ff0940f3000-7ff0940f4000 r--s 00000000 08:05 42074188                   /var/cache/fontconfig/0d8c3b2ac0904cb8a57a757ad11a4a08-le64.cache-7
7ff0940f4000-7ff0940f8000 r--s 00000000 08:05 42080639                   /var/cache/fontconfig/de156ccd2eddbdc19d37a45b8b2aac9c-le64.cache-7
7ff0940f8000-7ff09410d000 r--s 00000000 08:05 42074184                   /var/cache/fontconfig/04aabc0a78ac019cf9454389977116d2-le64.cache-7
7ff09410d000-7ff09410e000 r--s 00000000 08:05 42074192                   /var/cache/fontconfig/1ac9eb803944fde146138c791f5cc56a-le64.cache-7
7ff09410e000-7ff09410f000 r--s 00000000 08:05 42074243                   /var/cache/fontconfig/dc05db6664285cc2f12bf69c139ae4c3-le64.cache-7
7ff09410f000-7ff094111000 r--s 00000000 08:05 42074189                   /var/cache/fontconfig/14a5e22175779b556eaa434240950366-le64.cache-7
7ff094111000-7ff094112000 r--s 00000000 08:05 42074216                   /var/cache/fontconfig/660208299946a285a940457d1287da33-le64.cache-7
7ff094112000-7ff094114000 r--s 00000000 08:05 42074207                   /var/cache/fontconfig/4f3e3037c9980c83b53a9351efadef62-le64.cache-7
7ff094114000-7ff094116000 r--s 00000000 08:05 42074221                   /var/cache/fontconfig/767a8244fc0220cfb567a839d0392e0b-le64.cache-7
7ff094116000-7ff094117000 r--s 00000000 08:05 42079015                   /var/cache/fontconfig/4794a0821666d79190d59a36cb4f44b5-le64.cache-7
7ff094117000-7ff094119000 r--s 00000000 08:05 42078520                   /var/cache/fontconfig/0bd3dc0958fa2205aaaa8ebb13e2872b-le64.cache-7
7ff094119000-7ff09411e000 r--s 00000000 08:05 42074244                   /var/cache/fontconfig/def309198bfa603429122923fa2bb2d4-le64.cache-7
7ff09411e000-7ff09411f000 r--s 00000000 08:05 42074232                   /var/cache/fontconfig/b872e6e592da6075ffa4ab0a1fcc0c75-le64.cache-7
7ff09411f000-7ff0942fe000 r-xp 00000000 08:05 22684231                   /tmp/QtJambi_likendero_amd64_4.8.7_gcc-20150613-2146/lib/libcom_trolltech_qt_core.so.1
7ff0942fe000-7ff0944fd000 ---p 001df000 08:05 22684231                   /tmp/QtJambi_likendero_amd64_4.8.7_gcc-20150613-2146/lib/libcom_trolltech_qt_core.so.1
7ff0944fd000-7ff094508000 r--p 001de000 08:05 22684231                   /tmp/QtJambi_likendero_amd64_4.8.7_gcc-20150613-2146/lib/libcom_trolltech_qt_core.so.1
7ff094508000-7ff094511000 rw-p 001e9000 08:05 22684231                   /tmp/QtJambi_likendero_amd64_4.8.7_gcc-20150613-2146/lib/libcom_trolltech_qt_core.so.1
7ff094511000-7ff094514000 ---p 00000000 00:00 0 
7ff094514000-7ff094612000 rw-p 00000000 00:00 0 
7ff094612000-7ff09465b000 r-xp 00000000 08:05 22684230                   /tmp/QtJambi_likendero_amd64_4.8.7_gcc-20150613-2146/lib/libqtjambi.so.1
7ff09465b000-7ff09485b000 ---p 00049000 08:05 22684230                   /tmp/QtJambi_likendero_amd64_4.8.7_gcc-20150613-2146/lib/libqtjambi.so.1
7ff09485b000-7ff09485c000 r--p 00049000 08:05 22684230                   /tmp/QtJambi_likendero_amd64_4.8.7_gcc-20150613-2146/lib/libqtjambi.so.1
7ff09485c000-7ff09485d000 rw-p 0004a000 08:05 22684230                   /tmp/QtJambi_likendero_amd64_4.8.7_gcc-20150613-2146/lib/libqtjambi.so.1
7ff09485d000-7ff09485e000 rw-p 00000000 00:00 0 
7ff09485e000-7ff0948ce000 r-xp 00000000 08:05 26219256                   /lib/x86_64-linux-gnu/libpcre.so.3.13.3
7ff0948ce000-7ff094ace000 ---p 00070000 08:05 26219256                   /lib/x86_64-linux-gnu/libpcre.so.3.13.3
7ff094ace000-7ff094acf000 r--p 00070000 08:05 26219256                   /lib/x86_64-linux-gnu/libpcre.so.3.13.3
7ff094acf000-7ff094ad0000 rw-p 00071000 08:05 26219256                   /lib/x86_64-linux-gnu/libpcre.so.3.13.3
7ff094ad0000-7ff094c49000 r-xp 00000000 08:05 12190375                   /usr/lib/x86_64-linux-gnu/libstdc++.so.6.0.25
7ff094c49000-7ff094e49000 ---p 00179000 08:05 12190375                   /usr/lib/x86_64-linux-gnu/libstdc++.so.6.0.25
7ff094e49000-7ff094e53000 r--p 00179000 08:05 12190375                   /usr/lib/x86_64-linux-gnu/libstdc++.so.6.0.25
7ff094e53000-7ff094e55000 rw-p 00183000 08:05 12190375                   /usr/lib/x86_64-linux-gnu/libstdc++.so.6.0.25
7ff094e55000-7ff094e59000 rw-p 00000000 00:00 0 
7ff094e59000-7ff094f6c000 r-xp 00000000 08:05 12193958                   /usr/lib/x86_64-linux-gnu/libglib-2.0.so.0.5600.3
7ff094f6c000-7ff09516c000 ---p 00113000 08:05 12193958                   /usr/lib/x86_64-linux-gnu/libglib-2.0.so.0.5600.3
7ff09516c000-7ff09516d000 r--p 00113000 08:05 12193958                   /usr/lib/x86_64-linux-gnu/libglib-2.0.so.0.5600.3
7ff09516d000-7ff09516e000 rw-p 00114000 08:05 12193958                   /usr/lib/x86_64-linux-gnu/libglib-2.0.so.0.5600.3
7ff09516e000-7ff09516f000 rw-p 00000000 00:00 0 
7ff09516f000-7ff09518b000 r-xp 00000000 08:05 26219306                   /lib/x86_64-linux-gnu/libz.so.1.2.11
7ff09518b000-7ff09538a000 ---p 0001c000 08:05 26219306                   /lib/x86_64-linux-gnu/libz.so.1.2.11
7ff09538a000-7ff09538b000 r--p 0001b000 08:05 26219306                   /lib/x86_64-linux-gnu/libz.so.1.2.11
7ff09538b000-7ff09538c000 rw-p 0001c000 08:05 26219306                   /lib/x86_64-linux-gnu/libz.so.1.2.11
7ff09538c000-7ff09566c000 r-xp 00000000 08:05 22683731                   /tmp/QtJambi_likendero_amd64_4.8.7_gcc-20150613-2146/lib/libQtCore.so.4
7ff09566c000-7ff09586c000 ---p 002e0000 08:05 22683731                   /tmp/QtJambi_likendero_amd64_4.8.7_gcc-20150613-2146/lib/libQtCore.so.4
7ff09586c000-7ff095877000 r--p 002e0000 08:05 22683731                   /tmp/QtJambi_likendero_amd64_4.8.7_gcc-20150613-2146/lib/libQtCore.so.4
7ff095877000-7ff09587c000 rw-p 002eb000 08:05 22683731                   /tmp/QtJambi_likendero_amd64_4.8.7_gcc-20150613-2146/lib/libQtCore.so.4
7ff09587c000-7ff09587d000 rw-p 00000000 00:00 0 
7ff09587d000-7ff095880000 ---p 00000000 00:00 0 
7ff095880000-7ff09597e000 rw-p 00000000 00:00 0 
7ff09597e000-7ff095981000 ---p 00000000 00:00 0 
7ff095981000-7ff095a7f000 rw-p 00000000 00:00 0 
7ff095a7f000-7ff095a82000 ---p 00000000 00:00 0 
7ff095a82000-7ff095b80000 rw-p 00000000 00:00 0 
7ff095b80000-7ff095b85000 r-xp 00000000 08:05 12197517                   /usr/lib/x86_64-linux-gnu/libXfixes.so.3.1.0
7ff095b85000-7ff095d84000 ---p 00005000 08:05 12197517                   /usr/lib/x86_64-linux-gnu/libXfixes.so.3.1.0
7ff095d84000-7ff095d85000 r--p 00004000 08:05 12197517                   /usr/lib/x86_64-linux-gnu/libXfixes.so.3.1.0
7ff095d85000-7ff095d86000 rw-p 00005000 08:05 12197517                   /usr/lib/x86_64-linux-gnu/libXfixes.so.3.1.0
7ff095d86000-7ff095d8f000 r-xp 00000000 08:05 12197509                   /usr/lib/x86_64-linux-gnu/libXcursor.so.1.0.2
7ff095d8f000-7ff095f8e000 ---p 00009000 08:05 12197509                   /usr/lib/x86_64-linux-gnu/libXcursor.so.1.0.2
7ff095f8e000-7ff095f8f000 r--p 00008000 08:05 12197509                   /usr/lib/x86_64-linux-gnu/libXcursor.so.1.0.2
7ff095f8f000-7ff095f90000 rw-p 00009000 08:05 12197509                   /usr/lib/x86_64-linux-gnu/libXcursor.so.1.0.2
7ff095f90000-7ff095f93000 ---p 00000000 00:00 0 
7ff095f93000-7ff096091000 rw-p 00000000 00:00 0 
7ff096091000-7ff0960a8000 r-xp 00000000 08:05 26216421                   /lib/x86_64-linux-gnu/libgcc_s.so.1
7ff0960a8000-7ff0962a7000 ---p 00017000 08:05 26216421                   /lib/x86_64-linux-gnu/libgcc_s.so.1
7ff0962a7000-7ff0962a8000 r--p 00016000 08:05 26216421                   /lib/x86_64-linux-gnu/libgcc_s.so.1
7ff0962a8000-7ff0962a9000 rw-p 00017000 08:05 26216421                   /lib/x86_64-linux-gnu/libgcc_s.so.1
7ff0962a9000-7ff09630e000 r-xp 00000000 08:05 12847480                   /usr/lib/jvm/java-8-oracle/jre/lib/amd64/libfontmanager.so
7ff09630e000-7ff09650d000 ---p 00065000 08:05 12847480                   /usr/lib/jvm/java-8-oracle/jre/lib/amd64/libfontmanager.so
7ff09650d000-7ff096512000 rw-p 00064000 08:05 12847480                   /usr/lib/jvm/java-8-oracle/jre/lib/amd64/libfontmanager.so
7ff096512000-7ff096522000 rw-p 00000000 00:00 0 
7ff096522000-7ff096535000 r-xp 00000000 08:05 26219130                   /lib/x86_64-linux-gnu/libbsd.so.0.8.7
7ff096535000-7ff096734000 ---p 00013000 08:05 26219130                   /lib/x86_64-linux-gnu/libbsd.so.0.8.7
7ff096734000-7ff096735000 r--p 00012000 08:05 26219130                   /lib/x86_64-linux-gnu/libbsd.so.0.8.7
7ff096735000-7ff096736000 rw-p 00013000 08:05 26219130                   /lib/x86_64-linux-gnu/libbsd.so.0.8.7
7ff096736000-7ff096737000 rw-p 00000000 00:00 0 
7ff096737000-7ff09673c000 r-xp 00000000 08:05 12197513                   /usr/lib/x86_64-linux-gnu/libXdmcp.so.6.0.0
7ff09673c000-7ff09693b000 ---p 00005000 08:05 12197513                   /usr/lib/x86_64-linux-gnu/libXdmcp.so.6.0.0
7ff09693b000-7ff09693c000 r--p 00004000 08:05 12197513                   /usr/lib/x86_64-linux-gnu/libXdmcp.so.6.0.0
7ff09693c000-7ff09693d000 rw-p 00005000 08:05 12197513                   /usr/lib/x86_64-linux-gnu/libXdmcp.so.6.0.0
7ff09693d000-7ff09693f000 r-xp 00000000 08:05 12197502                   /usr/lib/x86_64-linux-gnu/libXau.so.6.0.0
7ff09693f000-7ff096b3f000 ---p 00002000 08:05 12197502                   /usr/lib/x86_64-linux-gnu/libXau.so.6.0.0
7ff096b3f000-7ff096b40000 r--p 00002000 08:05 12197502                   /usr/lib/x86_64-linux-gnu/libXau.so.6.0.0
7ff096b40000-7ff096b41000 rw-p 00003000 08:05 12197502                   /usr/lib/x86_64-linux-gnu/libXau.so.6.0.0
7ff096b41000-7ff096b67000 r-xp 00000000 08:05 12198706                   /usr/lib/x86_64-linux-gnu/libxcb.so.1.1.0
7ff096b67000-7ff096d67000 ---p 00026000 08:05 12198706                   /usr/lib/x86_64-linux-gnu/libxcb.so.1.1.0
7ff096d67000-7ff096d68000 r--p 00026000 08:05 12198706                   /usr/lib/x86_64-linux-gnu/libxcb.so.1.1.0
7ff096d68000-7ff096d69000 rw-p 00027000 08:05 12198706                   /usr/lib/x86_64-linux-gnu/libxcb.so.1.1.0
7ff096d69000-7ff096d78000 r-xp 00000000 08:05 12197523                   /usr/lib/x86_64-linux-gnu/libXi.so.6.1.0
7ff096d78000-7ff096f77000 ---p 0000f000 08:05 12197523                   /usr/lib/x86_64-linux-gnu/libXi.so.6.1.0
7ff096f77000-7ff096f78000 r--p 0000e000 08:05 12197523                   /usr/lib/x86_64-linux-gnu/libXi.so.6.1.0
7ff096f78000-7ff096f79000 rw-p 0000f000 08:05 12197523                   /usr/lib/x86_64-linux-gnu/libXi.so.6.1.0
7ff096f79000-7ff096f7e000 r-xp 00000000 08:05 12197541                   /usr/lib/x86_64-linux-gnu/libXtst.so.6.1.0
7ff096f7e000-7ff09717d000 ---p 00005000 08:05 12197541                   /usr/lib/x86_64-linux-gnu/libXtst.so.6.1.0
7ff09717d000-7ff09717e000 r--p 00004000 08:05 12197541                   /usr/lib/x86_64-linux-gnu/libXtst.so.6.1.0
7ff09717e000-7ff09717f000 rw-p 00005000 08:05 12197541                   /usr/lib/x86_64-linux-gnu/libXtst.so.6.1.0
7ff09717f000-7ff097188000 r-xp 00000000 08:05 12197535                   /usr/lib/x86_64-linux-gnu/libXrender.so.1.3.0
7ff097188000-7ff097387000 ---p 00009000 08:05 12197535                   /usr/lib/x86_64-linux-gnu/libXrender.so.1.3.0
7ff097387000-7ff097388000 r--p 00008000 08:05 12197535                   /usr/lib/x86_64-linux-gnu/libXrender.so.1.3.0
7ff097388000-7ff097389000 rw-p 00009000 08:05 12197535                   /usr/lib/x86_64-linux-gnu/libXrender.so.1.3.0
7ff097389000-7ff0974bc000 r-xp 00000000 08:05 12199062                   /usr/lib/x86_64-linux-gnu/libX11.so.6.3.0
7ff0974bc000-7ff0976bc000 ---p 00133000 08:05 12199062                   /usr/lib/x86_64-linux-gnu/libX11.so.6.3.0
7ff0976bc000-7ff0976bd000 r--p 00133000 08:05 12199062                   /usr/lib/x86_64-linux-gnu/libX11.so.6.3.0
7ff0976bd000-7ff0976c1000 rw-p 00134000 08:05 12199062                   /usr/lib/x86_64-linux-gnu/libX11.so.6.3.0
7ff0976c1000-7ff0976d2000 r-xp 00000000 08:05 12197515                   /usr/lib/x86_64-linux-gnu/libXext.so.6.4.0
7ff0976d2000-7ff0978d1000 ---p 00011000 08:05 12197515                   /usr/lib/x86_64-linux-gnu/libXext.so.6.4.0
7ff0978d1000-7ff0978d2000 r--p 00010000 08:05 12197515                   /usr/lib/x86_64-linux-gnu/libXext.so.6.4.0
7ff0978d2000-7ff0978d3000 rw-p 00011000 08:05 12197515                   /usr/lib/x86_64-linux-gnu/libXext.so.6.4.0
7ff0978d3000-7ff097927000 r-xp 00000000 08:05 12847507                   /usr/lib/jvm/java-8-oracle/jre/lib/amd64/libawt_xawt.so
7ff097927000-7ff097b27000 ---p 00054000 08:05 12847507                   /usr/lib/jvm/java-8-oracle/jre/lib/amd64/libawt_xawt.so
7ff097b27000-7ff097b2b000 rw-p 00054000 08:05 12847507                   /usr/lib/jvm/java-8-oracle/jre/lib/amd64/libawt_xawt.so
7ff097b2b000-7ff097b2c000 rw-p 00000000 00:00 0 
7ff097b2c000-7ff097bce000 r-xp 00000000 08:05 12847493                   /usr/lib/jvm/java-8-oracle/jre/lib/amd64/libawt.so
7ff097bce000-7ff097dce000 ---p 000a2000 08:05 12847493                   /usr/lib/jvm/java-8-oracle/jre/lib/amd64/libawt.so
7ff097dce000-7ff097dda000 rw-p 000a2000 08:05 12847493                   /usr/lib/jvm/java-8-oracle/jre/lib/amd64/libawt.so
7ff097dda000-7ff097dfe000 rw-p 00000000 00:00 0 
7ff097dfe000-7ff097dff000 ---p 00000000 00:00 0 
7ff097dff000-7ff097eff000 rw-p 00000000 00:00 0 
7ff097eff000-7ff097f02000 ---p 00000000 00:00 0 
7ff097f02000-7ff098000000 rw-p 00000000 00:00 0 
7ff098000000-7ff098021000 rw-p 00000000 00:00 0 
7ff098021000-7ff09c000000 ---p 00000000 00:00 0 
7ff09c000000-7ff09c001000 r--s 00000000 08:05 42074249                   /var/cache/fontconfig/f6d4eedfaab2589bde49f7a3ff831d22-le64.cache-7
7ff09c001000-7ff09c002000 r--s 00000000 08:05 42074214                   /var/cache/fontconfig/589f83ef4c36d296ce6e1c846f468f08-le64.cache-7
7ff09c002000-7ff09c003000 r--s 00000000 08:05 42074234                   /var/cache/fontconfig/bab58bb527bb656aaa9f116d68a48d89-le64.cache-7
7ff09c003000-7ff09c004000 r--s 00000000 08:05 42074193                   /var/cache/fontconfig/2171a34dccabdb6bcbbc728186263178-le64.cache-7
7ff09c004000-7ff09c005000 r--s 00000000 08:05 42074235                   /var/cache/fontconfig/c5c45a61289222e0d30b1a26ef4effbe-le64.cache-7
7ff09c005000-7ff09c006000 r--s 00000000 08:05 42074230                   /var/cache/fontconfig/aec30016f93e1b46d1a973dce0d74068-le64.cache-7
7ff09c006000-7ff09c007000 r--s 00000000 08:05 42074200                   /var/cache/fontconfig/3f589640d34b7dc9042c8d453f7c8b9c-le64.cache-7
7ff09c007000-7ff09c008000 r--s 00000000 08:05 42074190                   /var/cache/fontconfig/16c2fda60d1b4b719f4b3d06fd951d25-le64.cache-7
7ff09c008000-7ff09c009000 r--s 00000000 08:05 42074229                   /var/cache/fontconfig/a48eab177a16e4f3713381162db2f3e9-le64.cache-7
7ff09c009000-7ff09c00a000 r--s 00000000 08:05 42074210                   /var/cache/fontconfig/564b2e68ac9bc4e36a6f7f6d6125ec1c-le64.cache-7
7ff09c00a000-7ff09c00f000 r--s 00000000 08:05 42079013                   /var/cache/fontconfig/9d2451b1fd30e5bffe8383fd27c35478-le64.cache-7
7ff09c00f000-7ff09c015000 r--s 00000000 08:05 42079014                   /var/cache/fontconfig/3047814df9a2f067bd2d96a2b9c36e5a-le64.cache-7
7ff09c015000-7ff09c01d000 r--s 00000000 08:05 42078667                   /var/cache/fontconfig/bf3b770c553c462765856025a94f1ce6-le64.cache-7
7ff09c01d000-7ff09c01e000 r--s 00000000 08:05 42074211                   /var/cache/fontconfig/56cf4f4769d0f4abc89a4895d7bd3ae1-le64.cache-7
7ff09c01e000-7ff09c01f000 r--s 00000000 08:05 42074233                   /var/cache/fontconfig/b9d506c9ac06c20b433354fa67a72993-le64.cache-7
7ff09c01f000-7ff09c025000 r--s 00000000 08:05 42074231                   /var/cache/fontconfig/b47c4e1ecd0709278f4910c18777a504-le64.cache-7
7ff09c025000-7ff09c038000 r--s 00000000 08:05 42074240                   /var/cache/fontconfig/d52a8644073d54c13679302ca1180695-le64.cache-7
7ff09c038000-7ff09c039000 r--s 00000000 08:05 42074198                   /var/cache/fontconfig/370e5b74bf5dafc30834de68e24a87a4-le64.cache-7
7ff09c039000-7ff09c03a000 r--s 00000000 08:05 42074219                   /var/cache/fontconfig/6b2c5944714ca7831b25bed9e85cb5c8-le64.cache-7
7ff09c03a000-7ff09c03b000 r--s 00000000 08:05 42074239                   /var/cache/fontconfig/d5178ab6d91b49bf20a416737dcea9e8-le64.cache-7
7ff09c03b000-7ff09c03e000 r--s 00000000 08:05 42074248                   /var/cache/fontconfig/f259c2cffa685e28062317905db73c4a-le64.cache-7
7ff09c03e000-7ff09c040000 r--s 00000000 08:05 42074208                   /var/cache/fontconfig/550f3886151c940c12a5ed35f6a00586-le64.cache-7
7ff09c040000-7ff09c04c000 r--s 00000000 08:05 42076224                   /var/cache/fontconfig/d589a48862398ed80a3d6066f4f56f4c-le64.cache-7
7ff09c04c000-7ff09c05a000 r--s 00000000 08:05 42074226                   /var/cache/fontconfig/9b89f8e3dae116d678bbf48e5f21f69b-le64.cache-7
7ff09c05a000-7ff09c068000 r--s 00000000 08:05 42074607                   /var/cache/fontconfig/e13b20fdb08344e0e664864cc2ede53d-le64.cache-7
7ff09c068000-7ff09c08c000 r--p 00000000 08:05 14026309                   /usr/share/locale-langpack/es/LC_MESSAGES/libc.mo
7ff09c08c000-7ff09c0b8000 r--s 002ff000 08:05 41027585                   /home/likendero/Documentos/qt/qtjambi/qtjambi-4.8.7.jar
7ff09c0b8000-7ff09c0b9000 ---p 00000000 00:00 0 
7ff09c0b9000-7ff09c0bc000 ---p 00000000 00:00 0 
7ff09c0bc000-7ff09c1b9000 rw-p 00000000 00:00 0 
7ff09c1b9000-7ff09c1ba000 ---p 00000000 00:00 0 
7ff09c1ba000-7ff09c1bd000 ---p 00000000 00:00 0 
7ff09c1bd000-7ff09c2ba000 rw-p 00000000 00:00 0 
7ff09c2ba000-7ff09c2bb000 ---p 00000000 00:00 0 
7ff09c2bb000-7ff09c2be000 ---p 00000000 00:00 0 
7ff09c2be000-7ff09c3bb000 rw-p 00000000 00:00 0 
7ff09c3bb000-7ff09c3be000 ---p 00000000 00:00 0 
7ff09c3be000-7ff09c4bc000 rw-p 00000000 00:00 0 
7ff09c4bc000-7ff09ce8b000 r--p 00000000 08:05 12196482                   /usr/lib/locale/locale-archive
7ff09ce8b000-7ff09ce8e000 ---p 00000000 00:00 0 
7ff09ce8e000-7ff09cf8c000 rw-p 00000000 00:00 0 
7ff09cf8c000-7ff09cf8f000 ---p 00000000 00:00 0 
7ff09cf8f000-7ff09d08d000 rw-p 00000000 00:00 0 
7ff09d08d000-7ff09d08e000 ---p 00000000 00:00 0 
7ff09d08e000-7ff09e142000 rw-p 00000000 00:00 0 
7ff09e142000-7ff09e31c000 r--s 03d6b000 08:05 12715415                   /usr/lib/jvm/java-8-oracle/jre/lib/rt.jar
7ff09e31c000-7ff09f2e8000 rw-p 00000000 00:00 0 
7ff09f2e8000-7ff09f2e9000 ---p 00000000 00:00 0 
7ff09f2e9000-7ff09f3e9000 rw-p 00000000 00:00 0 
7ff09f3e9000-7ff09f3ea000 ---p 00000000 00:00 0 
7ff09f3ea000-7ff09f4ea000 rw-p 00000000 00:00 0 
7ff09f4ea000-7ff09f4eb000 ---p 00000000 00:00 0 
7ff09f4eb000-7ff09f5eb000 rw-p 00000000 00:00 0 
7ff09f5eb000-7ff09f5ec000 ---p 00000000 00:00 0 
7ff09f5ec000-7ff09f740000 rw-p 00000000 00:00 0 
7ff09f740000-7ff09fc1f000 ---p 00000000 00:00 0 
7ff09fc1f000-7ff09fc73000 rw-p 00000000 00:00 0 
7ff09fc73000-7ff0a0151000 ---p 00000000 00:00 0 
7ff0a0151000-7ff0a017c000 rw-p 00000000 00:00 0 
7ff0a017c000-7ff0a03eb000 ---p 00000000 00:00 0 
7ff0a03eb000-7ff0a03f6000 rw-p 00000000 00:00 0 
7ff0a03f6000-7ff0a07ac000 ---p 00000000 00:00 0 
7ff0a07ac000-7ff0a0a1c000 rwxp 00000000 00:00 0 
7ff0a0a1c000-7ff0af7ac000 ---p 00000000 00:00 0 
7ff0af7ac000-7ff0af7c7000 r-xp 00000000 08:05 12847496                   /usr/lib/jvm/java-8-oracle/jre/lib/amd64/libzip.so
7ff0af7c7000-7ff0af9c7000 ---p 0001b000 08:05 12847496                   /usr/lib/jvm/java-8-oracle/jre/lib/amd64/libzip.so
7ff0af9c7000-7ff0af9c8000 rw-p 0001b000 08:05 12847496                   /usr/lib/jvm/java-8-oracle/jre/lib/amd64/libzip.so
7ff0af9c8000-7ff0af9d3000 r-xp 00000000 08:05 26219224                   /lib/x86_64-linux-gnu/libnss_files-2.27.so
7ff0af9d3000-7ff0afbd2000 ---p 0000b000 08:05 26219224                   /lib/x86_64-linux-gnu/libnss_files-2.27.so
7ff0afbd2000-7ff0afbd3000 r--p 0000a000 08:05 26219224                   /lib/x86_64-linux-gnu/libnss_files-2.27.so
7ff0afbd3000-7ff0afbd4000 rw-p 0000b000 08:05 26219224                   /lib/x86_64-linux-gnu/libnss_files-2.27.so
7ff0afbd4000-7ff0afbda000 rw-p 00000000 00:00 0 
7ff0afbda000-7ff0afbf1000 r-xp 00000000 08:05 26219218                   /lib/x86_64-linux-gnu/libnsl-2.27.so
7ff0afbf1000-7ff0afdf0000 ---p 00017000 08:05 26219218                   /lib/x86_64-linux-gnu/libnsl-2.27.so
7ff0afdf0000-7ff0afdf1000 r--p 00016000 08:05 26219218                   /lib/x86_64-linux-gnu/libnsl-2.27.so
7ff0afdf1000-7ff0afdf2000 rw-p 00017000 08:05 26219218                   /lib/x86_64-linux-gnu/libnsl-2.27.so
7ff0afdf2000-7ff0afdf4000 rw-p 00000000 00:00 0 
7ff0afdf4000-7ff0afdff000 r-xp 00000000 08:05 26219235                   /lib/x86_64-linux-gnu/libnss_nis-2.27.so
7ff0afdff000-7ff0afffe000 ---p 0000b000 08:05 26219235                   /lib/x86_64-linux-gnu/libnss_nis-2.27.so
7ff0afffe000-7ff0affff000 r--p 0000a000 08:05 26219235                   /lib/x86_64-linux-gnu/libnss_nis-2.27.so
7ff0affff000-7ff0b0000000 rw-p 0000b000 08:05 26219235                   /lib/x86_64-linux-gnu/libnss_nis-2.27.so
7ff0b0000000-7ff0b0270000 rw-p 00000000 00:00 0 
7ff0b0270000-7ff0b4000000 ---p 00000000 00:00 0 
7ff0b4000000-7ff0b4001000 r--s 00000000 08:05 42074209                   /var/cache/fontconfig/551ecf3b0e8b0bca0f25c0944f561853-le64.cache-7
7ff0b4001000-7ff0b4004000 r--s 00000000 08:05 42074217                   /var/cache/fontconfig/674d1711f2d1d2a09646eb0bdcadee49-le64.cache-7
7ff0b4004000-7ff0b4005000 r--s 00000000 08:05 42074201                   /var/cache/fontconfig/3f7329c5293ffd510edef78f73874cfd-le64.cache-7
7ff0b4005000-7ff0b4006000 r--s 00000000 08:05 42074187                   /var/cache/fontconfig/0c9eb80ebd1c36541ebe2852d3bb0c49-le64.cache-7
7ff0b4006000-7ff0b4007000 r--s 00000000 08:05 42074194                   /var/cache/fontconfig/22368d551a680bfe5a62c02760edf4ea-le64.cache-7
7ff0b4007000-7ff0b4008000 r--s 00000000 08:05 42074206                   /var/cache/fontconfig/4d9c95eba1cb85bbcf2878543262124a-le64.cache-7
7ff0b4008000-7ff0b4009000 r--s 00000000 08:05 42074223                   /var/cache/fontconfig/85e0a52ce643a7ba2ae53e5d6949cead-le64.cache-7
7ff0b4009000-7ff0b400a000 r--s 00000000 08:05 42074203                   /var/cache/fontconfig/49f0de54bdd920fe4f0dfd4cbac43e6b-le64.cache-7
7ff0b400a000-7ff0b400b000 r--s 00000000 08:05 42074250                   /var/cache/fontconfig/f6e6e0a5c3d2f6ae0c0c2e0ecd42a997-le64.cache-7
7ff0b400b000-7ff0b400c000 r--s 00000000 08:05 42074204                   /var/cache/fontconfig/4b2eda6bb976bda485cb2176619421d5-le64.cache-7
7ff0b400c000-7ff0b4010000 r--s 00000000 08:05 30944528                   /home/likendero/.cache/fontconfig/b82399fbbbca027fdf7a55567090b8f7-le64.cache-7
7ff0b4010000-7ff0b4017000 r--s 00000000 08:05 12455149                   /usr/lib/x86_64-linux-gnu/gconv/gconv-modules.cache
7ff0b4017000-7ff0b401a000 r--s 01f3b000 08:05 41027589                   /home/likendero/Documentos/qt/qtjambi/qtjambi-native-linux64-gcc-4.8.7.jar
7ff0b401a000-7ff0b40df000 rw-p 00000000 00:00 0 
7ff0b40df000-7ff0b40e7000 r-xp 00000000 08:05 26219220                   /lib/x86_64-linux-gnu/libnss_compat-2.27.so
7ff0b40e7000-7ff0b42e7000 ---p 00008000 08:05 26219220                   /lib/x86_64-linux-gnu/libnss_compat-2.27.so
7ff0b42e7000-7ff0b42e8000 r--p 00008000 08:05 26219220                   /lib/x86_64-linux-gnu/libnss_compat-2.27.so
7ff0b42e8000-7ff0b42e9000 rw-p 00009000 08:05 26219220                   /lib/x86_64-linux-gnu/libnss_compat-2.27.so
7ff0b42e9000-7ff0b4314000 r-xp 00000000 08:05 12847490                   /usr/lib/jvm/java-8-oracle/jre/lib/amd64/libjava.so
7ff0b4314000-7ff0b4513000 ---p 0002b000 08:05 12847490                   /usr/lib/jvm/java-8-oracle/jre/lib/amd64/libjava.so
7ff0b4513000-7ff0b4515000 rw-p 0002a000 08:05 12847490                   /usr/lib/jvm/java-8-oracle/jre/lib/amd64/libjava.so
7ff0b4515000-7ff0b4522000 r-xp 00000000 08:05 12847495                   /usr/lib/jvm/java-8-oracle/jre/lib/amd64/libverify.so
7ff0b4522000-7ff0b4722000 ---p 0000d000 08:05 12847495                   /usr/lib/jvm/java-8-oracle/jre/lib/amd64/libverify.so
7ff0b4722000-7ff0b4724000 rw-p 0000d000 08:05 12847495                   /usr/lib/jvm/java-8-oracle/jre/lib/amd64/libverify.so
7ff0b4724000-7ff0b472b000 r-xp 00000000 08:05 26219275                   /lib/x86_64-linux-gnu/librt-2.27.so
7ff0b472b000-7ff0b492a000 ---p 00007000 08:05 26219275                   /lib/x86_64-linux-gnu/librt-2.27.so
7ff0b492a000-7ff0b492b000 r--p 00006000 08:05 26219275                   /lib/x86_64-linux-gnu/librt-2.27.so
7ff0b492b000-7ff0b492c000 rw-p 00007000 08:05 26219275                   /lib/x86_64-linux-gnu/librt-2.27.so
7ff0b492c000-7ff0b4ac9000 r-xp 00000000 08:05 26219197                   /lib/x86_64-linux-gnu/libm-2.27.so
7ff0b4ac9000-7ff0b4cc8000 ---p 0019d000 08:05 26219197                   /lib/x86_64-linux-gnu/libm-2.27.so
7ff0b4cc8000-7ff0b4cc9000 r--p 0019c000 08:05 26219197                   /lib/x86_64-linux-gnu/libm-2.27.so
7ff0b4cc9000-7ff0b4cca000 rw-p 0019d000 08:05 26219197                   /lib/x86_64-linux-gnu/libm-2.27.so
7ff0b4cca000-7ff0b59a6000 r-xp 00000000 08:05 12847472                   /usr/lib/jvm/java-8-oracle/jre/lib/amd64/server/libjvm.so
7ff0b59a6000-7ff0b5ba6000 ---p 00cdc000 08:05 12847472                   /usr/lib/jvm/java-8-oracle/jre/lib/amd64/server/libjvm.so
7ff0b5ba6000-7ff0b5c80000 rw-p 00cdc000 08:05 12847472                   /usr/lib/jvm/java-8-oracle/jre/lib/amd64/server/libjvm.so
7ff0b5c80000-7ff0b5ccb000 rw-p 00000000 00:00 0 
7ff0b5ccb000-7ff0b5eb2000 r-xp 00000000 08:05 26219134                   /lib/x86_64-linux-gnu/libc-2.27.so
7ff0b5eb2000-7ff0b60b2000 ---p 001e7000 08:05 26219134                   /lib/x86_64-linux-gnu/libc-2.27.so
7ff0b60b2000-7ff0b60b6000 r--p 001e7000 08:05 26219134                   /lib/x86_64-linux-gnu/libc-2.27.so
7ff0b60b6000-7ff0b60b8000 rw-p 001eb000 08:05 26219134                   /lib/x86_64-linux-gnu/libc-2.27.so
7ff0b60b8000-7ff0b60bc000 rw-p 00000000 00:00 0 
7ff0b60bc000-7ff0b60bf000 r-xp 00000000 08:05 26219157                   /lib/x86_64-linux-gnu/libdl-2.27.so
7ff0b60bf000-7ff0b62be000 ---p 00003000 08:05 26219157                   /lib/x86_64-linux-gnu/libdl-2.27.so
7ff0b62be000-7ff0b62bf000 r--p 00002000 08:05 26219157                   /lib/x86_64-linux-gnu/libdl-2.27.so
7ff0b62bf000-7ff0b62c0000 rw-p 00003000 08:05 26219157                   /lib/x86_64-linux-gnu/libdl-2.27.so
7ff0b62c0000-7ff0b62d6000 r-xp 00000000 08:05 12715139                   /usr/lib/jvm/java-8-oracle/lib/amd64/jli/libjli.so
7ff0b62d6000-7ff0b64d5000 ---p 00016000 08:05 12715139                   /usr/lib/jvm/java-8-oracle/lib/amd64/jli/libjli.so
7ff0b64d5000-7ff0b64d6000 rw-p 00015000 08:05 12715139                   /usr/lib/jvm/java-8-oracle/lib/amd64/jli/libjli.so
7ff0b64d6000-7ff0b64f0000 r-xp 00000000 08:05 26219267                   /lib/x86_64-linux-gnu/libpthread-2.27.so
7ff0b64f0000-7ff0b66ef000 ---p 0001a000 08:05 26219267                   /lib/x86_64-linux-gnu/libpthread-2.27.so
7ff0b66ef000-7ff0b66f0000 r--p 00019000 08:05 26219267                   /lib/x86_64-linux-gnu/libpthread-2.27.so
7ff0b66f0000-7ff0b66f1000 rw-p 0001a000 08:05 26219267                   /lib/x86_64-linux-gnu/libpthread-2.27.so
7ff0b66f1000-7ff0b66f5000 rw-p 00000000 00:00 0 
7ff0b66f5000-7ff0b671c000 r-xp 00000000 08:05 26219106                   /lib/x86_64-linux-gnu/ld-2.27.so
7ff0b671c000-7ff0b671e000 r--s 00000000 08:05 42074218                   /var/cache/fontconfig/6afa1bb216ce958c1589e297e8008489-le64.cache-7
7ff0b671e000-7ff0b672a000 r--s 00437000 08:05 41027588                   /home/likendero/Documentos/qt/qtjambi/qtjambi-examples-src.jar
7ff0b672a000-7ff0b67fb000 rw-p 00000000 00:00 0 
7ff0b67fb000-7ff0b67fc000 ---p 00000000 00:00 0 
7ff0b67fc000-7ff0b67ff000 ---p 00000000 00:00 0 
7ff0b67ff000-7ff0b68fe000 rw-p 00000000 00:00 0 
7ff0b68fe000-7ff0b6900000 r--s 00000000 08:05 42077599                   /var/cache/fontconfig/62f91419b9ebdb6975e7e41ab6412357-le64.cache-7
7ff0b6900000-7ff0b690e000 r--s 00474000 08:05 41027587                   /home/likendero/Documentos/qt/qtjambi/qtjambi-examples-4.8.7.jar
7ff0b690e000-7ff0b6910000 r--s 00008000 08:05 41027586                   /home/likendero/Documentos/qt/qtjambi/qtjambi-designer-4.8.7.jar
7ff0b6910000-7ff0b6918000 rw-s 00000000 08:05 22683720                   /tmp/hsperfdata_likendero/28768
7ff0b6918000-7ff0b6919000 rw-p 00000000 00:00 0 
7ff0b6919000-7ff0b691a000 r--p 00000000 00:00 0 
7ff0b691a000-7ff0b691c000 rw-p 00000000 00:00 0 
7ff0b691c000-7ff0b691d000 r--p 00027000 08:05 26219106                   /lib/x86_64-linux-gnu/ld-2.27.so
7ff0b691d000-7ff0b691e000 rw-p 00028000 08:05 26219106                   /lib/x86_64-linux-gnu/ld-2.27.so
7ff0b691e000-7ff0b691f000 rw-p 00000000 00:00 0 
7ffff1822000-7ffff1843000 rw-p 00000000 00:00 0                          [stack]
7ffff196d000-7ffff1970000 r--p 00000000 00:00 0                          [vvar]
7ffff1970000-7ffff1972000 r-xp 00000000 00:00 0                          [vdso]
ffffffffff600000-ffffffffff601000 r-xp 00000000 00:00 0                  [vsyscall]

VM Arguments:
jvm_args: -Dfile.encoding=UTF-8 
java_command: pruebaqt.PruebaQt
java_class_path (initial): /home/likendero/Documentos/qt/qtjambi/qtjambi-4.8.7.jar:/home/likendero/Documentos/qt/qtjambi/qtjambi-designer-4.8.7.jar:/home/likendero/Documentos/qt/qtjambi/qtjambi-examples-4.8.7.jar:/home/likendero/Documentos/qt/qtjambi/qtjambi-examples-src.jar:/home/likendero/Documentos/qt/qtjambi/qtjambi-native-linux64-gcc-4.8.7.jar:/home/likendero/github/entornos/pruebaQt/build/classes
Launcher Type: SUN_STANDARD

Environment Variables:
JAVA_HOME=/usr/lib/jvm/java-8-oracle
PATH=/home/likendero/.local/bin:/usr/local/sbin:/usr/local/bin:/usr/sbin:/usr/bin:/sbin:/bin:/usr/games:/usr/local/games:/snap/bin:/usr/lib/jvm/java-8-oracle/bin:/usr/lib/jvm/java-8-oracle/db/bin:/usr/lib/jvm/java-8-oracle/jre/bin
USERNAME=likendero
LD_LIBRARY_PATH=/usr/lib/jvm/java-8-oracle/jre/lib/amd64:/usr/lib/jvm/java-8-oracle/jre/lib/i386:
SHELL=/bin/bash
DISPLAY=:0

Signal Handlers:
SIGSEGV: [libjvm.so+0xad2a40], sa_mask[0]=11111111011111111101111111111110, sa_flags=SA_RESTART|SA_SIGINFO
SIGBUS: [libjvm.so+0xad2a40], sa_mask[0]=11111111011111111101111111111110, sa_flags=SA_RESTART|SA_SIGINFO
SIGFPE: [libjvm.so+0x92a610], sa_mask[0]=11111111011111111101111111111110, sa_flags=SA_RESTART|SA_SIGINFO
SIGPIPE: SIG_IGN, sa_mask[0]=00000000000010000000000000000000, sa_flags=SA_RESTART
SIGXFSZ: [libjvm.so+0x92a610], sa_mask[0]=11111111011111111101111111111110, sa_flags=SA_RESTART|SA_SIGINFO
SIGILL: [libjvm.so+0x92a610], sa_mask[0]=11111111011111111101111111111110, sa_flags=SA_RESTART|SA_SIGINFO
SIGUSR1: SIG_DFL, sa_mask[0]=00000000000000000000000000000000, sa_flags=none
SIGUSR2: [libjvm.so+0x92be70], sa_mask[0]=00100000000000000000000000000000, sa_flags=SA_RESTART|SA_SIGINFO
SIGHUP: [libjvm.so+0x92d270], sa_mask[0]=11111111011111111101111111111110, sa_flags=SA_RESTART|SA_SIGINFO
SIGINT: SIG_IGN, sa_mask[0]=00000000000000000000000000000000, sa_flags=none
SIGTERM: [libjvm.so+0x92d270], sa_mask[0]=11111111011111111101111111111110, sa_flags=SA_RESTART|SA_SIGINFO
SIGQUIT: [libjvm.so+0x92d270], sa_mask[0]=11111111011111111101111111111110, sa_flags=SA_RESTART|SA_SIGINFO


---------------  S Y S T E M  ---------------

OS:DISTRIB_ID=Ubuntu
DISTRIB_RELEASE=18.04
DISTRIB_CODENAME=bionic
DISTRIB_DESCRIPTION="Ubuntu 18.04.1 LTS"

uname:Linux 4.15.0-39-generic #42-Ubuntu SMP Tue Oct 23 15:48:01 UTC 2018 x86_64
libc:glibc 2.27 NPTL 2.27 
rlimit: STACK 8192k, CORE 0k, NPROC 63437, NOFILE 1048576, AS infinity
load average:0,59 0,77 0,81

/proc/meminfo:
MemTotal:       16344504 kB
MemFree:          157348 kB
MemAvailable:    5990400 kB
Buffers:          743268 kB
Cached:          5982508 kB
SwapCached:            0 kB
Active:         11813440 kB
Inactive:        3646560 kB
Active(anon):    8717740 kB
Inactive(anon):   958648 kB
Active(file):    3095700 kB
Inactive(file):  2687912 kB
Unevictable:          40 kB
Mlocked:              40 kB
SwapTotal:       3999740 kB
SwapFree:        3999740 kB
Dirty:             94584 kB
Writeback:             0 kB
AnonPages:       8734340 kB
Mapped:          1463272 kB
Shmem:            942156 kB
Slab:             486728 kB
SReclaimable:     389568 kB
SUnreclaim:        97160 kB
KernelStack:       23744 kB
PageTables:        96768 kB
NFS_Unstable:          0 kB
Bounce:                0 kB
WritebackTmp:          0 kB
CommitLimit:    12171992 kB
Committed_AS:   18993468 kB
VmallocTotal:   34359738367 kB
VmallocUsed:           0 kB
VmallocChunk:          0 kB
HardwareCorrupted:     0 kB
AnonHugePages:      2048 kB
ShmemHugePages:        0 kB
ShmemPmdMapped:        0 kB
CmaTotal:              0 kB
CmaFree:               0 kB
HugePages_Total:       0
HugePages_Free:        0
HugePages_Rsvd:        0
HugePages_Surp:        0
Hugepagesize:       2048 kB
DirectMap4k:      365496 kB
DirectMap2M:    15282176 kB
DirectMap1G:     2097152 kB


CPU:total 4 (initial active 4) (2 cores per cpu, 2 threads per core) family 6 model 69 stepping 1, cmov, cx8, fxsr, mmx, sse, sse2, sse3, ssse3, sse4.1, sse4.2, popcnt, avx, avx2, aes, clmul, erms, lzcnt, ht, tsc, tscinvbit, bmi1, bmi2

/proc/cpuinfo:
processor	: 0
vendor_id	: GenuineIntel
cpu family	: 6
model		: 69
model name	: Intel(R) Core(TM) i5-4200U CPU @ 1.60GHz
stepping	: 1
microcode	: 0x24
cpu MHz		: 2373.566
cache size	: 3072 KB
physical id	: 0
siblings	: 4
core id		: 0
cpu cores	: 2
apicid		: 0
initial apicid	: 0
fpu		: yes
fpu_exception	: yes
cpuid level	: 13
wp		: yes
flags		: fpu vme de pse tsc msr pae mce cx8 apic sep mtrr pge mca cmov pat pse36 clflush dts acpi mmx fxsr sse sse2 ss ht tm pbe syscall nx pdpe1gb rdtscp lm constant_tsc arch_perfmon pebs bts rep_good nopl xtopology nonstop_tsc cpuid aperfmperf pni pclmulqdq dtes64 monitor ds_cpl vmx est tm2 ssse3 sdbg fma cx16 xtpr pdcm pcid sse4_1 sse4_2 movbe popcnt tsc_deadline_timer aes xsave avx f16c rdrand lahf_lm abm cpuid_fault epb invpcid_single pti ssbd ibrs ibpb stibp tpr_shadow vnmi flexpriority ept vpid fsgsbase tsc_adjust bmi1 avx2 smep bmi2 erms invpcid xsaveopt dtherm ida arat pln pts flush_l1d
bugs		: cpu_meltdown spectre_v1 spectre_v2 spec_store_bypass l1tf
bogomips	: 4589.53
clflush size	: 64
cache_alignment	: 64
address sizes	: 39 bits physical, 48 bits virtual
power management:

processor	: 1
vendor_id	: GenuineIntel
cpu family	: 6
model		: 69
model name	: Intel(R) Core(TM) i5-4200U CPU @ 1.60GHz
stepping	: 1
microcode	: 0x24
cpu MHz		: 2288.368
cache size	: 3072 KB
physical id	: 0
siblings	: 4
core id		: 1
cpu cores	: 2
apicid		: 2
initial apicid	: 2
fpu		: yes
fpu_exception	: yes
cpuid level	: 13
wp		: yes
flags		: fpu vme de pse tsc msr pae mce cx8 apic sep mtrr pge mca cmov pat pse36 clflush dts acpi mmx fxsr sse sse2 ss ht tm pbe syscall nx pdpe1gb rdtscp lm constant_tsc arch_perfmon pebs bts rep_good nopl xtopology nonstop_tsc cpuid aperfmperf pni pclmulqdq dtes64 monitor ds_cpl vmx est tm2 ssse3 sdbg fma cx16 xtpr pdcm pcid sse4_1 sse4_2 movbe popcnt tsc_deadline_timer aes xsave avx f16c rdrand lahf_lm abm cpuid_fault epb invpcid_single pti ssbd ibrs ibpb stibp tpr_shadow vnmi flexpriority ept vpid fsgsbase tsc_adjust bmi1 avx2 smep bmi2 erms invpcid xsaveopt dtherm ida arat pln pts flush_l1d
bugs		: cpu_meltdown spectre_v1 spectre_v2 spec_store_bypass l1tf
bogomips	: 4589.53
clflush size	: 64
cache_alignment	: 64
address sizes	: 39 bits physical, 48 bits virtual
power management:

processor	: 2
vendor_id	: GenuineIntel
cpu family	: 6
model		: 69
model name	: Intel(R) Core(TM) i5-4200U CPU @ 1.60GHz
stepping	: 1
microcode	: 0x24
cpu MHz		: 2312.822
cache size	: 3072 KB
physical id	: 0
siblings	: 4
core id		: 0
cpu cores	: 2
apicid		: 1
initial apicid	: 1
fpu		: yes
fpu_exception	: yes
cpuid level	: 13
wp		: yes
flags		: fpu vme de pse tsc msr pae mce cx8 apic sep mtrr pge mca cmov pat pse36 clflush dts acpi mmx fxsr sse sse2 ss ht tm pbe syscall nx pdpe1gb rdtscp lm constant_tsc arch_perfmon pebs bts rep_good nopl xtopology nonstop_tsc cpuid aperfmperf pni pclmulqdq dtes64 monitor ds_cpl vmx est tm2 ssse3 sdbg fma cx16 xtpr pdcm pcid sse4_1 sse4_2 movbe popcnt tsc_deadline_timer aes xsave avx f16c rdrand lahf_lm abm cpuid_fault epb invpcid_single pti ssbd ibrs ibpb stibp tpr_shadow vnmi flexpriority ept vpid fsgsbase tsc_adjust bmi1 avx2 smep bmi2 erms invpcid xsaveopt dtherm ida arat pln pts flush_l1d
bugs		: cpu_meltdown spectre_v1 spectre_v2 spec_store_bypass l1tf
bogomips	: 4589.53
clflush size	: 64
cache_alignment	: 64
address sizes	: 39 bits physical, 48 bits virtual
power management:

processor	: 3
vendor_id	: GenuineIntel
cpu family	: 6
model		: 69
model name	: Intel(R) Core(TM) i5-4200U CPU @ 1.60GHz
stepping	: 1
microcode	: 0x24
cpu MHz		: 2287.133
cache size	: 3072 KB
physical id	: 0
siblings	: 4
core id		: 1
cpu cores	: 2
apicid		: 3
initial apicid	: 3
fpu		: yes
fpu_exception	: yes
cpuid level	: 13
wp		: yes
flags		: fpu vme de pse tsc msr pae mce cx8 apic sep mtrr pge mca cmov pat pse36 clflush dts acpi mmx fxsr sse sse2 ss ht tm pbe syscall nx pdpe1gb rdtscp lm constant_tsc arch_perfmon pebs bts rep_good nopl xtopology nonstop_tsc cpuid aperfmperf pni pclmulqdq dtes64 monitor ds_cpl vmx est tm2 ssse3 sdbg fma cx16 xtpr pdcm pcid sse4_1 sse4_2 movbe popcnt tsc_deadline_timer aes xsave avx f16c rdrand lahf_lm abm cpuid_fault epb invpcid_single pti ssbd ibrs ibpb stibp tpr_shadow vnmi flexpriority ept vpid fsgsbase tsc_adjust bmi1 avx2 smep bmi2 erms invpcid xsaveopt dtherm ida arat pln pts flush_l1d
bugs		: cpu_meltdown spectre_v1 spectre_v2 spec_store_bypass l1tf
bogomips	: 4589.53
clflush size	: 64
cache_alignment	: 64
address sizes	: 39 bits physical, 48 bits virtual
power management:



Memory: 4k page, physical 16344504k(157348k free), swap 3999740k(3999740k free)

vm_info: Java HotSpot(TM) 64-Bit Server VM (25.181-b13) for linux-amd64 JRE (1.8.0_181-b13), built on Jul  7 2018 00:56:38 by "java_re" with gcc 4.3.0 20080428 (Red Hat 4.3.0-8)

time: Thu Nov 29 09:34:51 2018
elapsed time: 6 seconds (0d 0h 0m 6s)

