#
# A fatal error has been detected by the Java Runtime Environment:
#
#  SIGSEGV (0xb) at pc=0x00007ff3375871fa, pid=28844, tid=0x00007ff38d4d3700
#
# JRE version: Java(TM) SE Runtime Environment (8.0_181-b13) (build 1.8.0_181-b13)
# Java VM: Java HotSpot(TM) 64-Bit Server VM (25.181-b13 mixed mode linux-amd64 compressed oops)
# Problematic frame:
# C  [libQtGui.so.4+0x28a1fa]  QWidgetPrivate::deleteTLSysExtra()+0x3a
#
# Failed to write core dump. Core dumps have been disabled. To enable core dumping, try "ulimit -c unlimited" before starting Java again
#
# If you would like to submit a bug report, please visit:
#   http://bugreport.java.com/bugreport/crash.jsp
# The crash happened outside the Java Virtual Machine in native code.
# See problematic frame for where to report the bug.
#

---------------  T H R E A D  ---------------

Current thread (0x00007ff3a0085800):  JavaThread "Finalizer" daemon [_thread_in_native, id=28855, stack(0x00007ff38d3d3000,0x00007ff38d4d4000)]

siginfo: si_signo: 11 (SIGSEGV), si_code: 1 (SEGV_MAPERR), si_addr: 0x0000000000000010

Registers:
RAX=0x0000000000000000, RBX=0x00007ff3383ce190, RCX=0x00007ff3384faee0, RDX=0x00007ff3384faee0
RSP=0x00007ff38d4d23e0, RBP=0x0000000000000000, RSI=0x0000000005a00018, RDI=0x00007ff3383ce190
R8 =0x0000000000000005, R9 =0x0000000000000006, R10=0x0000000000000000, R11=0x00007ff3a58a2a20
R12=0x00007ff33855d070, R13=0x00007ff38d4d24f0, R14=0x00007ff38d4d24e0, R15=0x00007ff3a0085800
RIP=0x00007ff3375871fa, EFLAGS=0x0000000000010206, CSGSFS=0x002b000000000033, ERR=0x0000000000000004
  TRAPNO=0x000000000000000e

Top of Stack: (sp=0x00007ff38d4d23e0)
0x00007ff38d4d23e0:   00007ff3383ce190 00007ff33753e8a5
0x00007ff38d4d23f0:   00007ff3383ce190 0000000000000000
0x00007ff38d4d2400:   00007ff338503ab0 00007ff33753eacd
0x00007ff38d4d2410:   00007ff38d4d24f0 00007ff3383ce190
0x00007ff38d4d2420:   0000000000000000 00007ff33794126f
0x00007ff38d4d2430:   00007ff38d4d24f0 0000000000000000
0x00007ff38d4d2440:   00007ff3383ce190 00007ff351c5aca5
0x00007ff38d4d2450:   0000000000000000 00007ff3383ce190
0x00007ff38d4d2460:   00007ff3a0085800 00007ff338503ab0
0x00007ff38d4d2470:   00007ff351fa7fe0 00007ff3379fdde9
0x00007ff38d4d2480:   0000000000000000 00007ff337657fc4
0x00007ff38d4d2490:   00007ff3383ce190 0000000000000000
0x00007ff38d4d24a0:   00007ff3383ce190 00007ff338503ab0
0x00007ff38d4d24b0:   00007ff38d4d24f0 00007ff38d4d24e0
0x00007ff38d4d24c0:   00007ff3a0085800 00007ff33754710c
0x00007ff38d4d24d0:   0000000000000000 0000000000000000
0x00007ff38d4d24e0:   00007ff351fa7fe0 0000000000000000
0x00007ff38d4d24f0:   00007ff351f9f9d0 0000000000000000
0x00007ff38d4d2500:   00007ff351fc0010 00007ff351fa7ff8
0x00007ff38d4d2510:   00007ff338503ab0 00007ff3382ea5b0
0x00007ff38d4d2520:   00007ff3382ea5c8 0000000000000000
0x00007ff38d4d2530:   00007ff38d4d2590 00007ff335fbe039
0x00007ff38d4d2540:   0000000000000001 00007ff351c58a98
0x00007ff38d4d2550:   00007ff3382ea5b0 0000000000000000
0x00007ff38d4d2560:   00007ff3382ea5b0 00007ff3384fb490
0x00007ff38d4d2570:   00007ff38d4d25a0 00007ff337547077
0x00007ff38d4d2580:   0000000000000000 0000000000000000
0x00007ff38d4d2590:   00007ff351fa7fe0 0000000000000000
0x00007ff38d4d25a0:   00007ff3384fb490 0000000000000000
0x00007ff38d4d25b0:   00007ff351fa7ff8 00007ff351fa7ff8
0x00007ff38d4d25c0:   00007ff3384fb490 00007ff338430e00
0x00007ff38d4d25d0:   00007ff338430e18 0000000000000000 

Instructions: (pc=0x00007ff3375871fa)
0x00007ff3375871da:   8b b0 98 00 00 00 48 85 f6 75 0b 5b c3 66 0f 1f
0x00007ff3375871ea:   84 00 00 00 00 00 48 8b 05 19 1d a6 00 48 8b 00
0x00007ff3375871fa:   48 8b 78 10 e8 8d 65 f4 ff 48 8b 83 88 00 00 00
0x00007ff33758720a:   48 8b 40 08 48 c7 80 98 00 00 00 00 00 00 00 5b 

Register to memory mapping:

RAX=0x0000000000000000 is an unknown value
RBX=0x00007ff3383ce190 is an unknown value
RCX=0x00007ff3384faee0 is an unknown value
RDX=0x00007ff3384faee0 is an unknown value
RSP=0x00007ff38d4d23e0 is pointing into the stack for thread: 0x00007ff3a0085800
RBP=0x0000000000000000 is an unknown value
RSI=0x0000000005a00018 is an unknown value
RDI=0x00007ff3383ce190 is an unknown value
R8 =0x0000000000000005 is an unknown value
R9 =0x0000000000000006 is an unknown value
R10=0x0000000000000000 is an unknown value
R11=0x00007ff3a58a2a20: <offset 0x696a20> in /usr/lib/jvm/java-8-oracle/jre/lib/amd64/server/libjvm.so at 0x00007ff3a520c000
R12=0x00007ff33855d070 is an unknown value
R13=0x00007ff38d4d24f0 is pointing into the stack for thread: 0x00007ff3a0085800
R14=0x00007ff38d4d24e0 is pointing into the stack for thread: 0x00007ff3a0085800
R15=0x00007ff3a0085800 is a thread


Stack: [0x00007ff38d3d3000,0x00007ff38d4d4000],  sp=0x00007ff38d4d23e0,  free space=1020k
Native frames: (J=compiled Java code, j=interpreted, Vv=VM code, C=native code)
C  [libQtGui.so.4+0x28a1fa]  QWidgetPrivate::deleteTLSysExtra()+0x3a

Java frames: (J=compiled Java code, j=interpreted, Vv=VM code)
j  com.trolltech.qt.internal.QtJambiObject.finalize()V+0
J 494 C1 java.lang.ref.Finalizer.runFinalizer(Lsun/misc/JavaLangAccess;)V (62 bytes) @ 0x00007ff390ddf094 [0x00007ff390ddeb00+0x594]
J 493 C1 java.lang.ref.Finalizer.access$100(Ljava/lang/ref/Finalizer;Lsun/misc/JavaLangAccess;)V (6 bytes) @ 0x00007ff390dde79c [0x00007ff390dde740+0x5c]
j  java.lang.ref.Finalizer$FinalizerThread.run()V+45
v  ~StubRoutines::call_stub

---------------  P R O C E S S  ---------------

Java Threads: ( => current thread )
  0x00007ff3a026b000 JavaThread "qtjambi-com.trolltech.qt.QtJambi_LibraryShutdown" [_thread_in_vm, id=28958, stack(0x00007ff3520ab000,0x00007ff3521ac000)]
  0x00007ff33809f000 JavaThread "qtjambi-com.trolltech.qt.QThreadManager$NativeResourcesReleaseThread" daemon [_thread_blocked, id=28866, stack(0x00007ff350c3e000,0x00007ff350d3f000)]
  0x00007ff3a000b000 JavaThread "DestroyJavaVM" [_thread_blocked, id=28848, stack(0x00007ff3a6d3e000,0x00007ff3a6e3e000)]
  0x00007ff3a0266800 JavaThread "AWT-XAWT" daemon [_thread_in_native, id=28863, stack(0x00007ff3521ac000,0x00007ff3522ad000)]
  0x00007ff3a0244800 JavaThread "Java2D Disposer" daemon [_thread_blocked, id=28862, stack(0x00007ff3526bd000,0x00007ff3527be000)]
  0x00007ff3a00ca000 JavaThread "Service Thread" daemon [_thread_blocked, id=28860, stack(0x00007ff38c4ff000,0x00007ff38c600000)]
  0x00007ff3a00bf000 JavaThread "C1 CompilerThread2" daemon [_thread_blocked, id=28859, stack(0x00007ff38c601000,0x00007ff38c701000)]
  0x00007ff3a00bd000 JavaThread "C2 CompilerThread1" daemon [_thread_blocked, id=28858, stack(0x00007ff38c702000,0x00007ff38c802000)]
  0x00007ff3a00ba000 JavaThread "C2 CompilerThread0" daemon [_thread_blocked, id=28857, stack(0x00007ff38c803000,0x00007ff38c903000)]
  0x00007ff3a00b8800 JavaThread "Signal Dispatcher" daemon [_thread_blocked, id=28856, stack(0x00007ff38c903000,0x00007ff38ca04000)]
=>0x00007ff3a0085800 JavaThread "Finalizer" daemon [_thread_in_native, id=28855, stack(0x00007ff38d3d3000,0x00007ff38d4d4000)]
  0x00007ff3a0083000 JavaThread "Reference Handler" daemon [_thread_blocked, id=28854, stack(0x00007ff38d4d4000,0x00007ff38d5d5000)]

Other Threads:
  0x00007ff3a0079800 VMThread [stack: 0x00007ff38d5d6000,0x00007ff38d6d6000] [id=28853]
  0x00007ff3a00cf000 WatcherThread [stack: 0x00007ff38c3ff000,0x00007ff38c4ff000] [id=28861]

VM state:not at safepoint (normal execution)

VM Mutex/Monitor currently owned by a thread:  ([mutex/lock_event])
[0x00007ff3a0007b10] Threads_lock - owner thread: 0x00007ff3a026b000

Heap:
 PSYoungGen      total 74752K, used 1290K [0x000000076cd80000, 0x0000000772080000, 0x00000007c0000000)
  eden space 64512K, 2% used [0x000000076cd80000,0x000000076cec2ad8,0x0000000770c80000)
  from space 10240K, 0% used [0x0000000771680000,0x0000000771680000,0x0000000772080000)
  to   space 10240K, 0% used [0x0000000770c80000,0x0000000770c80000,0x0000000771680000)
 ParOldGen       total 171008K, used 1492K [0x00000006c6800000, 0x00000006d0f00000, 0x000000076cd80000)
  object space 171008K, 0% used [0x00000006c6800000,0x00000006c6975340,0x00000006d0f00000)
 Metaspace       used 10348K, capacity 10476K, committed 10624K, reserved 1058816K
  class space    used 1095K, capacity 1150K, committed 1152K, reserved 1048576K

Card table byte_map: [0x00007ff390045000,0x00007ff390812000] byte_map_base: 0x00007ff38ca11000

Marking Bits: (ParMarkBitMap*) 0x00007ff3a61e00a0
 Begin Bits: [0x00007ff378340000, 0x00007ff37c1a0000)
 End Bits:   [0x00007ff37c1a0000, 0x00007ff380000000)

Polling page: 0x00007ff3a6e5b000

CodeCache: size=245760Kb used=2136Kb max_used=2136Kb free=243623Kb
 bounds [0x00007ff390bd2000, 0x00007ff390e42000, 0x00007ff39fbd2000]
 total_blobs=956 nmethods=501 adapters=369
 compilation: enabled

Compilation events (10 events):
Event: 96,391 Thread 0x00007ff3a00bf000 nmethod 497 0x00007ff390de2a10 code [0x00007ff390de2ba0, 0x00007ff390de2ef0]
Event: 96,391 Thread 0x00007ff3a00bf000  496       1       java.lang.reflect.Field::getModifiers (5 bytes)
Event: 96,391 Thread 0x00007ff3a00bf000 nmethod 496 0x00007ff390de3090 code [0x00007ff390de31e0, 0x00007ff390de32f0]
Event: 96,391 Thread 0x00007ff3a00bf000  498       1       java.lang.reflect.Field::getDeclaringClass (5 bytes)
Event: 96,391 Thread 0x00007ff3a00bf000 nmethod 498 0x00007ff390de3350 code [0x00007ff390de34a0, 0x00007ff390de35b0]
Event: 96,391 Thread 0x00007ff3a00bf000  499       1       java.lang.Integer::intValue (5 bytes)
Event: 96,391 Thread 0x00007ff3a00bf000 nmethod 499 0x00007ff390de3610 code [0x00007ff390de3760, 0x00007ff390de3870]
Event: 96,393 Thread 0x00007ff3a00bf000  500       3       java.net.URL::toExternalForm (9 bytes)
Event: 96,393 Thread 0x00007ff3a00bf000 nmethod 500 0x00007ff390de38d0 code [0x00007ff390de3a40, 0x00007ff390de3c68]
Event: 96,393 Thread 0x00007ff3a00bf000  501       3       java.net.URLStreamHandler::toExternalForm (219 bytes)

GC Heap History (8 events):
Event: 95,352 GC heap before
{Heap before GC invocations=1 (full 0):
 PSYoungGen      total 74752K, used 16923K [0x000000076cd80000, 0x0000000772080000, 0x00000007c0000000)
  eden space 64512K, 26% used [0x000000076cd80000,0x000000076de06c90,0x0000000770c80000)
  from space 10240K, 0% used [0x0000000771680000,0x0000000771680000,0x0000000772080000)
  to   space 10240K, 0% used [0x0000000770c80000,0x0000000770c80000,0x0000000771680000)
 ParOldGen       total 171008K, used 0K [0x00000006c6800000, 0x00000006d0f00000, 0x000000076cd80000)
  object space 171008K, 0% used [0x00000006c6800000,0x00000006c6800000,0x00000006d0f00000)
 Metaspace       used 10174K, capacity 10348K, committed 10368K, reserved 1058816K
  class space    used 1079K, capacity 1150K, committed 1152K, reserved 1048576K
Event: 95,357 GC heap after
Heap after GC invocations=1 (full 0):
 PSYoungGen      total 74752K, used 3002K [0x000000076cd80000, 0x0000000772080000, 0x00000007c0000000)
  eden space 64512K, 0% used [0x000000076cd80000,0x000000076cd80000,0x0000000770c80000)
  from space 10240K, 29% used [0x0000000770c80000,0x0000000770f6e978,0x0000000771680000)
  to   space 10240K, 0% used [0x0000000771680000,0x0000000771680000,0x0000000772080000)
 ParOldGen       total 171008K, used 72K [0x00000006c6800000, 0x00000006d0f00000, 0x000000076cd80000)
  object space 171008K, 0% used [0x00000006c6800000,0x00000006c6812010,0x00000006d0f00000)
 Metaspace       used 10174K, capacity 10348K, committed 10368K, reserved 1058816K
  class space    used 1079K, capacity 1150K, committed 1152K, reserved 1048576K
}
Event: 95,357 GC heap before
{Heap before GC invocations=2 (full 1):
 PSYoungGen      total 74752K, used 3002K [0x000000076cd80000, 0x0000000772080000, 0x00000007c0000000)
  eden space 64512K, 0% used [0x000000076cd80000,0x000000076cd80000,0x0000000770c80000)
  from space 10240K, 29% used [0x0000000770c80000,0x0000000770f6e978,0x0000000771680000)
  to   space 10240K, 0% used [0x0000000771680000,0x0000000771680000,0x0000000772080000)
 ParOldGen       total 171008K, used 72K [0x00000006c6800000, 0x00000006d0f00000, 0x000000076cd80000)
  object space 171008K, 0% used [0x00000006c6800000,0x00000006c6812010,0x00000006d0f00000)
 Metaspace       used 10174K, capacity 10348K, committed 10368K, reserved 1058816K
  class space    used 1079K, capacity 1150K, committed 1152K, reserved 1048576K
Event: 95,371 GC heap after
Heap after GC invocations=2 (full 1):
 PSYoungGen      total 74752K, used 0K [0x000000076cd80000, 0x0000000772080000, 0x00000007c0000000)
  eden space 64512K, 0% used [0x000000076cd80000,0x000000076cd80000,0x0000000770c80000)
  from space 10240K, 0% used [0x0000000770c80000,0x0000000770c80000,0x0000000771680000)
  to   space 10240K, 0% used [0x0000000771680000,0x0000000771680000,0x0000000772080000)
 ParOldGen       total 171008K, used 2825K [0x00000006c6800000, 0x00000006d0f00000, 0x000000076cd80000)
  object space 171008K, 1% used [0x00000006c6800000,0x00000006c6ac24e8,0x00000006d0f00000)
 Metaspace       used 10174K, capacity 10348K, committed 10368K, reserved 1058816K
  class space    used 1079K, capacity 1150K, committed 1152K, reserved 1048576K
}
Event: 96,394 GC heap before
{Heap before GC invocations=3 (full 1):
 PSYoungGen      total 74752K, used 7311K [0x000000076cd80000, 0x0000000772080000, 0x00000007c0000000)
  eden space 64512K, 11% used [0x000000076cd80000,0x000000076d4a3f20,0x0000000770c80000)
  from space 10240K, 0% used [0x0000000770c80000,0x0000000770c80000,0x0000000771680000)
  to   space 10240K, 0% used [0x0000000771680000,0x0000000771680000,0x0000000772080000)
 ParOldGen       total 171008K, used 2825K [0x00000006c6800000, 0x00000006d0f00000, 0x000000076cd80000)
  object space 171008K, 1% used [0x00000006c6800000,0x00000006c6ac24e8,0x00000006d0f00000)
 Metaspace       used 10348K, capacity 10476K, committed 10624K, reserved 1058816K
  class space    used 1095K, capacity 1150K, committed 1152K, reserved 1048576K
Event: 96,394 GC heap after
Heap after GC invocations=3 (full 1):
 PSYoungGen      total 74752K, used 160K [0x000000076cd80000, 0x0000000772080000, 0x00000007c0000000)
  eden space 64512K, 0% used [0x000000076cd80000,0x000000076cd80000,0x0000000770c80000)
  from space 10240K, 1% used [0x0000000771680000,0x00000007716a8000,0x0000000772080000)
  to   space 10240K, 0% used [0x0000000770c80000,0x0000000770c80000,0x0000000771680000)
 ParOldGen       total 171008K, used 2833K [0x00000006c6800000, 0x00000006d0f00000, 0x000000076cd80000)
  object space 171008K, 1% used [0x00000006c6800000,0x00000006c6ac44e8,0x00000006d0f00000)
 Metaspace       used 10348K, capacity 10476K, committed 10624K, reserved 1058816K
  class space    used 1095K, capacity 1150K, committed 1152K, reserved 1048576K
}
Event: 96,394 GC heap before
{Heap before GC invocations=4 (full 2):
 PSYoungGen      total 74752K, used 160K [0x000000076cd80000, 0x0000000772080000, 0x00000007c0000000)
  eden space 64512K, 0% used [0x000000076cd80000,0x000000076cd80000,0x0000000770c80000)
  from space 10240K, 1% used [0x0000000771680000,0x00000007716a8000,0x0000000772080000)
  to   space 10240K, 0% used [0x0000000770c80000,0x0000000770c80000,0x0000000771680000)
 ParOldGen       total 171008K, used 2833K [0x00000006c6800000, 0x00000006d0f00000, 0x000000076cd80000)
  object space 171008K, 1% used [0x00000006c6800000,0x00000006c6ac44e8,0x00000006d0f00000)
 Metaspace       used 10348K, capacity 10476K, committed 10624K, reserved 1058816K
  class space    used 1095K, capacity 1150K, committed 1152K, reserved 1048576K
Event: 96,416 GC heap after
Heap after GC invocations=4 (full 2):
 PSYoungGen      total 74752K, used 0K [0x000000076cd80000, 0x0000000772080000, 0x00000007c0000000)
  eden space 64512K, 0% used [0x000000076cd80000,0x000000076cd80000,0x0000000770c80000)
  from space 10240K, 0% used [0x0000000771680000,0x0000000771680000,0x0000000772080000)
  to   space 10240K, 0% used [0x0000000770c80000,0x0000000770c80000,0x0000000771680000)
 ParOldGen       total 171008K, used 1492K [0x00000006c6800000, 0x00000006d0f00000, 0x000000076cd80000)
  object space 171008K, 0% used [0x00000006c6800000,0x00000006c6975340,0x00000006d0f00000)
 Metaspace       used 10348K, capacity 10476K, committed 10624K, reserved 1058816K
  class space    used 1095K, capacity 1150K, committed 1152K, reserved 1048576K
}

Deoptimization events (0 events):
No events

Classes redefined (0 events):
No events

Internal exceptions (10 events):
Event: 0,086 Thread 0x00007ff3a000b000 Exception <a 'java/security/PrivilegedActionException'> (0x000000076ce03b10) thrown at [/HUDSON/workspace/8-2-build-linux-amd64/jdk8u181/11358/hotspot/src/share/vm/prims/jvm.cpp, line 1435]
Event: 0,087 Thread 0x00007ff3a000b000 Exception <a 'java/security/PrivilegedActionException'> (0x000000076ce05f78) thrown at [/HUDSON/workspace/8-2-build-linux-amd64/jdk8u181/11358/hotspot/src/share/vm/prims/jvm.cpp, line 1435]
Event: 0,087 Thread 0x00007ff3a000b000 Exception <a 'java/security/PrivilegedActionException'> (0x000000076ce06188) thrown at [/HUDSON/workspace/8-2-build-linux-amd64/jdk8u181/11358/hotspot/src/share/vm/prims/jvm.cpp, line 1435]
Event: 0,141 Thread 0x00007ff3a000b000 Exception <a 'java/lang/NoSuchFieldError': method resolution failed> (0x000000076d018aa0) thrown at [/HUDSON/workspace/8-2-build-linux-amd64/jdk8u181/11358/hotspot/src/share/vm/prims/methodHandles.cpp, line 1167]
Event: 0,143 Thread 0x00007ff3a000b000 Exception <a 'java/lang/NoSuchFieldError': method resolution failed> (0x000000076d026270) thrown at [/HUDSON/workspace/8-2-build-linux-amd64/jdk8u181/11358/hotspot/src/share/vm/prims/methodHandles.cpp, line 1167]
Event: 0,172 Thread 0x00007ff3a000b000 Exception <a 'java/io/FileNotFoundException'> (0x000000076d0a3ef8) thrown at [/HUDSON/workspace/8-2-build-linux-amd64/jdk8u181/11358/hotspot/src/share/vm/prims/jni.cpp, line 709]
Event: 0,172 Thread 0x00007ff3a000b000 Exception <a 'java/io/FileNotFoundException'> (0x000000076d0a49c0) thrown at [/HUDSON/workspace/8-2-build-linux-amd64/jdk8u181/11358/hotspot/src/share/vm/prims/jni.cpp, line 709]
Event: 0,421 Thread 0x00007ff3a026b000 Exception <a 'java/lang/ArrayIndexOutOfBoundsException'> (0x000000076d80fdf0) thrown at [/HUDSON/workspace/8-2-build-linux-amd64/jdk8u181/11358/hotspot/src/share/vm/runtime/sharedRuntime.cpp, line 605]
Event: 0,421 Thread 0x00007ff3a026b000 Exception <a 'java/lang/ArrayIndexOutOfBoundsException'> (0x000000076d810c98) thrown at [/HUDSON/workspace/8-2-build-linux-amd64/jdk8u181/11358/hotspot/src/share/vm/runtime/sharedRuntime.cpp, line 605]
Event: 0,423 Thread 0x00007ff3a026b000 Exception <a 'java/lang/ArrayIndexOutOfBoundsException'> (0x000000076d81b688) thrown at [/HUDSON/workspace/8-2-build-linux-amd64/jdk8u181/11358/hotspot/src/share/vm/runtime/sharedRuntime.cpp, line 605]

Events (10 events):
Event: 96,386 loading class com/trolltech/qt/gui/QColor
Event: 96,386 loading class com/trolltech/qt/gui/QColor done
Event: 96,390 loading class com/trolltech/qt/core/Qt$GlobalColor
Event: 96,390 loading class com/trolltech/qt/core/Qt$GlobalColor done
Event: 96,391 loading class com/trolltech/qt/gui/QBrush
Event: 96,391 loading class com/trolltech/qt/gui/QBrush done
Event: 96,393 loading class com/trolltech/qt/core/Qt$BrushStyle
Event: 96,393 loading class com/trolltech/qt/core/Qt$BrushStyle done
Event: 96,394 Executing VM operation: ParallelGCSystemGC
Event: 96,416 Executing VM operation: ParallelGCSystemGC done


Dynamic libraries:
00400000-00401000 r-xp 00000000 08:05 12321212                           /usr/lib/jvm/java-8-oracle/bin/java
00600000-00601000 rw-p 00000000 08:05 12321212                           /usr/lib/jvm/java-8-oracle/bin/java
00e03000-00e24000 rw-p 00000000 00:00 0                                  [heap]
6c6800000-6d0f00000 rw-p 00000000 00:00 0 
6d0f00000-76cd80000 ---p 00000000 00:00 0 
76cd80000-772080000 rw-p 00000000 00:00 0 
772080000-7c0000000 ---p 00000000 00:00 0 
7c0000000-7c0120000 rw-p 00000000 00:00 0 
7c0120000-800000000 ---p 00000000 00:00 0 
7ff318000000-7ff318021000 rw-p 00000000 00:00 0 
7ff318021000-7ff31c000000 ---p 00000000 00:00 0 
7ff31fc5c000-7ff320000000 rw-s 00000000 00:05 42270748                   /SYSV00000000 (deleted)
7ff320000000-7ff320021000 rw-p 00000000 00:00 0 
7ff320021000-7ff324000000 ---p 00000000 00:00 0 
7ff324000000-7ff324021000 rw-p 00000000 00:00 0 
7ff324021000-7ff328000000 ---p 00000000 00:00 0 
7ff328000000-7ff328021000 rw-p 00000000 00:00 0 
7ff328021000-7ff32c000000 ---p 00000000 00:00 0 
7ff32c27c000-7ff32c27f000 ---p 00000000 00:00 0 
7ff32c27f000-7ff32c4bd000 rw-p 00000000 00:00 0 
7ff32c4bd000-7ff32c57d000 ---p 00000000 00:00 0 
7ff32c57d000-7ff32c582000 r-xp 00000000 08:05 12455167                   /usr/lib/x86_64-linux-gnu/gdk-pixbuf-2.0/2.10.0/loaders/libpixbufloader-png.so
7ff32c582000-7ff32c781000 ---p 00005000 08:05 12455167                   /usr/lib/x86_64-linux-gnu/gdk-pixbuf-2.0/2.10.0/loaders/libpixbufloader-png.so
7ff32c781000-7ff32c782000 r--p 00004000 08:05 12455167                   /usr/lib/x86_64-linux-gnu/gdk-pixbuf-2.0/2.10.0/loaders/libpixbufloader-png.so
7ff32c782000-7ff32c783000 rw-p 00005000 08:05 12455167                   /usr/lib/x86_64-linux-gnu/gdk-pixbuf-2.0/2.10.0/loaders/libpixbufloader-png.so
7ff32c783000-7ff32c784000 ---p 00000000 00:00 0 
7ff32c784000-7ff32cf84000 rw-p 00000000 00:00 0 
7ff32cf84000-7ff32cf85000 ---p 00000000 00:00 0 
7ff32cf85000-7ff32d785000 rw-p 00000000 00:00 0 
7ff32d785000-7ff32d786000 ---p 00000000 00:00 0 
7ff32d786000-7ff32df86000 rw-p 00000000 00:00 0 
7ff32df86000-7ff32df87000 ---p 00000000 00:00 0 
7ff32df87000-7ff32e787000 rw-p 00000000 00:00 0 
7ff32e787000-7ff32e7bd000 r-xp 00000000 08:05 12455899                   /usr/lib/x86_64-linux-gnu/gvfs/libgvfscommon.so
7ff32e7bd000-7ff32e9bd000 ---p 00036000 08:05 12455899                   /usr/lib/x86_64-linux-gnu/gvfs/libgvfscommon.so
7ff32e9bd000-7ff32e9c3000 r--p 00036000 08:05 12455899                   /usr/lib/x86_64-linux-gnu/gvfs/libgvfscommon.so
7ff32e9c3000-7ff32e9c4000 rw-p 0003c000 08:05 12455899                   /usr/lib/x86_64-linux-gnu/gvfs/libgvfscommon.so
7ff32e9c4000-7ff32e9f5000 r-xp 00000000 08:05 12455278                   /usr/lib/x86_64-linux-gnu/gio/modules/libgvfsdbus.so
7ff32e9f5000-7ff32ebf5000 ---p 00031000 08:05 12455278                   /usr/lib/x86_64-linux-gnu/gio/modules/libgvfsdbus.so
7ff32ebf5000-7ff32ebf7000 r--p 00031000 08:05 12455278                   /usr/lib/x86_64-linux-gnu/gio/modules/libgvfsdbus.so
7ff32ebf7000-7ff32ebf8000 rw-p 00033000 08:05 12455278                   /usr/lib/x86_64-linux-gnu/gio/modules/libgvfsdbus.so
7ff32ebf8000-7ff32ec5c000 r-xp 00000000 08:05 12198094                   /usr/lib/x86_64-linux-gnu/libibus-1.0.so.5.0.517
7ff32ec5c000-7ff32ee5c000 ---p 00064000 08:05 12198094                   /usr/lib/x86_64-linux-gnu/libibus-1.0.so.5.0.517
7ff32ee5c000-7ff32ee5e000 r--p 00064000 08:05 12198094                   /usr/lib/x86_64-linux-gnu/libibus-1.0.so.5.0.517
7ff32ee5e000-7ff32ee5f000 rw-p 00066000 08:05 12198094                   /usr/lib/x86_64-linux-gnu/libibus-1.0.so.5.0.517
7ff32ee5f000-7ff32ee65000 r-xp 00000000 08:05 12455537                   /usr/lib/x86_64-linux-gnu/gtk-2.0/2.10.0/immodules/im-ibus.so
7ff32ee65000-7ff32f065000 ---p 00006000 08:05 12455537                   /usr/lib/x86_64-linux-gnu/gtk-2.0/2.10.0/immodules/im-ibus.so
7ff32f065000-7ff32f066000 r--p 00006000 08:05 12455537                   /usr/lib/x86_64-linux-gnu/gtk-2.0/2.10.0/immodules/im-ibus.so
7ff32f066000-7ff32f067000 rw-p 00007000 08:05 12455537                   /usr/lib/x86_64-linux-gnu/gtk-2.0/2.10.0/immodules/im-ibus.so
7ff32f067000-7ff32f06e000 r-xp 00000000 08:05 12198303                   /usr/lib/x86_64-linux-gnu/libogg.so.0.8.2
7ff32f06e000-7ff32f26e000 ---p 00007000 08:05 12198303                   /usr/lib/x86_64-linux-gnu/libogg.so.0.8.2
7ff32f26e000-7ff32f26f000 r--p 00007000 08:05 12198303                   /usr/lib/x86_64-linux-gnu/libogg.so.0.8.2
7ff32f26f000-7ff32f270000 rw-p 00008000 08:05 12198303                   /usr/lib/x86_64-linux-gnu/libogg.so.0.8.2
7ff32f270000-7ff32f29a000 r-xp 00000000 08:05 12198611                   /usr/lib/x86_64-linux-gnu/libvorbis.so.0.4.8
7ff32f29a000-7ff32f499000 ---p 0002a000 08:05 12198611                   /usr/lib/x86_64-linux-gnu/libvorbis.so.0.4.8
7ff32f499000-7ff32f49a000 r--p 00029000 08:05 12198611                   /usr/lib/x86_64-linux-gnu/libvorbis.so.0.4.8
7ff32f49a000-7ff32f49b000 rw-p 0002a000 08:05 12198611                   /usr/lib/x86_64-linux-gnu/libvorbis.so.0.4.8
7ff32f49b000-7ff32f4a4000 r-xp 00000000 08:05 12198202                   /usr/lib/x86_64-linux-gnu/libltdl.so.7.3.1
7ff32f4a4000-7ff32f6a3000 ---p 00009000 08:05 12198202                   /usr/lib/x86_64-linux-gnu/libltdl.so.7.3.1
7ff32f6a3000-7ff32f6a4000 r--p 00008000 08:05 12198202                   /usr/lib/x86_64-linux-gnu/libltdl.so.7.3.1
7ff32f6a4000-7ff32f6a5000 rw-p 00009000 08:05 12198202                   /usr/lib/x86_64-linux-gnu/libltdl.so.7.3.1
7ff32f6a5000-7ff32f6ba000 r-xp 00000000 08:05 12198536                   /usr/lib/x86_64-linux-gnu/libtdb.so.1.3.15
7ff32f6ba000-7ff32f8b9000 ---p 00015000 08:05 12198536                   /usr/lib/x86_64-linux-gnu/libtdb.so.1.3.15
7ff32f8b9000-7ff32f8ba000 r--p 00014000 08:05 12198536                   /usr/lib/x86_64-linux-gnu/libtdb.so.1.3.15
7ff32f8ba000-7ff32f8bb000 rw-p 00015000 08:05 12198536                   /usr/lib/x86_64-linux-gnu/libtdb.so.1.3.15
7ff32f8bb000-7ff32f8c2000 r-xp 00000000 08:05 12198615                   /usr/lib/x86_64-linux-gnu/libvorbisfile.so.3.3.7
7ff32f8c2000-7ff32fac1000 ---p 00007000 08:05 12198615                   /usr/lib/x86_64-linux-gnu/libvorbisfile.so.3.3.7
7ff32fac1000-7ff32fac2000 r--p 00006000 08:05 12198615                   /usr/lib/x86_64-linux-gnu/libvorbisfile.so.3.3.7
7ff32fac2000-7ff32fac3000 rw-p 00007000 08:05 12198615                   /usr/lib/x86_64-linux-gnu/libvorbisfile.so.3.3.7
7ff32fac3000-7ff32fad3000 r-xp 00000000 08:05 12197659                   /usr/lib/x86_64-linux-gnu/libcanberra.so.0.2.5
7ff32fad3000-7ff32fcd3000 ---p 00010000 08:05 12197659                   /usr/lib/x86_64-linux-gnu/libcanberra.so.0.2.5
7ff32fcd3000-7ff32fcd4000 r--p 00010000 08:05 12197659                   /usr/lib/x86_64-linux-gnu/libcanberra.so.0.2.5
7ff32fcd4000-7ff32fcd5000 rw-p 00011000 08:05 12197659                   /usr/lib/x86_64-linux-gnu/libcanberra.so.0.2.5
7ff32fcd5000-7ff32fcd9000 r-xp 00000000 08:05 12201393                   /usr/lib/x86_64-linux-gnu/libcanberra-gtk.so.0.1.9
7ff32fcd9000-7ff32fed8000 ---p 00004000 08:05 12201393                   /usr/lib/x86_64-linux-gnu/libcanberra-gtk.so.0.1.9
7ff32fed8000-7ff32fed9000 r--p 00003000 08:05 12201393                   /usr/lib/x86_64-linux-gnu/libcanberra-gtk.so.0.1.9
7ff32fed9000-7ff32feda000 rw-p 00004000 08:05 12201393                   /usr/lib/x86_64-linux-gnu/libcanberra-gtk.so.0.1.9
7ff32feda000-7ff32fedf000 r-xp 00000000 08:05 12457425                   /usr/lib/x86_64-linux-gnu/gtk-2.0/modules/libcanberra-gtk-module.so
7ff32fedf000-7ff3300df000 ---p 00005000 08:05 12457425                   /usr/lib/x86_64-linux-gnu/gtk-2.0/modules/libcanberra-gtk-module.so
7ff3300df000-7ff3300e0000 r--p 00005000 08:05 12457425                   /usr/lib/x86_64-linux-gnu/gtk-2.0/modules/libcanberra-gtk-module.so
7ff3300e0000-7ff3300e1000 rw-p 00006000 08:05 12457425                   /usr/lib/x86_64-linux-gnu/gtk-2.0/modules/libcanberra-gtk-module.so
7ff3300e1000-7ff33011b000 r-xp 00000000 08:05 12455532                   /usr/lib/x86_64-linux-gnu/gtk-2.0/2.10.0/engines/libmurrine.so
7ff33011b000-7ff33031b000 ---p 0003a000 08:05 12455532                   /usr/lib/x86_64-linux-gnu/gtk-2.0/2.10.0/engines/libmurrine.so
7ff33031b000-7ff33031c000 r--p 0003a000 08:05 12455532                   /usr/lib/x86_64-linux-gnu/gtk-2.0/2.10.0/engines/libmurrine.so
7ff33031c000-7ff33031d000 rw-p 0003b000 08:05 12455532                   /usr/lib/x86_64-linux-gnu/gtk-2.0/2.10.0/engines/libmurrine.so
7ff33031d000-7ff330327000 r-xp 00000000 08:05 12455533                   /usr/lib/x86_64-linux-gnu/gtk-2.0/2.10.0/engines/libpixmap.so
7ff330327000-7ff330526000 ---p 0000a000 08:05 12455533                   /usr/lib/x86_64-linux-gnu/gtk-2.0/2.10.0/engines/libpixmap.so
7ff330526000-7ff330527000 r--p 00009000 08:05 12455533                   /usr/lib/x86_64-linux-gnu/gtk-2.0/2.10.0/engines/libpixmap.so
7ff330527000-7ff330528000 rw-p 0000a000 08:05 12455533                   /usr/lib/x86_64-linux-gnu/gtk-2.0/2.10.0/engines/libpixmap.so
7ff330528000-7ff33052a000 r-xp 00000000 08:05 12455531                   /usr/lib/x86_64-linux-gnu/gtk-2.0/2.10.0/engines/libadwaita.so
7ff33052a000-7ff33072a000 ---p 00002000 08:05 12455531                   /usr/lib/x86_64-linux-gnu/gtk-2.0/2.10.0/engines/libadwaita.so
7ff33072a000-7ff33072b000 r--p 00002000 08:05 12455531                   /usr/lib/x86_64-linux-gnu/gtk-2.0/2.10.0/engines/libadwaita.so
7ff33072b000-7ff33072c000 rw-p 00003000 08:05 12455531                   /usr/lib/x86_64-linux-gnu/gtk-2.0/2.10.0/engines/libadwaita.so
7ff33072c000-7ff330732000 r-xp 00000000 08:05 12197730                   /usr/lib/x86_64-linux-gnu/libdatrie.so.1.3.3
7ff330732000-7ff330931000 ---p 00006000 08:05 12197730                   /usr/lib/x86_64-linux-gnu/libdatrie.so.1.3.3
7ff330931000-7ff330932000 r--p 00005000 08:05 12197730                   /usr/lib/x86_64-linux-gnu/libdatrie.so.1.3.3
7ff330932000-7ff330933000 rw-p 00006000 08:05 12197730                   /usr/lib/x86_64-linux-gnu/libdatrie.so.1.3.3
7ff330933000-7ff33095e000 r-xp 00000000 08:05 12197987                   /usr/lib/x86_64-linux-gnu/libgraphite2.so.3.0.1
7ff33095e000-7ff330b5d000 ---p 0002b000 08:05 12197987                   /usr/lib/x86_64-linux-gnu/libgraphite2.so.3.0.1
7ff330b5d000-7ff330b5f000 r--p 0002a000 08:05 12197987                   /usr/lib/x86_64-linux-gnu/libgraphite2.so.3.0.1
7ff330b5f000-7ff330b60000 rw-p 0002c000 08:05 12197987                   /usr/lib/x86_64-linux-gnu/libgraphite2.so.3.0.1
7ff330b60000-7ff330b68000 r-xp 00000000 08:05 12198544                   /usr/lib/x86_64-linux-gnu/libthai.so.0.3.0
7ff330b68000-7ff330d67000 ---p 00008000 08:05 12198544                   /usr/lib/x86_64-linux-gnu/libthai.so.0.3.0
7ff330d67000-7ff330d68000 r--p 00007000 08:05 12198544                   /usr/lib/x86_64-linux-gnu/libthai.so.0.3.0
7ff330d68000-7ff330d69000 rw-p 00008000 08:05 12198544                   /usr/lib/x86_64-linux-gnu/libthai.so.0.3.0
7ff330d69000-7ff330e05000 r-xp 00000000 08:05 12198070                   /usr/lib/x86_64-linux-gnu/libharfbuzz.so.0.10702.0
7ff330e05000-7ff331005000 ---p 0009c000 08:05 12198070                   /usr/lib/x86_64-linux-gnu/libharfbuzz.so.0.10702.0
7ff331005000-7ff331006000 r--p 0009c000 08:05 12198070                   /usr/lib/x86_64-linux-gnu/libharfbuzz.so.0.10702.0
7ff331006000-7ff331007000 rw-p 0009d000 08:05 12198070                   /usr/lib/x86_64-linux-gnu/libharfbuzz.so.0.10702.0
7ff331007000-7ff331013000 r-xp 00000000 08:05 12198688                   /usr/lib/x86_64-linux-gnu/libxcb-render.so.0.0.0
7ff331013000-7ff331212000 ---p 0000c000 08:05 12198688                   /usr/lib/x86_64-linux-gnu/libxcb-render.so.0.0.0
7ff331212000-7ff331213000 r--p 0000b000 08:05 12198688                   /usr/lib/x86_64-linux-gnu/libxcb-render.so.0.0.0
7ff331213000-7ff331214000 rw-p 0000c000 08:05 12198688                   /usr/lib/x86_64-linux-gnu/libxcb-render.so.0.0.0
7ff331214000-7ff331216000 r-xp 00000000 08:05 12198694                   /usr/lib/x86_64-linux-gnu/libxcb-shm.so.0.0.0
7ff331216000-7ff331415000 ---p 00002000 08:05 12198694                   /usr/lib/x86_64-linux-gnu/libxcb-shm.so.0.0.0
7ff331415000-7ff331416000 r--p 00001000 08:05 12198694                   /usr/lib/x86_64-linux-gnu/libxcb-shm.so.0.0.0
7ff331416000-7ff331417000 rw-p 00002000 08:05 12198694                   /usr/lib/x86_64-linux-gnu/libxcb-shm.so.0.0.0
7ff331417000-7ff3314b4000 r-xp 00000000 08:05 12198360                   /usr/lib/x86_64-linux-gnu/libpixman-1.so.0.34.0
7ff3314b4000-7ff3316b3000 ---p 0009d000 08:05 12198360                   /usr/lib/x86_64-linux-gnu/libpixman-1.so.0.34.0
7ff3316b3000-7ff3316bb000 r--p 0009c000 08:05 12198360                   /usr/lib/x86_64-linux-gnu/libpixman-1.so.0.34.0
7ff3316bb000-7ff3316bc000 rw-p 000a4000 08:05 12198360                   /usr/lib/x86_64-linux-gnu/libpixman-1.so.0.34.0
7ff3316bc000-7ff3316be000 r-xp 00000000 08:05 12197511                   /usr/lib/x86_64-linux-gnu/libXdamage.so.1.1.0
7ff3316be000-7ff3318bd000 ---p 00002000 08:05 12197511                   /usr/lib/x86_64-linux-gnu/libXdamage.so.1.1.0
7ff3318bd000-7ff3318be000 r--p 00001000 08:05 12197511                   /usr/lib/x86_64-linux-gnu/libXdamage.so.1.1.0
7ff3318be000-7ff3318bf000 rw-p 00002000 08:05 12197511                   /usr/lib/x86_64-linux-gnu/libXdamage.so.1.1.0
7ff3318bf000-7ff3318c1000 r-xp 00000000 08:05 12197507                   /usr/lib/x86_64-linux-gnu/libXcomposite.so.1.0.0
7ff3318c1000-7ff331ac0000 ---p 00002000 08:05 12197507                   /usr/lib/x86_64-linux-gnu/libXcomposite.so.1.0.0
7ff331ac0000-7ff331ac1000 r--p 00001000 08:05 12197507                   /usr/lib/x86_64-linux-gnu/libXcomposite.so.1.0.0
7ff331ac1000-7ff331ac2000 rw-p 00002000 08:05 12197507                   /usr/lib/x86_64-linux-gnu/libXcomposite.so.1.0.0
7ff331ac2000-7ff331b0c000 r-xp 00000000 08:05 12197569                   /usr/lib/x86_64-linux-gnu/libpango-1.0.so.0.4000.14
7ff331b0c000-7ff331d0b000 ---p 0004a000 08:05 12197569                   /usr/lib/x86_64-linux-gnu/libpango-1.0.so.0.4000.14
7ff331d0b000-7ff331d0e000 r--p 00049000 08:05 12197569                   /usr/lib/x86_64-linux-gnu/libpango-1.0.so.0.4000.14
7ff331d0e000-7ff331d0f000 rw-p 0004c000 08:05 12197569                   /usr/lib/x86_64-linux-gnu/libpango-1.0.so.0.4000.14
7ff331d0f000-7ff331d23000 r-xp 00000000 08:05 12198260                   /usr/lib/x86_64-linux-gnu/libpangoft2-1.0.so.0.4000.14
7ff331d23000-7ff331f23000 ---p 00014000 08:05 12198260                   /usr/lib/x86_64-linux-gnu/libpangoft2-1.0.so.0.4000.14
7ff331f23000-7ff331f24000 r--p 00014000 08:05 12198260                   /usr/lib/x86_64-linux-gnu/libpangoft2-1.0.so.0.4000.14
7ff331f24000-7ff331f25000 rw-p 00015000 08:05 12198260                   /usr/lib/x86_64-linux-gnu/libpangoft2-1.0.so.0.4000.14
7ff331f25000-7ff331f47000 r-xp 00000000 08:05 12197914                   /usr/lib/x86_64-linux-gnu/libgdk_pixbuf-2.0.so.0.3611.0
7ff331f47000-7ff332147000 ---p 00022000 08:05 12197914                   /usr/lib/x86_64-linux-gnu/libgdk_pixbuf-2.0.so.0.3611.0
7ff332147000-7ff332148000 r--p 00022000 08:05 12197914                   /usr/lib/x86_64-linux-gnu/libgdk_pixbuf-2.0.so.0.3611.0
7ff332148000-7ff332149000 rw-p 00023000 08:05 12197914                   /usr/lib/x86_64-linux-gnu/libgdk_pixbuf-2.0.so.0.3611.0
7ff332149000-7ff332261000 r-xp 00000000 08:05 12197653                   /usr/lib/x86_64-linux-gnu/libcairo.so.2.11510.0
7ff332261000-7ff332460000 ---p 00118000 08:05 12197653                   /usr/lib/x86_64-linux-gnu/libcairo.so.2.11510.0
7ff332460000-7ff332463000 r--p 00117000 08:05 12197653                   /usr/lib/x86_64-linux-gnu/libcairo.so.2.11510.0
7ff332463000-7ff332465000 rw-p 0011a000 08:05 12197653                   /usr/lib/x86_64-linux-gnu/libcairo.so.2.11510.0
7ff332465000-7ff332466000 rw-p 00000000 00:00 0 
7ff332466000-7ff332488000 r-xp 00000000 08:05 12197588                   /usr/lib/x86_64-linux-gnu/libatk-1.0.so.0.22810.1
7ff332488000-7ff332688000 ---p 00022000 08:05 12197588                   /usr/lib/x86_64-linux-gnu/libatk-1.0.so.0.22810.1
7ff332688000-7ff33268b000 r--p 00022000 08:05 12197588                   /usr/lib/x86_64-linux-gnu/libatk-1.0.so.0.22810.1
7ff33268b000-7ff33268c000 rw-p 00025000 08:05 12197588                   /usr/lib/x86_64-linux-gnu/libatk-1.0.so.0.22810.1
7ff33268c000-7ff332698000 r-xp 00000000 08:05 12198162                   /usr/lib/x86_64-linux-gnu/libpangocairo-1.0.so.0.4000.14
7ff332698000-7ff332897000 ---p 0000c000 08:05 12198162                   /usr/lib/x86_64-linux-gnu/libpangocairo-1.0.so.0.4000.14
7ff332897000-7ff332898000 r--p 0000b000 08:05 12198162                   /usr/lib/x86_64-linux-gnu/libpangocairo-1.0.so.0.4000.14
7ff332898000-7ff332899000 rw-p 0000c000 08:05 12198162                   /usr/lib/x86_64-linux-gnu/libpangocairo-1.0.so.0.4000.14
7ff332899000-7ff332949000 r-xp 00000000 08:05 12197912                   /usr/lib/x86_64-linux-gnu/libgdk-x11-2.0.so.0.2400.32
7ff332949000-7ff332b48000 ---p 000b0000 08:05 12197912                   /usr/lib/x86_64-linux-gnu/libgdk-x11-2.0.so.0.2400.32
7ff332b48000-7ff332b4c000 r--p 000af000 08:05 12197912                   /usr/lib/x86_64-linux-gnu/libgdk-x11-2.0.so.0.2400.32
7ff332b4c000-7ff332b4e000 rw-p 000b3000 08:05 12197912                   /usr/lib/x86_64-linux-gnu/libgdk-x11-2.0.so.0.2400.32
7ff332b4e000-7ff332f83000 r-xp 00000000 08:05 12198045                   /usr/lib/x86_64-linux-gnu/libgtk-x11-2.0.so.0.2400.32
7ff332f83000-7ff333182000 ---p 00435000 08:05 12198045                   /usr/lib/x86_64-linux-gnu/libgtk-x11-2.0.so.0.2400.32
7ff333182000-7ff333189000 r--p 00434000 08:05 12198045                   /usr/lib/x86_64-linux-gnu/libgtk-x11-2.0.so.0.2400.32
7ff333189000-7ff33318d000 rw-p 0043b000 08:05 12198045                   /usr/lib/x86_64-linux-gnu/libgtk-x11-2.0.so.0.2400.32
7ff33318d000-7ff333190000 rw-p 00000000 00:00 0 
7ff333190000-7ff3331a4000 r-xp 00000000 08:05 26219175                   /lib/x86_64-linux-gnu/libgpg-error.so.0.22.0
7ff3331a4000-7ff3333a3000 ---p 00014000 08:05 26219175                   /lib/x86_64-linux-gnu/libgpg-error.so.0.22.0
7ff3333a3000-7ff3333a4000 r--p 00013000 08:05 26219175                   /lib/x86_64-linux-gnu/libgpg-error.so.0.22.0
7ff3333a4000-7ff3333a5000 rw-p 00014000 08:05 26219175                   /lib/x86_64-linux-gnu/libgpg-error.so.0.22.0
7ff3333a5000-7ff3333ec000 r-xp 00000000 08:05 26214496                   /lib/x86_64-linux-gnu/libblkid.so.1.1.0
7ff3333ec000-7ff3335ec000 ---p 00047000 08:05 26214496                   /lib/x86_64-linux-gnu/libblkid.so.1.1.0
7ff3335ec000-7ff3335f0000 r--p 00047000 08:05 26214496                   /lib/x86_64-linux-gnu/libblkid.so.1.1.0
7ff3335f0000-7ff3335f1000 rw-p 0004b000 08:05 26214496                   /lib/x86_64-linux-gnu/libblkid.so.1.1.0
7ff3335f1000-7ff3335f2000 rw-p 00000000 00:00 0 
7ff3335f2000-7ff333706000 r-xp 00000000 08:05 26219173                   /lib/x86_64-linux-gnu/libgcrypt.so.20.2.1
7ff333706000-7ff333905000 ---p 00114000 08:05 26219173                   /lib/x86_64-linux-gnu/libgcrypt.so.20.2.1
7ff333905000-7ff333907000 r--p 00113000 08:05 26219173                   /lib/x86_64-linux-gnu/libgcrypt.so.20.2.1
7ff333907000-7ff33390c000 rw-p 00115000 08:05 26219173                   /lib/x86_64-linux-gnu/libgcrypt.so.20.2.1
7ff33390c000-7ff33390d000 rw-p 00000000 00:00 0 
7ff33390d000-7ff333928000 r-xp 00000000 08:05 12198210                   /usr/lib/x86_64-linux-gnu/liblz4.so.1.7.1
7ff333928000-7ff333b27000 ---p 0001b000 08:05 12198210                   /usr/lib/x86_64-linux-gnu/liblz4.so.1.7.1
7ff333b27000-7ff333b28000 r--p 0001a000 08:05 12198210                   /usr/lib/x86_64-linux-gnu/liblz4.so.1.7.1
7ff333b28000-7ff333b29000 rw-p 0001b000 08:05 12198210                   /usr/lib/x86_64-linux-gnu/liblz4.so.1.7.1
7ff333b29000-7ff333b4d000 r-xp 00000000 08:05 26219194                   /lib/x86_64-linux-gnu/liblzma.so.5.2.2
7ff333b4d000-7ff333d4d000 ---p 00024000 08:05 26219194                   /lib/x86_64-linux-gnu/liblzma.so.5.2.2
7ff333d4d000-7ff333d4e000 r--p 00024000 08:05 26219194                   /lib/x86_64-linux-gnu/liblzma.so.5.2.2
7ff333d4e000-7ff333d4f000 rw-p 00025000 08:05 26219194                   /lib/x86_64-linux-gnu/liblzma.so.5.2.2
7ff333d4f000-7ff333da0000 r-xp 00000000 08:05 26216373                   /lib/x86_64-linux-gnu/libmount.so.1.1.0
7ff333da0000-7ff333f9f000 ---p 00051000 08:05 26216373                   /lib/x86_64-linux-gnu/libmount.so.1.1.0
7ff333f9f000-7ff333fa1000 r--p 00050000 08:05 26216373                   /lib/x86_64-linux-gnu/libmount.so.1.1.0
7ff333fa1000-7ff333fa2000 rw-p 00052000 08:05 26216373                   /lib/x86_64-linux-gnu/libmount.so.1.1.0
7ff333fa2000-7ff333fa3000 rw-p 00000000 00:00 0 
7ff333fa3000-7ff333fba000 r-xp 00000000 08:05 26219273                   /lib/x86_64-linux-gnu/libresolv-2.27.so
7ff333fba000-7ff3341ba000 ---p 00017000 08:05 26219273                   /lib/x86_64-linux-gnu/libresolv-2.27.so
7ff3341ba000-7ff3341bb000 r--p 00017000 08:05 26219273                   /lib/x86_64-linux-gnu/libresolv-2.27.so
7ff3341bb000-7ff3341bc000 rw-p 00018000 08:05 26219273                   /lib/x86_64-linux-gnu/libresolv-2.27.so
7ff3341bc000-7ff3341be000 rw-p 00000000 00:00 0 
7ff3341be000-7ff3341e3000 r-xp 00000000 08:05 26219279                   /lib/x86_64-linux-gnu/libselinux.so.1
7ff3341e3000-7ff3343e2000 ---p 00025000 08:05 26219279                   /lib/x86_64-linux-gnu/libselinux.so.1
7ff3343e2000-7ff3343e3000 r--p 00024000 08:05 26219279                   /lib/x86_64-linux-gnu/libselinux.so.1
7ff3343e3000-7ff3343e4000 rw-p 00025000 08:05 26219279                   /lib/x86_64-linux-gnu/libselinux.so.1
7ff3343e4000-7ff3343e6000 rw-p 00000000 00:00 0 
7ff3343e6000-7ff334466000 r-xp 00000000 08:05 26214468                   /lib/x86_64-linux-gnu/libsystemd.so.0.21.0
7ff334466000-7ff334665000 ---p 00080000 08:05 26214468                   /lib/x86_64-linux-gnu/libsystemd.so.0.21.0
7ff334665000-7ff334668000 r--p 0007f000 08:05 26214468                   /lib/x86_64-linux-gnu/libsystemd.so.0.21.0
7ff334668000-7ff334669000 rw-p 00082000 08:05 26214468                   /lib/x86_64-linux-gnu/libsystemd.so.0.21.0
7ff334669000-7ff33466a000 rw-p 00000000 00:00 0 
7ff33466a000-7ff3347ff000 r-xp 00000000 08:05 12191053                   /usr/lib/x86_64-linux-gnu/libgio-2.0.so.0.5600.3
7ff3347ff000-7ff3349ff000 ---p 00195000 08:05 12191053                   /usr/lib/x86_64-linux-gnu/libgio-2.0.so.0.5600.3
7ff3349ff000-7ff334a06000 r--p 00195000 08:05 12191053                   /usr/lib/x86_64-linux-gnu/libgio-2.0.so.0.5600.3
7ff334a06000-7ff334a07000 rw-p 0019c000 08:05 12191053                   /usr/lib/x86_64-linux-gnu/libgio-2.0.so.0.5600.3
7ff334a07000-7ff334a09000 rw-p 00000000 00:00 0 
7ff334a09000-7ff334a54000 r-xp 00000000 08:05 26219149                   /lib/x86_64-linux-gnu/libdbus-1.so.3.19.4
7ff334a54000-7ff334c54000 ---p 0004b000 08:05 26219149                   /lib/x86_64-linux-gnu/libdbus-1.so.3.19.4
7ff334c54000-7ff334c55000 r--p 0004b000 08:05 26219149                   /lib/x86_64-linux-gnu/libdbus-1.so.3.19.4
7ff334c55000-7ff334c56000 rw-p 0004c000 08:05 26219149                   /lib/x86_64-linux-gnu/libdbus-1.so.3.19.4
7ff334c56000-7ff334c7b000 r-xp 00000000 08:05 12197734                   /usr/lib/x86_64-linux-gnu/libdbus-glib-1.so.2.3.4
7ff334c7b000-7ff334e7a000 ---p 00025000 08:05 12197734                   /usr/lib/x86_64-linux-gnu/libdbus-glib-1.so.2.3.4
7ff334e7a000-7ff334e7c000 r--p 00024000 08:05 12197734                   /usr/lib/x86_64-linux-gnu/libdbus-glib-1.so.2.3.4
7ff334e7c000-7ff334e7d000 rw-p 00026000 08:05 12197734                   /usr/lib/x86_64-linux-gnu/libdbus-glib-1.so.2.3.4
7ff334e7d000-7ff334e80000 r-xp 00000000 08:05 12193960                   /usr/lib/x86_64-linux-gnu/libgmodule-2.0.so.0.5600.3
7ff334e80000-7ff33507f000 ---p 00003000 08:05 12193960                   /usr/lib/x86_64-linux-gnu/libgmodule-2.0.so.0.5600.3
7ff33507f000-7ff335080000 r--p 00002000 08:05 12193960                   /usr/lib/x86_64-linux-gnu/libgmodule-2.0.so.0.5600.3
7ff335080000-7ff335081000 rw-p 00003000 08:05 12193960                   /usr/lib/x86_64-linux-gnu/libgmodule-2.0.so.0.5600.3
7ff335081000-7ff3350af000 r-xp 00000000 08:05 12199133                   /usr/lib/x86_64-linux-gnu/libgconf-2.so.4.1.5
7ff3350af000-7ff3352ae000 ---p 0002e000 08:05 12199133                   /usr/lib/x86_64-linux-gnu/libgconf-2.so.4.1.5
7ff3352ae000-7ff3352af000 r--p 0002d000 08:05 12199133                   /usr/lib/x86_64-linux-gnu/libgconf-2.so.4.1.5
7ff3352af000-7ff3352b0000 rw-p 0002e000 08:05 12199133                   /usr/lib/x86_64-linux-gnu/libgconf-2.so.4.1.5
7ff3352b0000-7ff3352b2000 r-xp 00000000 08:05 12197525                   /usr/lib/x86_64-linux-gnu/libXinerama.so.1.0.0
7ff3352b2000-7ff3354b1000 ---p 00002000 08:05 12197525                   /usr/lib/x86_64-linux-gnu/libXinerama.so.1.0.0
7ff3354b1000-7ff3354b2000 r--p 00001000 08:05 12197525                   /usr/lib/x86_64-linux-gnu/libXinerama.so.1.0.0
7ff3354b2000-7ff3354b3000 rw-p 00002000 08:05 12197525                   /usr/lib/x86_64-linux-gnu/libXinerama.so.1.0.0
7ff3354b3000-7ff3354bd000 r-xp 00000000 08:05 12197533                   /usr/lib/x86_64-linux-gnu/libXrandr.so.2.2.0
7ff3354bd000-7ff3356bc000 ---p 0000a000 08:05 12197533                   /usr/lib/x86_64-linux-gnu/libXrandr.so.2.2.0
7ff3356bc000-7ff3356bd000 r--p 00009000 08:05 12197533                   /usr/lib/x86_64-linux-gnu/libXrandr.so.2.2.0
7ff3356bd000-7ff3356be000 rw-p 0000a000 08:05 12197533                   /usr/lib/x86_64-linux-gnu/libXrandr.so.2.2.0
7ff3356be000-7ff3356c1000 r-xp 00000000 08:05 12455144                   /usr/lib/x86_64-linux-gnu/gconv/UTF-16.so
7ff3356c1000-7ff3358c0000 ---p 00003000 08:05 12455144                   /usr/lib/x86_64-linux-gnu/gconv/UTF-16.so
7ff3358c0000-7ff3358c1000 r--p 00002000 08:05 12455144                   /usr/lib/x86_64-linux-gnu/gconv/UTF-16.so
7ff3358c1000-7ff3358c2000 rw-p 00003000 08:05 12455144                   /usr/lib/x86_64-linux-gnu/gconv/UTF-16.so
7ff3358c2000-7ff3363c9000 r-xp 00000000 08:05 22684232                   /tmp/QtJambi_likendero_amd64_4.8.7_gcc-20150613-2146/lib/libcom_trolltech_qt_gui.so.1
7ff3363c9000-7ff3365c8000 ---p 00b07000 08:05 22684232                   /tmp/QtJambi_likendero_amd64_4.8.7_gcc-20150613-2146/lib/libcom_trolltech_qt_gui.so.1
7ff3365c8000-7ff3365ee000 r--p 00b06000 08:05 22684232                   /tmp/QtJambi_likendero_amd64_4.8.7_gcc-20150613-2146/lib/libcom_trolltech_qt_gui.so.1
7ff3365ee000-7ff336623000 rw-p 00b2c000 08:05 22684232                   /tmp/QtJambi_likendero_amd64_4.8.7_gcc-20150613-2146/lib/libcom_trolltech_qt_gui.so.1
7ff336623000-7ff33662a000 rw-p 00000000 00:00 0 
7ff33662a000-7ff336659000 r-xp 00000000 08:05 26219164                   /lib/x86_64-linux-gnu/libexpat.so.1.6.7
7ff336659000-7ff336859000 ---p 0002f000 08:05 26219164                   /lib/x86_64-linux-gnu/libexpat.so.1.6.7
7ff336859000-7ff33685b000 r--p 0002f000 08:05 26219164                   /lib/x86_64-linux-gnu/libexpat.so.1.6.7
7ff33685b000-7ff33685c000 rw-p 00031000 08:05 26219164                   /lib/x86_64-linux-gnu/libexpat.so.1.6.7
7ff33685c000-7ff336862000 r-xp 00000000 08:05 26214494                   /lib/x86_64-linux-gnu/libuuid.so.1.3.0
7ff336862000-7ff336a61000 ---p 00006000 08:05 26214494                   /lib/x86_64-linux-gnu/libuuid.so.1.3.0
7ff336a61000-7ff336a62000 r--p 00005000 08:05 26214494                   /lib/x86_64-linux-gnu/libuuid.so.1.3.0
7ff336a62000-7ff336a63000 rw-p 00006000 08:05 26214494                   /lib/x86_64-linux-gnu/libuuid.so.1.3.0
7ff336a63000-7ff336a6a000 r-xp 00000000 08:05 12197844                   /usr/lib/x86_64-linux-gnu/libffi.so.6.0.4
7ff336a6a000-7ff336c69000 ---p 00007000 08:05 12197844                   /usr/lib/x86_64-linux-gnu/libffi.so.6.0.4
7ff336c69000-7ff336c6a000 r--p 00006000 08:05 12197844                   /usr/lib/x86_64-linux-gnu/libffi.so.6.0.4
7ff336c6a000-7ff336c6b000 rw-p 00007000 08:05 12197844                   /usr/lib/x86_64-linux-gnu/libffi.so.6.0.4
7ff336c6b000-7ff336c9c000 r-xp 00000000 08:05 12198366                   /usr/lib/x86_64-linux-gnu/libpng16.so.16.34.0
7ff336c9c000-7ff336e9b000 ---p 00031000 08:05 12198366                   /usr/lib/x86_64-linux-gnu/libpng16.so.16.34.0
7ff336e9b000-7ff336e9c000 r--p 00030000 08:05 12198366                   /usr/lib/x86_64-linux-gnu/libpng16.so.16.34.0
7ff336e9c000-7ff336e9d000 rw-p 00031000 08:05 12198366                   /usr/lib/x86_64-linux-gnu/libpng16.so.16.34.0
7ff336e9d000-7ff336edb000 r-xp 00000000 08:05 12197858                   /usr/lib/x86_64-linux-gnu/libfontconfig.so.1.10.1
7ff336edb000-7ff3370db000 ---p 0003e000 08:05 12197858                   /usr/lib/x86_64-linux-gnu/libfontconfig.so.1.10.1
7ff3370db000-7ff3370dd000 r--p 0003e000 08:05 12197858                   /usr/lib/x86_64-linux-gnu/libfontconfig.so.1.10.1
7ff3370dd000-7ff3370e2000 rw-p 00040000 08:05 12197858                   /usr/lib/x86_64-linux-gnu/libfontconfig.so.1.10.1
7ff3370e2000-7ff3370f9000 r-xp 00000000 08:05 12197472                   /usr/lib/x86_64-linux-gnu/libICE.so.6.3.0
7ff3370f9000-7ff3372f8000 ---p 00017000 08:05 12197472                   /usr/lib/x86_64-linux-gnu/libICE.so.6.3.0
7ff3372f8000-7ff3372f9000 r--p 00016000 08:05 12197472                   /usr/lib/x86_64-linux-gnu/libICE.so.6.3.0
7ff3372f9000-7ff3372fa000 rw-p 00017000 08:05 12197472                   /usr/lib/x86_64-linux-gnu/libICE.so.6.3.0
7ff3372fa000-7ff3372fd000 rw-p 00000000 00:00 0 
7ff3372fd000-7ff337da8000 r-xp 00000000 08:05 22684203                   /tmp/QtJambi_likendero_amd64_4.8.7_gcc-20150613-2146/lib/libQtGui.so.4
7ff337da8000-7ff337fa7000 ---p 00aab000 08:05 22684203                   /tmp/QtJambi_likendero_amd64_4.8.7_gcc-20150613-2146/lib/libQtGui.so.4
7ff337fa7000-7ff337fe9000 r--p 00aaa000 08:05 22684203                   /tmp/QtJambi_likendero_amd64_4.8.7_gcc-20150613-2146/lib/libQtGui.so.4
7ff337fe9000-7ff337ffd000 rw-p 00aec000 08:05 22684203                   /tmp/QtJambi_likendero_amd64_4.8.7_gcc-20150613-2146/lib/libQtGui.so.4
7ff337ffd000-7ff338000000 rw-p 00000000 00:00 0 
7ff338000000-7ff33917f000 rw-p 00000000 00:00 0 
7ff33917f000-7ff33c000000 ---p 00000000 00:00 0 
7ff33c000000-7ff33c021000 rw-p 00000000 00:00 0 
7ff33c021000-7ff340000000 ---p 00000000 00:00 0 
7ff340000000-7ff34002c000 rw-p 00000000 00:00 0 
7ff34002c000-7ff344000000 ---p 00000000 00:00 0 
7ff344000000-7ff344048000 rw-p 00000000 00:00 0 
7ff344048000-7ff348000000 ---p 00000000 00:00 0 
7ff348000000-7ff348021000 rw-p 00000000 00:00 0 
7ff348021000-7ff34c000000 ---p 00000000 00:00 0 
7ff34c000000-7ff34c021000 rw-p 00000000 00:00 0 
7ff34c021000-7ff350000000 ---p 00000000 00:00 0 
7ff35002a000-7ff35008a000 rw-s 00000000 00:05 41254936                   /SYSV00000000 (deleted)
7ff35013c000-7ff350143000 r-xp 00000000 08:05 12197494                   /usr/lib/x86_64-linux-gnu/libSM.so.6.0.1
7ff350143000-7ff350342000 ---p 00007000 08:05 12197494                   /usr/lib/x86_64-linux-gnu/libSM.so.6.0.1
7ff350342000-7ff350343000 r--p 00006000 08:05 12197494                   /usr/lib/x86_64-linux-gnu/libSM.so.6.0.1
7ff350343000-7ff350344000 rw-p 00007000 08:05 12197494                   /usr/lib/x86_64-linux-gnu/libSM.so.6.0.1
7ff350344000-7ff350396000 r-xp 00000000 08:05 12193961                   /usr/lib/x86_64-linux-gnu/libgobject-2.0.so.0.5600.3
7ff350396000-7ff350596000 ---p 00052000 08:05 12193961                   /usr/lib/x86_64-linux-gnu/libgobject-2.0.so.0.5600.3
7ff350596000-7ff350597000 r--p 00052000 08:05 12193961                   /usr/lib/x86_64-linux-gnu/libgobject-2.0.so.0.5600.3
7ff350597000-7ff350598000 rw-p 00053000 08:05 12193961                   /usr/lib/x86_64-linux-gnu/libgobject-2.0.so.0.5600.3
7ff350598000-7ff350645000 r-xp 00000000 08:05 12197876                   /usr/lib/x86_64-linux-gnu/libfreetype.so.6.15.0
7ff350645000-7ff350844000 ---p 000ad000 08:05 12197876                   /usr/lib/x86_64-linux-gnu/libfreetype.so.6.15.0
7ff350844000-7ff35084b000 r--p 000ac000 08:05 12197876                   /usr/lib/x86_64-linux-gnu/libfreetype.so.6.15.0
7ff35084b000-7ff35084c000 rw-p 000b3000 08:05 12197876                   /usr/lib/x86_64-linux-gnu/libfreetype.so.6.15.0
7ff35084c000-7ff350a2b000 r-xp 00000000 08:05 22684231                   /tmp/QtJambi_likendero_amd64_4.8.7_gcc-20150613-2146/lib/libcom_trolltech_qt_core.so.1
7ff350a2b000-7ff350c2a000 ---p 001df000 08:05 22684231                   /tmp/QtJambi_likendero_amd64_4.8.7_gcc-20150613-2146/lib/libcom_trolltech_qt_core.so.1
7ff350c2a000-7ff350c35000 r--p 001de000 08:05 22684231                   /tmp/QtJambi_likendero_amd64_4.8.7_gcc-20150613-2146/lib/libcom_trolltech_qt_core.so.1
7ff350c35000-7ff350c3e000 rw-p 001e9000 08:05 22684231                   /tmp/QtJambi_likendero_amd64_4.8.7_gcc-20150613-2146/lib/libcom_trolltech_qt_core.so.1
7ff350c3e000-7ff350c41000 ---p 00000000 00:00 0 
7ff350c41000-7ff350d3f000 rw-p 00000000 00:00 0 
7ff350d3f000-7ff350d88000 r-xp 00000000 08:05 22684230                   /tmp/QtJambi_likendero_amd64_4.8.7_gcc-20150613-2146/lib/libqtjambi.so.1
7ff350d88000-7ff350f88000 ---p 00049000 08:05 22684230                   /tmp/QtJambi_likendero_amd64_4.8.7_gcc-20150613-2146/lib/libqtjambi.so.1
7ff350f88000-7ff350f89000 r--p 00049000 08:05 22684230                   /tmp/QtJambi_likendero_amd64_4.8.7_gcc-20150613-2146/lib/libqtjambi.so.1
7ff350f89000-7ff350f8a000 rw-p 0004a000 08:05 22684230                   /tmp/QtJambi_likendero_amd64_4.8.7_gcc-20150613-2146/lib/libqtjambi.so.1
7ff350f8a000-7ff350f8b000 rw-p 00000000 00:00 0 
7ff350f8b000-7ff350ffb000 r-xp 00000000 08:05 26219256                   /lib/x86_64-linux-gnu/libpcre.so.3.13.3
7ff350ffb000-7ff3511fb000 ---p 00070000 08:05 26219256                   /lib/x86_64-linux-gnu/libpcre.so.3.13.3
7ff3511fb000-7ff3511fc000 r--p 00070000 08:05 26219256                   /lib/x86_64-linux-gnu/libpcre.so.3.13.3
7ff3511fc000-7ff3511fd000 rw-p 00071000 08:05 26219256                   /lib/x86_64-linux-gnu/libpcre.so.3.13.3
7ff3511fd000-7ff351376000 r-xp 00000000 08:05 12190375                   /usr/lib/x86_64-linux-gnu/libstdc++.so.6.0.25
7ff351376000-7ff351576000 ---p 00179000 08:05 12190375                   /usr/lib/x86_64-linux-gnu/libstdc++.so.6.0.25
7ff351576000-7ff351580000 r--p 00179000 08:05 12190375                   /usr/lib/x86_64-linux-gnu/libstdc++.so.6.0.25
7ff351580000-7ff351582000 rw-p 00183000 08:05 12190375                   /usr/lib/x86_64-linux-gnu/libstdc++.so.6.0.25
7ff351582000-7ff351586000 rw-p 00000000 00:00 0 
7ff351586000-7ff351699000 r-xp 00000000 08:05 12193958                   /usr/lib/x86_64-linux-gnu/libglib-2.0.so.0.5600.3
7ff351699000-7ff351899000 ---p 00113000 08:05 12193958                   /usr/lib/x86_64-linux-gnu/libglib-2.0.so.0.5600.3
7ff351899000-7ff35189a000 r--p 00113000 08:05 12193958                   /usr/lib/x86_64-linux-gnu/libglib-2.0.so.0.5600.3
7ff35189a000-7ff35189b000 rw-p 00114000 08:05 12193958                   /usr/lib/x86_64-linux-gnu/libglib-2.0.so.0.5600.3
7ff35189b000-7ff35189c000 rw-p 00000000 00:00 0 
7ff35189c000-7ff3518b8000 r-xp 00000000 08:05 26219306                   /lib/x86_64-linux-gnu/libz.so.1.2.11
7ff3518b8000-7ff351ab7000 ---p 0001c000 08:05 26219306                   /lib/x86_64-linux-gnu/libz.so.1.2.11
7ff351ab7000-7ff351ab8000 r--p 0001b000 08:05 26219306                   /lib/x86_64-linux-gnu/libz.so.1.2.11
7ff351ab8000-7ff351ab9000 rw-p 0001c000 08:05 26219306                   /lib/x86_64-linux-gnu/libz.so.1.2.11
7ff351ab9000-7ff351d99000 r-xp 00000000 08:05 22683731                   /tmp/QtJambi_likendero_amd64_4.8.7_gcc-20150613-2146/lib/libQtCore.so.4
7ff351d99000-7ff351f99000 ---p 002e0000 08:05 22683731                   /tmp/QtJambi_likendero_amd64_4.8.7_gcc-20150613-2146/lib/libQtCore.so.4
7ff351f99000-7ff351fa4000 r--p 002e0000 08:05 22683731                   /tmp/QtJambi_likendero_amd64_4.8.7_gcc-20150613-2146/lib/libQtCore.so.4
7ff351fa4000-7ff351fa9000 rw-p 002eb000 08:05 22683731                   /tmp/QtJambi_likendero_amd64_4.8.7_gcc-20150613-2146/lib/libQtCore.so.4
7ff351fa9000-7ff351faa000 rw-p 00000000 00:00 0 
7ff351faa000-7ff351fad000 ---p 00000000 00:00 0 
7ff351fad000-7ff3520ab000 rw-p 00000000 00:00 0 
7ff3520ab000-7ff3520ae000 ---p 00000000 00:00 0 
7ff3520ae000-7ff3521ac000 rw-p 00000000 00:00 0 
7ff3521ac000-7ff3521af000 ---p 00000000 00:00 0 
7ff3521af000-7ff3522ad000 rw-p 00000000 00:00 0 
7ff3522ad000-7ff3522b2000 r-xp 00000000 08:05 12197517                   /usr/lib/x86_64-linux-gnu/libXfixes.so.3.1.0
7ff3522b2000-7ff3524b1000 ---p 00005000 08:05 12197517                   /usr/lib/x86_64-linux-gnu/libXfixes.so.3.1.0
7ff3524b1000-7ff3524b2000 r--p 00004000 08:05 12197517                   /usr/lib/x86_64-linux-gnu/libXfixes.so.3.1.0
7ff3524b2000-7ff3524b3000 rw-p 00005000 08:05 12197517                   /usr/lib/x86_64-linux-gnu/libXfixes.so.3.1.0
7ff3524b3000-7ff3524bc000 r-xp 00000000 08:05 12197509                   /usr/lib/x86_64-linux-gnu/libXcursor.so.1.0.2
7ff3524bc000-7ff3526bb000 ---p 00009000 08:05 12197509                   /usr/lib/x86_64-linux-gnu/libXcursor.so.1.0.2
7ff3526bb000-7ff3526bc000 r--p 00008000 08:05 12197509                   /usr/lib/x86_64-linux-gnu/libXcursor.so.1.0.2
7ff3526bc000-7ff3526bd000 rw-p 00009000 08:05 12197509                   /usr/lib/x86_64-linux-gnu/libXcursor.so.1.0.2
7ff3526bd000-7ff3526c0000 ---p 00000000 00:00 0 
7ff3526c0000-7ff3527be000 rw-p 00000000 00:00 0 
7ff3527be000-7ff3527d5000 r-xp 00000000 08:05 26216421                   /lib/x86_64-linux-gnu/libgcc_s.so.1
7ff3527d5000-7ff3529d4000 ---p 00017000 08:05 26216421                   /lib/x86_64-linux-gnu/libgcc_s.so.1
7ff3529d4000-7ff3529d5000 r--p 00016000 08:05 26216421                   /lib/x86_64-linux-gnu/libgcc_s.so.1
7ff3529d5000-7ff3529d6000 rw-p 00017000 08:05 26216421                   /lib/x86_64-linux-gnu/libgcc_s.so.1
7ff3529d6000-7ff352a3b000 r-xp 00000000 08:05 12847480                   /usr/lib/jvm/java-8-oracle/jre/lib/amd64/libfontmanager.so
7ff352a3b000-7ff352c3a000 ---p 00065000 08:05 12847480                   /usr/lib/jvm/java-8-oracle/jre/lib/amd64/libfontmanager.so
7ff352c3a000-7ff352c3f000 rw-p 00064000 08:05 12847480                   /usr/lib/jvm/java-8-oracle/jre/lib/amd64/libfontmanager.so
7ff352c3f000-7ff352c4f000 rw-p 00000000 00:00 0 
7ff352c4f000-7ff352c62000 r-xp 00000000 08:05 26219130                   /lib/x86_64-linux-gnu/libbsd.so.0.8.7
7ff352c62000-7ff352e61000 ---p 00013000 08:05 26219130                   /lib/x86_64-linux-gnu/libbsd.so.0.8.7
7ff352e61000-7ff352e62000 r--p 00012000 08:05 26219130                   /lib/x86_64-linux-gnu/libbsd.so.0.8.7
7ff352e62000-7ff352e63000 rw-p 00013000 08:05 26219130                   /lib/x86_64-linux-gnu/libbsd.so.0.8.7
7ff352e63000-7ff352e64000 rw-p 00000000 00:00 0 
7ff352e64000-7ff352e69000 r-xp 00000000 08:05 12197513                   /usr/lib/x86_64-linux-gnu/libXdmcp.so.6.0.0
7ff352e69000-7ff353068000 ---p 00005000 08:05 12197513                   /usr/lib/x86_64-linux-gnu/libXdmcp.so.6.0.0
7ff353068000-7ff353069000 r--p 00004000 08:05 12197513                   /usr/lib/x86_64-linux-gnu/libXdmcp.so.6.0.0
7ff353069000-7ff35306a000 rw-p 00005000 08:05 12197513                   /usr/lib/x86_64-linux-gnu/libXdmcp.so.6.0.0
7ff35306a000-7ff35306c000 r-xp 00000000 08:05 12197502                   /usr/lib/x86_64-linux-gnu/libXau.so.6.0.0
7ff35306c000-7ff35326c000 ---p 00002000 08:05 12197502                   /usr/lib/x86_64-linux-gnu/libXau.so.6.0.0
7ff35326c000-7ff35326d000 r--p 00002000 08:05 12197502                   /usr/lib/x86_64-linux-gnu/libXau.so.6.0.0
7ff35326d000-7ff35326e000 rw-p 00003000 08:05 12197502                   /usr/lib/x86_64-linux-gnu/libXau.so.6.0.0
7ff35326e000-7ff353294000 r-xp 00000000 08:05 12198706                   /usr/lib/x86_64-linux-gnu/libxcb.so.1.1.0
7ff353294000-7ff353494000 ---p 00026000 08:05 12198706                   /usr/lib/x86_64-linux-gnu/libxcb.so.1.1.0
7ff353494000-7ff353495000 r--p 00026000 08:05 12198706                   /usr/lib/x86_64-linux-gnu/libxcb.so.1.1.0
7ff353495000-7ff353496000 rw-p 00027000 08:05 12198706                   /usr/lib/x86_64-linux-gnu/libxcb.so.1.1.0
7ff353496000-7ff3534a5000 r-xp 00000000 08:05 12197523                   /usr/lib/x86_64-linux-gnu/libXi.so.6.1.0
7ff3534a5000-7ff3536a4000 ---p 0000f000 08:05 12197523                   /usr/lib/x86_64-linux-gnu/libXi.so.6.1.0
7ff3536a4000-7ff3536a5000 r--p 0000e000 08:05 12197523                   /usr/lib/x86_64-linux-gnu/libXi.so.6.1.0
7ff3536a5000-7ff3536a6000 rw-p 0000f000 08:05 12197523                   /usr/lib/x86_64-linux-gnu/libXi.so.6.1.0
7ff3536a6000-7ff3536ab000 r-xp 00000000 08:05 12197541                   /usr/lib/x86_64-linux-gnu/libXtst.so.6.1.0
7ff3536ab000-7ff3538aa000 ---p 00005000 08:05 12197541                   /usr/lib/x86_64-linux-gnu/libXtst.so.6.1.0
7ff3538aa000-7ff3538ab000 r--p 00004000 08:05 12197541                   /usr/lib/x86_64-linux-gnu/libXtst.so.6.1.0
7ff3538ab000-7ff3538ac000 rw-p 00005000 08:05 12197541                   /usr/lib/x86_64-linux-gnu/libXtst.so.6.1.0
7ff3538ac000-7ff3538b5000 r-xp 00000000 08:05 12197535                   /usr/lib/x86_64-linux-gnu/libXrender.so.1.3.0
7ff3538b5000-7ff353ab4000 ---p 00009000 08:05 12197535                   /usr/lib/x86_64-linux-gnu/libXrender.so.1.3.0
7ff353ab4000-7ff353ab5000 r--p 00008000 08:05 12197535                   /usr/lib/x86_64-linux-gnu/libXrender.so.1.3.0
7ff353ab5000-7ff353ab6000 rw-p 00009000 08:05 12197535                   /usr/lib/x86_64-linux-gnu/libXrender.so.1.3.0
7ff353ab6000-7ff353be9000 r-xp 00000000 08:05 12199062                   /usr/lib/x86_64-linux-gnu/libX11.so.6.3.0
7ff353be9000-7ff353de9000 ---p 00133000 08:05 12199062                   /usr/lib/x86_64-linux-gnu/libX11.so.6.3.0
7ff353de9000-7ff353dea000 r--p 00133000 08:05 12199062                   /usr/lib/x86_64-linux-gnu/libX11.so.6.3.0
7ff353dea000-7ff353dee000 rw-p 00134000 08:05 12199062                   /usr/lib/x86_64-linux-gnu/libX11.so.6.3.0
7ff353dee000-7ff353dff000 r-xp 00000000 08:05 12197515                   /usr/lib/x86_64-linux-gnu/libXext.so.6.4.0
7ff353dff000-7ff353ffe000 ---p 00011000 08:05 12197515                   /usr/lib/x86_64-linux-gnu/libXext.so.6.4.0
7ff353ffe000-7ff353fff000 r--p 00010000 08:05 12197515                   /usr/lib/x86_64-linux-gnu/libXext.so.6.4.0
7ff353fff000-7ff354000000 rw-p 00011000 08:05 12197515                   /usr/lib/x86_64-linux-gnu/libXext.so.6.4.0
7ff354000000-7ff354211000 rw-p 00000000 00:00 0 
7ff354211000-7ff358000000 ---p 00000000 00:00 0 
7ff358000000-7ff358021000 rw-p 00000000 00:00 0 
7ff358021000-7ff35c000000 ---p 00000000 00:00 0 
7ff35c000000-7ff35c0ca000 rw-p 00000000 00:00 0 
7ff35c0ca000-7ff360000000 ---p 00000000 00:00 0 
7ff360000000-7ff360025000 rw-p 00000000 00:00 0 
7ff360025000-7ff364000000 ---p 00000000 00:00 0 
7ff364000000-7ff364021000 rw-p 00000000 00:00 0 
7ff364021000-7ff368000000 ---p 00000000 00:00 0 
7ff368000000-7ff368021000 rw-p 00000000 00:00 0 
7ff368021000-7ff36c000000 ---p 00000000 00:00 0 
7ff36c000000-7ff36c021000 rw-p 00000000 00:00 0 
7ff36c021000-7ff370000000 ---p 00000000 00:00 0 
7ff370000000-7ff370021000 rw-p 00000000 00:00 0 
7ff370021000-7ff374000000 ---p 00000000 00:00 0 
7ff374000000-7ff374021000 rw-p 00000000 00:00 0 
7ff374021000-7ff378000000 ---p 00000000 00:00 0 
7ff378027000-7ff378049000 r--s 00000000 08:05 12584819                   /usr/share/mime/mime.cache
7ff378049000-7ff37809d000 r--p 00000000 08:05 13240282                   /usr/share/fonts/truetype/dejavu/DejaVuSansMono.ttf
7ff37809d000-7ff3780bd000 r--p 00000000 08:05 14026218                   /usr/share/locale-langpack/es/LC_MESSAGES/glib20.mo
7ff3780bd000-7ff3780e7000 r--p 00000000 08:05 14026261                   /usr/share/locale-langpack/es/LC_MESSAGES/gtk20-properties.mo
7ff3780e7000-7ff37813b000 r-xp 00000000 08:05 12847507                   /usr/lib/jvm/java-8-oracle/jre/lib/amd64/libawt_xawt.so
7ff37813b000-7ff37833b000 ---p 00054000 08:05 12847507                   /usr/lib/jvm/java-8-oracle/jre/lib/amd64/libawt_xawt.so
7ff37833b000-7ff37833f000 rw-p 00054000 08:05 12847507                   /usr/lib/jvm/java-8-oracle/jre/lib/amd64/libawt_xawt.so
7ff37833f000-7ff380000000 rw-p 00000000 00:00 0 
7ff380000000-7ff380021000 rw-p 00000000 00:00 0 
7ff380021000-7ff384000000 ---p 00000000 00:00 0 
7ff384000000-7ff384021000 rw-p 00000000 00:00 0 
7ff384021000-7ff388000000 ---p 00000000 00:00 0 
7ff388000000-7ff388021000 rw-p 00000000 00:00 0 
7ff388021000-7ff38c000000 ---p 00000000 00:00 0 
7ff38c004000-7ff38c006000 rw-s 00000000 00:05 41320475                   /SYSV00000000 (deleted)
7ff38c006000-7ff38c009000 rw-s 00000000 00:05 41287705                   /SYSV00000000 (deleted)
7ff38c009000-7ff38c00f000 r--p 00000000 08:05 14026206                   /usr/share/locale-langpack/es/LC_MESSAGES/gdk-pixbuf.mo
7ff38c00f000-7ff38c020000 r--p 00000000 08:05 13239203                   /usr/share/fonts/opentype/cantarell/Cantarell-Regular.otf
7ff38c020000-7ff38c023000 r--p 00000000 08:05 14026133                   /usr/share/locale-langpack/es/LC_MESSAGES/atk10.mo
7ff38c023000-7ff38c032000 r--p 00000000 08:05 14026262                   /usr/share/locale-langpack/es/LC_MESSAGES/gtk20.mo
7ff38c032000-7ff38c03d000 r--s 00000000 08:05 42074224                   /var/cache/fontconfig/945677eb7aeaf62f1d50efc3fb3ec7d8-le64.cache-7
7ff38c03d000-7ff38c042000 r--s 00000000 08:05 42074195                   /var/cache/fontconfig/2300eef321c393bfd76478a5c0e95b23-le64.cache-7
7ff38c042000-7ff38c043000 r--s 00000000 08:05 42074188                   /var/cache/fontconfig/0d8c3b2ac0904cb8a57a757ad11a4a08-le64.cache-7
7ff38c043000-7ff38c047000 r--s 00000000 08:05 42080639                   /var/cache/fontconfig/de156ccd2eddbdc19d37a45b8b2aac9c-le64.cache-7
7ff38c047000-7ff38c05c000 r--s 00000000 08:05 42074184                   /var/cache/fontconfig/04aabc0a78ac019cf9454389977116d2-le64.cache-7
7ff38c05c000-7ff38c05d000 r--s 00000000 08:05 42074192                   /var/cache/fontconfig/1ac9eb803944fde146138c791f5cc56a-le64.cache-7
7ff38c05d000-7ff38c05e000 r--s 00000000 08:05 42074243                   /var/cache/fontconfig/dc05db6664285cc2f12bf69c139ae4c3-le64.cache-7
7ff38c05e000-7ff38c060000 r--s 00000000 08:05 42074189                   /var/cache/fontconfig/14a5e22175779b556eaa434240950366-le64.cache-7
7ff38c060000-7ff38c061000 r--s 00000000 08:05 42074216                   /var/cache/fontconfig/660208299946a285a940457d1287da33-le64.cache-7
7ff38c061000-7ff38c063000 r--s 00000000 08:05 42074207                   /var/cache/fontconfig/4f3e3037c9980c83b53a9351efadef62-le64.cache-7
7ff38c063000-7ff38c065000 r--s 00000000 08:05 42074221                   /var/cache/fontconfig/767a8244fc0220cfb567a839d0392e0b-le64.cache-7
7ff38c065000-7ff38c066000 r--s 00000000 08:05 42079015                   /var/cache/fontconfig/4794a0821666d79190d59a36cb4f44b5-le64.cache-7
7ff38c066000-7ff38c068000 r--s 00000000 08:05 42078520                   /var/cache/fontconfig/0bd3dc0958fa2205aaaa8ebb13e2872b-le64.cache-7
7ff38c068000-7ff38c06d000 r--s 00000000 08:05 42074244                   /var/cache/fontconfig/def309198bfa603429122923fa2bb2d4-le64.cache-7
7ff38c06d000-7ff38c06e000 r--s 00000000 08:05 42074232                   /var/cache/fontconfig/b872e6e592da6075ffa4ab0a1fcc0c75-le64.cache-7
7ff38c06e000-7ff38c06f000 r--s 00000000 08:05 42074249                   /var/cache/fontconfig/f6d4eedfaab2589bde49f7a3ff831d22-le64.cache-7
7ff38c06f000-7ff38c070000 r--s 00000000 08:05 42074214                   /var/cache/fontconfig/589f83ef4c36d296ce6e1c846f468f08-le64.cache-7
7ff38c070000-7ff38c071000 r--s 00000000 08:05 42074234                   /var/cache/fontconfig/bab58bb527bb656aaa9f116d68a48d89-le64.cache-7
7ff38c071000-7ff38c072000 r--s 00000000 08:05 42074193                   /var/cache/fontconfig/2171a34dccabdb6bcbbc728186263178-le64.cache-7
7ff38c072000-7ff38c073000 r--s 00000000 08:05 42074235                   /var/cache/fontconfig/c5c45a61289222e0d30b1a26ef4effbe-le64.cache-7
7ff38c073000-7ff38c074000 r--s 00000000 08:05 42074230                   /var/cache/fontconfig/aec30016f93e1b46d1a973dce0d74068-le64.cache-7
7ff38c074000-7ff38c075000 r--s 00000000 08:05 42074200                   /var/cache/fontconfig/3f589640d34b7dc9042c8d453f7c8b9c-le64.cache-7
7ff38c075000-7ff38c076000 r--s 00000000 08:05 42074190                   /var/cache/fontconfig/16c2fda60d1b4b719f4b3d06fd951d25-le64.cache-7
7ff38c076000-7ff38c077000 r--s 00000000 08:05 42074229                   /var/cache/fontconfig/a48eab177a16e4f3713381162db2f3e9-le64.cache-7
7ff38c077000-7ff38c078000 r--s 00000000 08:05 42074210                   /var/cache/fontconfig/564b2e68ac9bc4e36a6f7f6d6125ec1c-le64.cache-7
7ff38c078000-7ff38c07d000 r--s 00000000 08:05 42079013                   /var/cache/fontconfig/9d2451b1fd30e5bffe8383fd27c35478-le64.cache-7
7ff38c07d000-7ff38c083000 r--s 00000000 08:05 42079014                   /var/cache/fontconfig/3047814df9a2f067bd2d96a2b9c36e5a-le64.cache-7
7ff38c083000-7ff38c08b000 r--s 00000000 08:05 42078667                   /var/cache/fontconfig/bf3b770c553c462765856025a94f1ce6-le64.cache-7
7ff38c08b000-7ff38c08c000 r--s 00000000 08:05 42074211                   /var/cache/fontconfig/56cf4f4769d0f4abc89a4895d7bd3ae1-le64.cache-7
7ff38c08c000-7ff38c08d000 r--s 00000000 08:05 42074233                   /var/cache/fontconfig/b9d506c9ac06c20b433354fa67a72993-le64.cache-7
7ff38c08d000-7ff38c093000 r--s 00000000 08:05 42074231                   /var/cache/fontconfig/b47c4e1ecd0709278f4910c18777a504-le64.cache-7
7ff38c093000-7ff38c0a6000 r--s 00000000 08:05 42074240                   /var/cache/fontconfig/d52a8644073d54c13679302ca1180695-le64.cache-7
7ff38c0a6000-7ff38c0a7000 r--s 00000000 08:05 42074198                   /var/cache/fontconfig/370e5b74bf5dafc30834de68e24a87a4-le64.cache-7
7ff38c0a7000-7ff38c0a8000 r--s 00000000 08:05 42074219                   /var/cache/fontconfig/6b2c5944714ca7831b25bed9e85cb5c8-le64.cache-7
7ff38c0a8000-7ff38c0a9000 r--s 00000000 08:05 42074239                   /var/cache/fontconfig/d5178ab6d91b49bf20a416737dcea9e8-le64.cache-7
7ff38c0a9000-7ff38c0aa000 r--s 00000000 08:05 42074209                   /var/cache/fontconfig/551ecf3b0e8b0bca0f25c0944f561853-le64.cache-7
7ff38c0aa000-7ff38c0ad000 r--s 00000000 08:05 42074248                   /var/cache/fontconfig/f259c2cffa685e28062317905db73c4a-le64.cache-7
7ff38c0ad000-7ff38c0af000 r--s 00000000 08:05 42074208                   /var/cache/fontconfig/550f3886151c940c12a5ed35f6a00586-le64.cache-7
7ff38c0af000-7ff38c0b2000 r--s 00000000 08:05 42074217                   /var/cache/fontconfig/674d1711f2d1d2a09646eb0bdcadee49-le64.cache-7
7ff38c0b2000-7ff38c0b3000 r--s 00000000 08:05 42074201                   /var/cache/fontconfig/3f7329c5293ffd510edef78f73874cfd-le64.cache-7
7ff38c0b3000-7ff38c0bf000 r--s 00000000 08:05 42076224                   /var/cache/fontconfig/d589a48862398ed80a3d6066f4f56f4c-le64.cache-7
7ff38c0bf000-7ff38c0c0000 r--s 00000000 08:05 42074187                   /var/cache/fontconfig/0c9eb80ebd1c36541ebe2852d3bb0c49-le64.cache-7
7ff38c0c0000-7ff38c0ce000 r--s 00000000 08:05 42074226                   /var/cache/fontconfig/9b89f8e3dae116d678bbf48e5f21f69b-le64.cache-7
7ff38c0ce000-7ff38c0dc000 r--s 00000000 08:05 42074607                   /var/cache/fontconfig/e13b20fdb08344e0e664864cc2ede53d-le64.cache-7
7ff38c0dc000-7ff38c100000 r--p 00000000 08:05 14026309                   /usr/share/locale-langpack/es/LC_MESSAGES/libc.mo
7ff38c100000-7ff38c1a2000 r-xp 00000000 08:05 12847493                   /usr/lib/jvm/java-8-oracle/jre/lib/amd64/libawt.so
7ff38c1a2000-7ff38c3a2000 ---p 000a2000 08:05 12847493                   /usr/lib/jvm/java-8-oracle/jre/lib/amd64/libawt.so
7ff38c3a2000-7ff38c3ae000 rw-p 000a2000 08:05 12847493                   /usr/lib/jvm/java-8-oracle/jre/lib/amd64/libawt.so
7ff38c3ae000-7ff38c3d2000 rw-p 00000000 00:00 0 
7ff38c3d2000-7ff38c3fe000 r--s 002ff000 08:05 41027585                   /home/likendero/Documentos/qt/qtjambi/qtjambi-4.8.7.jar
7ff38c3fe000-7ff38c3ff000 ---p 00000000 00:00 0 
7ff38c3ff000-7ff38c4ff000 rw-p 00000000 00:00 0 
7ff38c4ff000-7ff38c502000 ---p 00000000 00:00 0 
7ff38c502000-7ff38c600000 rw-p 00000000 00:00 0 
7ff38c600000-7ff38c601000 ---p 00000000 00:00 0 
7ff38c601000-7ff38c604000 ---p 00000000 00:00 0 
7ff38c604000-7ff38c701000 rw-p 00000000 00:00 0 
7ff38c701000-7ff38c702000 ---p 00000000 00:00 0 
7ff38c702000-7ff38c705000 ---p 00000000 00:00 0 
7ff38c705000-7ff38c802000 rw-p 00000000 00:00 0 
7ff38c802000-7ff38c803000 ---p 00000000 00:00 0 
7ff38c803000-7ff38c806000 ---p 00000000 00:00 0 
7ff38c806000-7ff38c903000 rw-p 00000000 00:00 0 
7ff38c903000-7ff38c906000 ---p 00000000 00:00 0 
7ff38c906000-7ff38ca04000 rw-p 00000000 00:00 0 
7ff38ca04000-7ff38d3d3000 r--p 00000000 08:05 12196482                   /usr/lib/locale/locale-archive
7ff38d3d3000-7ff38d3d6000 ---p 00000000 00:00 0 
7ff38d3d6000-7ff38d4d4000 rw-p 00000000 00:00 0 
7ff38d4d4000-7ff38d4d7000 ---p 00000000 00:00 0 
7ff38d4d7000-7ff38d5d5000 rw-p 00000000 00:00 0 
7ff38d5d5000-7ff38d5d6000 ---p 00000000 00:00 0 
7ff38d5d6000-7ff38e669000 rw-p 00000000 00:00 0 
7ff38e669000-7ff38e843000 r--s 03d6b000 08:05 12715415                   /usr/lib/jvm/java-8-oracle/jre/lib/rt.jar
7ff38e843000-7ff38f80f000 rw-p 00000000 00:00 0 
7ff38f80f000-7ff38f810000 ---p 00000000 00:00 0 
7ff38f810000-7ff38f910000 rw-p 00000000 00:00 0 
7ff38f910000-7ff38f911000 ---p 00000000 00:00 0 
7ff38f911000-7ff38fa11000 rw-p 00000000 00:00 0 
7ff38fa11000-7ff38fa12000 ---p 00000000 00:00 0 
7ff38fa12000-7ff38fb66000 rw-p 00000000 00:00 0 
7ff38fb66000-7ff390045000 ---p 00000000 00:00 0 
7ff390045000-7ff390099000 rw-p 00000000 00:00 0 
7ff390099000-7ff390577000 ---p 00000000 00:00 0 
7ff390577000-7ff3905a2000 rw-p 00000000 00:00 0 
7ff3905a2000-7ff390811000 ---p 00000000 00:00 0 
7ff390811000-7ff39081c000 rw-p 00000000 00:00 0 
7ff39081c000-7ff390bd2000 ---p 00000000 00:00 0 
7ff390bd2000-7ff390e42000 rwxp 00000000 00:00 0 
7ff390e42000-7ff39fbd2000 ---p 00000000 00:00 0 
7ff39fbd2000-7ff39fbed000 r-xp 00000000 08:05 12847496                   /usr/lib/jvm/java-8-oracle/jre/lib/amd64/libzip.so
7ff39fbed000-7ff39fded000 ---p 0001b000 08:05 12847496                   /usr/lib/jvm/java-8-oracle/jre/lib/amd64/libzip.so
7ff39fded000-7ff39fdee000 rw-p 0001b000 08:05 12847496                   /usr/lib/jvm/java-8-oracle/jre/lib/amd64/libzip.so
7ff39fdee000-7ff39fdf9000 r-xp 00000000 08:05 26219224                   /lib/x86_64-linux-gnu/libnss_files-2.27.so
7ff39fdf9000-7ff39fff8000 ---p 0000b000 08:05 26219224                   /lib/x86_64-linux-gnu/libnss_files-2.27.so
7ff39fff8000-7ff39fff9000 r--p 0000a000 08:05 26219224                   /lib/x86_64-linux-gnu/libnss_files-2.27.so
7ff39fff9000-7ff39fffa000 rw-p 0000b000 08:05 26219224                   /lib/x86_64-linux-gnu/libnss_files-2.27.so
7ff39fffa000-7ff3a0000000 rw-p 00000000 00:00 0 
7ff3a0000000-7ff3a0287000 rw-p 00000000 00:00 0 
7ff3a0287000-7ff3a4000000 ---p 00000000 00:00 0 
7ff3a4000000-7ff3a4001000 r--s 00000000 08:05 42074194                   /var/cache/fontconfig/22368d551a680bfe5a62c02760edf4ea-le64.cache-7
7ff3a4001000-7ff3a4002000 r--s 00000000 08:05 42074206                   /var/cache/fontconfig/4d9c95eba1cb85bbcf2878543262124a-le64.cache-7
7ff3a4002000-7ff3a4003000 r--s 00000000 08:05 42074223                   /var/cache/fontconfig/85e0a52ce643a7ba2ae53e5d6949cead-le64.cache-7
7ff3a4003000-7ff3a4004000 r--s 00000000 08:05 42074203                   /var/cache/fontconfig/49f0de54bdd920fe4f0dfd4cbac43e6b-le64.cache-7
7ff3a4004000-7ff3a4005000 r--s 00000000 08:05 42074250                   /var/cache/fontconfig/f6e6e0a5c3d2f6ae0c0c2e0ecd42a997-le64.cache-7
7ff3a4005000-7ff3a4006000 r--s 00000000 08:05 42074204                   /var/cache/fontconfig/4b2eda6bb976bda485cb2176619421d5-le64.cache-7
7ff3a4006000-7ff3a400a000 r--s 00000000 08:05 30944528                   /home/likendero/.cache/fontconfig/b82399fbbbca027fdf7a55567090b8f7-le64.cache-7
7ff3a400a000-7ff3a4011000 r--s 00000000 08:05 12455149                   /usr/lib/x86_64-linux-gnu/gconv/gconv-modules.cache
7ff3a4011000-7ff3a4014000 r--s 01f3b000 08:05 41027589                   /home/likendero/Documentos/qt/qtjambi/qtjambi-native-linux64-gcc-4.8.7.jar
7ff3a4014000-7ff3a40fa000 rw-p 00000000 00:00 0 
7ff3a40fa000-7ff3a40fb000 ---p 00000000 00:00 0 
7ff3a40fb000-7ff3a41fb000 rw-p 00000000 00:00 0 
7ff3a41fb000-7ff3a4212000 r-xp 00000000 08:05 26219218                   /lib/x86_64-linux-gnu/libnsl-2.27.so
7ff3a4212000-7ff3a4411000 ---p 00017000 08:05 26219218                   /lib/x86_64-linux-gnu/libnsl-2.27.so
7ff3a4411000-7ff3a4412000 r--p 00016000 08:05 26219218                   /lib/x86_64-linux-gnu/libnsl-2.27.so
7ff3a4412000-7ff3a4413000 rw-p 00017000 08:05 26219218                   /lib/x86_64-linux-gnu/libnsl-2.27.so
7ff3a4413000-7ff3a4415000 rw-p 00000000 00:00 0 
7ff3a4415000-7ff3a4420000 r-xp 00000000 08:05 26219235                   /lib/x86_64-linux-gnu/libnss_nis-2.27.so
7ff3a4420000-7ff3a461f000 ---p 0000b000 08:05 26219235                   /lib/x86_64-linux-gnu/libnss_nis-2.27.so
7ff3a461f000-7ff3a4620000 r--p 0000a000 08:05 26219235                   /lib/x86_64-linux-gnu/libnss_nis-2.27.so
7ff3a4620000-7ff3a4621000 rw-p 0000b000 08:05 26219235                   /lib/x86_64-linux-gnu/libnss_nis-2.27.so
7ff3a4621000-7ff3a4629000 r-xp 00000000 08:05 26219220                   /lib/x86_64-linux-gnu/libnss_compat-2.27.so
7ff3a4629000-7ff3a4829000 ---p 00008000 08:05 26219220                   /lib/x86_64-linux-gnu/libnss_compat-2.27.so
7ff3a4829000-7ff3a482a000 r--p 00008000 08:05 26219220                   /lib/x86_64-linux-gnu/libnss_compat-2.27.so
7ff3a482a000-7ff3a482b000 rw-p 00009000 08:05 26219220                   /lib/x86_64-linux-gnu/libnss_compat-2.27.so
7ff3a482b000-7ff3a4856000 r-xp 00000000 08:05 12847490                   /usr/lib/jvm/java-8-oracle/jre/lib/amd64/libjava.so
7ff3a4856000-7ff3a4a55000 ---p 0002b000 08:05 12847490                   /usr/lib/jvm/java-8-oracle/jre/lib/amd64/libjava.so
7ff3a4a55000-7ff3a4a57000 rw-p 0002a000 08:05 12847490                   /usr/lib/jvm/java-8-oracle/jre/lib/amd64/libjava.so
7ff3a4a57000-7ff3a4a64000 r-xp 00000000 08:05 12847495                   /usr/lib/jvm/java-8-oracle/jre/lib/amd64/libverify.so
7ff3a4a64000-7ff3a4c64000 ---p 0000d000 08:05 12847495                   /usr/lib/jvm/java-8-oracle/jre/lib/amd64/libverify.so
7ff3a4c64000-7ff3a4c66000 rw-p 0000d000 08:05 12847495                   /usr/lib/jvm/java-8-oracle/jre/lib/amd64/libverify.so
7ff3a4c66000-7ff3a4c6d000 r-xp 00000000 08:05 26219275                   /lib/x86_64-linux-gnu/librt-2.27.so
7ff3a4c6d000-7ff3a4e6c000 ---p 00007000 08:05 26219275                   /lib/x86_64-linux-gnu/librt-2.27.so
7ff3a4e6c000-7ff3a4e6d000 r--p 00006000 08:05 26219275                   /lib/x86_64-linux-gnu/librt-2.27.so
7ff3a4e6d000-7ff3a4e6e000 rw-p 00007000 08:05 26219275                   /lib/x86_64-linux-gnu/librt-2.27.so
7ff3a4e6e000-7ff3a500b000 r-xp 00000000 08:05 26219197                   /lib/x86_64-linux-gnu/libm-2.27.so
7ff3a500b000-7ff3a520a000 ---p 0019d000 08:05 26219197                   /lib/x86_64-linux-gnu/libm-2.27.so
7ff3a520a000-7ff3a520b000 r--p 0019c000 08:05 26219197                   /lib/x86_64-linux-gnu/libm-2.27.so
7ff3a520b000-7ff3a520c000 rw-p 0019d000 08:05 26219197                   /lib/x86_64-linux-gnu/libm-2.27.so
7ff3a520c000-7ff3a5ee8000 r-xp 00000000 08:05 12847472                   /usr/lib/jvm/java-8-oracle/jre/lib/amd64/server/libjvm.so
7ff3a5ee8000-7ff3a60e8000 ---p 00cdc000 08:05 12847472                   /usr/lib/jvm/java-8-oracle/jre/lib/amd64/server/libjvm.so
7ff3a60e8000-7ff3a61c2000 rw-p 00cdc000 08:05 12847472                   /usr/lib/jvm/java-8-oracle/jre/lib/amd64/server/libjvm.so
7ff3a61c2000-7ff3a620d000 rw-p 00000000 00:00 0 
7ff3a620d000-7ff3a63f4000 r-xp 00000000 08:05 26219134                   /lib/x86_64-linux-gnu/libc-2.27.so
7ff3a63f4000-7ff3a65f4000 ---p 001e7000 08:05 26219134                   /lib/x86_64-linux-gnu/libc-2.27.so
7ff3a65f4000-7ff3a65f8000 r--p 001e7000 08:05 26219134                   /lib/x86_64-linux-gnu/libc-2.27.so
7ff3a65f8000-7ff3a65fa000 rw-p 001eb000 08:05 26219134                   /lib/x86_64-linux-gnu/libc-2.27.so
7ff3a65fa000-7ff3a65fe000 rw-p 00000000 00:00 0 
7ff3a65fe000-7ff3a6601000 r-xp 00000000 08:05 26219157                   /lib/x86_64-linux-gnu/libdl-2.27.so
7ff3a6601000-7ff3a6800000 ---p 00003000 08:05 26219157                   /lib/x86_64-linux-gnu/libdl-2.27.so
7ff3a6800000-7ff3a6801000 r--p 00002000 08:05 26219157                   /lib/x86_64-linux-gnu/libdl-2.27.so
7ff3a6801000-7ff3a6802000 rw-p 00003000 08:05 26219157                   /lib/x86_64-linux-gnu/libdl-2.27.so
7ff3a6802000-7ff3a6818000 r-xp 00000000 08:05 12715139                   /usr/lib/jvm/java-8-oracle/lib/amd64/jli/libjli.so
7ff3a6818000-7ff3a6a17000 ---p 00016000 08:05 12715139                   /usr/lib/jvm/java-8-oracle/lib/amd64/jli/libjli.so
7ff3a6a17000-7ff3a6a18000 rw-p 00015000 08:05 12715139                   /usr/lib/jvm/java-8-oracle/lib/amd64/jli/libjli.so
7ff3a6a18000-7ff3a6a32000 r-xp 00000000 08:05 26219267                   /lib/x86_64-linux-gnu/libpthread-2.27.so
7ff3a6a32000-7ff3a6c31000 ---p 0001a000 08:05 26219267                   /lib/x86_64-linux-gnu/libpthread-2.27.so
7ff3a6c31000-7ff3a6c32000 r--p 00019000 08:05 26219267                   /lib/x86_64-linux-gnu/libpthread-2.27.so
7ff3a6c32000-7ff3a6c33000 rw-p 0001a000 08:05 26219267                   /lib/x86_64-linux-gnu/libpthread-2.27.so
7ff3a6c33000-7ff3a6c37000 rw-p 00000000 00:00 0 
7ff3a6c37000-7ff3a6c5e000 r-xp 00000000 08:05 26219106                   /lib/x86_64-linux-gnu/ld-2.27.so
7ff3a6c5e000-7ff3a6c60000 r--s 00000000 08:05 42074218                   /var/cache/fontconfig/6afa1bb216ce958c1589e297e8008489-le64.cache-7
7ff3a6c60000-7ff3a6c6c000 r--s 00437000 08:05 41027588                   /home/likendero/Documentos/qt/qtjambi/qtjambi-examples-src.jar
7ff3a6c6c000-7ff3a6d3d000 rw-p 00000000 00:00 0 
7ff3a6d3d000-7ff3a6d3e000 ---p 00000000 00:00 0 
7ff3a6d3e000-7ff3a6d41000 ---p 00000000 00:00 0 
7ff3a6d41000-7ff3a6e40000 rw-p 00000000 00:00 0 
7ff3a6e40000-7ff3a6e42000 r--s 00000000 08:05 42077599                   /var/cache/fontconfig/62f91419b9ebdb6975e7e41ab6412357-le64.cache-7
7ff3a6e42000-7ff3a6e50000 r--s 00474000 08:05 41027587                   /home/likendero/Documentos/qt/qtjambi/qtjambi-examples-4.8.7.jar
7ff3a6e50000-7ff3a6e52000 r--s 00008000 08:05 41027586                   /home/likendero/Documentos/qt/qtjambi/qtjambi-designer-4.8.7.jar
7ff3a6e52000-7ff3a6e5a000 rw-s 00000000 08:05 22683720                   /tmp/hsperfdata_likendero/28844
7ff3a6e5a000-7ff3a6e5b000 rw-p 00000000 00:00 0 
7ff3a6e5b000-7ff3a6e5c000 r--p 00000000 00:00 0 
7ff3a6e5c000-7ff3a6e5e000 rw-p 00000000 00:00 0 
7ff3a6e5e000-7ff3a6e5f000 r--p 00027000 08:05 26219106                   /lib/x86_64-linux-gnu/ld-2.27.so
7ff3a6e5f000-7ff3a6e60000 rw-p 00028000 08:05 26219106                   /lib/x86_64-linux-gnu/ld-2.27.so
7ff3a6e60000-7ff3a6e61000 rw-p 00000000 00:00 0 
7ffd026aa000-7ffd026cb000 rw-p 00000000 00:00 0                          [stack]
7ffd02722000-7ffd02725000 r--p 00000000 00:00 0                          [vvar]
7ffd02725000-7ffd02727000 r-xp 00000000 00:00 0                          [vdso]
ffffffffff600000-ffffffffff601000 r-xp 00000000 00:00 0                  [vsyscall]

VM Arguments:
jvm_args: -Dfile.encoding=UTF-8 
java_command: pruebaqt.PruebaQt
java_class_path (initial): /home/likendero/Documentos/qt/qtjambi/qtjambi-4.8.7.jar:/home/likendero/Documentos/qt/qtjambi/qtjambi-designer-4.8.7.jar:/home/likendero/Documentos/qt/qtjambi/qtjambi-examples-4.8.7.jar:/home/likendero/Documentos/qt/qtjambi/qtjambi-examples-src.jar:/home/likendero/Documentos/qt/qtjambi/qtjambi-native-linux64-gcc-4.8.7.jar:/home/likendero/github/entornos/pruebaQt/build/classes
Launcher Type: SUN_STANDARD

Environment Variables:
JAVA_HOME=/usr/lib/jvm/java-8-oracle
PATH=/home/likendero/.local/bin:/usr/local/sbin:/usr/local/bin:/usr/sbin:/usr/bin:/sbin:/bin:/usr/games:/usr/local/games:/snap/bin:/usr/lib/jvm/java-8-oracle/bin:/usr/lib/jvm/java-8-oracle/db/bin:/usr/lib/jvm/java-8-oracle/jre/bin
USERNAME=likendero
LD_LIBRARY_PATH=/usr/lib/jvm/java-8-oracle/jre/lib/amd64:/usr/lib/jvm/java-8-oracle/jre/lib/i386:
SHELL=/bin/bash
DISPLAY=:0

Signal Handlers:
SIGSEGV: [libjvm.so+0xad2a40], sa_mask[0]=11111111011111111101111111111110, sa_flags=SA_RESTART|SA_SIGINFO
SIGBUS: [libjvm.so+0xad2a40], sa_mask[0]=11111111011111111101111111111110, sa_flags=SA_RESTART|SA_SIGINFO
SIGFPE: [libjvm.so+0x92a610], sa_mask[0]=11111111011111111101111111111110, sa_flags=SA_RESTART|SA_SIGINFO
SIGPIPE: SIG_IGN, sa_mask[0]=00000000000010000000000000000000, sa_flags=SA_RESTART
SIGXFSZ: [libjvm.so+0x92a610], sa_mask[0]=11111111011111111101111111111110, sa_flags=SA_RESTART|SA_SIGINFO
SIGILL: [libjvm.so+0x92a610], sa_mask[0]=11111111011111111101111111111110, sa_flags=SA_RESTART|SA_SIGINFO
SIGUSR1: SIG_DFL, sa_mask[0]=00000000000000000000000000000000, sa_flags=none
SIGUSR2: [libjvm.so+0x92be70], sa_mask[0]=00100000000000000000000000000000, sa_flags=SA_RESTART|SA_SIGINFO
SIGHUP: [libjvm.so+0x92d270], sa_mask[0]=11111111011111111101111111111110, sa_flags=SA_RESTART|SA_SIGINFO
SIGINT: SIG_IGN, sa_mask[0]=00000000000000000000000000000000, sa_flags=none
SIGTERM: [libjvm.so+0x92d270], sa_mask[0]=11111111011111111101111111111110, sa_flags=SA_RESTART|SA_SIGINFO
SIGQUIT: [libjvm.so+0x92d270], sa_mask[0]=11111111011111111101111111111110, sa_flags=SA_RESTART|SA_SIGINFO


---------------  S Y S T E M  ---------------

OS:DISTRIB_ID=Ubuntu
DISTRIB_RELEASE=18.04
DISTRIB_CODENAME=bionic
DISTRIB_DESCRIPTION="Ubuntu 18.04.1 LTS"

uname:Linux 4.15.0-39-generic #42-Ubuntu SMP Tue Oct 23 15:48:01 UTC 2018 x86_64
libc:glibc 2.27 NPTL 2.27 
rlimit: STACK 8192k, CORE 0k, NPROC 63437, NOFILE 1048576, AS infinity
load average:1,36 1,44 1,09

/proc/meminfo:
MemTotal:       16344504 kB
MemFree:          213036 kB
MemAvailable:    5973204 kB
Buffers:          743996 kB
Cached:          5903448 kB
SwapCached:            0 kB
Active:         11815180 kB
Inactive:        3590472 kB
Active(anon):    8738388 kB
Inactive(anon):   953200 kB
Active(file):    3076792 kB
Inactive(file):  2637272 kB
Unevictable:          40 kB
Mlocked:              40 kB
SwapTotal:       3999740 kB
SwapFree:        3999740 kB
Dirty:               372 kB
Writeback:             0 kB
AnonPages:       8758300 kB
Mapped:          1463956 kB
Shmem:            933380 kB
Slab:             483388 kB
SReclaimable:     386232 kB
SUnreclaim:        97156 kB
KernelStack:       23792 kB
PageTables:        96796 kB
NFS_Unstable:          0 kB
Bounce:                0 kB
WritebackTmp:          0 kB
CommitLimit:    12171992 kB
Committed_AS:   19022400 kB
VmallocTotal:   34359738367 kB
VmallocUsed:           0 kB
VmallocChunk:          0 kB
HardwareCorrupted:     0 kB
AnonHugePages:      2048 kB
ShmemHugePages:        0 kB
ShmemPmdMapped:        0 kB
CmaTotal:              0 kB
CmaFree:               0 kB
HugePages_Total:       0
HugePages_Free:        0
HugePages_Rsvd:        0
HugePages_Surp:        0
Hugepagesize:       2048 kB
DirectMap4k:      365496 kB
DirectMap2M:    15282176 kB
DirectMap1G:     2097152 kB


CPU:total 4 (initial active 4) (2 cores per cpu, 2 threads per core) family 6 model 69 stepping 1, cmov, cx8, fxsr, mmx, sse, sse2, sse3, ssse3, sse4.1, sse4.2, popcnt, avx, avx2, aes, clmul, erms, lzcnt, ht, tsc, tscinvbit, bmi1, bmi2

/proc/cpuinfo:
processor	: 0
vendor_id	: GenuineIntel
cpu family	: 6
model		: 69
model name	: Intel(R) Core(TM) i5-4200U CPU @ 1.60GHz
stepping	: 1
microcode	: 0x24
cpu MHz		: 2351.810
cache size	: 3072 KB
physical id	: 0
siblings	: 4
core id		: 0
cpu cores	: 2
apicid		: 0
initial apicid	: 0
fpu		: yes
fpu_exception	: yes
cpuid level	: 13
wp		: yes
flags		: fpu vme de pse tsc msr pae mce cx8 apic sep mtrr pge mca cmov pat pse36 clflush dts acpi mmx fxsr sse sse2 ss ht tm pbe syscall nx pdpe1gb rdtscp lm constant_tsc arch_perfmon pebs bts rep_good nopl xtopology nonstop_tsc cpuid aperfmperf pni pclmulqdq dtes64 monitor ds_cpl vmx est tm2 ssse3 sdbg fma cx16 xtpr pdcm pcid sse4_1 sse4_2 movbe popcnt tsc_deadline_timer aes xsave avx f16c rdrand lahf_lm abm cpuid_fault epb invpcid_single pti ssbd ibrs ibpb stibp tpr_shadow vnmi flexpriority ept vpid fsgsbase tsc_adjust bmi1 avx2 smep bmi2 erms invpcid xsaveopt dtherm ida arat pln pts flush_l1d
bugs		: cpu_meltdown spectre_v1 spectre_v2 spec_store_bypass l1tf
bogomips	: 4589.53
clflush size	: 64
cache_alignment	: 64
address sizes	: 39 bits physical, 48 bits virtual
power management:

processor	: 1
vendor_id	: GenuineIntel
cpu family	: 6
model		: 69
model name	: Intel(R) Core(TM) i5-4200U CPU @ 1.60GHz
stepping	: 1
microcode	: 0x24
cpu MHz		: 2284.446
cache size	: 3072 KB
physical id	: 0
siblings	: 4
core id		: 1
cpu cores	: 2
apicid		: 2
initial apicid	: 2
fpu		: yes
fpu_exception	: yes
cpuid level	: 13
wp		: yes
flags		: fpu vme de pse tsc msr pae mce cx8 apic sep mtrr pge mca cmov pat pse36 clflush dts acpi mmx fxsr sse sse2 ss ht tm pbe syscall nx pdpe1gb rdtscp lm constant_tsc arch_perfmon pebs bts rep_good nopl xtopology nonstop_tsc cpuid aperfmperf pni pclmulqdq dtes64 monitor ds_cpl vmx est tm2 ssse3 sdbg fma cx16 xtpr pdcm pcid sse4_1 sse4_2 movbe popcnt tsc_deadline_timer aes xsave avx f16c rdrand lahf_lm abm cpuid_fault epb invpcid_single pti ssbd ibrs ibpb stibp tpr_shadow vnmi flexpriority ept vpid fsgsbase tsc_adjust bmi1 avx2 smep bmi2 erms invpcid xsaveopt dtherm ida arat pln pts flush_l1d
bugs		: cpu_meltdown spectre_v1 spectre_v2 spec_store_bypass l1tf
bogomips	: 4589.53
clflush size	: 64
cache_alignment	: 64
address sizes	: 39 bits physical, 48 bits virtual
power management:

processor	: 2
vendor_id	: GenuineIntel
cpu family	: 6
model		: 69
model name	: Intel(R) Core(TM) i5-4200U CPU @ 1.60GHz
stepping	: 1
microcode	: 0x24
cpu MHz		: 2373.217
cache size	: 3072 KB
physical id	: 0
siblings	: 4
core id		: 0
cpu cores	: 2
apicid		: 1
initial apicid	: 1
fpu		: yes
fpu_exception	: yes
cpuid level	: 13
wp		: yes
flags		: fpu vme de pse tsc msr pae mce cx8 apic sep mtrr pge mca cmov pat pse36 clflush dts acpi mmx fxsr sse sse2 ss ht tm pbe syscall nx pdpe1gb rdtscp lm constant_tsc arch_perfmon pebs bts rep_good nopl xtopology nonstop_tsc cpuid aperfmperf pni pclmulqdq dtes64 monitor ds_cpl vmx est tm2 ssse3 sdbg fma cx16 xtpr pdcm pcid sse4_1 sse4_2 movbe popcnt tsc_deadline_timer aes xsave avx f16c rdrand lahf_lm abm cpuid_fault epb invpcid_single pti ssbd ibrs ibpb stibp tpr_shadow vnmi flexpriority ept vpid fsgsbase tsc_adjust bmi1 avx2 smep bmi2 erms invpcid xsaveopt dtherm ida arat pln pts flush_l1d
bugs		: cpu_meltdown spectre_v1 spectre_v2 spec_store_bypass l1tf
bogomips	: 4589.53
clflush size	: 64
cache_alignment	: 64
address sizes	: 39 bits physical, 48 bits virtual
power management:

processor	: 3
vendor_id	: GenuineIntel
cpu family	: 6
model		: 69
model name	: Intel(R) Core(TM) i5-4200U CPU @ 1.60GHz
stepping	: 1
microcode	: 0x24
cpu MHz		: 2285.529
cache size	: 3072 KB
physical id	: 0
siblings	: 4
core id		: 1
cpu cores	: 2
apicid		: 3
initial apicid	: 3
fpu		: yes
fpu_exception	: yes
cpuid level	: 13
wp		: yes
flags		: fpu vme de pse tsc msr pae mce cx8 apic sep mtrr pge mca cmov pat pse36 clflush dts acpi mmx fxsr sse sse2 ss ht tm pbe syscall nx pdpe1gb rdtscp lm constant_tsc arch_perfmon pebs bts rep_good nopl xtopology nonstop_tsc cpuid aperfmperf pni pclmulqdq dtes64 monitor ds_cpl vmx est tm2 ssse3 sdbg fma cx16 xtpr pdcm pcid sse4_1 sse4_2 movbe popcnt tsc_deadline_timer aes xsave avx f16c rdrand lahf_lm abm cpuid_fault epb invpcid_single pti ssbd ibrs ibpb stibp tpr_shadow vnmi flexpriority ept vpid fsgsbase tsc_adjust bmi1 avx2 smep bmi2 erms invpcid xsaveopt dtherm ida arat pln pts flush_l1d
bugs		: cpu_meltdown spectre_v1 spectre_v2 spec_store_bypass l1tf
bogomips	: 4589.53
clflush size	: 64
cache_alignment	: 64
address sizes	: 39 bits physical, 48 bits virtual
power management:



Memory: 4k page, physical 16344504k(212788k free), swap 3999740k(3999740k free)

vm_info: Java HotSpot(TM) 64-Bit Server VM (25.181-b13) for linux-amd64 JRE (1.8.0_181-b13), built on Jul  7 2018 00:56:38 by "java_re" with gcc 4.3.0 20080428 (Red Hat 4.3.0-8)

time: Thu Nov 29 09:36:56 2018
elapsed time: 96 seconds (0d 0h 1m 36s)

